[2023-02-23 12:00:32,972] {processor.py:153} INFO - Started process (PID=50484) to work on /home/alura/Documents/Financeiro/venv/lib/python3.9/site-packages/airflow/example_dags/plugins/workday.py
[2023-02-23 12:00:32,972] {processor.py:641} INFO - Processing file /home/alura/Documents/Financeiro/venv/lib/python3.9/site-packages/airflow/example_dags/plugins/workday.py for tasks to queue
[2023-02-23 12:00:32,972] {logging_mixin.py:115} INFO - [2023-02-23 12:00:32,972] {dagbag.py:507} INFO - Filling up the DagBag from /home/alura/Documents/Financeiro/venv/lib/python3.9/site-packages/airflow/example_dags/plugins/workday.py
[2023-02-23 12:00:32,973] {processor.py:653} WARNING - No viable dags retrieved from /home/alura/Documents/Financeiro/venv/lib/python3.9/site-packages/airflow/example_dags/plugins/workday.py
[2023-02-23 12:00:32,979] {processor.py:161} INFO - Processing /home/alura/Documents/Financeiro/venv/lib/python3.9/site-packages/airflow/example_dags/plugins/workday.py took 0.008 seconds
[2023-02-23 12:01:06,640] {processor.py:153} INFO - Started process (PID=50523) to work on /home/alura/Documents/Financeiro/venv/lib/python3.9/site-packages/airflow/example_dags/plugins/workday.py
[2023-02-23 12:01:06,641] {processor.py:641} INFO - Processing file /home/alura/Documents/Financeiro/venv/lib/python3.9/site-packages/airflow/example_dags/plugins/workday.py for tasks to queue
[2023-02-23 12:01:06,642] {logging_mixin.py:115} INFO - [2023-02-23 12:01:06,642] {dagbag.py:507} INFO - Filling up the DagBag from /home/alura/Documents/Financeiro/venv/lib/python3.9/site-packages/airflow/example_dags/plugins/workday.py
[2023-02-23 12:01:06,643] {processor.py:653} WARNING - No viable dags retrieved from /home/alura/Documents/Financeiro/venv/lib/python3.9/site-packages/airflow/example_dags/plugins/workday.py
[2023-02-23 12:01:06,648] {processor.py:161} INFO - Processing /home/alura/Documents/Financeiro/venv/lib/python3.9/site-packages/airflow/example_dags/plugins/workday.py took 0.009 seconds
[2023-02-23 12:01:38,989] {processor.py:153} INFO - Started process (PID=50855) to work on /home/alura/Documents/Financeiro/venv/lib/python3.9/site-packages/airflow/example_dags/plugins/workday.py
[2023-02-23 12:01:38,989] {processor.py:641} INFO - Processing file /home/alura/Documents/Financeiro/venv/lib/python3.9/site-packages/airflow/example_dags/plugins/workday.py for tasks to queue
[2023-02-23 12:01:38,990] {logging_mixin.py:115} INFO - [2023-02-23 12:01:38,989] {dagbag.py:507} INFO - Filling up the DagBag from /home/alura/Documents/Financeiro/venv/lib/python3.9/site-packages/airflow/example_dags/plugins/workday.py
[2023-02-23 12:01:38,991] {processor.py:653} WARNING - No viable dags retrieved from /home/alura/Documents/Financeiro/venv/lib/python3.9/site-packages/airflow/example_dags/plugins/workday.py
[2023-02-23 12:01:38,996] {processor.py:161} INFO - Processing /home/alura/Documents/Financeiro/venv/lib/python3.9/site-packages/airflow/example_dags/plugins/workday.py took 0.009 seconds
[2023-02-23 12:02:10,490] {processor.py:153} INFO - Started process (PID=50956) to work on /home/alura/Documents/Financeiro/venv/lib/python3.9/site-packages/airflow/example_dags/plugins/workday.py
[2023-02-23 12:02:10,490] {processor.py:641} INFO - Processing file /home/alura/Documents/Financeiro/venv/lib/python3.9/site-packages/airflow/example_dags/plugins/workday.py for tasks to queue
[2023-02-23 12:02:10,491] {logging_mixin.py:115} INFO - [2023-02-23 12:02:10,491] {dagbag.py:507} INFO - Filling up the DagBag from /home/alura/Documents/Financeiro/venv/lib/python3.9/site-packages/airflow/example_dags/plugins/workday.py
[2023-02-23 12:02:10,491] {processor.py:653} WARNING - No viable dags retrieved from /home/alura/Documents/Financeiro/venv/lib/python3.9/site-packages/airflow/example_dags/plugins/workday.py
[2023-02-23 12:02:10,497] {processor.py:161} INFO - Processing /home/alura/Documents/Financeiro/venv/lib/python3.9/site-packages/airflow/example_dags/plugins/workday.py took 0.008 seconds
[2023-02-23 12:02:45,190] {processor.py:153} INFO - Started process (PID=51031) to work on /home/alura/Documents/Financeiro/venv/lib/python3.9/site-packages/airflow/example_dags/plugins/workday.py
[2023-02-23 12:02:45,191] {processor.py:641} INFO - Processing file /home/alura/Documents/Financeiro/venv/lib/python3.9/site-packages/airflow/example_dags/plugins/workday.py for tasks to queue
[2023-02-23 12:02:45,191] {logging_mixin.py:115} INFO - [2023-02-23 12:02:45,191] {dagbag.py:507} INFO - Filling up the DagBag from /home/alura/Documents/Financeiro/venv/lib/python3.9/site-packages/airflow/example_dags/plugins/workday.py
[2023-02-23 12:02:45,192] {processor.py:653} WARNING - No viable dags retrieved from /home/alura/Documents/Financeiro/venv/lib/python3.9/site-packages/airflow/example_dags/plugins/workday.py
[2023-02-23 12:02:45,197] {processor.py:161} INFO - Processing /home/alura/Documents/Financeiro/venv/lib/python3.9/site-packages/airflow/example_dags/plugins/workday.py took 0.008 seconds
[2023-02-23 12:03:18,762] {processor.py:153} INFO - Started process (PID=51090) to work on /home/alura/Documents/Financeiro/venv/lib/python3.9/site-packages/airflow/example_dags/plugins/workday.py
[2023-02-23 12:03:18,762] {processor.py:641} INFO - Processing file /home/alura/Documents/Financeiro/venv/lib/python3.9/site-packages/airflow/example_dags/plugins/workday.py for tasks to queue
[2023-02-23 12:03:18,763] {logging_mixin.py:115} INFO - [2023-02-23 12:03:18,763] {dagbag.py:507} INFO - Filling up the DagBag from /home/alura/Documents/Financeiro/venv/lib/python3.9/site-packages/airflow/example_dags/plugins/workday.py
[2023-02-23 12:03:18,764] {processor.py:653} WARNING - No viable dags retrieved from /home/alura/Documents/Financeiro/venv/lib/python3.9/site-packages/airflow/example_dags/plugins/workday.py
[2023-02-23 12:03:18,769] {processor.py:161} INFO - Processing /home/alura/Documents/Financeiro/venv/lib/python3.9/site-packages/airflow/example_dags/plugins/workday.py took 0.008 seconds
[2023-02-23 12:03:49,535] {processor.py:153} INFO - Started process (PID=51153) to work on /home/alura/Documents/Financeiro/venv/lib/python3.9/site-packages/airflow/example_dags/plugins/workday.py
[2023-02-23 12:03:49,536] {processor.py:641} INFO - Processing file /home/alura/Documents/Financeiro/venv/lib/python3.9/site-packages/airflow/example_dags/plugins/workday.py for tasks to queue
[2023-02-23 12:03:49,536] {logging_mixin.py:115} INFO - [2023-02-23 12:03:49,536] {dagbag.py:507} INFO - Filling up the DagBag from /home/alura/Documents/Financeiro/venv/lib/python3.9/site-packages/airflow/example_dags/plugins/workday.py
[2023-02-23 12:03:49,537] {processor.py:653} WARNING - No viable dags retrieved from /home/alura/Documents/Financeiro/venv/lib/python3.9/site-packages/airflow/example_dags/plugins/workday.py
[2023-02-23 12:03:49,542] {processor.py:161} INFO - Processing /home/alura/Documents/Financeiro/venv/lib/python3.9/site-packages/airflow/example_dags/plugins/workday.py took 0.008 seconds
[2023-02-23 12:04:24,312] {processor.py:153} INFO - Started process (PID=51218) to work on /home/alura/Documents/Financeiro/venv/lib/python3.9/site-packages/airflow/example_dags/plugins/workday.py
[2023-02-23 12:04:24,313] {processor.py:641} INFO - Processing file /home/alura/Documents/Financeiro/venv/lib/python3.9/site-packages/airflow/example_dags/plugins/workday.py for tasks to queue
[2023-02-23 12:04:24,313] {logging_mixin.py:115} INFO - [2023-02-23 12:04:24,313] {dagbag.py:507} INFO - Filling up the DagBag from /home/alura/Documents/Financeiro/venv/lib/python3.9/site-packages/airflow/example_dags/plugins/workday.py
[2023-02-23 12:04:24,314] {processor.py:653} WARNING - No viable dags retrieved from /home/alura/Documents/Financeiro/venv/lib/python3.9/site-packages/airflow/example_dags/plugins/workday.py
[2023-02-23 12:04:24,319] {processor.py:161} INFO - Processing /home/alura/Documents/Financeiro/venv/lib/python3.9/site-packages/airflow/example_dags/plugins/workday.py took 0.008 seconds
[2023-02-23 12:04:59,473] {processor.py:153} INFO - Started process (PID=51282) to work on /home/alura/Documents/Financeiro/venv/lib/python3.9/site-packages/airflow/example_dags/plugins/workday.py
[2023-02-23 12:04:59,474] {processor.py:641} INFO - Processing file /home/alura/Documents/Financeiro/venv/lib/python3.9/site-packages/airflow/example_dags/plugins/workday.py for tasks to queue
[2023-02-23 12:04:59,474] {logging_mixin.py:115} INFO - [2023-02-23 12:04:59,474] {dagbag.py:507} INFO - Filling up the DagBag from /home/alura/Documents/Financeiro/venv/lib/python3.9/site-packages/airflow/example_dags/plugins/workday.py
[2023-02-23 12:04:59,475] {processor.py:653} WARNING - No viable dags retrieved from /home/alura/Documents/Financeiro/venv/lib/python3.9/site-packages/airflow/example_dags/plugins/workday.py
[2023-02-23 12:04:59,480] {processor.py:161} INFO - Processing /home/alura/Documents/Financeiro/venv/lib/python3.9/site-packages/airflow/example_dags/plugins/workday.py took 0.008 seconds
[2023-02-23 12:05:31,608] {processor.py:153} INFO - Started process (PID=51344) to work on /home/alura/Documents/Financeiro/venv/lib/python3.9/site-packages/airflow/example_dags/plugins/workday.py
[2023-02-23 12:05:31,608] {processor.py:641} INFO - Processing file /home/alura/Documents/Financeiro/venv/lib/python3.9/site-packages/airflow/example_dags/plugins/workday.py for tasks to queue
[2023-02-23 12:05:31,608] {logging_mixin.py:115} INFO - [2023-02-23 12:05:31,608] {dagbag.py:507} INFO - Filling up the DagBag from /home/alura/Documents/Financeiro/venv/lib/python3.9/site-packages/airflow/example_dags/plugins/workday.py
[2023-02-23 12:05:31,610] {processor.py:653} WARNING - No viable dags retrieved from /home/alura/Documents/Financeiro/venv/lib/python3.9/site-packages/airflow/example_dags/plugins/workday.py
[2023-02-23 12:05:31,621] {processor.py:161} INFO - Processing /home/alura/Documents/Financeiro/venv/lib/python3.9/site-packages/airflow/example_dags/plugins/workday.py took 0.015 seconds
[2023-02-23 12:06:05,362] {processor.py:153} INFO - Started process (PID=51414) to work on /home/alura/Documents/Financeiro/venv/lib/python3.9/site-packages/airflow/example_dags/plugins/workday.py
[2023-02-23 12:06:05,362] {processor.py:641} INFO - Processing file /home/alura/Documents/Financeiro/venv/lib/python3.9/site-packages/airflow/example_dags/plugins/workday.py for tasks to queue
[2023-02-23 12:06:05,362] {logging_mixin.py:115} INFO - [2023-02-23 12:06:05,362] {dagbag.py:507} INFO - Filling up the DagBag from /home/alura/Documents/Financeiro/venv/lib/python3.9/site-packages/airflow/example_dags/plugins/workday.py
[2023-02-23 12:06:05,363] {processor.py:653} WARNING - No viable dags retrieved from /home/alura/Documents/Financeiro/venv/lib/python3.9/site-packages/airflow/example_dags/plugins/workday.py
[2023-02-23 12:06:05,369] {processor.py:161} INFO - Processing /home/alura/Documents/Financeiro/venv/lib/python3.9/site-packages/airflow/example_dags/plugins/workday.py took 0.008 seconds
[2023-02-23 12:06:35,784] {processor.py:153} INFO - Started process (PID=51482) to work on /home/alura/Documents/Financeiro/venv/lib/python3.9/site-packages/airflow/example_dags/plugins/workday.py
[2023-02-23 12:06:35,784] {processor.py:641} INFO - Processing file /home/alura/Documents/Financeiro/venv/lib/python3.9/site-packages/airflow/example_dags/plugins/workday.py for tasks to queue
[2023-02-23 12:06:35,784] {logging_mixin.py:115} INFO - [2023-02-23 12:06:35,784] {dagbag.py:507} INFO - Filling up the DagBag from /home/alura/Documents/Financeiro/venv/lib/python3.9/site-packages/airflow/example_dags/plugins/workday.py
[2023-02-23 12:06:35,785] {processor.py:653} WARNING - No viable dags retrieved from /home/alura/Documents/Financeiro/venv/lib/python3.9/site-packages/airflow/example_dags/plugins/workday.py
[2023-02-23 12:06:35,790] {processor.py:161} INFO - Processing /home/alura/Documents/Financeiro/venv/lib/python3.9/site-packages/airflow/example_dags/plugins/workday.py took 0.008 seconds
[2023-02-23 12:07:08,308] {processor.py:153} INFO - Started process (PID=51545) to work on /home/alura/Documents/Financeiro/venv/lib/python3.9/site-packages/airflow/example_dags/plugins/workday.py
[2023-02-23 12:07:08,309] {processor.py:641} INFO - Processing file /home/alura/Documents/Financeiro/venv/lib/python3.9/site-packages/airflow/example_dags/plugins/workday.py for tasks to queue
[2023-02-23 12:07:08,309] {logging_mixin.py:115} INFO - [2023-02-23 12:07:08,309] {dagbag.py:507} INFO - Filling up the DagBag from /home/alura/Documents/Financeiro/venv/lib/python3.9/site-packages/airflow/example_dags/plugins/workday.py
[2023-02-23 12:07:08,310] {processor.py:653} WARNING - No viable dags retrieved from /home/alura/Documents/Financeiro/venv/lib/python3.9/site-packages/airflow/example_dags/plugins/workday.py
[2023-02-23 12:07:08,316] {processor.py:161} INFO - Processing /home/alura/Documents/Financeiro/venv/lib/python3.9/site-packages/airflow/example_dags/plugins/workday.py took 0.009 seconds
[2023-02-23 12:07:41,336] {processor.py:153} INFO - Started process (PID=51607) to work on /home/alura/Documents/Financeiro/venv/lib/python3.9/site-packages/airflow/example_dags/plugins/workday.py
[2023-02-23 12:07:41,336] {processor.py:641} INFO - Processing file /home/alura/Documents/Financeiro/venv/lib/python3.9/site-packages/airflow/example_dags/plugins/workday.py for tasks to queue
[2023-02-23 12:07:41,337] {logging_mixin.py:115} INFO - [2023-02-23 12:07:41,336] {dagbag.py:507} INFO - Filling up the DagBag from /home/alura/Documents/Financeiro/venv/lib/python3.9/site-packages/airflow/example_dags/plugins/workday.py
[2023-02-23 12:07:41,338] {processor.py:653} WARNING - No viable dags retrieved from /home/alura/Documents/Financeiro/venv/lib/python3.9/site-packages/airflow/example_dags/plugins/workday.py
[2023-02-23 12:07:41,343] {processor.py:161} INFO - Processing /home/alura/Documents/Financeiro/venv/lib/python3.9/site-packages/airflow/example_dags/plugins/workday.py took 0.009 seconds
[2023-02-23 12:08:14,975] {processor.py:153} INFO - Started process (PID=51673) to work on /home/alura/Documents/Financeiro/venv/lib/python3.9/site-packages/airflow/example_dags/plugins/workday.py
[2023-02-23 12:08:14,975] {processor.py:641} INFO - Processing file /home/alura/Documents/Financeiro/venv/lib/python3.9/site-packages/airflow/example_dags/plugins/workday.py for tasks to queue
[2023-02-23 12:08:14,975] {logging_mixin.py:115} INFO - [2023-02-23 12:08:14,975] {dagbag.py:507} INFO - Filling up the DagBag from /home/alura/Documents/Financeiro/venv/lib/python3.9/site-packages/airflow/example_dags/plugins/workday.py
[2023-02-23 12:08:14,976] {processor.py:653} WARNING - No viable dags retrieved from /home/alura/Documents/Financeiro/venv/lib/python3.9/site-packages/airflow/example_dags/plugins/workday.py
[2023-02-23 12:08:14,982] {processor.py:161} INFO - Processing /home/alura/Documents/Financeiro/venv/lib/python3.9/site-packages/airflow/example_dags/plugins/workday.py took 0.009 seconds
[2023-02-23 12:46:51,550] {processor.py:153} INFO - Started process (PID=52477) to work on /home/alura/Documents/Financeiro/venv/lib/python3.9/site-packages/airflow/example_dags/plugins/workday.py
[2023-02-23 12:46:51,551] {processor.py:641} INFO - Processing file /home/alura/Documents/Financeiro/venv/lib/python3.9/site-packages/airflow/example_dags/plugins/workday.py for tasks to queue
[2023-02-23 12:46:51,551] {logging_mixin.py:115} INFO - [2023-02-23 12:46:51,551] {dagbag.py:507} INFO - Filling up the DagBag from /home/alura/Documents/Financeiro/venv/lib/python3.9/site-packages/airflow/example_dags/plugins/workday.py
[2023-02-23 12:46:51,554] {processor.py:653} WARNING - No viable dags retrieved from /home/alura/Documents/Financeiro/venv/lib/python3.9/site-packages/airflow/example_dags/plugins/workday.py
[2023-02-23 12:46:51,559] {processor.py:161} INFO - Processing /home/alura/Documents/Financeiro/venv/lib/python3.9/site-packages/airflow/example_dags/plugins/workday.py took 0.010 seconds
