[2023-02-23 12:00:27,846] {processor.py:153} INFO - Started process (PID=50478) to work on /home/alura/Documents/Financeiro/venv/lib/python3.9/site-packages/airflow/example_dags/example_latest_only_with_trigger.py
[2023-02-23 12:00:27,846] {processor.py:641} INFO - Processing file /home/alura/Documents/Financeiro/venv/lib/python3.9/site-packages/airflow/example_dags/example_latest_only_with_trigger.py for tasks to queue
[2023-02-23 12:00:27,847] {logging_mixin.py:115} INFO - [2023-02-23 12:00:27,847] {dagbag.py:507} INFO - Filling up the DagBag from /home/alura/Documents/Financeiro/venv/lib/python3.9/site-packages/airflow/example_dags/example_latest_only_with_trigger.py
[2023-02-23 12:00:27,850] {processor.py:651} INFO - DAG(s) dict_keys(['latest_only_with_trigger']) retrieved from /home/alura/Documents/Financeiro/venv/lib/python3.9/site-packages/airflow/example_dags/example_latest_only_with_trigger.py
[2023-02-23 12:00:27,880] {logging_mixin.py:115} INFO - [2023-02-23 12:00:27,880] {manager.py:508} INFO - Created Permission View: can read on DAG:latest_only_with_trigger
[2023-02-23 12:00:27,886] {logging_mixin.py:115} INFO - [2023-02-23 12:00:27,886] {manager.py:508} INFO - Created Permission View: can edit on DAG:latest_only_with_trigger
[2023-02-23 12:00:27,889] {logging_mixin.py:115} INFO - [2023-02-23 12:00:27,889] {manager.py:508} INFO - Created Permission View: can delete on DAG:latest_only_with_trigger
[2023-02-23 12:00:27,889] {logging_mixin.py:115} INFO - [2023-02-23 12:00:27,889] {dag.py:2379} INFO - Sync 1 DAGs
[2023-02-23 12:00:27,893] {logging_mixin.py:115} INFO - [2023-02-23 12:00:27,893] {dag.py:2398} INFO - Creating ORM DAG for latest_only_with_trigger
[2023-02-23 12:00:27,898] {logging_mixin.py:115} INFO - [2023-02-23 12:00:27,898] {dag.py:2927} INFO - Setting next_dagrun for latest_only_with_trigger to 2023-02-23T16:00:27.898087+00:00, run_after=2023-02-23T20:00:27.898087+00:00
[2023-02-23 12:00:27,905] {processor.py:161} INFO - Processing /home/alura/Documents/Financeiro/venv/lib/python3.9/site-packages/airflow/example_dags/example_latest_only_with_trigger.py took 0.061 seconds
[2023-02-23 12:01:00,386] {processor.py:153} INFO - Started process (PID=50516) to work on /home/alura/Documents/Financeiro/venv/lib/python3.9/site-packages/airflow/example_dags/example_latest_only_with_trigger.py
[2023-02-23 12:01:00,387] {processor.py:641} INFO - Processing file /home/alura/Documents/Financeiro/venv/lib/python3.9/site-packages/airflow/example_dags/example_latest_only_with_trigger.py for tasks to queue
[2023-02-23 12:01:00,387] {logging_mixin.py:115} INFO - [2023-02-23 12:01:00,387] {dagbag.py:507} INFO - Filling up the DagBag from /home/alura/Documents/Financeiro/venv/lib/python3.9/site-packages/airflow/example_dags/example_latest_only_with_trigger.py
[2023-02-23 12:01:00,390] {processor.py:651} INFO - DAG(s) dict_keys(['latest_only_with_trigger']) retrieved from /home/alura/Documents/Financeiro/venv/lib/python3.9/site-packages/airflow/example_dags/example_latest_only_with_trigger.py
[2023-02-23 12:01:00,397] {logging_mixin.py:115} INFO - [2023-02-23 12:01:00,397] {dag.py:2379} INFO - Sync 1 DAGs
[2023-02-23 12:01:00,407] {logging_mixin.py:115} INFO - [2023-02-23 12:01:00,407] {dag.py:2927} INFO - Setting next_dagrun for latest_only_with_trigger to 2023-02-23T16:01:00.406903+00:00, run_after=2023-02-23T20:01:00.406903+00:00
[2023-02-23 12:01:00,413] {processor.py:161} INFO - Processing /home/alura/Documents/Financeiro/venv/lib/python3.9/site-packages/airflow/example_dags/example_latest_only_with_trigger.py took 0.029 seconds
[2023-02-23 12:01:33,377] {processor.py:153} INFO - Started process (PID=50585) to work on /home/alura/Documents/Financeiro/venv/lib/python3.9/site-packages/airflow/example_dags/example_latest_only_with_trigger.py
[2023-02-23 12:01:33,378] {processor.py:641} INFO - Processing file /home/alura/Documents/Financeiro/venv/lib/python3.9/site-packages/airflow/example_dags/example_latest_only_with_trigger.py for tasks to queue
[2023-02-23 12:01:33,378] {logging_mixin.py:115} INFO - [2023-02-23 12:01:33,378] {dagbag.py:507} INFO - Filling up the DagBag from /home/alura/Documents/Financeiro/venv/lib/python3.9/site-packages/airflow/example_dags/example_latest_only_with_trigger.py
[2023-02-23 12:01:33,382] {processor.py:651} INFO - DAG(s) dict_keys(['latest_only_with_trigger']) retrieved from /home/alura/Documents/Financeiro/venv/lib/python3.9/site-packages/airflow/example_dags/example_latest_only_with_trigger.py
[2023-02-23 12:01:33,392] {logging_mixin.py:115} INFO - [2023-02-23 12:01:33,392] {dag.py:2379} INFO - Sync 1 DAGs
[2023-02-23 12:01:33,401] {logging_mixin.py:115} INFO - [2023-02-23 12:01:33,401] {dag.py:2927} INFO - Setting next_dagrun for latest_only_with_trigger to 2023-02-23T16:01:33.401377+00:00, run_after=2023-02-23T20:01:33.401377+00:00
[2023-02-23 12:01:33,478] {processor.py:161} INFO - Processing /home/alura/Documents/Financeiro/venv/lib/python3.9/site-packages/airflow/example_dags/example_latest_only_with_trigger.py took 0.103 seconds
[2023-02-23 12:02:05,279] {processor.py:153} INFO - Started process (PID=50940) to work on /home/alura/Documents/Financeiro/venv/lib/python3.9/site-packages/airflow/example_dags/example_latest_only_with_trigger.py
[2023-02-23 12:02:05,279] {processor.py:641} INFO - Processing file /home/alura/Documents/Financeiro/venv/lib/python3.9/site-packages/airflow/example_dags/example_latest_only_with_trigger.py for tasks to queue
[2023-02-23 12:02:05,279] {logging_mixin.py:115} INFO - [2023-02-23 12:02:05,279] {dagbag.py:507} INFO - Filling up the DagBag from /home/alura/Documents/Financeiro/venv/lib/python3.9/site-packages/airflow/example_dags/example_latest_only_with_trigger.py
[2023-02-23 12:02:05,282] {processor.py:651} INFO - DAG(s) dict_keys(['latest_only_with_trigger']) retrieved from /home/alura/Documents/Financeiro/venv/lib/python3.9/site-packages/airflow/example_dags/example_latest_only_with_trigger.py
[2023-02-23 12:02:05,292] {logging_mixin.py:115} INFO - [2023-02-23 12:02:05,292] {dag.py:2379} INFO - Sync 1 DAGs
[2023-02-23 12:02:05,302] {logging_mixin.py:115} INFO - [2023-02-23 12:02:05,302] {dag.py:2927} INFO - Setting next_dagrun for latest_only_with_trigger to 2023-02-23T16:02:05.301838+00:00, run_after=2023-02-23T20:02:05.301838+00:00
[2023-02-23 12:02:05,309] {processor.py:161} INFO - Processing /home/alura/Documents/Financeiro/venv/lib/python3.9/site-packages/airflow/example_dags/example_latest_only_with_trigger.py took 0.032 seconds
[2023-02-23 12:02:37,812] {processor.py:153} INFO - Started process (PID=51019) to work on /home/alura/Documents/Financeiro/venv/lib/python3.9/site-packages/airflow/example_dags/example_latest_only_with_trigger.py
[2023-02-23 12:02:37,812] {processor.py:641} INFO - Processing file /home/alura/Documents/Financeiro/venv/lib/python3.9/site-packages/airflow/example_dags/example_latest_only_with_trigger.py for tasks to queue
[2023-02-23 12:02:37,813] {logging_mixin.py:115} INFO - [2023-02-23 12:02:37,813] {dagbag.py:507} INFO - Filling up the DagBag from /home/alura/Documents/Financeiro/venv/lib/python3.9/site-packages/airflow/example_dags/example_latest_only_with_trigger.py
[2023-02-23 12:02:37,816] {processor.py:651} INFO - DAG(s) dict_keys(['latest_only_with_trigger']) retrieved from /home/alura/Documents/Financeiro/venv/lib/python3.9/site-packages/airflow/example_dags/example_latest_only_with_trigger.py
[2023-02-23 12:02:37,824] {logging_mixin.py:115} INFO - [2023-02-23 12:02:37,824] {dag.py:2379} INFO - Sync 1 DAGs
[2023-02-23 12:02:37,837] {logging_mixin.py:115} INFO - [2023-02-23 12:02:37,837] {dag.py:2927} INFO - Setting next_dagrun for latest_only_with_trigger to 2023-02-23T16:02:37.837043+00:00, run_after=2023-02-23T20:02:37.837043+00:00
[2023-02-23 12:02:37,844] {processor.py:161} INFO - Processing /home/alura/Documents/Financeiro/venv/lib/python3.9/site-packages/airflow/example_dags/example_latest_only_with_trigger.py took 0.034 seconds
[2023-02-23 12:03:12,365] {processor.py:153} INFO - Started process (PID=51081) to work on /home/alura/Documents/Financeiro/venv/lib/python3.9/site-packages/airflow/example_dags/example_latest_only_with_trigger.py
[2023-02-23 12:03:12,366] {processor.py:641} INFO - Processing file /home/alura/Documents/Financeiro/venv/lib/python3.9/site-packages/airflow/example_dags/example_latest_only_with_trigger.py for tasks to queue
[2023-02-23 12:03:12,366] {logging_mixin.py:115} INFO - [2023-02-23 12:03:12,366] {dagbag.py:507} INFO - Filling up the DagBag from /home/alura/Documents/Financeiro/venv/lib/python3.9/site-packages/airflow/example_dags/example_latest_only_with_trigger.py
[2023-02-23 12:03:12,369] {processor.py:651} INFO - DAG(s) dict_keys(['latest_only_with_trigger']) retrieved from /home/alura/Documents/Financeiro/venv/lib/python3.9/site-packages/airflow/example_dags/example_latest_only_with_trigger.py
[2023-02-23 12:03:12,377] {logging_mixin.py:115} INFO - [2023-02-23 12:03:12,377] {dag.py:2379} INFO - Sync 1 DAGs
[2023-02-23 12:03:12,386] {logging_mixin.py:115} INFO - [2023-02-23 12:03:12,386] {dag.py:2927} INFO - Setting next_dagrun for latest_only_with_trigger to 2023-02-23T16:03:12.385868+00:00, run_after=2023-02-23T20:03:12.385868+00:00
[2023-02-23 12:03:12,392] {processor.py:161} INFO - Processing /home/alura/Documents/Financeiro/venv/lib/python3.9/site-packages/airflow/example_dags/example_latest_only_with_trigger.py took 0.028 seconds
[2023-02-23 12:03:42,743] {processor.py:153} INFO - Started process (PID=51142) to work on /home/alura/Documents/Financeiro/venv/lib/python3.9/site-packages/airflow/example_dags/example_latest_only_with_trigger.py
[2023-02-23 12:03:42,744] {processor.py:641} INFO - Processing file /home/alura/Documents/Financeiro/venv/lib/python3.9/site-packages/airflow/example_dags/example_latest_only_with_trigger.py for tasks to queue
[2023-02-23 12:03:42,744] {logging_mixin.py:115} INFO - [2023-02-23 12:03:42,744] {dagbag.py:507} INFO - Filling up the DagBag from /home/alura/Documents/Financeiro/venv/lib/python3.9/site-packages/airflow/example_dags/example_latest_only_with_trigger.py
[2023-02-23 12:03:42,747] {processor.py:651} INFO - DAG(s) dict_keys(['latest_only_with_trigger']) retrieved from /home/alura/Documents/Financeiro/venv/lib/python3.9/site-packages/airflow/example_dags/example_latest_only_with_trigger.py
[2023-02-23 12:03:42,756] {logging_mixin.py:115} INFO - [2023-02-23 12:03:42,756] {dag.py:2379} INFO - Sync 1 DAGs
[2023-02-23 12:03:42,769] {logging_mixin.py:115} INFO - [2023-02-23 12:03:42,769] {dag.py:2927} INFO - Setting next_dagrun for latest_only_with_trigger to 2023-02-23T16:03:42.769036+00:00, run_after=2023-02-23T20:03:42.769036+00:00
[2023-02-23 12:03:42,778] {processor.py:161} INFO - Processing /home/alura/Documents/Financeiro/venv/lib/python3.9/site-packages/airflow/example_dags/example_latest_only_with_trigger.py took 0.036 seconds
[2023-02-23 12:04:17,430] {processor.py:153} INFO - Started process (PID=51203) to work on /home/alura/Documents/Financeiro/venv/lib/python3.9/site-packages/airflow/example_dags/example_latest_only_with_trigger.py
[2023-02-23 12:04:17,431] {processor.py:641} INFO - Processing file /home/alura/Documents/Financeiro/venv/lib/python3.9/site-packages/airflow/example_dags/example_latest_only_with_trigger.py for tasks to queue
[2023-02-23 12:04:17,431] {logging_mixin.py:115} INFO - [2023-02-23 12:04:17,431] {dagbag.py:507} INFO - Filling up the DagBag from /home/alura/Documents/Financeiro/venv/lib/python3.9/site-packages/airflow/example_dags/example_latest_only_with_trigger.py
[2023-02-23 12:04:17,434] {processor.py:651} INFO - DAG(s) dict_keys(['latest_only_with_trigger']) retrieved from /home/alura/Documents/Financeiro/venv/lib/python3.9/site-packages/airflow/example_dags/example_latest_only_with_trigger.py
[2023-02-23 12:04:17,442] {logging_mixin.py:115} INFO - [2023-02-23 12:04:17,442] {dag.py:2379} INFO - Sync 1 DAGs
[2023-02-23 12:04:17,450] {logging_mixin.py:115} INFO - [2023-02-23 12:04:17,450] {dag.py:2927} INFO - Setting next_dagrun for latest_only_with_trigger to 2023-02-23T16:04:17.450370+00:00, run_after=2023-02-23T20:04:17.450370+00:00
[2023-02-23 12:04:17,457] {processor.py:161} INFO - Processing /home/alura/Documents/Financeiro/venv/lib/python3.9/site-packages/airflow/example_dags/example_latest_only_with_trigger.py took 0.028 seconds
[2023-02-23 12:04:50,973] {processor.py:153} INFO - Started process (PID=51265) to work on /home/alura/Documents/Financeiro/venv/lib/python3.9/site-packages/airflow/example_dags/example_latest_only_with_trigger.py
[2023-02-23 12:04:50,974] {processor.py:641} INFO - Processing file /home/alura/Documents/Financeiro/venv/lib/python3.9/site-packages/airflow/example_dags/example_latest_only_with_trigger.py for tasks to queue
[2023-02-23 12:04:50,974] {logging_mixin.py:115} INFO - [2023-02-23 12:04:50,974] {dagbag.py:507} INFO - Filling up the DagBag from /home/alura/Documents/Financeiro/venv/lib/python3.9/site-packages/airflow/example_dags/example_latest_only_with_trigger.py
[2023-02-23 12:04:50,977] {processor.py:651} INFO - DAG(s) dict_keys(['latest_only_with_trigger']) retrieved from /home/alura/Documents/Financeiro/venv/lib/python3.9/site-packages/airflow/example_dags/example_latest_only_with_trigger.py
[2023-02-23 12:04:50,985] {logging_mixin.py:115} INFO - [2023-02-23 12:04:50,985] {dag.py:2379} INFO - Sync 1 DAGs
[2023-02-23 12:04:50,993] {logging_mixin.py:115} INFO - [2023-02-23 12:04:50,993] {dag.py:2927} INFO - Setting next_dagrun for latest_only_with_trigger to 2023-02-23T16:04:50.993392+00:00, run_after=2023-02-23T20:04:50.993392+00:00
[2023-02-23 12:04:50,999] {processor.py:161} INFO - Processing /home/alura/Documents/Financeiro/venv/lib/python3.9/site-packages/airflow/example_dags/example_latest_only_with_trigger.py took 0.027 seconds
[2023-02-23 12:05:24,855] {processor.py:153} INFO - Started process (PID=51332) to work on /home/alura/Documents/Financeiro/venv/lib/python3.9/site-packages/airflow/example_dags/example_latest_only_with_trigger.py
[2023-02-23 12:05:24,855] {processor.py:641} INFO - Processing file /home/alura/Documents/Financeiro/venv/lib/python3.9/site-packages/airflow/example_dags/example_latest_only_with_trigger.py for tasks to queue
[2023-02-23 12:05:24,855] {logging_mixin.py:115} INFO - [2023-02-23 12:05:24,855] {dagbag.py:507} INFO - Filling up the DagBag from /home/alura/Documents/Financeiro/venv/lib/python3.9/site-packages/airflow/example_dags/example_latest_only_with_trigger.py
[2023-02-23 12:05:24,858] {processor.py:651} INFO - DAG(s) dict_keys(['latest_only_with_trigger']) retrieved from /home/alura/Documents/Financeiro/venv/lib/python3.9/site-packages/airflow/example_dags/example_latest_only_with_trigger.py
[2023-02-23 12:05:24,866] {logging_mixin.py:115} INFO - [2023-02-23 12:05:24,866] {dag.py:2379} INFO - Sync 1 DAGs
[2023-02-23 12:05:24,874] {logging_mixin.py:115} INFO - [2023-02-23 12:05:24,874] {dag.py:2927} INFO - Setting next_dagrun for latest_only_with_trigger to 2023-02-23T16:05:24.874359+00:00, run_after=2023-02-23T20:05:24.874359+00:00
[2023-02-23 12:05:24,880] {processor.py:161} INFO - Processing /home/alura/Documents/Financeiro/venv/lib/python3.9/site-packages/airflow/example_dags/example_latest_only_with_trigger.py took 0.027 seconds
[2023-02-23 12:05:57,628] {processor.py:153} INFO - Started process (PID=51397) to work on /home/alura/Documents/Financeiro/venv/lib/python3.9/site-packages/airflow/example_dags/example_latest_only_with_trigger.py
[2023-02-23 12:05:57,629] {processor.py:641} INFO - Processing file /home/alura/Documents/Financeiro/venv/lib/python3.9/site-packages/airflow/example_dags/example_latest_only_with_trigger.py for tasks to queue
[2023-02-23 12:05:57,629] {logging_mixin.py:115} INFO - [2023-02-23 12:05:57,629] {dagbag.py:507} INFO - Filling up the DagBag from /home/alura/Documents/Financeiro/venv/lib/python3.9/site-packages/airflow/example_dags/example_latest_only_with_trigger.py
[2023-02-23 12:05:57,632] {processor.py:651} INFO - DAG(s) dict_keys(['latest_only_with_trigger']) retrieved from /home/alura/Documents/Financeiro/venv/lib/python3.9/site-packages/airflow/example_dags/example_latest_only_with_trigger.py
[2023-02-23 12:05:57,640] {logging_mixin.py:115} INFO - [2023-02-23 12:05:57,640] {dag.py:2379} INFO - Sync 1 DAGs
[2023-02-23 12:05:57,649] {logging_mixin.py:115} INFO - [2023-02-23 12:05:57,649] {dag.py:2927} INFO - Setting next_dagrun for latest_only_with_trigger to 2023-02-23T16:05:57.648967+00:00, run_after=2023-02-23T20:05:57.648967+00:00
[2023-02-23 12:05:57,655] {processor.py:161} INFO - Processing /home/alura/Documents/Financeiro/venv/lib/python3.9/site-packages/airflow/example_dags/example_latest_only_with_trigger.py took 0.029 seconds
[2023-02-23 12:06:28,404] {processor.py:153} INFO - Started process (PID=51460) to work on /home/alura/Documents/Financeiro/venv/lib/python3.9/site-packages/airflow/example_dags/example_latest_only_with_trigger.py
[2023-02-23 12:06:28,405] {processor.py:641} INFO - Processing file /home/alura/Documents/Financeiro/venv/lib/python3.9/site-packages/airflow/example_dags/example_latest_only_with_trigger.py for tasks to queue
[2023-02-23 12:06:28,405] {logging_mixin.py:115} INFO - [2023-02-23 12:06:28,405] {dagbag.py:507} INFO - Filling up the DagBag from /home/alura/Documents/Financeiro/venv/lib/python3.9/site-packages/airflow/example_dags/example_latest_only_with_trigger.py
[2023-02-23 12:06:28,408] {processor.py:651} INFO - DAG(s) dict_keys(['latest_only_with_trigger']) retrieved from /home/alura/Documents/Financeiro/venv/lib/python3.9/site-packages/airflow/example_dags/example_latest_only_with_trigger.py
[2023-02-23 12:06:28,416] {logging_mixin.py:115} INFO - [2023-02-23 12:06:28,416] {dag.py:2379} INFO - Sync 1 DAGs
[2023-02-23 12:06:28,425] {logging_mixin.py:115} INFO - [2023-02-23 12:06:28,425] {dag.py:2927} INFO - Setting next_dagrun for latest_only_with_trigger to 2023-02-23T16:06:28.425470+00:00, run_after=2023-02-23T20:06:28.425470+00:00
[2023-02-23 12:06:28,432] {processor.py:161} INFO - Processing /home/alura/Documents/Financeiro/venv/lib/python3.9/site-packages/airflow/example_dags/example_latest_only_with_trigger.py took 0.029 seconds
[2023-02-23 12:07:00,307] {processor.py:153} INFO - Started process (PID=51528) to work on /home/alura/Documents/Financeiro/venv/lib/python3.9/site-packages/airflow/example_dags/example_latest_only_with_trigger.py
[2023-02-23 12:07:00,307] {processor.py:641} INFO - Processing file /home/alura/Documents/Financeiro/venv/lib/python3.9/site-packages/airflow/example_dags/example_latest_only_with_trigger.py for tasks to queue
[2023-02-23 12:07:00,307] {logging_mixin.py:115} INFO - [2023-02-23 12:07:00,307] {dagbag.py:507} INFO - Filling up the DagBag from /home/alura/Documents/Financeiro/venv/lib/python3.9/site-packages/airflow/example_dags/example_latest_only_with_trigger.py
[2023-02-23 12:07:00,311] {processor.py:651} INFO - DAG(s) dict_keys(['latest_only_with_trigger']) retrieved from /home/alura/Documents/Financeiro/venv/lib/python3.9/site-packages/airflow/example_dags/example_latest_only_with_trigger.py
[2023-02-23 12:07:00,318] {logging_mixin.py:115} INFO - [2023-02-23 12:07:00,318] {dag.py:2379} INFO - Sync 1 DAGs
[2023-02-23 12:07:00,327] {logging_mixin.py:115} INFO - [2023-02-23 12:07:00,327] {dag.py:2927} INFO - Setting next_dagrun for latest_only_with_trigger to 2023-02-23T16:07:00.327272+00:00, run_after=2023-02-23T20:07:00.327272+00:00
[2023-02-23 12:07:00,333] {processor.py:161} INFO - Processing /home/alura/Documents/Financeiro/venv/lib/python3.9/site-packages/airflow/example_dags/example_latest_only_with_trigger.py took 0.029 seconds
[2023-02-23 12:07:32,931] {processor.py:153} INFO - Started process (PID=51590) to work on /home/alura/Documents/Financeiro/venv/lib/python3.9/site-packages/airflow/example_dags/example_latest_only_with_trigger.py
[2023-02-23 12:07:32,931] {processor.py:641} INFO - Processing file /home/alura/Documents/Financeiro/venv/lib/python3.9/site-packages/airflow/example_dags/example_latest_only_with_trigger.py for tasks to queue
[2023-02-23 12:07:32,931] {logging_mixin.py:115} INFO - [2023-02-23 12:07:32,931] {dagbag.py:507} INFO - Filling up the DagBag from /home/alura/Documents/Financeiro/venv/lib/python3.9/site-packages/airflow/example_dags/example_latest_only_with_trigger.py
[2023-02-23 12:07:32,934] {processor.py:651} INFO - DAG(s) dict_keys(['latest_only_with_trigger']) retrieved from /home/alura/Documents/Financeiro/venv/lib/python3.9/site-packages/airflow/example_dags/example_latest_only_with_trigger.py
[2023-02-23 12:07:32,942] {logging_mixin.py:115} INFO - [2023-02-23 12:07:32,942] {dag.py:2379} INFO - Sync 1 DAGs
[2023-02-23 12:07:32,951] {logging_mixin.py:115} INFO - [2023-02-23 12:07:32,950] {dag.py:2927} INFO - Setting next_dagrun for latest_only_with_trigger to 2023-02-23T16:07:32.950771+00:00, run_after=2023-02-23T20:07:32.950771+00:00
[2023-02-23 12:07:32,957] {processor.py:161} INFO - Processing /home/alura/Documents/Financeiro/venv/lib/python3.9/site-packages/airflow/example_dags/example_latest_only_with_trigger.py took 0.028 seconds
[2023-02-23 12:08:05,844] {processor.py:153} INFO - Started process (PID=51655) to work on /home/alura/Documents/Financeiro/venv/lib/python3.9/site-packages/airflow/example_dags/example_latest_only_with_trigger.py
[2023-02-23 12:08:05,845] {processor.py:641} INFO - Processing file /home/alura/Documents/Financeiro/venv/lib/python3.9/site-packages/airflow/example_dags/example_latest_only_with_trigger.py for tasks to queue
[2023-02-23 12:08:05,845] {logging_mixin.py:115} INFO - [2023-02-23 12:08:05,845] {dagbag.py:507} INFO - Filling up the DagBag from /home/alura/Documents/Financeiro/venv/lib/python3.9/site-packages/airflow/example_dags/example_latest_only_with_trigger.py
[2023-02-23 12:08:05,848] {processor.py:651} INFO - DAG(s) dict_keys(['latest_only_with_trigger']) retrieved from /home/alura/Documents/Financeiro/venv/lib/python3.9/site-packages/airflow/example_dags/example_latest_only_with_trigger.py
[2023-02-23 12:08:05,856] {logging_mixin.py:115} INFO - [2023-02-23 12:08:05,856] {dag.py:2379} INFO - Sync 1 DAGs
[2023-02-23 12:08:05,864] {logging_mixin.py:115} INFO - [2023-02-23 12:08:05,864] {dag.py:2927} INFO - Setting next_dagrun for latest_only_with_trigger to 2023-02-23T16:08:05.864800+00:00, run_after=2023-02-23T20:08:05.864800+00:00
[2023-02-23 12:08:05,871] {processor.py:161} INFO - Processing /home/alura/Documents/Financeiro/venv/lib/python3.9/site-packages/airflow/example_dags/example_latest_only_with_trigger.py took 0.028 seconds
