[2023-02-23 12:00:29,600] {processor.py:153} INFO - Started process (PID=50481) to work on /home/alura/Documents/Financeiro/venv/lib/python3.9/site-packages/airflow/example_dags/example_trigger_target_dag.py
[2023-02-23 12:00:29,600] {processor.py:641} INFO - Processing file /home/alura/Documents/Financeiro/venv/lib/python3.9/site-packages/airflow/example_dags/example_trigger_target_dag.py for tasks to queue
[2023-02-23 12:00:29,601] {logging_mixin.py:115} INFO - [2023-02-23 12:00:29,601] {dagbag.py:507} INFO - Filling up the DagBag from /home/alura/Documents/Financeiro/venv/lib/python3.9/site-packages/airflow/example_dags/example_trigger_target_dag.py
[2023-02-23 12:00:29,609] {processor.py:651} INFO - DAG(s) dict_keys(['example_trigger_target_dag']) retrieved from /home/alura/Documents/Financeiro/venv/lib/python3.9/site-packages/airflow/example_dags/example_trigger_target_dag.py
[2023-02-23 12:00:29,637] {logging_mixin.py:115} INFO - [2023-02-23 12:00:29,637] {manager.py:508} INFO - Created Permission View: can read on DAG:example_trigger_target_dag
[2023-02-23 12:00:29,641] {logging_mixin.py:115} INFO - [2023-02-23 12:00:29,641] {manager.py:508} INFO - Created Permission View: can edit on DAG:example_trigger_target_dag
[2023-02-23 12:00:29,645] {logging_mixin.py:115} INFO - [2023-02-23 12:00:29,645] {manager.py:508} INFO - Created Permission View: can delete on DAG:example_trigger_target_dag
[2023-02-23 12:00:29,645] {logging_mixin.py:115} INFO - [2023-02-23 12:00:29,645] {dag.py:2379} INFO - Sync 1 DAGs
[2023-02-23 12:00:29,649] {logging_mixin.py:115} INFO - [2023-02-23 12:00:29,648] {dag.py:2398} INFO - Creating ORM DAG for example_trigger_target_dag
[2023-02-23 12:00:29,653] {logging_mixin.py:115} INFO - [2023-02-23 12:00:29,653] {dag.py:2927} INFO - Setting next_dagrun for example_trigger_target_dag to None, run_after=None
[2023-02-23 12:00:29,660] {processor.py:161} INFO - Processing /home/alura/Documents/Financeiro/venv/lib/python3.9/site-packages/airflow/example_dags/example_trigger_target_dag.py took 0.061 seconds
[2023-02-23 12:01:03,759] {processor.py:153} INFO - Started process (PID=50519) to work on /home/alura/Documents/Financeiro/venv/lib/python3.9/site-packages/airflow/example_dags/example_trigger_target_dag.py
[2023-02-23 12:01:03,759] {processor.py:641} INFO - Processing file /home/alura/Documents/Financeiro/venv/lib/python3.9/site-packages/airflow/example_dags/example_trigger_target_dag.py for tasks to queue
[2023-02-23 12:01:03,759] {logging_mixin.py:115} INFO - [2023-02-23 12:01:03,759] {dagbag.py:507} INFO - Filling up the DagBag from /home/alura/Documents/Financeiro/venv/lib/python3.9/site-packages/airflow/example_dags/example_trigger_target_dag.py
[2023-02-23 12:01:03,767] {processor.py:651} INFO - DAG(s) dict_keys(['example_trigger_target_dag']) retrieved from /home/alura/Documents/Financeiro/venv/lib/python3.9/site-packages/airflow/example_dags/example_trigger_target_dag.py
[2023-02-23 12:01:03,774] {logging_mixin.py:115} INFO - [2023-02-23 12:01:03,774] {dag.py:2379} INFO - Sync 1 DAGs
[2023-02-23 12:01:03,782] {logging_mixin.py:115} INFO - [2023-02-23 12:01:03,782] {dag.py:2927} INFO - Setting next_dagrun for example_trigger_target_dag to None, run_after=None
[2023-02-23 12:01:03,788] {processor.py:161} INFO - Processing /home/alura/Documents/Financeiro/venv/lib/python3.9/site-packages/airflow/example_dags/example_trigger_target_dag.py took 0.031 seconds
[2023-02-23 12:01:36,251] {processor.py:153} INFO - Started process (PID=50819) to work on /home/alura/Documents/Financeiro/venv/lib/python3.9/site-packages/airflow/example_dags/example_trigger_target_dag.py
[2023-02-23 12:01:36,252] {processor.py:641} INFO - Processing file /home/alura/Documents/Financeiro/venv/lib/python3.9/site-packages/airflow/example_dags/example_trigger_target_dag.py for tasks to queue
[2023-02-23 12:01:36,252] {logging_mixin.py:115} INFO - [2023-02-23 12:01:36,252] {dagbag.py:507} INFO - Filling up the DagBag from /home/alura/Documents/Financeiro/venv/lib/python3.9/site-packages/airflow/example_dags/example_trigger_target_dag.py
[2023-02-23 12:01:36,260] {processor.py:651} INFO - DAG(s) dict_keys(['example_trigger_target_dag']) retrieved from /home/alura/Documents/Financeiro/venv/lib/python3.9/site-packages/airflow/example_dags/example_trigger_target_dag.py
[2023-02-23 12:01:36,267] {logging_mixin.py:115} INFO - [2023-02-23 12:01:36,267] {dag.py:2379} INFO - Sync 1 DAGs
[2023-02-23 12:01:36,275] {logging_mixin.py:115} INFO - [2023-02-23 12:01:36,275] {dag.py:2927} INFO - Setting next_dagrun for example_trigger_target_dag to None, run_after=None
[2023-02-23 12:01:36,284] {processor.py:161} INFO - Processing /home/alura/Documents/Financeiro/venv/lib/python3.9/site-packages/airflow/example_dags/example_trigger_target_dag.py took 0.035 seconds
[2023-02-23 12:02:08,157] {processor.py:153} INFO - Started process (PID=50953) to work on /home/alura/Documents/Financeiro/venv/lib/python3.9/site-packages/airflow/example_dags/example_trigger_target_dag.py
[2023-02-23 12:02:08,157] {processor.py:641} INFO - Processing file /home/alura/Documents/Financeiro/venv/lib/python3.9/site-packages/airflow/example_dags/example_trigger_target_dag.py for tasks to queue
[2023-02-23 12:02:08,158] {logging_mixin.py:115} INFO - [2023-02-23 12:02:08,157] {dagbag.py:507} INFO - Filling up the DagBag from /home/alura/Documents/Financeiro/venv/lib/python3.9/site-packages/airflow/example_dags/example_trigger_target_dag.py
[2023-02-23 12:02:08,165] {processor.py:651} INFO - DAG(s) dict_keys(['example_trigger_target_dag']) retrieved from /home/alura/Documents/Financeiro/venv/lib/python3.9/site-packages/airflow/example_dags/example_trigger_target_dag.py
[2023-02-23 12:02:08,173] {logging_mixin.py:115} INFO - [2023-02-23 12:02:08,173] {dag.py:2379} INFO - Sync 1 DAGs
[2023-02-23 12:02:08,181] {logging_mixin.py:115} INFO - [2023-02-23 12:02:08,181] {dag.py:2927} INFO - Setting next_dagrun for example_trigger_target_dag to None, run_after=None
[2023-02-23 12:02:08,187] {processor.py:161} INFO - Processing /home/alura/Documents/Financeiro/venv/lib/python3.9/site-packages/airflow/example_dags/example_trigger_target_dag.py took 0.032 seconds
[2023-02-23 12:02:40,865] {processor.py:153} INFO - Started process (PID=51023) to work on /home/alura/Documents/Financeiro/venv/lib/python3.9/site-packages/airflow/example_dags/example_trigger_target_dag.py
[2023-02-23 12:02:40,865] {processor.py:641} INFO - Processing file /home/alura/Documents/Financeiro/venv/lib/python3.9/site-packages/airflow/example_dags/example_trigger_target_dag.py for tasks to queue
[2023-02-23 12:02:40,865] {logging_mixin.py:115} INFO - [2023-02-23 12:02:40,865] {dagbag.py:507} INFO - Filling up the DagBag from /home/alura/Documents/Financeiro/venv/lib/python3.9/site-packages/airflow/example_dags/example_trigger_target_dag.py
[2023-02-23 12:02:40,874] {processor.py:651} INFO - DAG(s) dict_keys(['example_trigger_target_dag']) retrieved from /home/alura/Documents/Financeiro/venv/lib/python3.9/site-packages/airflow/example_dags/example_trigger_target_dag.py
[2023-02-23 12:02:40,882] {logging_mixin.py:115} INFO - [2023-02-23 12:02:40,882] {dag.py:2379} INFO - Sync 1 DAGs
[2023-02-23 12:02:40,891] {logging_mixin.py:115} INFO - [2023-02-23 12:02:40,891] {dag.py:2927} INFO - Setting next_dagrun for example_trigger_target_dag to None, run_after=None
[2023-02-23 12:02:40,897] {processor.py:161} INFO - Processing /home/alura/Documents/Financeiro/venv/lib/python3.9/site-packages/airflow/example_dags/example_trigger_target_dag.py took 0.034 seconds
[2023-02-23 12:03:14,755] {processor.py:153} INFO - Started process (PID=51085) to work on /home/alura/Documents/Financeiro/venv/lib/python3.9/site-packages/airflow/example_dags/example_trigger_target_dag.py
[2023-02-23 12:03:14,756] {processor.py:641} INFO - Processing file /home/alura/Documents/Financeiro/venv/lib/python3.9/site-packages/airflow/example_dags/example_trigger_target_dag.py for tasks to queue
[2023-02-23 12:03:14,756] {logging_mixin.py:115} INFO - [2023-02-23 12:03:14,756] {dagbag.py:507} INFO - Filling up the DagBag from /home/alura/Documents/Financeiro/venv/lib/python3.9/site-packages/airflow/example_dags/example_trigger_target_dag.py
[2023-02-23 12:03:14,764] {processor.py:651} INFO - DAG(s) dict_keys(['example_trigger_target_dag']) retrieved from /home/alura/Documents/Financeiro/venv/lib/python3.9/site-packages/airflow/example_dags/example_trigger_target_dag.py
[2023-02-23 12:03:14,771] {logging_mixin.py:115} INFO - [2023-02-23 12:03:14,771] {dag.py:2379} INFO - Sync 1 DAGs
[2023-02-23 12:03:14,780] {logging_mixin.py:115} INFO - [2023-02-23 12:03:14,780] {dag.py:2927} INFO - Setting next_dagrun for example_trigger_target_dag to None, run_after=None
[2023-02-23 12:03:14,786] {processor.py:161} INFO - Processing /home/alura/Documents/Financeiro/venv/lib/python3.9/site-packages/airflow/example_dags/example_trigger_target_dag.py took 0.034 seconds
[2023-02-23 12:03:45,533] {processor.py:153} INFO - Started process (PID=51145) to work on /home/alura/Documents/Financeiro/venv/lib/python3.9/site-packages/airflow/example_dags/example_trigger_target_dag.py
[2023-02-23 12:03:45,533] {processor.py:641} INFO - Processing file /home/alura/Documents/Financeiro/venv/lib/python3.9/site-packages/airflow/example_dags/example_trigger_target_dag.py for tasks to queue
[2023-02-23 12:03:45,533] {logging_mixin.py:115} INFO - [2023-02-23 12:03:45,533] {dagbag.py:507} INFO - Filling up the DagBag from /home/alura/Documents/Financeiro/venv/lib/python3.9/site-packages/airflow/example_dags/example_trigger_target_dag.py
[2023-02-23 12:03:45,541] {processor.py:651} INFO - DAG(s) dict_keys(['example_trigger_target_dag']) retrieved from /home/alura/Documents/Financeiro/venv/lib/python3.9/site-packages/airflow/example_dags/example_trigger_target_dag.py
[2023-02-23 12:03:45,549] {logging_mixin.py:115} INFO - [2023-02-23 12:03:45,549] {dag.py:2379} INFO - Sync 1 DAGs
[2023-02-23 12:03:45,557] {logging_mixin.py:115} INFO - [2023-02-23 12:03:45,557] {dag.py:2927} INFO - Setting next_dagrun for example_trigger_target_dag to None, run_after=None
[2023-02-23 12:03:45,564] {processor.py:161} INFO - Processing /home/alura/Documents/Financeiro/venv/lib/python3.9/site-packages/airflow/example_dags/example_trigger_target_dag.py took 0.033 seconds
[2023-02-23 12:04:20,954] {processor.py:153} INFO - Started process (PID=51211) to work on /home/alura/Documents/Financeiro/venv/lib/python3.9/site-packages/airflow/example_dags/example_trigger_target_dag.py
[2023-02-23 12:04:20,955] {processor.py:641} INFO - Processing file /home/alura/Documents/Financeiro/venv/lib/python3.9/site-packages/airflow/example_dags/example_trigger_target_dag.py for tasks to queue
[2023-02-23 12:04:20,955] {logging_mixin.py:115} INFO - [2023-02-23 12:04:20,955] {dagbag.py:507} INFO - Filling up the DagBag from /home/alura/Documents/Financeiro/venv/lib/python3.9/site-packages/airflow/example_dags/example_trigger_target_dag.py
[2023-02-23 12:04:20,963] {processor.py:651} INFO - DAG(s) dict_keys(['example_trigger_target_dag']) retrieved from /home/alura/Documents/Financeiro/venv/lib/python3.9/site-packages/airflow/example_dags/example_trigger_target_dag.py
[2023-02-23 12:04:20,971] {logging_mixin.py:115} INFO - [2023-02-23 12:04:20,971] {dag.py:2379} INFO - Sync 1 DAGs
[2023-02-23 12:04:20,980] {logging_mixin.py:115} INFO - [2023-02-23 12:04:20,980] {dag.py:2927} INFO - Setting next_dagrun for example_trigger_target_dag to None, run_after=None
[2023-02-23 12:04:20,986] {processor.py:161} INFO - Processing /home/alura/Documents/Financeiro/venv/lib/python3.9/site-packages/airflow/example_dags/example_trigger_target_dag.py took 0.034 seconds
[2023-02-23 12:04:54,584] {processor.py:153} INFO - Started process (PID=51273) to work on /home/alura/Documents/Financeiro/venv/lib/python3.9/site-packages/airflow/example_dags/example_trigger_target_dag.py
[2023-02-23 12:04:54,585] {processor.py:641} INFO - Processing file /home/alura/Documents/Financeiro/venv/lib/python3.9/site-packages/airflow/example_dags/example_trigger_target_dag.py for tasks to queue
[2023-02-23 12:04:54,585] {logging_mixin.py:115} INFO - [2023-02-23 12:04:54,585] {dagbag.py:507} INFO - Filling up the DagBag from /home/alura/Documents/Financeiro/venv/lib/python3.9/site-packages/airflow/example_dags/example_trigger_target_dag.py
[2023-02-23 12:04:54,593] {processor.py:651} INFO - DAG(s) dict_keys(['example_trigger_target_dag']) retrieved from /home/alura/Documents/Financeiro/venv/lib/python3.9/site-packages/airflow/example_dags/example_trigger_target_dag.py
[2023-02-23 12:04:54,600] {logging_mixin.py:115} INFO - [2023-02-23 12:04:54,600] {dag.py:2379} INFO - Sync 1 DAGs
[2023-02-23 12:04:54,609] {logging_mixin.py:115} INFO - [2023-02-23 12:04:54,609] {dag.py:2927} INFO - Setting next_dagrun for example_trigger_target_dag to None, run_after=None
[2023-02-23 12:04:54,615] {processor.py:161} INFO - Processing /home/alura/Documents/Financeiro/venv/lib/python3.9/site-packages/airflow/example_dags/example_trigger_target_dag.py took 0.032 seconds
[2023-02-23 12:05:27,999] {processor.py:153} INFO - Started process (PID=51340) to work on /home/alura/Documents/Financeiro/venv/lib/python3.9/site-packages/airflow/example_dags/example_trigger_target_dag.py
[2023-02-23 12:05:28,000] {processor.py:641} INFO - Processing file /home/alura/Documents/Financeiro/venv/lib/python3.9/site-packages/airflow/example_dags/example_trigger_target_dag.py for tasks to queue
[2023-02-23 12:05:28,000] {logging_mixin.py:115} INFO - [2023-02-23 12:05:28,000] {dagbag.py:507} INFO - Filling up the DagBag from /home/alura/Documents/Financeiro/venv/lib/python3.9/site-packages/airflow/example_dags/example_trigger_target_dag.py
[2023-02-23 12:05:28,009] {processor.py:651} INFO - DAG(s) dict_keys(['example_trigger_target_dag']) retrieved from /home/alura/Documents/Financeiro/venv/lib/python3.9/site-packages/airflow/example_dags/example_trigger_target_dag.py
[2023-02-23 12:05:28,017] {logging_mixin.py:115} INFO - [2023-02-23 12:05:28,017] {dag.py:2379} INFO - Sync 1 DAGs
[2023-02-23 12:05:28,025] {logging_mixin.py:115} INFO - [2023-02-23 12:05:28,025] {dag.py:2927} INFO - Setting next_dagrun for example_trigger_target_dag to None, run_after=None
[2023-02-23 12:05:28,032] {processor.py:161} INFO - Processing /home/alura/Documents/Financeiro/venv/lib/python3.9/site-packages/airflow/example_dags/example_trigger_target_dag.py took 0.034 seconds
[2023-02-23 12:06:01,627] {processor.py:153} INFO - Started process (PID=51405) to work on /home/alura/Documents/Financeiro/venv/lib/python3.9/site-packages/airflow/example_dags/example_trigger_target_dag.py
[2023-02-23 12:06:01,627] {processor.py:641} INFO - Processing file /home/alura/Documents/Financeiro/venv/lib/python3.9/site-packages/airflow/example_dags/example_trigger_target_dag.py for tasks to queue
[2023-02-23 12:06:01,628] {logging_mixin.py:115} INFO - [2023-02-23 12:06:01,628] {dagbag.py:507} INFO - Filling up the DagBag from /home/alura/Documents/Financeiro/venv/lib/python3.9/site-packages/airflow/example_dags/example_trigger_target_dag.py
[2023-02-23 12:06:01,636] {processor.py:651} INFO - DAG(s) dict_keys(['example_trigger_target_dag']) retrieved from /home/alura/Documents/Financeiro/venv/lib/python3.9/site-packages/airflow/example_dags/example_trigger_target_dag.py
[2023-02-23 12:06:01,643] {logging_mixin.py:115} INFO - [2023-02-23 12:06:01,643] {dag.py:2379} INFO - Sync 1 DAGs
[2023-02-23 12:06:01,651] {logging_mixin.py:115} INFO - [2023-02-23 12:06:01,651] {dag.py:2927} INFO - Setting next_dagrun for example_trigger_target_dag to None, run_after=None
[2023-02-23 12:06:01,658] {processor.py:161} INFO - Processing /home/alura/Documents/Financeiro/venv/lib/python3.9/site-packages/airflow/example_dags/example_trigger_target_dag.py took 0.032 seconds
[2023-02-23 12:06:32,275] {processor.py:153} INFO - Started process (PID=51464) to work on /home/alura/Documents/Financeiro/venv/lib/python3.9/site-packages/airflow/example_dags/example_trigger_target_dag.py
[2023-02-23 12:06:32,276] {processor.py:641} INFO - Processing file /home/alura/Documents/Financeiro/venv/lib/python3.9/site-packages/airflow/example_dags/example_trigger_target_dag.py for tasks to queue
[2023-02-23 12:06:32,276] {logging_mixin.py:115} INFO - [2023-02-23 12:06:32,276] {dagbag.py:507} INFO - Filling up the DagBag from /home/alura/Documents/Financeiro/venv/lib/python3.9/site-packages/airflow/example_dags/example_trigger_target_dag.py
[2023-02-23 12:06:32,284] {processor.py:651} INFO - DAG(s) dict_keys(['example_trigger_target_dag']) retrieved from /home/alura/Documents/Financeiro/venv/lib/python3.9/site-packages/airflow/example_dags/example_trigger_target_dag.py
[2023-02-23 12:06:32,292] {logging_mixin.py:115} INFO - [2023-02-23 12:06:32,292] {dag.py:2379} INFO - Sync 1 DAGs
[2023-02-23 12:06:32,300] {logging_mixin.py:115} INFO - [2023-02-23 12:06:32,300] {dag.py:2927} INFO - Setting next_dagrun for example_trigger_target_dag to None, run_after=None
[2023-02-23 12:06:32,307] {processor.py:161} INFO - Processing /home/alura/Documents/Financeiro/venv/lib/python3.9/site-packages/airflow/example_dags/example_trigger_target_dag.py took 0.033 seconds
[2023-02-23 12:07:04,309] {processor.py:153} INFO - Started process (PID=51537) to work on /home/alura/Documents/Financeiro/venv/lib/python3.9/site-packages/airflow/example_dags/example_trigger_target_dag.py
[2023-02-23 12:07:04,310] {processor.py:641} INFO - Processing file /home/alura/Documents/Financeiro/venv/lib/python3.9/site-packages/airflow/example_dags/example_trigger_target_dag.py for tasks to queue
[2023-02-23 12:07:04,310] {logging_mixin.py:115} INFO - [2023-02-23 12:07:04,310] {dagbag.py:507} INFO - Filling up the DagBag from /home/alura/Documents/Financeiro/venv/lib/python3.9/site-packages/airflow/example_dags/example_trigger_target_dag.py
[2023-02-23 12:07:04,318] {processor.py:651} INFO - DAG(s) dict_keys(['example_trigger_target_dag']) retrieved from /home/alura/Documents/Financeiro/venv/lib/python3.9/site-packages/airflow/example_dags/example_trigger_target_dag.py
[2023-02-23 12:07:04,326] {logging_mixin.py:115} INFO - [2023-02-23 12:07:04,326] {dag.py:2379} INFO - Sync 1 DAGs
[2023-02-23 12:07:04,335] {logging_mixin.py:115} INFO - [2023-02-23 12:07:04,335] {dag.py:2927} INFO - Setting next_dagrun for example_trigger_target_dag to None, run_after=None
[2023-02-23 12:07:04,341] {processor.py:161} INFO - Processing /home/alura/Documents/Financeiro/venv/lib/python3.9/site-packages/airflow/example_dags/example_trigger_target_dag.py took 0.033 seconds
[2023-02-23 12:07:37,332] {processor.py:153} INFO - Started process (PID=51599) to work on /home/alura/Documents/Financeiro/venv/lib/python3.9/site-packages/airflow/example_dags/example_trigger_target_dag.py
[2023-02-23 12:07:37,333] {processor.py:641} INFO - Processing file /home/alura/Documents/Financeiro/venv/lib/python3.9/site-packages/airflow/example_dags/example_trigger_target_dag.py for tasks to queue
[2023-02-23 12:07:37,333] {logging_mixin.py:115} INFO - [2023-02-23 12:07:37,333] {dagbag.py:507} INFO - Filling up the DagBag from /home/alura/Documents/Financeiro/venv/lib/python3.9/site-packages/airflow/example_dags/example_trigger_target_dag.py
[2023-02-23 12:07:37,341] {processor.py:651} INFO - DAG(s) dict_keys(['example_trigger_target_dag']) retrieved from /home/alura/Documents/Financeiro/venv/lib/python3.9/site-packages/airflow/example_dags/example_trigger_target_dag.py
[2023-02-23 12:07:37,348] {logging_mixin.py:115} INFO - [2023-02-23 12:07:37,348] {dag.py:2379} INFO - Sync 1 DAGs
[2023-02-23 12:07:37,357] {logging_mixin.py:115} INFO - [2023-02-23 12:07:37,356] {dag.py:2927} INFO - Setting next_dagrun for example_trigger_target_dag to None, run_after=None
[2023-02-23 12:07:37,363] {processor.py:161} INFO - Processing /home/alura/Documents/Financeiro/venv/lib/python3.9/site-packages/airflow/example_dags/example_trigger_target_dag.py took 0.032 seconds
[2023-02-23 12:08:09,845] {processor.py:153} INFO - Started process (PID=51663) to work on /home/alura/Documents/Financeiro/venv/lib/python3.9/site-packages/airflow/example_dags/example_trigger_target_dag.py
[2023-02-23 12:08:09,845] {processor.py:641} INFO - Processing file /home/alura/Documents/Financeiro/venv/lib/python3.9/site-packages/airflow/example_dags/example_trigger_target_dag.py for tasks to queue
[2023-02-23 12:08:09,846] {logging_mixin.py:115} INFO - [2023-02-23 12:08:09,846] {dagbag.py:507} INFO - Filling up the DagBag from /home/alura/Documents/Financeiro/venv/lib/python3.9/site-packages/airflow/example_dags/example_trigger_target_dag.py
[2023-02-23 12:08:09,854] {processor.py:651} INFO - DAG(s) dict_keys(['example_trigger_target_dag']) retrieved from /home/alura/Documents/Financeiro/venv/lib/python3.9/site-packages/airflow/example_dags/example_trigger_target_dag.py
[2023-02-23 12:08:09,861] {logging_mixin.py:115} INFO - [2023-02-23 12:08:09,861] {dag.py:2379} INFO - Sync 1 DAGs
[2023-02-23 12:08:09,870] {logging_mixin.py:115} INFO - [2023-02-23 12:08:09,870] {dag.py:2927} INFO - Setting next_dagrun for example_trigger_target_dag to None, run_after=None
[2023-02-23 12:08:09,876] {processor.py:161} INFO - Processing /home/alura/Documents/Financeiro/venv/lib/python3.9/site-packages/airflow/example_dags/example_trigger_target_dag.py took 0.033 seconds
