[2023-02-23 12:00:13,086] {processor.py:153} INFO - Started process (PID=50462) to work on /home/alura/Documents/Financeiro/venv/lib/python3.9/site-packages/airflow/example_dags/example_time_delta_sensor_async.py
[2023-02-23 12:00:13,086] {processor.py:641} INFO - Processing file /home/alura/Documents/Financeiro/venv/lib/python3.9/site-packages/airflow/example_dags/example_time_delta_sensor_async.py for tasks to queue
[2023-02-23 12:00:13,086] {logging_mixin.py:115} INFO - [2023-02-23 12:00:13,086] {dagbag.py:507} INFO - Filling up the DagBag from /home/alura/Documents/Financeiro/venv/lib/python3.9/site-packages/airflow/example_dags/example_time_delta_sensor_async.py
[2023-02-23 12:00:13,089] {processor.py:651} INFO - DAG(s) dict_keys(['example_time_delta_sensor_async']) retrieved from /home/alura/Documents/Financeiro/venv/lib/python3.9/site-packages/airflow/example_dags/example_time_delta_sensor_async.py
[2023-02-23 12:00:13,121] {logging_mixin.py:115} INFO - [2023-02-23 12:00:13,121] {manager.py:508} INFO - Created Permission View: can read on DAG:example_time_delta_sensor_async
[2023-02-23 12:00:13,127] {logging_mixin.py:115} INFO - [2023-02-23 12:00:13,127] {manager.py:508} INFO - Created Permission View: can edit on DAG:example_time_delta_sensor_async
[2023-02-23 12:00:13,130] {logging_mixin.py:115} INFO - [2023-02-23 12:00:13,130] {manager.py:508} INFO - Created Permission View: can delete on DAG:example_time_delta_sensor_async
[2023-02-23 12:00:13,130] {logging_mixin.py:115} INFO - [2023-02-23 12:00:13,130] {dag.py:2379} INFO - Sync 1 DAGs
[2023-02-23 12:00:13,134] {logging_mixin.py:115} INFO - [2023-02-23 12:00:13,134] {dag.py:2398} INFO - Creating ORM DAG for example_time_delta_sensor_async
[2023-02-23 12:00:13,138] {logging_mixin.py:115} INFO - [2023-02-23 12:00:13,138] {dag.py:2927} INFO - Setting next_dagrun for example_time_delta_sensor_async to None, run_after=None
[2023-02-23 12:00:13,145] {processor.py:161} INFO - Processing /home/alura/Documents/Financeiro/venv/lib/python3.9/site-packages/airflow/example_dags/example_time_delta_sensor_async.py took 0.061 seconds
[2023-02-23 12:00:43,860] {processor.py:153} INFO - Started process (PID=50500) to work on /home/alura/Documents/Financeiro/venv/lib/python3.9/site-packages/airflow/example_dags/example_time_delta_sensor_async.py
[2023-02-23 12:00:43,861] {processor.py:641} INFO - Processing file /home/alura/Documents/Financeiro/venv/lib/python3.9/site-packages/airflow/example_dags/example_time_delta_sensor_async.py for tasks to queue
[2023-02-23 12:00:43,861] {logging_mixin.py:115} INFO - [2023-02-23 12:00:43,861] {dagbag.py:507} INFO - Filling up the DagBag from /home/alura/Documents/Financeiro/venv/lib/python3.9/site-packages/airflow/example_dags/example_time_delta_sensor_async.py
[2023-02-23 12:00:43,863] {processor.py:651} INFO - DAG(s) dict_keys(['example_time_delta_sensor_async']) retrieved from /home/alura/Documents/Financeiro/venv/lib/python3.9/site-packages/airflow/example_dags/example_time_delta_sensor_async.py
[2023-02-23 12:00:43,874] {logging_mixin.py:115} INFO - [2023-02-23 12:00:43,874] {dag.py:2379} INFO - Sync 1 DAGs
[2023-02-23 12:00:43,882] {logging_mixin.py:115} INFO - [2023-02-23 12:00:43,882] {dag.py:2927} INFO - Setting next_dagrun for example_time_delta_sensor_async to None, run_after=None
[2023-02-23 12:00:43,888] {processor.py:161} INFO - Processing /home/alura/Documents/Financeiro/venv/lib/python3.9/site-packages/airflow/example_dags/example_time_delta_sensor_async.py took 0.029 seconds
[2023-02-23 12:01:18,027] {processor.py:153} INFO - Started process (PID=50535) to work on /home/alura/Documents/Financeiro/venv/lib/python3.9/site-packages/airflow/example_dags/example_time_delta_sensor_async.py
[2023-02-23 12:01:18,028] {processor.py:641} INFO - Processing file /home/alura/Documents/Financeiro/venv/lib/python3.9/site-packages/airflow/example_dags/example_time_delta_sensor_async.py for tasks to queue
[2023-02-23 12:01:18,028] {logging_mixin.py:115} INFO - [2023-02-23 12:01:18,028] {dagbag.py:507} INFO - Filling up the DagBag from /home/alura/Documents/Financeiro/venv/lib/python3.9/site-packages/airflow/example_dags/example_time_delta_sensor_async.py
[2023-02-23 12:01:18,031] {processor.py:651} INFO - DAG(s) dict_keys(['example_time_delta_sensor_async']) retrieved from /home/alura/Documents/Financeiro/venv/lib/python3.9/site-packages/airflow/example_dags/example_time_delta_sensor_async.py
[2023-02-23 12:01:18,041] {logging_mixin.py:115} INFO - [2023-02-23 12:01:18,041] {dag.py:2379} INFO - Sync 1 DAGs
[2023-02-23 12:01:18,049] {logging_mixin.py:115} INFO - [2023-02-23 12:01:18,049] {dag.py:2927} INFO - Setting next_dagrun for example_time_delta_sensor_async to None, run_after=None
[2023-02-23 12:01:18,056] {processor.py:161} INFO - Processing /home/alura/Documents/Financeiro/venv/lib/python3.9/site-packages/airflow/example_dags/example_time_delta_sensor_async.py took 0.030 seconds
[2023-02-23 12:01:50,239] {processor.py:153} INFO - Started process (PID=50867) to work on /home/alura/Documents/Financeiro/venv/lib/python3.9/site-packages/airflow/example_dags/example_time_delta_sensor_async.py
[2023-02-23 12:01:50,239] {processor.py:641} INFO - Processing file /home/alura/Documents/Financeiro/venv/lib/python3.9/site-packages/airflow/example_dags/example_time_delta_sensor_async.py for tasks to queue
[2023-02-23 12:01:50,240] {logging_mixin.py:115} INFO - [2023-02-23 12:01:50,240] {dagbag.py:507} INFO - Filling up the DagBag from /home/alura/Documents/Financeiro/venv/lib/python3.9/site-packages/airflow/example_dags/example_time_delta_sensor_async.py
[2023-02-23 12:01:50,242] {processor.py:651} INFO - DAG(s) dict_keys(['example_time_delta_sensor_async']) retrieved from /home/alura/Documents/Financeiro/venv/lib/python3.9/site-packages/airflow/example_dags/example_time_delta_sensor_async.py
[2023-02-23 12:01:50,255] {logging_mixin.py:115} INFO - [2023-02-23 12:01:50,255] {dag.py:2379} INFO - Sync 1 DAGs
[2023-02-23 12:01:50,264] {logging_mixin.py:115} INFO - [2023-02-23 12:01:50,264] {dag.py:2927} INFO - Setting next_dagrun for example_time_delta_sensor_async to None, run_after=None
[2023-02-23 12:01:50,272] {processor.py:161} INFO - Processing /home/alura/Documents/Financeiro/venv/lib/python3.9/site-packages/airflow/example_dags/example_time_delta_sensor_async.py took 0.035 seconds
[2023-02-23 12:02:22,422] {processor.py:153} INFO - Started process (PID=50977) to work on /home/alura/Documents/Financeiro/venv/lib/python3.9/site-packages/airflow/example_dags/example_time_delta_sensor_async.py
[2023-02-23 12:02:22,423] {processor.py:641} INFO - Processing file /home/alura/Documents/Financeiro/venv/lib/python3.9/site-packages/airflow/example_dags/example_time_delta_sensor_async.py for tasks to queue
[2023-02-23 12:02:22,423] {logging_mixin.py:115} INFO - [2023-02-23 12:02:22,423] {dagbag.py:507} INFO - Filling up the DagBag from /home/alura/Documents/Financeiro/venv/lib/python3.9/site-packages/airflow/example_dags/example_time_delta_sensor_async.py
[2023-02-23 12:02:22,425] {processor.py:651} INFO - DAG(s) dict_keys(['example_time_delta_sensor_async']) retrieved from /home/alura/Documents/Financeiro/venv/lib/python3.9/site-packages/airflow/example_dags/example_time_delta_sensor_async.py
[2023-02-23 12:02:22,436] {logging_mixin.py:115} INFO - [2023-02-23 12:02:22,436] {dag.py:2379} INFO - Sync 1 DAGs
[2023-02-23 12:02:22,444] {logging_mixin.py:115} INFO - [2023-02-23 12:02:22,444] {dag.py:2927} INFO - Setting next_dagrun for example_time_delta_sensor_async to None, run_after=None
[2023-02-23 12:02:22,450] {processor.py:161} INFO - Processing /home/alura/Documents/Financeiro/venv/lib/python3.9/site-packages/airflow/example_dags/example_time_delta_sensor_async.py took 0.029 seconds
[2023-02-23 12:02:56,320] {processor.py:153} INFO - Started process (PID=51050) to work on /home/alura/Documents/Financeiro/venv/lib/python3.9/site-packages/airflow/example_dags/example_time_delta_sensor_async.py
[2023-02-23 12:02:56,321] {processor.py:641} INFO - Processing file /home/alura/Documents/Financeiro/venv/lib/python3.9/site-packages/airflow/example_dags/example_time_delta_sensor_async.py for tasks to queue
[2023-02-23 12:02:56,321] {logging_mixin.py:115} INFO - [2023-02-23 12:02:56,321] {dagbag.py:507} INFO - Filling up the DagBag from /home/alura/Documents/Financeiro/venv/lib/python3.9/site-packages/airflow/example_dags/example_time_delta_sensor_async.py
[2023-02-23 12:02:56,324] {processor.py:651} INFO - DAG(s) dict_keys(['example_time_delta_sensor_async']) retrieved from /home/alura/Documents/Financeiro/venv/lib/python3.9/site-packages/airflow/example_dags/example_time_delta_sensor_async.py
[2023-02-23 12:02:56,335] {logging_mixin.py:115} INFO - [2023-02-23 12:02:56,335] {dag.py:2379} INFO - Sync 1 DAGs
[2023-02-23 12:02:56,343] {logging_mixin.py:115} INFO - [2023-02-23 12:02:56,343] {dag.py:2927} INFO - Setting next_dagrun for example_time_delta_sensor_async to None, run_after=None
[2023-02-23 12:02:56,349] {processor.py:161} INFO - Processing /home/alura/Documents/Financeiro/venv/lib/python3.9/site-packages/airflow/example_dags/example_time_delta_sensor_async.py took 0.031 seconds
[2023-02-23 12:03:27,890] {processor.py:153} INFO - Started process (PID=51112) to work on /home/alura/Documents/Financeiro/venv/lib/python3.9/site-packages/airflow/example_dags/example_time_delta_sensor_async.py
[2023-02-23 12:03:27,891] {processor.py:641} INFO - Processing file /home/alura/Documents/Financeiro/venv/lib/python3.9/site-packages/airflow/example_dags/example_time_delta_sensor_async.py for tasks to queue
[2023-02-23 12:03:27,891] {logging_mixin.py:115} INFO - [2023-02-23 12:03:27,891] {dagbag.py:507} INFO - Filling up the DagBag from /home/alura/Documents/Financeiro/venv/lib/python3.9/site-packages/airflow/example_dags/example_time_delta_sensor_async.py
[2023-02-23 12:03:27,894] {processor.py:651} INFO - DAG(s) dict_keys(['example_time_delta_sensor_async']) retrieved from /home/alura/Documents/Financeiro/venv/lib/python3.9/site-packages/airflow/example_dags/example_time_delta_sensor_async.py
[2023-02-23 12:03:27,905] {logging_mixin.py:115} INFO - [2023-02-23 12:03:27,905] {dag.py:2379} INFO - Sync 1 DAGs
[2023-02-23 12:03:27,913] {logging_mixin.py:115} INFO - [2023-02-23 12:03:27,913] {dag.py:2927} INFO - Setting next_dagrun for example_time_delta_sensor_async to None, run_after=None
[2023-02-23 12:03:27,920] {processor.py:161} INFO - Processing /home/alura/Documents/Financeiro/venv/lib/python3.9/site-packages/airflow/example_dags/example_time_delta_sensor_async.py took 0.031 seconds
[2023-02-23 12:03:59,794] {processor.py:153} INFO - Started process (PID=51173) to work on /home/alura/Documents/Financeiro/venv/lib/python3.9/site-packages/airflow/example_dags/example_time_delta_sensor_async.py
[2023-02-23 12:03:59,795] {processor.py:641} INFO - Processing file /home/alura/Documents/Financeiro/venv/lib/python3.9/site-packages/airflow/example_dags/example_time_delta_sensor_async.py for tasks to queue
[2023-02-23 12:03:59,795] {logging_mixin.py:115} INFO - [2023-02-23 12:03:59,795] {dagbag.py:507} INFO - Filling up the DagBag from /home/alura/Documents/Financeiro/venv/lib/python3.9/site-packages/airflow/example_dags/example_time_delta_sensor_async.py
[2023-02-23 12:03:59,797] {processor.py:651} INFO - DAG(s) dict_keys(['example_time_delta_sensor_async']) retrieved from /home/alura/Documents/Financeiro/venv/lib/python3.9/site-packages/airflow/example_dags/example_time_delta_sensor_async.py
[2023-02-23 12:03:59,809] {logging_mixin.py:115} INFO - [2023-02-23 12:03:59,809] {dag.py:2379} INFO - Sync 1 DAGs
[2023-02-23 12:03:59,817] {logging_mixin.py:115} INFO - [2023-02-23 12:03:59,817] {dag.py:2927} INFO - Setting next_dagrun for example_time_delta_sensor_async to None, run_after=None
[2023-02-23 12:03:59,823] {processor.py:161} INFO - Processing /home/alura/Documents/Financeiro/venv/lib/python3.9/site-packages/airflow/example_dags/example_time_delta_sensor_async.py took 0.030 seconds
[2023-02-23 12:04:32,204] {processor.py:153} INFO - Started process (PID=51230) to work on /home/alura/Documents/Financeiro/venv/lib/python3.9/site-packages/airflow/example_dags/example_time_delta_sensor_async.py
[2023-02-23 12:04:32,205] {processor.py:641} INFO - Processing file /home/alura/Documents/Financeiro/venv/lib/python3.9/site-packages/airflow/example_dags/example_time_delta_sensor_async.py for tasks to queue
[2023-02-23 12:04:32,205] {logging_mixin.py:115} INFO - [2023-02-23 12:04:32,205] {dagbag.py:507} INFO - Filling up the DagBag from /home/alura/Documents/Financeiro/venv/lib/python3.9/site-packages/airflow/example_dags/example_time_delta_sensor_async.py
[2023-02-23 12:04:32,208] {processor.py:651} INFO - DAG(s) dict_keys(['example_time_delta_sensor_async']) retrieved from /home/alura/Documents/Financeiro/venv/lib/python3.9/site-packages/airflow/example_dags/example_time_delta_sensor_async.py
[2023-02-23 12:04:32,218] {logging_mixin.py:115} INFO - [2023-02-23 12:04:32,218] {dag.py:2379} INFO - Sync 1 DAGs
[2023-02-23 12:04:32,227] {logging_mixin.py:115} INFO - [2023-02-23 12:04:32,227] {dag.py:2927} INFO - Setting next_dagrun for example_time_delta_sensor_async to None, run_after=None
[2023-02-23 12:04:32,233] {processor.py:161} INFO - Processing /home/alura/Documents/Financeiro/venv/lib/python3.9/site-packages/airflow/example_dags/example_time_delta_sensor_async.py took 0.030 seconds
[2023-02-23 12:05:05,229] {processor.py:153} INFO - Started process (PID=51296) to work on /home/alura/Documents/Financeiro/venv/lib/python3.9/site-packages/airflow/example_dags/example_time_delta_sensor_async.py
[2023-02-23 12:05:05,229] {processor.py:641} INFO - Processing file /home/alura/Documents/Financeiro/venv/lib/python3.9/site-packages/airflow/example_dags/example_time_delta_sensor_async.py for tasks to queue
[2023-02-23 12:05:05,230] {logging_mixin.py:115} INFO - [2023-02-23 12:05:05,230] {dagbag.py:507} INFO - Filling up the DagBag from /home/alura/Documents/Financeiro/venv/lib/python3.9/site-packages/airflow/example_dags/example_time_delta_sensor_async.py
[2023-02-23 12:05:05,233] {processor.py:651} INFO - DAG(s) dict_keys(['example_time_delta_sensor_async']) retrieved from /home/alura/Documents/Financeiro/venv/lib/python3.9/site-packages/airflow/example_dags/example_time_delta_sensor_async.py
[2023-02-23 12:05:05,244] {logging_mixin.py:115} INFO - [2023-02-23 12:05:05,244] {dag.py:2379} INFO - Sync 1 DAGs
[2023-02-23 12:05:05,252] {logging_mixin.py:115} INFO - [2023-02-23 12:05:05,252] {dag.py:2927} INFO - Setting next_dagrun for example_time_delta_sensor_async to None, run_after=None
[2023-02-23 12:05:05,259] {processor.py:161} INFO - Processing /home/alura/Documents/Financeiro/venv/lib/python3.9/site-packages/airflow/example_dags/example_time_delta_sensor_async.py took 0.032 seconds
[2023-02-23 12:05:38,286] {processor.py:153} INFO - Started process (PID=51358) to work on /home/alura/Documents/Financeiro/venv/lib/python3.9/site-packages/airflow/example_dags/example_time_delta_sensor_async.py
[2023-02-23 12:05:38,286] {processor.py:641} INFO - Processing file /home/alura/Documents/Financeiro/venv/lib/python3.9/site-packages/airflow/example_dags/example_time_delta_sensor_async.py for tasks to queue
[2023-02-23 12:05:38,286] {logging_mixin.py:115} INFO - [2023-02-23 12:05:38,286] {dagbag.py:507} INFO - Filling up the DagBag from /home/alura/Documents/Financeiro/venv/lib/python3.9/site-packages/airflow/example_dags/example_time_delta_sensor_async.py
[2023-02-23 12:05:38,289] {processor.py:651} INFO - DAG(s) dict_keys(['example_time_delta_sensor_async']) retrieved from /home/alura/Documents/Financeiro/venv/lib/python3.9/site-packages/airflow/example_dags/example_time_delta_sensor_async.py
[2023-02-23 12:05:38,300] {logging_mixin.py:115} INFO - [2023-02-23 12:05:38,300] {dag.py:2379} INFO - Sync 1 DAGs
[2023-02-23 12:05:38,311] {logging_mixin.py:115} INFO - [2023-02-23 12:05:38,310] {dag.py:2927} INFO - Setting next_dagrun for example_time_delta_sensor_async to None, run_after=None
[2023-02-23 12:05:38,318] {processor.py:161} INFO - Processing /home/alura/Documents/Financeiro/venv/lib/python3.9/site-packages/airflow/example_dags/example_time_delta_sensor_async.py took 0.033 seconds
[2023-02-23 12:06:10,608] {processor.py:153} INFO - Started process (PID=51424) to work on /home/alura/Documents/Financeiro/venv/lib/python3.9/site-packages/airflow/example_dags/example_time_delta_sensor_async.py
[2023-02-23 12:06:10,609] {processor.py:641} INFO - Processing file /home/alura/Documents/Financeiro/venv/lib/python3.9/site-packages/airflow/example_dags/example_time_delta_sensor_async.py for tasks to queue
[2023-02-23 12:06:10,609] {logging_mixin.py:115} INFO - [2023-02-23 12:06:10,609] {dagbag.py:507} INFO - Filling up the DagBag from /home/alura/Documents/Financeiro/venv/lib/python3.9/site-packages/airflow/example_dags/example_time_delta_sensor_async.py
[2023-02-23 12:06:10,612] {processor.py:651} INFO - DAG(s) dict_keys(['example_time_delta_sensor_async']) retrieved from /home/alura/Documents/Financeiro/venv/lib/python3.9/site-packages/airflow/example_dags/example_time_delta_sensor_async.py
[2023-02-23 12:06:10,622] {logging_mixin.py:115} INFO - [2023-02-23 12:06:10,622] {dag.py:2379} INFO - Sync 1 DAGs
[2023-02-23 12:06:10,630] {logging_mixin.py:115} INFO - [2023-02-23 12:06:10,630] {dag.py:2927} INFO - Setting next_dagrun for example_time_delta_sensor_async to None, run_after=None
[2023-02-23 12:06:10,637] {processor.py:161} INFO - Processing /home/alura/Documents/Financeiro/venv/lib/python3.9/site-packages/airflow/example_dags/example_time_delta_sensor_async.py took 0.030 seconds
[2023-02-23 12:06:41,993] {processor.py:153} INFO - Started process (PID=51492) to work on /home/alura/Documents/Financeiro/venv/lib/python3.9/site-packages/airflow/example_dags/example_time_delta_sensor_async.py
[2023-02-23 12:06:41,994] {processor.py:641} INFO - Processing file /home/alura/Documents/Financeiro/venv/lib/python3.9/site-packages/airflow/example_dags/example_time_delta_sensor_async.py for tasks to queue
[2023-02-23 12:06:41,994] {logging_mixin.py:115} INFO - [2023-02-23 12:06:41,994] {dagbag.py:507} INFO - Filling up the DagBag from /home/alura/Documents/Financeiro/venv/lib/python3.9/site-packages/airflow/example_dags/example_time_delta_sensor_async.py
[2023-02-23 12:06:41,997] {processor.py:651} INFO - DAG(s) dict_keys(['example_time_delta_sensor_async']) retrieved from /home/alura/Documents/Financeiro/venv/lib/python3.9/site-packages/airflow/example_dags/example_time_delta_sensor_async.py
[2023-02-23 12:06:42,011] {logging_mixin.py:115} INFO - [2023-02-23 12:06:42,011] {dag.py:2379} INFO - Sync 1 DAGs
[2023-02-23 12:06:42,020] {logging_mixin.py:115} INFO - [2023-02-23 12:06:42,020] {dag.py:2927} INFO - Setting next_dagrun for example_time_delta_sensor_async to None, run_after=None
[2023-02-23 12:06:42,026] {processor.py:161} INFO - Processing /home/alura/Documents/Financeiro/venv/lib/python3.9/site-packages/airflow/example_dags/example_time_delta_sensor_async.py took 0.034 seconds
[2023-02-23 12:07:12,679] {processor.py:153} INFO - Started process (PID=51550) to work on /home/alura/Documents/Financeiro/venv/lib/python3.9/site-packages/airflow/example_dags/example_time_delta_sensor_async.py
[2023-02-23 12:07:12,680] {processor.py:641} INFO - Processing file /home/alura/Documents/Financeiro/venv/lib/python3.9/site-packages/airflow/example_dags/example_time_delta_sensor_async.py for tasks to queue
[2023-02-23 12:07:12,680] {logging_mixin.py:115} INFO - [2023-02-23 12:07:12,680] {dagbag.py:507} INFO - Filling up the DagBag from /home/alura/Documents/Financeiro/venv/lib/python3.9/site-packages/airflow/example_dags/example_time_delta_sensor_async.py
[2023-02-23 12:07:12,683] {processor.py:651} INFO - DAG(s) dict_keys(['example_time_delta_sensor_async']) retrieved from /home/alura/Documents/Financeiro/venv/lib/python3.9/site-packages/airflow/example_dags/example_time_delta_sensor_async.py
[2023-02-23 12:07:12,693] {logging_mixin.py:115} INFO - [2023-02-23 12:07:12,693] {dag.py:2379} INFO - Sync 1 DAGs
[2023-02-23 12:07:12,701] {logging_mixin.py:115} INFO - [2023-02-23 12:07:12,701] {dag.py:2927} INFO - Setting next_dagrun for example_time_delta_sensor_async to None, run_after=None
[2023-02-23 12:07:12,708] {processor.py:161} INFO - Processing /home/alura/Documents/Financeiro/venv/lib/python3.9/site-packages/airflow/example_dags/example_time_delta_sensor_async.py took 0.030 seconds
[2023-02-23 12:07:46,438] {processor.py:153} INFO - Started process (PID=51617) to work on /home/alura/Documents/Financeiro/venv/lib/python3.9/site-packages/airflow/example_dags/example_time_delta_sensor_async.py
[2023-02-23 12:07:46,438] {processor.py:641} INFO - Processing file /home/alura/Documents/Financeiro/venv/lib/python3.9/site-packages/airflow/example_dags/example_time_delta_sensor_async.py for tasks to queue
[2023-02-23 12:07:46,439] {logging_mixin.py:115} INFO - [2023-02-23 12:07:46,439] {dagbag.py:507} INFO - Filling up the DagBag from /home/alura/Documents/Financeiro/venv/lib/python3.9/site-packages/airflow/example_dags/example_time_delta_sensor_async.py
[2023-02-23 12:07:46,441] {processor.py:651} INFO - DAG(s) dict_keys(['example_time_delta_sensor_async']) retrieved from /home/alura/Documents/Financeiro/venv/lib/python3.9/site-packages/airflow/example_dags/example_time_delta_sensor_async.py
[2023-02-23 12:07:46,452] {logging_mixin.py:115} INFO - [2023-02-23 12:07:46,452] {dag.py:2379} INFO - Sync 1 DAGs
[2023-02-23 12:07:46,460] {logging_mixin.py:115} INFO - [2023-02-23 12:07:46,460] {dag.py:2927} INFO - Setting next_dagrun for example_time_delta_sensor_async to None, run_after=None
[2023-02-23 12:07:46,467] {processor.py:161} INFO - Processing /home/alura/Documents/Financeiro/venv/lib/python3.9/site-packages/airflow/example_dags/example_time_delta_sensor_async.py took 0.030 seconds
[2023-02-23 12:08:18,354] {processor.py:153} INFO - Started process (PID=51676) to work on /home/alura/Documents/Financeiro/venv/lib/python3.9/site-packages/airflow/example_dags/example_time_delta_sensor_async.py
[2023-02-23 12:08:18,354] {processor.py:641} INFO - Processing file /home/alura/Documents/Financeiro/venv/lib/python3.9/site-packages/airflow/example_dags/example_time_delta_sensor_async.py for tasks to queue
[2023-02-23 12:08:18,354] {logging_mixin.py:115} INFO - [2023-02-23 12:08:18,354] {dagbag.py:507} INFO - Filling up the DagBag from /home/alura/Documents/Financeiro/venv/lib/python3.9/site-packages/airflow/example_dags/example_time_delta_sensor_async.py
[2023-02-23 12:08:18,357] {processor.py:651} INFO - DAG(s) dict_keys(['example_time_delta_sensor_async']) retrieved from /home/alura/Documents/Financeiro/venv/lib/python3.9/site-packages/airflow/example_dags/example_time_delta_sensor_async.py
[2023-02-23 12:08:18,367] {logging_mixin.py:115} INFO - [2023-02-23 12:08:18,367] {dag.py:2379} INFO - Sync 1 DAGs
[2023-02-23 12:08:18,376] {logging_mixin.py:115} INFO - [2023-02-23 12:08:18,376] {dag.py:2927} INFO - Setting next_dagrun for example_time_delta_sensor_async to None, run_after=None
[2023-02-23 12:08:18,382] {processor.py:161} INFO - Processing /home/alura/Documents/Financeiro/venv/lib/python3.9/site-packages/airflow/example_dags/example_time_delta_sensor_async.py took 0.030 seconds
[2023-02-23 12:46:32,143] {processor.py:153} INFO - Started process (PID=52427) to work on /home/alura/Documents/Financeiro/venv/lib/python3.9/site-packages/airflow/example_dags/example_time_delta_sensor_async.py
[2023-02-23 12:46:32,144] {processor.py:641} INFO - Processing file /home/alura/Documents/Financeiro/venv/lib/python3.9/site-packages/airflow/example_dags/example_time_delta_sensor_async.py for tasks to queue
[2023-02-23 12:46:32,144] {logging_mixin.py:115} INFO - [2023-02-23 12:46:32,144] {dagbag.py:507} INFO - Filling up the DagBag from /home/alura/Documents/Financeiro/venv/lib/python3.9/site-packages/airflow/example_dags/example_time_delta_sensor_async.py
[2023-02-23 12:46:32,147] {processor.py:651} INFO - DAG(s) dict_keys(['example_time_delta_sensor_async']) retrieved from /home/alura/Documents/Financeiro/venv/lib/python3.9/site-packages/airflow/example_dags/example_time_delta_sensor_async.py
[2023-02-23 12:46:32,158] {logging_mixin.py:115} INFO - [2023-02-23 12:46:32,158] {dag.py:2379} INFO - Sync 1 DAGs
[2023-02-23 12:46:32,167] {logging_mixin.py:115} INFO - [2023-02-23 12:46:32,167] {dag.py:2927} INFO - Setting next_dagrun for example_time_delta_sensor_async to None, run_after=None
[2023-02-23 12:46:32,174] {processor.py:161} INFO - Processing /home/alura/Documents/Financeiro/venv/lib/python3.9/site-packages/airflow/example_dags/example_time_delta_sensor_async.py took 0.032 seconds
[2023-02-23 12:47:04,066] {processor.py:153} INFO - Started process (PID=52500) to work on /home/alura/Documents/Financeiro/venv/lib/python3.9/site-packages/airflow/example_dags/example_time_delta_sensor_async.py
[2023-02-23 12:47:04,116] {processor.py:641} INFO - Processing file /home/alura/Documents/Financeiro/venv/lib/python3.9/site-packages/airflow/example_dags/example_time_delta_sensor_async.py for tasks to queue
[2023-02-23 12:47:04,116] {logging_mixin.py:115} INFO - [2023-02-23 12:47:04,116] {dagbag.py:507} INFO - Filling up the DagBag from /home/alura/Documents/Financeiro/venv/lib/python3.9/site-packages/airflow/example_dags/example_time_delta_sensor_async.py
[2023-02-23 12:47:04,119] {processor.py:651} INFO - DAG(s) dict_keys(['example_time_delta_sensor_async']) retrieved from /home/alura/Documents/Financeiro/venv/lib/python3.9/site-packages/airflow/example_dags/example_time_delta_sensor_async.py
[2023-02-23 12:47:04,133] {logging_mixin.py:115} INFO - [2023-02-23 12:47:04,133] {dag.py:2379} INFO - Sync 1 DAGs
[2023-02-23 12:47:04,145] {logging_mixin.py:115} INFO - [2023-02-23 12:47:04,145] {dag.py:2927} INFO - Setting next_dagrun for example_time_delta_sensor_async to None, run_after=None
[2023-02-23 12:47:04,152] {processor.py:161} INFO - Processing /home/alura/Documents/Financeiro/venv/lib/python3.9/site-packages/airflow/example_dags/example_time_delta_sensor_async.py took 0.088 seconds
