[2023-02-23 12:00:20,467] {processor.py:153} INFO - Started process (PID=50470) to work on /home/alura/Documents/Financeiro/venv/lib/python3.9/site-packages/airflow/example_dags/example_sla_dag.py
[2023-02-23 12:00:20,467] {processor.py:641} INFO - Processing file /home/alura/Documents/Financeiro/venv/lib/python3.9/site-packages/airflow/example_dags/example_sla_dag.py for tasks to queue
[2023-02-23 12:00:20,467] {logging_mixin.py:115} INFO - [2023-02-23 12:00:20,467] {dagbag.py:507} INFO - Filling up the DagBag from /home/alura/Documents/Financeiro/venv/lib/python3.9/site-packages/airflow/example_dags/example_sla_dag.py
[2023-02-23 12:00:20,476] {processor.py:651} INFO - DAG(s) dict_keys(['example_sla_dag']) retrieved from /home/alura/Documents/Financeiro/venv/lib/python3.9/site-packages/airflow/example_dags/example_sla_dag.py
[2023-02-23 12:00:20,505] {logging_mixin.py:115} INFO - [2023-02-23 12:00:20,505] {manager.py:508} INFO - Created Permission View: can read on DAG:example_sla_dag
[2023-02-23 12:00:20,510] {logging_mixin.py:115} INFO - [2023-02-23 12:00:20,510] {manager.py:508} INFO - Created Permission View: can edit on DAG:example_sla_dag
[2023-02-23 12:00:20,513] {logging_mixin.py:115} INFO - [2023-02-23 12:00:20,513] {manager.py:508} INFO - Created Permission View: can delete on DAG:example_sla_dag
[2023-02-23 12:00:20,513] {logging_mixin.py:115} INFO - [2023-02-23 12:00:20,513] {dag.py:2379} INFO - Sync 1 DAGs
[2023-02-23 12:00:20,517] {logging_mixin.py:115} INFO - [2023-02-23 12:00:20,517] {dag.py:2398} INFO - Creating ORM DAG for example_sla_dag
[2023-02-23 12:00:20,523] {logging_mixin.py:115} INFO - [2023-02-23 12:00:20,523] {dag.py:2927} INFO - Setting next_dagrun for example_sla_dag to 2023-02-23T19:58:00+00:00, run_after=2023-02-23T20:00:00+00:00
[2023-02-23 12:00:20,529] {processor.py:161} INFO - Processing /home/alura/Documents/Financeiro/venv/lib/python3.9/site-packages/airflow/example_dags/example_sla_dag.py took 0.064 seconds
[2023-02-23 12:00:52,368] {processor.py:153} INFO - Started process (PID=50508) to work on /home/alura/Documents/Financeiro/venv/lib/python3.9/site-packages/airflow/example_dags/example_sla_dag.py
[2023-02-23 12:00:52,368] {processor.py:641} INFO - Processing file /home/alura/Documents/Financeiro/venv/lib/python3.9/site-packages/airflow/example_dags/example_sla_dag.py for tasks to queue
[2023-02-23 12:00:52,369] {logging_mixin.py:115} INFO - [2023-02-23 12:00:52,369] {dagbag.py:507} INFO - Filling up the DagBag from /home/alura/Documents/Financeiro/venv/lib/python3.9/site-packages/airflow/example_dags/example_sla_dag.py
[2023-02-23 12:00:52,377] {processor.py:651} INFO - DAG(s) dict_keys(['example_sla_dag']) retrieved from /home/alura/Documents/Financeiro/venv/lib/python3.9/site-packages/airflow/example_dags/example_sla_dag.py
[2023-02-23 12:00:52,384] {logging_mixin.py:115} INFO - [2023-02-23 12:00:52,384] {dag.py:2379} INFO - Sync 1 DAGs
[2023-02-23 12:00:52,395] {logging_mixin.py:115} INFO - [2023-02-23 12:00:52,395] {dag.py:2927} INFO - Setting next_dagrun for example_sla_dag to 2023-02-23T19:58:00+00:00, run_after=2023-02-23T20:00:00+00:00
[2023-02-23 12:00:52,401] {processor.py:161} INFO - Processing /home/alura/Documents/Financeiro/venv/lib/python3.9/site-packages/airflow/example_dags/example_sla_dag.py took 0.034 seconds
[2023-02-23 12:01:24,905] {processor.py:153} INFO - Started process (PID=50543) to work on /home/alura/Documents/Financeiro/venv/lib/python3.9/site-packages/airflow/example_dags/example_sla_dag.py
[2023-02-23 12:01:24,905] {processor.py:641} INFO - Processing file /home/alura/Documents/Financeiro/venv/lib/python3.9/site-packages/airflow/example_dags/example_sla_dag.py for tasks to queue
[2023-02-23 12:01:24,905] {logging_mixin.py:115} INFO - [2023-02-23 12:01:24,905] {dagbag.py:507} INFO - Filling up the DagBag from /home/alura/Documents/Financeiro/venv/lib/python3.9/site-packages/airflow/example_dags/example_sla_dag.py
[2023-02-23 12:01:24,914] {processor.py:651} INFO - DAG(s) dict_keys(['example_sla_dag']) retrieved from /home/alura/Documents/Financeiro/venv/lib/python3.9/site-packages/airflow/example_dags/example_sla_dag.py
[2023-02-23 12:01:24,921] {logging_mixin.py:115} INFO - [2023-02-23 12:01:24,921] {dag.py:2379} INFO - Sync 1 DAGs
[2023-02-23 12:01:24,931] {logging_mixin.py:115} INFO - [2023-02-23 12:01:24,931] {dag.py:2927} INFO - Setting next_dagrun for example_sla_dag to 2023-02-23T19:58:00+00:00, run_after=2023-02-23T20:00:00+00:00
[2023-02-23 12:01:24,937] {processor.py:161} INFO - Processing /home/alura/Documents/Financeiro/venv/lib/python3.9/site-packages/airflow/example_dags/example_sla_dag.py took 0.034 seconds
[2023-02-23 12:01:57,911] {processor.py:153} INFO - Started process (PID=50921) to work on /home/alura/Documents/Financeiro/venv/lib/python3.9/site-packages/airflow/example_dags/example_sla_dag.py
[2023-02-23 12:01:57,911] {processor.py:641} INFO - Processing file /home/alura/Documents/Financeiro/venv/lib/python3.9/site-packages/airflow/example_dags/example_sla_dag.py for tasks to queue
[2023-02-23 12:01:57,912] {logging_mixin.py:115} INFO - [2023-02-23 12:01:57,912] {dagbag.py:507} INFO - Filling up the DagBag from /home/alura/Documents/Financeiro/venv/lib/python3.9/site-packages/airflow/example_dags/example_sla_dag.py
[2023-02-23 12:01:57,921] {processor.py:651} INFO - DAG(s) dict_keys(['example_sla_dag']) retrieved from /home/alura/Documents/Financeiro/venv/lib/python3.9/site-packages/airflow/example_dags/example_sla_dag.py
[2023-02-23 12:01:57,929] {logging_mixin.py:115} INFO - [2023-02-23 12:01:57,928] {dag.py:2379} INFO - Sync 1 DAGs
[2023-02-23 12:01:57,940] {logging_mixin.py:115} INFO - [2023-02-23 12:01:57,940] {dag.py:2927} INFO - Setting next_dagrun for example_sla_dag to 2023-02-23T19:58:00+00:00, run_after=2023-02-23T20:00:00+00:00
[2023-02-23 12:01:57,947] {processor.py:161} INFO - Processing /home/alura/Documents/Financeiro/venv/lib/python3.9/site-packages/airflow/example_dags/example_sla_dag.py took 0.038 seconds
[2023-02-23 12:02:29,615] {processor.py:153} INFO - Started process (PID=50995) to work on /home/alura/Documents/Financeiro/venv/lib/python3.9/site-packages/airflow/example_dags/example_sla_dag.py
[2023-02-23 12:02:29,615] {processor.py:641} INFO - Processing file /home/alura/Documents/Financeiro/venv/lib/python3.9/site-packages/airflow/example_dags/example_sla_dag.py for tasks to queue
[2023-02-23 12:02:29,615] {logging_mixin.py:115} INFO - [2023-02-23 12:02:29,615] {dagbag.py:507} INFO - Filling up the DagBag from /home/alura/Documents/Financeiro/venv/lib/python3.9/site-packages/airflow/example_dags/example_sla_dag.py
[2023-02-23 12:02:29,624] {processor.py:651} INFO - DAG(s) dict_keys(['example_sla_dag']) retrieved from /home/alura/Documents/Financeiro/venv/lib/python3.9/site-packages/airflow/example_dags/example_sla_dag.py
[2023-02-23 12:02:29,632] {logging_mixin.py:115} INFO - [2023-02-23 12:02:29,632] {dag.py:2379} INFO - Sync 1 DAGs
[2023-02-23 12:02:29,642] {logging_mixin.py:115} INFO - [2023-02-23 12:02:29,642] {dag.py:2927} INFO - Setting next_dagrun for example_sla_dag to 2023-02-23T20:00:00+00:00, run_after=2023-02-23T20:02:00+00:00
[2023-02-23 12:02:29,649] {processor.py:161} INFO - Processing /home/alura/Documents/Financeiro/venv/lib/python3.9/site-packages/airflow/example_dags/example_sla_dag.py took 0.035 seconds
[2023-02-23 12:03:04,496] {processor.py:153} INFO - Started process (PID=51071) to work on /home/alura/Documents/Financeiro/venv/lib/python3.9/site-packages/airflow/example_dags/example_sla_dag.py
[2023-02-23 12:03:04,497] {processor.py:641} INFO - Processing file /home/alura/Documents/Financeiro/venv/lib/python3.9/site-packages/airflow/example_dags/example_sla_dag.py for tasks to queue
[2023-02-23 12:03:04,497] {logging_mixin.py:115} INFO - [2023-02-23 12:03:04,497] {dagbag.py:507} INFO - Filling up the DagBag from /home/alura/Documents/Financeiro/venv/lib/python3.9/site-packages/airflow/example_dags/example_sla_dag.py
[2023-02-23 12:03:04,506] {processor.py:651} INFO - DAG(s) dict_keys(['example_sla_dag']) retrieved from /home/alura/Documents/Financeiro/venv/lib/python3.9/site-packages/airflow/example_dags/example_sla_dag.py
[2023-02-23 12:03:04,514] {logging_mixin.py:115} INFO - [2023-02-23 12:03:04,514] {dag.py:2379} INFO - Sync 1 DAGs
[2023-02-23 12:03:04,525] {logging_mixin.py:115} INFO - [2023-02-23 12:03:04,524] {dag.py:2927} INFO - Setting next_dagrun for example_sla_dag to 2023-02-23T20:00:00+00:00, run_after=2023-02-23T20:02:00+00:00
[2023-02-23 12:03:04,531] {processor.py:161} INFO - Processing /home/alura/Documents/Financeiro/venv/lib/python3.9/site-packages/airflow/example_dags/example_sla_dag.py took 0.036 seconds
[2023-02-23 12:03:35,274] {processor.py:153} INFO - Started process (PID=51126) to work on /home/alura/Documents/Financeiro/venv/lib/python3.9/site-packages/airflow/example_dags/example_sla_dag.py
[2023-02-23 12:03:35,274] {processor.py:641} INFO - Processing file /home/alura/Documents/Financeiro/venv/lib/python3.9/site-packages/airflow/example_dags/example_sla_dag.py for tasks to queue
[2023-02-23 12:03:35,275] {logging_mixin.py:115} INFO - [2023-02-23 12:03:35,275] {dagbag.py:507} INFO - Filling up the DagBag from /home/alura/Documents/Financeiro/venv/lib/python3.9/site-packages/airflow/example_dags/example_sla_dag.py
[2023-02-23 12:03:35,284] {processor.py:651} INFO - DAG(s) dict_keys(['example_sla_dag']) retrieved from /home/alura/Documents/Financeiro/venv/lib/python3.9/site-packages/airflow/example_dags/example_sla_dag.py
[2023-02-23 12:03:35,291] {logging_mixin.py:115} INFO - [2023-02-23 12:03:35,291] {dag.py:2379} INFO - Sync 1 DAGs
[2023-02-23 12:03:35,301] {logging_mixin.py:115} INFO - [2023-02-23 12:03:35,301] {dag.py:2927} INFO - Setting next_dagrun for example_sla_dag to 2023-02-23T20:00:00+00:00, run_after=2023-02-23T20:02:00+00:00
[2023-02-23 12:03:35,308] {processor.py:161} INFO - Processing /home/alura/Documents/Financeiro/venv/lib/python3.9/site-packages/airflow/example_dags/example_sla_dag.py took 0.035 seconds
[2023-02-23 12:04:08,923] {processor.py:153} INFO - Started process (PID=51191) to work on /home/alura/Documents/Financeiro/venv/lib/python3.9/site-packages/airflow/example_dags/example_sla_dag.py
[2023-02-23 12:04:08,924] {processor.py:641} INFO - Processing file /home/alura/Documents/Financeiro/venv/lib/python3.9/site-packages/airflow/example_dags/example_sla_dag.py for tasks to queue
[2023-02-23 12:04:08,924] {logging_mixin.py:115} INFO - [2023-02-23 12:04:08,924] {dagbag.py:507} INFO - Filling up the DagBag from /home/alura/Documents/Financeiro/venv/lib/python3.9/site-packages/airflow/example_dags/example_sla_dag.py
[2023-02-23 12:04:08,933] {processor.py:651} INFO - DAG(s) dict_keys(['example_sla_dag']) retrieved from /home/alura/Documents/Financeiro/venv/lib/python3.9/site-packages/airflow/example_dags/example_sla_dag.py
[2023-02-23 12:04:08,941] {logging_mixin.py:115} INFO - [2023-02-23 12:04:08,941] {dag.py:2379} INFO - Sync 1 DAGs
[2023-02-23 12:04:08,951] {logging_mixin.py:115} INFO - [2023-02-23 12:04:08,951] {dag.py:2927} INFO - Setting next_dagrun for example_sla_dag to 2023-02-23T20:02:00+00:00, run_after=2023-02-23T20:04:00+00:00
[2023-02-23 12:04:08,957] {processor.py:161} INFO - Processing /home/alura/Documents/Financeiro/venv/lib/python3.9/site-packages/airflow/example_dags/example_sla_dag.py took 0.035 seconds
[2023-02-23 12:04:43,334] {processor.py:153} INFO - Started process (PID=51253) to work on /home/alura/Documents/Financeiro/venv/lib/python3.9/site-packages/airflow/example_dags/example_sla_dag.py
[2023-02-23 12:04:43,334] {processor.py:641} INFO - Processing file /home/alura/Documents/Financeiro/venv/lib/python3.9/site-packages/airflow/example_dags/example_sla_dag.py for tasks to queue
[2023-02-23 12:04:43,334] {logging_mixin.py:115} INFO - [2023-02-23 12:04:43,334] {dagbag.py:507} INFO - Filling up the DagBag from /home/alura/Documents/Financeiro/venv/lib/python3.9/site-packages/airflow/example_dags/example_sla_dag.py
[2023-02-23 12:04:43,343] {processor.py:651} INFO - DAG(s) dict_keys(['example_sla_dag']) retrieved from /home/alura/Documents/Financeiro/venv/lib/python3.9/site-packages/airflow/example_dags/example_sla_dag.py
[2023-02-23 12:04:43,350] {logging_mixin.py:115} INFO - [2023-02-23 12:04:43,350] {dag.py:2379} INFO - Sync 1 DAGs
[2023-02-23 12:04:43,360] {logging_mixin.py:115} INFO - [2023-02-23 12:04:43,360] {dag.py:2927} INFO - Setting next_dagrun for example_sla_dag to 2023-02-23T20:02:00+00:00, run_after=2023-02-23T20:04:00+00:00
[2023-02-23 12:04:43,366] {processor.py:161} INFO - Processing /home/alura/Documents/Financeiro/venv/lib/python3.9/site-packages/airflow/example_dags/example_sla_dag.py took 0.033 seconds
[2023-02-23 12:05:15,487] {processor.py:153} INFO - Started process (PID=51315) to work on /home/alura/Documents/Financeiro/venv/lib/python3.9/site-packages/airflow/example_dags/example_sla_dag.py
[2023-02-23 12:05:15,487] {processor.py:641} INFO - Processing file /home/alura/Documents/Financeiro/venv/lib/python3.9/site-packages/airflow/example_dags/example_sla_dag.py for tasks to queue
[2023-02-23 12:05:15,487] {logging_mixin.py:115} INFO - [2023-02-23 12:05:15,487] {dagbag.py:507} INFO - Filling up the DagBag from /home/alura/Documents/Financeiro/venv/lib/python3.9/site-packages/airflow/example_dags/example_sla_dag.py
[2023-02-23 12:05:15,496] {processor.py:651} INFO - DAG(s) dict_keys(['example_sla_dag']) retrieved from /home/alura/Documents/Financeiro/venv/lib/python3.9/site-packages/airflow/example_dags/example_sla_dag.py
[2023-02-23 12:05:15,504] {logging_mixin.py:115} INFO - [2023-02-23 12:05:15,504] {dag.py:2379} INFO - Sync 1 DAGs
[2023-02-23 12:05:15,514] {logging_mixin.py:115} INFO - [2023-02-23 12:05:15,514] {dag.py:2927} INFO - Setting next_dagrun for example_sla_dag to 2023-02-23T20:02:00+00:00, run_after=2023-02-23T20:04:00+00:00
[2023-02-23 12:05:15,520] {processor.py:161} INFO - Processing /home/alura/Documents/Financeiro/venv/lib/python3.9/site-packages/airflow/example_dags/example_sla_dag.py took 0.035 seconds
[2023-02-23 12:05:49,617] {processor.py:153} INFO - Started process (PID=51383) to work on /home/alura/Documents/Financeiro/venv/lib/python3.9/site-packages/airflow/example_dags/example_sla_dag.py
[2023-02-23 12:05:49,617] {processor.py:641} INFO - Processing file /home/alura/Documents/Financeiro/venv/lib/python3.9/site-packages/airflow/example_dags/example_sla_dag.py for tasks to queue
[2023-02-23 12:05:49,617] {logging_mixin.py:115} INFO - [2023-02-23 12:05:49,617] {dagbag.py:507} INFO - Filling up the DagBag from /home/alura/Documents/Financeiro/venv/lib/python3.9/site-packages/airflow/example_dags/example_sla_dag.py
[2023-02-23 12:05:49,626] {processor.py:651} INFO - DAG(s) dict_keys(['example_sla_dag']) retrieved from /home/alura/Documents/Financeiro/venv/lib/python3.9/site-packages/airflow/example_dags/example_sla_dag.py
[2023-02-23 12:05:49,633] {logging_mixin.py:115} INFO - [2023-02-23 12:05:49,633] {dag.py:2379} INFO - Sync 1 DAGs
[2023-02-23 12:05:49,643] {logging_mixin.py:115} INFO - [2023-02-23 12:05:49,643] {dag.py:2927} INFO - Setting next_dagrun for example_sla_dag to 2023-02-23T20:02:00+00:00, run_after=2023-02-23T20:04:00+00:00
[2023-02-23 12:05:49,649] {processor.py:161} INFO - Processing /home/alura/Documents/Financeiro/venv/lib/python3.9/site-packages/airflow/example_dags/example_sla_dag.py took 0.034 seconds
[2023-02-23 12:06:20,395] {processor.py:153} INFO - Started process (PID=51443) to work on /home/alura/Documents/Financeiro/venv/lib/python3.9/site-packages/airflow/example_dags/example_sla_dag.py
[2023-02-23 12:06:20,395] {processor.py:641} INFO - Processing file /home/alura/Documents/Financeiro/venv/lib/python3.9/site-packages/airflow/example_dags/example_sla_dag.py for tasks to queue
[2023-02-23 12:06:20,396] {logging_mixin.py:115} INFO - [2023-02-23 12:06:20,396] {dagbag.py:507} INFO - Filling up the DagBag from /home/alura/Documents/Financeiro/venv/lib/python3.9/site-packages/airflow/example_dags/example_sla_dag.py
[2023-02-23 12:06:20,405] {processor.py:651} INFO - DAG(s) dict_keys(['example_sla_dag']) retrieved from /home/alura/Documents/Financeiro/venv/lib/python3.9/site-packages/airflow/example_dags/example_sla_dag.py
[2023-02-23 12:06:20,412] {logging_mixin.py:115} INFO - [2023-02-23 12:06:20,412] {dag.py:2379} INFO - Sync 1 DAGs
[2023-02-23 12:06:20,422] {logging_mixin.py:115} INFO - [2023-02-23 12:06:20,422] {dag.py:2927} INFO - Setting next_dagrun for example_sla_dag to 2023-02-23T20:04:00+00:00, run_after=2023-02-23T20:06:00+00:00
[2023-02-23 12:06:20,429] {processor.py:161} INFO - Processing /home/alura/Documents/Financeiro/venv/lib/python3.9/site-packages/airflow/example_dags/example_sla_dag.py took 0.036 seconds
[2023-02-23 12:06:52,296] {processor.py:153} INFO - Started process (PID=51511) to work on /home/alura/Documents/Financeiro/venv/lib/python3.9/site-packages/airflow/example_dags/example_sla_dag.py
[2023-02-23 12:06:52,297] {processor.py:641} INFO - Processing file /home/alura/Documents/Financeiro/venv/lib/python3.9/site-packages/airflow/example_dags/example_sla_dag.py for tasks to queue
[2023-02-23 12:06:52,297] {logging_mixin.py:115} INFO - [2023-02-23 12:06:52,297] {dagbag.py:507} INFO - Filling up the DagBag from /home/alura/Documents/Financeiro/venv/lib/python3.9/site-packages/airflow/example_dags/example_sla_dag.py
[2023-02-23 12:06:52,308] {processor.py:651} INFO - DAG(s) dict_keys(['example_sla_dag']) retrieved from /home/alura/Documents/Financeiro/venv/lib/python3.9/site-packages/airflow/example_dags/example_sla_dag.py
[2023-02-23 12:06:52,316] {logging_mixin.py:115} INFO - [2023-02-23 12:06:52,316] {dag.py:2379} INFO - Sync 1 DAGs
[2023-02-23 12:06:52,327] {logging_mixin.py:115} INFO - [2023-02-23 12:06:52,327] {dag.py:2927} INFO - Setting next_dagrun for example_sla_dag to 2023-02-23T20:04:00+00:00, run_after=2023-02-23T20:06:00+00:00
[2023-02-23 12:06:52,333] {processor.py:161} INFO - Processing /home/alura/Documents/Financeiro/venv/lib/python3.9/site-packages/airflow/example_dags/example_sla_dag.py took 0.038 seconds
[2023-02-23 12:07:24,828] {processor.py:153} INFO - Started process (PID=51574) to work on /home/alura/Documents/Financeiro/venv/lib/python3.9/site-packages/airflow/example_dags/example_sla_dag.py
[2023-02-23 12:07:24,828] {processor.py:641} INFO - Processing file /home/alura/Documents/Financeiro/venv/lib/python3.9/site-packages/airflow/example_dags/example_sla_dag.py for tasks to queue
[2023-02-23 12:07:24,829] {logging_mixin.py:115} INFO - [2023-02-23 12:07:24,829] {dagbag.py:507} INFO - Filling up the DagBag from /home/alura/Documents/Financeiro/venv/lib/python3.9/site-packages/airflow/example_dags/example_sla_dag.py
[2023-02-23 12:07:24,837] {processor.py:651} INFO - DAG(s) dict_keys(['example_sla_dag']) retrieved from /home/alura/Documents/Financeiro/venv/lib/python3.9/site-packages/airflow/example_dags/example_sla_dag.py
[2023-02-23 12:07:24,845] {logging_mixin.py:115} INFO - [2023-02-23 12:07:24,845] {dag.py:2379} INFO - Sync 1 DAGs
[2023-02-23 12:07:24,855] {logging_mixin.py:115} INFO - [2023-02-23 12:07:24,855] {dag.py:2927} INFO - Setting next_dagrun for example_sla_dag to 2023-02-23T20:04:00+00:00, run_after=2023-02-23T20:06:00+00:00
[2023-02-23 12:07:24,861] {processor.py:161} INFO - Processing /home/alura/Documents/Financeiro/venv/lib/python3.9/site-packages/airflow/example_dags/example_sla_dag.py took 0.035 seconds
[2023-02-23 12:07:57,592] {processor.py:153} INFO - Started process (PID=51637) to work on /home/alura/Documents/Financeiro/venv/lib/python3.9/site-packages/airflow/example_dags/example_sla_dag.py
[2023-02-23 12:07:57,592] {processor.py:641} INFO - Processing file /home/alura/Documents/Financeiro/venv/lib/python3.9/site-packages/airflow/example_dags/example_sla_dag.py for tasks to queue
[2023-02-23 12:07:57,592] {logging_mixin.py:115} INFO - [2023-02-23 12:07:57,592] {dagbag.py:507} INFO - Filling up the DagBag from /home/alura/Documents/Financeiro/venv/lib/python3.9/site-packages/airflow/example_dags/example_sla_dag.py
[2023-02-23 12:07:57,601] {processor.py:651} INFO - DAG(s) dict_keys(['example_sla_dag']) retrieved from /home/alura/Documents/Financeiro/venv/lib/python3.9/site-packages/airflow/example_dags/example_sla_dag.py
[2023-02-23 12:07:57,609] {logging_mixin.py:115} INFO - [2023-02-23 12:07:57,609] {dag.py:2379} INFO - Sync 1 DAGs
[2023-02-23 12:07:57,619] {logging_mixin.py:115} INFO - [2023-02-23 12:07:57,619] {dag.py:2927} INFO - Setting next_dagrun for example_sla_dag to 2023-02-23T20:04:00+00:00, run_after=2023-02-23T20:06:00+00:00
[2023-02-23 12:07:57,625] {processor.py:161} INFO - Processing /home/alura/Documents/Financeiro/venv/lib/python3.9/site-packages/airflow/example_dags/example_sla_dag.py took 0.034 seconds
[2023-02-23 12:08:27,844] {processor.py:153} INFO - Started process (PID=51694) to work on /home/alura/Documents/Financeiro/venv/lib/python3.9/site-packages/airflow/example_dags/example_sla_dag.py
[2023-02-23 12:08:27,845] {processor.py:641} INFO - Processing file /home/alura/Documents/Financeiro/venv/lib/python3.9/site-packages/airflow/example_dags/example_sla_dag.py for tasks to queue
[2023-02-23 12:08:27,845] {logging_mixin.py:115} INFO - [2023-02-23 12:08:27,845] {dagbag.py:507} INFO - Filling up the DagBag from /home/alura/Documents/Financeiro/venv/lib/python3.9/site-packages/airflow/example_dags/example_sla_dag.py
[2023-02-23 12:08:27,854] {processor.py:651} INFO - DAG(s) dict_keys(['example_sla_dag']) retrieved from /home/alura/Documents/Financeiro/venv/lib/python3.9/site-packages/airflow/example_dags/example_sla_dag.py
[2023-02-23 12:08:27,862] {logging_mixin.py:115} INFO - [2023-02-23 12:08:27,862] {dag.py:2379} INFO - Sync 1 DAGs
[2023-02-23 12:08:27,874] {logging_mixin.py:115} INFO - [2023-02-23 12:08:27,874] {dag.py:2927} INFO - Setting next_dagrun for example_sla_dag to 2023-02-23T20:06:00+00:00, run_after=2023-02-23T20:08:00+00:00
[2023-02-23 12:08:27,883] {processor.py:161} INFO - Processing /home/alura/Documents/Financeiro/venv/lib/python3.9/site-packages/airflow/example_dags/example_sla_dag.py took 0.040 seconds
