[2023-02-23 12:00:11,601] {processor.py:153} INFO - Started process (PID=50460) to work on /home/alura/Documents/Financeiro/venv/lib/python3.9/site-packages/airflow/example_dags/example_short_circuit_operator.py
[2023-02-23 12:00:11,601] {processor.py:641} INFO - Processing file /home/alura/Documents/Financeiro/venv/lib/python3.9/site-packages/airflow/example_dags/example_short_circuit_operator.py for tasks to queue
[2023-02-23 12:00:11,602] {logging_mixin.py:115} INFO - [2023-02-23 12:00:11,602] {dagbag.py:507} INFO - Filling up the DagBag from /home/alura/Documents/Financeiro/venv/lib/python3.9/site-packages/airflow/example_dags/example_short_circuit_operator.py
[2023-02-23 12:00:11,607] {processor.py:651} INFO - DAG(s) dict_keys(['example_short_circuit_operator']) retrieved from /home/alura/Documents/Financeiro/venv/lib/python3.9/site-packages/airflow/example_dags/example_short_circuit_operator.py
[2023-02-23 12:00:11,642] {logging_mixin.py:115} INFO - [2023-02-23 12:00:11,642] {manager.py:508} INFO - Created Permission View: can read on DAG:example_short_circuit_operator
[2023-02-23 12:00:11,648] {logging_mixin.py:115} INFO - [2023-02-23 12:00:11,648] {manager.py:508} INFO - Created Permission View: can edit on DAG:example_short_circuit_operator
[2023-02-23 12:00:11,652] {logging_mixin.py:115} INFO - [2023-02-23 12:00:11,652] {manager.py:508} INFO - Created Permission View: can delete on DAG:example_short_circuit_operator
[2023-02-23 12:00:11,653] {logging_mixin.py:115} INFO - [2023-02-23 12:00:11,653] {dag.py:2379} INFO - Sync 1 DAGs
[2023-02-23 12:00:11,657] {logging_mixin.py:115} INFO - [2023-02-23 12:00:11,657] {dag.py:2398} INFO - Creating ORM DAG for example_short_circuit_operator
[2023-02-23 12:00:11,661] {logging_mixin.py:115} INFO - [2023-02-23 12:00:11,661] {dag.py:2927} INFO - Setting next_dagrun for example_short_circuit_operator to 2023-02-22T20:00:11.661732+00:00, run_after=2023-02-23T20:00:11.661732+00:00
[2023-02-23 12:00:11,668] {processor.py:161} INFO - Processing /home/alura/Documents/Financeiro/venv/lib/python3.9/site-packages/airflow/example_dags/example_short_circuit_operator.py took 0.069 seconds
[2023-02-23 12:00:42,111] {processor.py:153} INFO - Started process (PID=50497) to work on /home/alura/Documents/Financeiro/venv/lib/python3.9/site-packages/airflow/example_dags/example_short_circuit_operator.py
[2023-02-23 12:00:42,112] {processor.py:641} INFO - Processing file /home/alura/Documents/Financeiro/venv/lib/python3.9/site-packages/airflow/example_dags/example_short_circuit_operator.py for tasks to queue
[2023-02-23 12:00:42,112] {logging_mixin.py:115} INFO - [2023-02-23 12:00:42,112] {dagbag.py:507} INFO - Filling up the DagBag from /home/alura/Documents/Financeiro/venv/lib/python3.9/site-packages/airflow/example_dags/example_short_circuit_operator.py
[2023-02-23 12:00:42,116] {processor.py:651} INFO - DAG(s) dict_keys(['example_short_circuit_operator']) retrieved from /home/alura/Documents/Financeiro/venv/lib/python3.9/site-packages/airflow/example_dags/example_short_circuit_operator.py
[2023-02-23 12:00:42,125] {logging_mixin.py:115} INFO - [2023-02-23 12:00:42,125] {dag.py:2379} INFO - Sync 1 DAGs
[2023-02-23 12:00:42,133] {logging_mixin.py:115} INFO - [2023-02-23 12:00:42,133] {dag.py:2927} INFO - Setting next_dagrun for example_short_circuit_operator to 2023-02-22T20:00:42.133284+00:00, run_after=2023-02-23T20:00:42.133284+00:00
[2023-02-23 12:00:42,139] {processor.py:161} INFO - Processing /home/alura/Documents/Financeiro/venv/lib/python3.9/site-packages/airflow/example_dags/example_short_circuit_operator.py took 0.030 seconds
[2023-02-23 12:01:15,777] {processor.py:153} INFO - Started process (PID=50533) to work on /home/alura/Documents/Financeiro/venv/lib/python3.9/site-packages/airflow/example_dags/example_short_circuit_operator.py
[2023-02-23 12:01:15,777] {processor.py:641} INFO - Processing file /home/alura/Documents/Financeiro/venv/lib/python3.9/site-packages/airflow/example_dags/example_short_circuit_operator.py for tasks to queue
[2023-02-23 12:01:15,778] {logging_mixin.py:115} INFO - [2023-02-23 12:01:15,778] {dagbag.py:507} INFO - Filling up the DagBag from /home/alura/Documents/Financeiro/venv/lib/python3.9/site-packages/airflow/example_dags/example_short_circuit_operator.py
[2023-02-23 12:01:15,782] {processor.py:651} INFO - DAG(s) dict_keys(['example_short_circuit_operator']) retrieved from /home/alura/Documents/Financeiro/venv/lib/python3.9/site-packages/airflow/example_dags/example_short_circuit_operator.py
[2023-02-23 12:01:15,790] {logging_mixin.py:115} INFO - [2023-02-23 12:01:15,790] {dag.py:2379} INFO - Sync 1 DAGs
[2023-02-23 12:01:15,798] {logging_mixin.py:115} INFO - [2023-02-23 12:01:15,798] {dag.py:2927} INFO - Setting next_dagrun for example_short_circuit_operator to 2023-02-22T20:01:15.798501+00:00, run_after=2023-02-23T20:01:15.798501+00:00
[2023-02-23 12:01:15,804] {processor.py:161} INFO - Processing /home/alura/Documents/Financeiro/venv/lib/python3.9/site-packages/airflow/example_dags/example_short_circuit_operator.py took 0.029 seconds
[2023-02-23 12:01:48,761] {processor.py:153} INFO - Started process (PID=50865) to work on /home/alura/Documents/Financeiro/venv/lib/python3.9/site-packages/airflow/example_dags/example_short_circuit_operator.py
[2023-02-23 12:01:48,761] {processor.py:641} INFO - Processing file /home/alura/Documents/Financeiro/venv/lib/python3.9/site-packages/airflow/example_dags/example_short_circuit_operator.py for tasks to queue
[2023-02-23 12:01:48,761] {logging_mixin.py:115} INFO - [2023-02-23 12:01:48,761] {dagbag.py:507} INFO - Filling up the DagBag from /home/alura/Documents/Financeiro/venv/lib/python3.9/site-packages/airflow/example_dags/example_short_circuit_operator.py
[2023-02-23 12:01:48,766] {processor.py:651} INFO - DAG(s) dict_keys(['example_short_circuit_operator']) retrieved from /home/alura/Documents/Financeiro/venv/lib/python3.9/site-packages/airflow/example_dags/example_short_circuit_operator.py
[2023-02-23 12:01:48,775] {logging_mixin.py:115} INFO - [2023-02-23 12:01:48,775] {dag.py:2379} INFO - Sync 1 DAGs
[2023-02-23 12:01:48,784] {logging_mixin.py:115} INFO - [2023-02-23 12:01:48,784] {dag.py:2927} INFO - Setting next_dagrun for example_short_circuit_operator to 2023-02-22T20:01:48.784614+00:00, run_after=2023-02-23T20:01:48.784614+00:00
[2023-02-23 12:01:48,792] {processor.py:161} INFO - Processing /home/alura/Documents/Financeiro/venv/lib/python3.9/site-packages/airflow/example_dags/example_short_circuit_operator.py took 0.032 seconds
[2023-02-23 12:02:20,615] {processor.py:153} INFO - Started process (PID=50975) to work on /home/alura/Documents/Financeiro/venv/lib/python3.9/site-packages/airflow/example_dags/example_short_circuit_operator.py
[2023-02-23 12:02:20,615] {processor.py:641} INFO - Processing file /home/alura/Documents/Financeiro/venv/lib/python3.9/site-packages/airflow/example_dags/example_short_circuit_operator.py for tasks to queue
[2023-02-23 12:02:20,615] {logging_mixin.py:115} INFO - [2023-02-23 12:02:20,615] {dagbag.py:507} INFO - Filling up the DagBag from /home/alura/Documents/Financeiro/venv/lib/python3.9/site-packages/airflow/example_dags/example_short_circuit_operator.py
[2023-02-23 12:02:20,620] {processor.py:651} INFO - DAG(s) dict_keys(['example_short_circuit_operator']) retrieved from /home/alura/Documents/Financeiro/venv/lib/python3.9/site-packages/airflow/example_dags/example_short_circuit_operator.py
[2023-02-23 12:02:20,628] {logging_mixin.py:115} INFO - [2023-02-23 12:02:20,628] {dag.py:2379} INFO - Sync 1 DAGs
[2023-02-23 12:02:20,636] {logging_mixin.py:115} INFO - [2023-02-23 12:02:20,636] {dag.py:2927} INFO - Setting next_dagrun for example_short_circuit_operator to 2023-02-22T20:02:20.636739+00:00, run_after=2023-02-23T20:02:20.636739+00:00
[2023-02-23 12:02:20,643] {processor.py:161} INFO - Processing /home/alura/Documents/Financeiro/venv/lib/python3.9/site-packages/airflow/example_dags/example_short_circuit_operator.py took 0.030 seconds
[2023-02-23 12:02:53,201] {processor.py:153} INFO - Started process (PID=51047) to work on /home/alura/Documents/Financeiro/venv/lib/python3.9/site-packages/airflow/example_dags/example_short_circuit_operator.py
[2023-02-23 12:02:53,202] {processor.py:641} INFO - Processing file /home/alura/Documents/Financeiro/venv/lib/python3.9/site-packages/airflow/example_dags/example_short_circuit_operator.py for tasks to queue
[2023-02-23 12:02:53,202] {logging_mixin.py:115} INFO - [2023-02-23 12:02:53,202] {dagbag.py:507} INFO - Filling up the DagBag from /home/alura/Documents/Financeiro/venv/lib/python3.9/site-packages/airflow/example_dags/example_short_circuit_operator.py
[2023-02-23 12:02:53,207] {processor.py:651} INFO - DAG(s) dict_keys(['example_short_circuit_operator']) retrieved from /home/alura/Documents/Financeiro/venv/lib/python3.9/site-packages/airflow/example_dags/example_short_circuit_operator.py
[2023-02-23 12:02:53,215] {logging_mixin.py:115} INFO - [2023-02-23 12:02:53,215] {dag.py:2379} INFO - Sync 1 DAGs
[2023-02-23 12:02:53,224] {logging_mixin.py:115} INFO - [2023-02-23 12:02:53,223] {dag.py:2927} INFO - Setting next_dagrun for example_short_circuit_operator to 2023-02-22T20:02:53.223791+00:00, run_after=2023-02-23T20:02:53.223791+00:00
[2023-02-23 12:02:53,230] {processor.py:161} INFO - Processing /home/alura/Documents/Financeiro/venv/lib/python3.9/site-packages/airflow/example_dags/example_short_circuit_operator.py took 0.030 seconds
[2023-02-23 12:03:25,449] {processor.py:153} INFO - Started process (PID=51105) to work on /home/alura/Documents/Financeiro/venv/lib/python3.9/site-packages/airflow/example_dags/example_short_circuit_operator.py
[2023-02-23 12:03:25,449] {processor.py:641} INFO - Processing file /home/alura/Documents/Financeiro/venv/lib/python3.9/site-packages/airflow/example_dags/example_short_circuit_operator.py for tasks to queue
[2023-02-23 12:03:25,450] {logging_mixin.py:115} INFO - [2023-02-23 12:03:25,450] {dagbag.py:507} INFO - Filling up the DagBag from /home/alura/Documents/Financeiro/venv/lib/python3.9/site-packages/airflow/example_dags/example_short_circuit_operator.py
[2023-02-23 12:03:25,454] {processor.py:651} INFO - DAG(s) dict_keys(['example_short_circuit_operator']) retrieved from /home/alura/Documents/Financeiro/venv/lib/python3.9/site-packages/airflow/example_dags/example_short_circuit_operator.py
[2023-02-23 12:03:25,462] {logging_mixin.py:115} INFO - [2023-02-23 12:03:25,462] {dag.py:2379} INFO - Sync 1 DAGs
[2023-02-23 12:03:25,471] {logging_mixin.py:115} INFO - [2023-02-23 12:03:25,470] {dag.py:2927} INFO - Setting next_dagrun for example_short_circuit_operator to 2023-02-22T20:03:25.470796+00:00, run_after=2023-02-23T20:03:25.470796+00:00
[2023-02-23 12:03:25,477] {processor.py:161} INFO - Processing /home/alura/Documents/Financeiro/venv/lib/python3.9/site-packages/airflow/example_dags/example_short_circuit_operator.py took 0.029 seconds
[2023-02-23 12:03:55,700] {processor.py:153} INFO - Started process (PID=51163) to work on /home/alura/Documents/Financeiro/venv/lib/python3.9/site-packages/airflow/example_dags/example_short_circuit_operator.py
[2023-02-23 12:03:55,700] {processor.py:641} INFO - Processing file /home/alura/Documents/Financeiro/venv/lib/python3.9/site-packages/airflow/example_dags/example_short_circuit_operator.py for tasks to queue
[2023-02-23 12:03:55,701] {logging_mixin.py:115} INFO - [2023-02-23 12:03:55,701] {dagbag.py:507} INFO - Filling up the DagBag from /home/alura/Documents/Financeiro/venv/lib/python3.9/site-packages/airflow/example_dags/example_short_circuit_operator.py
[2023-02-23 12:03:55,705] {processor.py:651} INFO - DAG(s) dict_keys(['example_short_circuit_operator']) retrieved from /home/alura/Documents/Financeiro/venv/lib/python3.9/site-packages/airflow/example_dags/example_short_circuit_operator.py
[2023-02-23 12:03:55,713] {logging_mixin.py:115} INFO - [2023-02-23 12:03:55,713] {dag.py:2379} INFO - Sync 1 DAGs
[2023-02-23 12:03:55,723] {logging_mixin.py:115} INFO - [2023-02-23 12:03:55,723] {dag.py:2927} INFO - Setting next_dagrun for example_short_circuit_operator to 2023-02-22T20:03:55.723325+00:00, run_after=2023-02-23T20:03:55.723325+00:00
[2023-02-23 12:03:55,729] {processor.py:161} INFO - Processing /home/alura/Documents/Financeiro/venv/lib/python3.9/site-packages/airflow/example_dags/example_short_circuit_operator.py took 0.031 seconds
[2023-02-23 12:04:30,459] {processor.py:153} INFO - Started process (PID=51228) to work on /home/alura/Documents/Financeiro/venv/lib/python3.9/site-packages/airflow/example_dags/example_short_circuit_operator.py
[2023-02-23 12:04:30,459] {processor.py:641} INFO - Processing file /home/alura/Documents/Financeiro/venv/lib/python3.9/site-packages/airflow/example_dags/example_short_circuit_operator.py for tasks to queue
[2023-02-23 12:04:30,460] {logging_mixin.py:115} INFO - [2023-02-23 12:04:30,460] {dagbag.py:507} INFO - Filling up the DagBag from /home/alura/Documents/Financeiro/venv/lib/python3.9/site-packages/airflow/example_dags/example_short_circuit_operator.py
[2023-02-23 12:04:30,464] {processor.py:651} INFO - DAG(s) dict_keys(['example_short_circuit_operator']) retrieved from /home/alura/Documents/Financeiro/venv/lib/python3.9/site-packages/airflow/example_dags/example_short_circuit_operator.py
[2023-02-23 12:04:30,473] {logging_mixin.py:115} INFO - [2023-02-23 12:04:30,473] {dag.py:2379} INFO - Sync 1 DAGs
[2023-02-23 12:04:30,481] {logging_mixin.py:115} INFO - [2023-02-23 12:04:30,481] {dag.py:2927} INFO - Setting next_dagrun for example_short_circuit_operator to 2023-02-22T20:04:30.481671+00:00, run_after=2023-02-23T20:04:30.481671+00:00
[2023-02-23 12:04:30,488] {processor.py:161} INFO - Processing /home/alura/Documents/Financeiro/venv/lib/python3.9/site-packages/airflow/example_dags/example_short_circuit_operator.py took 0.031 seconds
[2023-02-23 12:05:03,482] {processor.py:153} INFO - Started process (PID=51293) to work on /home/alura/Documents/Financeiro/venv/lib/python3.9/site-packages/airflow/example_dags/example_short_circuit_operator.py
[2023-02-23 12:05:03,482] {processor.py:641} INFO - Processing file /home/alura/Documents/Financeiro/venv/lib/python3.9/site-packages/airflow/example_dags/example_short_circuit_operator.py for tasks to queue
[2023-02-23 12:05:03,483] {logging_mixin.py:115} INFO - [2023-02-23 12:05:03,483] {dagbag.py:507} INFO - Filling up the DagBag from /home/alura/Documents/Financeiro/venv/lib/python3.9/site-packages/airflow/example_dags/example_short_circuit_operator.py
[2023-02-23 12:05:03,487] {processor.py:651} INFO - DAG(s) dict_keys(['example_short_circuit_operator']) retrieved from /home/alura/Documents/Financeiro/venv/lib/python3.9/site-packages/airflow/example_dags/example_short_circuit_operator.py
[2023-02-23 12:05:03,496] {logging_mixin.py:115} INFO - [2023-02-23 12:05:03,496] {dag.py:2379} INFO - Sync 1 DAGs
[2023-02-23 12:05:03,505] {logging_mixin.py:115} INFO - [2023-02-23 12:05:03,505] {dag.py:2927} INFO - Setting next_dagrun for example_short_circuit_operator to 2023-02-22T20:05:03.504861+00:00, run_after=2023-02-23T20:05:03.504861+00:00
[2023-02-23 12:05:03,511] {processor.py:161} INFO - Processing /home/alura/Documents/Financeiro/venv/lib/python3.9/site-packages/airflow/example_dags/example_short_circuit_operator.py took 0.031 seconds
[2023-02-23 12:05:33,858] {processor.py:153} INFO - Started process (PID=51350) to work on /home/alura/Documents/Financeiro/venv/lib/python3.9/site-packages/airflow/example_dags/example_short_circuit_operator.py
[2023-02-23 12:05:33,859] {processor.py:641} INFO - Processing file /home/alura/Documents/Financeiro/venv/lib/python3.9/site-packages/airflow/example_dags/example_short_circuit_operator.py for tasks to queue
[2023-02-23 12:05:33,859] {logging_mixin.py:115} INFO - [2023-02-23 12:05:33,859] {dagbag.py:507} INFO - Filling up the DagBag from /home/alura/Documents/Financeiro/venv/lib/python3.9/site-packages/airflow/example_dags/example_short_circuit_operator.py
[2023-02-23 12:05:33,863] {processor.py:651} INFO - DAG(s) dict_keys(['example_short_circuit_operator']) retrieved from /home/alura/Documents/Financeiro/venv/lib/python3.9/site-packages/airflow/example_dags/example_short_circuit_operator.py
[2023-02-23 12:05:33,872] {logging_mixin.py:115} INFO - [2023-02-23 12:05:33,872] {dag.py:2379} INFO - Sync 1 DAGs
[2023-02-23 12:05:33,881] {logging_mixin.py:115} INFO - [2023-02-23 12:05:33,881] {dag.py:2927} INFO - Setting next_dagrun for example_short_circuit_operator to 2023-02-22T20:05:33.880946+00:00, run_after=2023-02-23T20:05:33.880946+00:00
[2023-02-23 12:05:33,887] {processor.py:161} INFO - Processing /home/alura/Documents/Financeiro/venv/lib/python3.9/site-packages/airflow/example_dags/example_short_circuit_operator.py took 0.030 seconds
[2023-02-23 12:06:06,757] {processor.py:153} INFO - Started process (PID=51416) to work on /home/alura/Documents/Financeiro/venv/lib/python3.9/site-packages/airflow/example_dags/example_short_circuit_operator.py
[2023-02-23 12:06:06,757] {processor.py:641} INFO - Processing file /home/alura/Documents/Financeiro/venv/lib/python3.9/site-packages/airflow/example_dags/example_short_circuit_operator.py for tasks to queue
[2023-02-23 12:06:06,757] {logging_mixin.py:115} INFO - [2023-02-23 12:06:06,757] {dagbag.py:507} INFO - Filling up the DagBag from /home/alura/Documents/Financeiro/venv/lib/python3.9/site-packages/airflow/example_dags/example_short_circuit_operator.py
[2023-02-23 12:06:06,762] {processor.py:651} INFO - DAG(s) dict_keys(['example_short_circuit_operator']) retrieved from /home/alura/Documents/Financeiro/venv/lib/python3.9/site-packages/airflow/example_dags/example_short_circuit_operator.py
[2023-02-23 12:06:06,771] {logging_mixin.py:115} INFO - [2023-02-23 12:06:06,771] {dag.py:2379} INFO - Sync 1 DAGs
[2023-02-23 12:06:06,779] {logging_mixin.py:115} INFO - [2023-02-23 12:06:06,779] {dag.py:2927} INFO - Setting next_dagrun for example_short_circuit_operator to 2023-02-22T20:06:06.779148+00:00, run_after=2023-02-23T20:06:06.779148+00:00
[2023-02-23 12:06:06,785] {processor.py:161} INFO - Processing /home/alura/Documents/Financeiro/venv/lib/python3.9/site-packages/airflow/example_dags/example_short_circuit_operator.py took 0.030 seconds
[2023-02-23 12:06:36,908] {processor.py:153} INFO - Started process (PID=51483) to work on /home/alura/Documents/Financeiro/venv/lib/python3.9/site-packages/airflow/example_dags/example_short_circuit_operator.py
[2023-02-23 12:06:36,908] {processor.py:641} INFO - Processing file /home/alura/Documents/Financeiro/venv/lib/python3.9/site-packages/airflow/example_dags/example_short_circuit_operator.py for tasks to queue
[2023-02-23 12:06:36,909] {logging_mixin.py:115} INFO - [2023-02-23 12:06:36,909] {dagbag.py:507} INFO - Filling up the DagBag from /home/alura/Documents/Financeiro/venv/lib/python3.9/site-packages/airflow/example_dags/example_short_circuit_operator.py
[2023-02-23 12:06:36,913] {processor.py:651} INFO - DAG(s) dict_keys(['example_short_circuit_operator']) retrieved from /home/alura/Documents/Financeiro/venv/lib/python3.9/site-packages/airflow/example_dags/example_short_circuit_operator.py
[2023-02-23 12:06:36,921] {logging_mixin.py:115} INFO - [2023-02-23 12:06:36,921] {dag.py:2379} INFO - Sync 1 DAGs
[2023-02-23 12:06:36,930] {logging_mixin.py:115} INFO - [2023-02-23 12:06:36,930] {dag.py:2927} INFO - Setting next_dagrun for example_short_circuit_operator to 2023-02-22T20:06:36.930103+00:00, run_after=2023-02-23T20:06:36.930103+00:00
[2023-02-23 12:06:36,936] {processor.py:161} INFO - Processing /home/alura/Documents/Financeiro/venv/lib/python3.9/site-packages/airflow/example_dags/example_short_circuit_operator.py took 0.030 seconds
[2023-02-23 12:07:09,438] {processor.py:153} INFO - Started process (PID=51546) to work on /home/alura/Documents/Financeiro/venv/lib/python3.9/site-packages/airflow/example_dags/example_short_circuit_operator.py
[2023-02-23 12:07:09,439] {processor.py:641} INFO - Processing file /home/alura/Documents/Financeiro/venv/lib/python3.9/site-packages/airflow/example_dags/example_short_circuit_operator.py for tasks to queue
[2023-02-23 12:07:09,439] {logging_mixin.py:115} INFO - [2023-02-23 12:07:09,439] {dagbag.py:507} INFO - Filling up the DagBag from /home/alura/Documents/Financeiro/venv/lib/python3.9/site-packages/airflow/example_dags/example_short_circuit_operator.py
[2023-02-23 12:07:09,444] {processor.py:651} INFO - DAG(s) dict_keys(['example_short_circuit_operator']) retrieved from /home/alura/Documents/Financeiro/venv/lib/python3.9/site-packages/airflow/example_dags/example_short_circuit_operator.py
[2023-02-23 12:07:09,452] {logging_mixin.py:115} INFO - [2023-02-23 12:07:09,452] {dag.py:2379} INFO - Sync 1 DAGs
[2023-02-23 12:07:09,461] {logging_mixin.py:115} INFO - [2023-02-23 12:07:09,461] {dag.py:2927} INFO - Setting next_dagrun for example_short_circuit_operator to 2023-02-22T20:07:09.460917+00:00, run_after=2023-02-23T20:07:09.460917+00:00
[2023-02-23 12:07:09,467] {processor.py:161} INFO - Processing /home/alura/Documents/Financeiro/venv/lib/python3.9/site-packages/airflow/example_dags/example_short_circuit_operator.py took 0.030 seconds
[2023-02-23 12:07:42,464] {processor.py:153} INFO - Started process (PID=51608) to work on /home/alura/Documents/Financeiro/venv/lib/python3.9/site-packages/airflow/example_dags/example_short_circuit_operator.py
[2023-02-23 12:07:42,464] {processor.py:641} INFO - Processing file /home/alura/Documents/Financeiro/venv/lib/python3.9/site-packages/airflow/example_dags/example_short_circuit_operator.py for tasks to queue
[2023-02-23 12:07:42,465] {logging_mixin.py:115} INFO - [2023-02-23 12:07:42,465] {dagbag.py:507} INFO - Filling up the DagBag from /home/alura/Documents/Financeiro/venv/lib/python3.9/site-packages/airflow/example_dags/example_short_circuit_operator.py
[2023-02-23 12:07:42,469] {processor.py:651} INFO - DAG(s) dict_keys(['example_short_circuit_operator']) retrieved from /home/alura/Documents/Financeiro/venv/lib/python3.9/site-packages/airflow/example_dags/example_short_circuit_operator.py
[2023-02-23 12:07:42,477] {logging_mixin.py:115} INFO - [2023-02-23 12:07:42,477] {dag.py:2379} INFO - Sync 1 DAGs
[2023-02-23 12:07:42,486] {logging_mixin.py:115} INFO - [2023-02-23 12:07:42,486] {dag.py:2927} INFO - Setting next_dagrun for example_short_circuit_operator to 2023-02-22T20:07:42.486306+00:00, run_after=2023-02-23T20:07:42.486306+00:00
[2023-02-23 12:07:42,493] {processor.py:161} INFO - Processing /home/alura/Documents/Financeiro/venv/lib/python3.9/site-packages/airflow/example_dags/example_short_circuit_operator.py took 0.030 seconds
[2023-02-23 12:08:13,435] {processor.py:153} INFO - Started process (PID=51667) to work on /home/alura/Documents/Financeiro/venv/lib/python3.9/site-packages/airflow/example_dags/example_short_circuit_operator.py
[2023-02-23 12:08:13,435] {processor.py:641} INFO - Processing file /home/alura/Documents/Financeiro/venv/lib/python3.9/site-packages/airflow/example_dags/example_short_circuit_operator.py for tasks to queue
[2023-02-23 12:08:13,436] {logging_mixin.py:115} INFO - [2023-02-23 12:08:13,436] {dagbag.py:507} INFO - Filling up the DagBag from /home/alura/Documents/Financeiro/venv/lib/python3.9/site-packages/airflow/example_dags/example_short_circuit_operator.py
[2023-02-23 12:08:13,441] {processor.py:651} INFO - DAG(s) dict_keys(['example_short_circuit_operator']) retrieved from /home/alura/Documents/Financeiro/venv/lib/python3.9/site-packages/airflow/example_dags/example_short_circuit_operator.py
[2023-02-23 12:08:13,449] {logging_mixin.py:115} INFO - [2023-02-23 12:08:13,449] {dag.py:2379} INFO - Sync 1 DAGs
[2023-02-23 12:08:13,457] {logging_mixin.py:115} INFO - [2023-02-23 12:08:13,457] {dag.py:2927} INFO - Setting next_dagrun for example_short_circuit_operator to 2023-02-22T20:08:13.457227+00:00, run_after=2023-02-23T20:08:13.457227+00:00
[2023-02-23 12:08:13,463] {processor.py:161} INFO - Processing /home/alura/Documents/Financeiro/venv/lib/python3.9/site-packages/airflow/example_dags/example_short_circuit_operator.py took 0.030 seconds
