[2023-02-23 12:00:28,213] {processor.py:153} INFO - Started process (PID=50479) to work on /home/alura/Documents/Financeiro/venv/lib/python3.9/site-packages/airflow/example_dags/example_nested_branch_dag.py
[2023-02-23 12:00:28,213] {processor.py:641} INFO - Processing file /home/alura/Documents/Financeiro/venv/lib/python3.9/site-packages/airflow/example_dags/example_nested_branch_dag.py for tasks to queue
[2023-02-23 12:00:28,213] {logging_mixin.py:115} INFO - [2023-02-23 12:00:28,213] {dagbag.py:507} INFO - Filling up the DagBag from /home/alura/Documents/Financeiro/venv/lib/python3.9/site-packages/airflow/example_dags/example_nested_branch_dag.py
[2023-02-23 12:00:28,218] {processor.py:651} INFO - DAG(s) dict_keys(['example_nested_branch_dag']) retrieved from /home/alura/Documents/Financeiro/venv/lib/python3.9/site-packages/airflow/example_dags/example_nested_branch_dag.py
[2023-02-23 12:00:28,249] {logging_mixin.py:115} INFO - [2023-02-23 12:00:28,249] {manager.py:508} INFO - Created Permission View: can read on DAG:example_nested_branch_dag
[2023-02-23 12:00:28,253] {logging_mixin.py:115} INFO - [2023-02-23 12:00:28,253] {manager.py:508} INFO - Created Permission View: can edit on DAG:example_nested_branch_dag
[2023-02-23 12:00:28,257] {logging_mixin.py:115} INFO - [2023-02-23 12:00:28,257] {manager.py:508} INFO - Created Permission View: can delete on DAG:example_nested_branch_dag
[2023-02-23 12:00:28,257] {logging_mixin.py:115} INFO - [2023-02-23 12:00:28,257] {dag.py:2379} INFO - Sync 1 DAGs
[2023-02-23 12:00:28,261] {logging_mixin.py:115} INFO - [2023-02-23 12:00:28,261] {dag.py:2398} INFO - Creating ORM DAG for example_nested_branch_dag
[2023-02-23 12:00:28,266] {logging_mixin.py:115} INFO - [2023-02-23 12:00:28,266] {dag.py:2927} INFO - Setting next_dagrun for example_nested_branch_dag to 2023-02-22T00:00:00+00:00, run_after=2023-02-23T00:00:00+00:00
[2023-02-23 12:00:28,274] {processor.py:161} INFO - Processing /home/alura/Documents/Financeiro/venv/lib/python3.9/site-packages/airflow/example_dags/example_nested_branch_dag.py took 0.063 seconds
[2023-02-23 12:01:01,510] {processor.py:153} INFO - Started process (PID=50517) to work on /home/alura/Documents/Financeiro/venv/lib/python3.9/site-packages/airflow/example_dags/example_nested_branch_dag.py
[2023-02-23 12:01:01,510] {processor.py:641} INFO - Processing file /home/alura/Documents/Financeiro/venv/lib/python3.9/site-packages/airflow/example_dags/example_nested_branch_dag.py for tasks to queue
[2023-02-23 12:01:01,511] {logging_mixin.py:115} INFO - [2023-02-23 12:01:01,511] {dagbag.py:507} INFO - Filling up the DagBag from /home/alura/Documents/Financeiro/venv/lib/python3.9/site-packages/airflow/example_dags/example_nested_branch_dag.py
[2023-02-23 12:01:01,515] {processor.py:651} INFO - DAG(s) dict_keys(['example_nested_branch_dag']) retrieved from /home/alura/Documents/Financeiro/venv/lib/python3.9/site-packages/airflow/example_dags/example_nested_branch_dag.py
[2023-02-23 12:01:01,523] {logging_mixin.py:115} INFO - [2023-02-23 12:01:01,523] {dag.py:2379} INFO - Sync 1 DAGs
[2023-02-23 12:01:01,532] {logging_mixin.py:115} INFO - [2023-02-23 12:01:01,532] {dag.py:2927} INFO - Setting next_dagrun for example_nested_branch_dag to 2023-02-22T00:00:00+00:00, run_after=2023-02-23T00:00:00+00:00
[2023-02-23 12:01:01,538] {processor.py:161} INFO - Processing /home/alura/Documents/Financeiro/venv/lib/python3.9/site-packages/airflow/example_dags/example_nested_branch_dag.py took 0.030 seconds
[2023-02-23 12:01:34,632] {processor.py:153} INFO - Started process (PID=50744) to work on /home/alura/Documents/Financeiro/venv/lib/python3.9/site-packages/airflow/example_dags/example_nested_branch_dag.py
[2023-02-23 12:01:34,634] {processor.py:641} INFO - Processing file /home/alura/Documents/Financeiro/venv/lib/python3.9/site-packages/airflow/example_dags/example_nested_branch_dag.py for tasks to queue
[2023-02-23 12:01:34,634] {logging_mixin.py:115} INFO - [2023-02-23 12:01:34,634] {dagbag.py:507} INFO - Filling up the DagBag from /home/alura/Documents/Financeiro/venv/lib/python3.9/site-packages/airflow/example_dags/example_nested_branch_dag.py
[2023-02-23 12:01:34,641] {processor.py:651} INFO - DAG(s) dict_keys(['example_nested_branch_dag']) retrieved from /home/alura/Documents/Financeiro/venv/lib/python3.9/site-packages/airflow/example_dags/example_nested_branch_dag.py
[2023-02-23 12:01:34,652] {logging_mixin.py:115} INFO - [2023-02-23 12:01:34,652] {dag.py:2379} INFO - Sync 1 DAGs
[2023-02-23 12:01:34,665] {logging_mixin.py:115} INFO - [2023-02-23 12:01:34,664] {dag.py:2927} INFO - Setting next_dagrun for example_nested_branch_dag to 2023-02-22T00:00:00+00:00, run_after=2023-02-23T00:00:00+00:00
[2023-02-23 12:01:34,673] {processor.py:161} INFO - Processing /home/alura/Documents/Financeiro/venv/lib/python3.9/site-packages/airflow/example_dags/example_nested_branch_dag.py took 0.043 seconds
[2023-02-23 12:02:05,904] {processor.py:153} INFO - Started process (PID=50941) to work on /home/alura/Documents/Financeiro/venv/lib/python3.9/site-packages/airflow/example_dags/example_nested_branch_dag.py
[2023-02-23 12:02:05,904] {processor.py:641} INFO - Processing file /home/alura/Documents/Financeiro/venv/lib/python3.9/site-packages/airflow/example_dags/example_nested_branch_dag.py for tasks to queue
[2023-02-23 12:02:05,905] {logging_mixin.py:115} INFO - [2023-02-23 12:02:05,905] {dagbag.py:507} INFO - Filling up the DagBag from /home/alura/Documents/Financeiro/venv/lib/python3.9/site-packages/airflow/example_dags/example_nested_branch_dag.py
[2023-02-23 12:02:05,910] {processor.py:651} INFO - DAG(s) dict_keys(['example_nested_branch_dag']) retrieved from /home/alura/Documents/Financeiro/venv/lib/python3.9/site-packages/airflow/example_dags/example_nested_branch_dag.py
[2023-02-23 12:02:05,918] {logging_mixin.py:115} INFO - [2023-02-23 12:02:05,918] {dag.py:2379} INFO - Sync 1 DAGs
[2023-02-23 12:02:05,928] {logging_mixin.py:115} INFO - [2023-02-23 12:02:05,928] {dag.py:2927} INFO - Setting next_dagrun for example_nested_branch_dag to 2023-02-22T00:00:00+00:00, run_after=2023-02-23T00:00:00+00:00
[2023-02-23 12:02:05,935] {processor.py:161} INFO - Processing /home/alura/Documents/Financeiro/venv/lib/python3.9/site-packages/airflow/example_dags/example_nested_branch_dag.py took 0.032 seconds
[2023-02-23 12:02:38,936] {processor.py:153} INFO - Started process (PID=51021) to work on /home/alura/Documents/Financeiro/venv/lib/python3.9/site-packages/airflow/example_dags/example_nested_branch_dag.py
[2023-02-23 12:02:38,936] {processor.py:641} INFO - Processing file /home/alura/Documents/Financeiro/venv/lib/python3.9/site-packages/airflow/example_dags/example_nested_branch_dag.py for tasks to queue
[2023-02-23 12:02:38,936] {logging_mixin.py:115} INFO - [2023-02-23 12:02:38,936] {dagbag.py:507} INFO - Filling up the DagBag from /home/alura/Documents/Financeiro/venv/lib/python3.9/site-packages/airflow/example_dags/example_nested_branch_dag.py
[2023-02-23 12:02:38,941] {processor.py:651} INFO - DAG(s) dict_keys(['example_nested_branch_dag']) retrieved from /home/alura/Documents/Financeiro/venv/lib/python3.9/site-packages/airflow/example_dags/example_nested_branch_dag.py
[2023-02-23 12:02:38,949] {logging_mixin.py:115} INFO - [2023-02-23 12:02:38,949] {dag.py:2379} INFO - Sync 1 DAGs
[2023-02-23 12:02:38,957] {logging_mixin.py:115} INFO - [2023-02-23 12:02:38,957] {dag.py:2927} INFO - Setting next_dagrun for example_nested_branch_dag to 2023-02-22T00:00:00+00:00, run_after=2023-02-23T00:00:00+00:00
[2023-02-23 12:02:38,964] {processor.py:161} INFO - Processing /home/alura/Documents/Financeiro/venv/lib/python3.9/site-packages/airflow/example_dags/example_nested_branch_dag.py took 0.029 seconds
[2023-02-23 12:03:12,501] {processor.py:153} INFO - Started process (PID=51082) to work on /home/alura/Documents/Financeiro/venv/lib/python3.9/site-packages/airflow/example_dags/example_nested_branch_dag.py
[2023-02-23 12:03:12,501] {processor.py:641} INFO - Processing file /home/alura/Documents/Financeiro/venv/lib/python3.9/site-packages/airflow/example_dags/example_nested_branch_dag.py for tasks to queue
[2023-02-23 12:03:12,501] {logging_mixin.py:115} INFO - [2023-02-23 12:03:12,501] {dagbag.py:507} INFO - Filling up the DagBag from /home/alura/Documents/Financeiro/venv/lib/python3.9/site-packages/airflow/example_dags/example_nested_branch_dag.py
[2023-02-23 12:03:12,506] {processor.py:651} INFO - DAG(s) dict_keys(['example_nested_branch_dag']) retrieved from /home/alura/Documents/Financeiro/venv/lib/python3.9/site-packages/airflow/example_dags/example_nested_branch_dag.py
[2023-02-23 12:03:12,515] {logging_mixin.py:115} INFO - [2023-02-23 12:03:12,515] {dag.py:2379} INFO - Sync 1 DAGs
[2023-02-23 12:03:12,525] {logging_mixin.py:115} INFO - [2023-02-23 12:03:12,525] {dag.py:2927} INFO - Setting next_dagrun for example_nested_branch_dag to 2023-02-22T00:00:00+00:00, run_after=2023-02-23T00:00:00+00:00
[2023-02-23 12:03:12,531] {processor.py:161} INFO - Processing /home/alura/Documents/Financeiro/venv/lib/python3.9/site-packages/airflow/example_dags/example_nested_branch_dag.py took 0.032 seconds
[2023-02-23 12:03:43,277] {processor.py:153} INFO - Started process (PID=51143) to work on /home/alura/Documents/Financeiro/venv/lib/python3.9/site-packages/airflow/example_dags/example_nested_branch_dag.py
[2023-02-23 12:03:43,277] {processor.py:641} INFO - Processing file /home/alura/Documents/Financeiro/venv/lib/python3.9/site-packages/airflow/example_dags/example_nested_branch_dag.py for tasks to queue
[2023-02-23 12:03:43,278] {logging_mixin.py:115} INFO - [2023-02-23 12:03:43,278] {dagbag.py:507} INFO - Filling up the DagBag from /home/alura/Documents/Financeiro/venv/lib/python3.9/site-packages/airflow/example_dags/example_nested_branch_dag.py
[2023-02-23 12:03:43,282] {processor.py:651} INFO - DAG(s) dict_keys(['example_nested_branch_dag']) retrieved from /home/alura/Documents/Financeiro/venv/lib/python3.9/site-packages/airflow/example_dags/example_nested_branch_dag.py
[2023-02-23 12:03:43,291] {logging_mixin.py:115} INFO - [2023-02-23 12:03:43,291] {dag.py:2379} INFO - Sync 1 DAGs
[2023-02-23 12:03:43,300] {logging_mixin.py:115} INFO - [2023-02-23 12:03:43,300] {dag.py:2927} INFO - Setting next_dagrun for example_nested_branch_dag to 2023-02-22T00:00:00+00:00, run_after=2023-02-23T00:00:00+00:00
[2023-02-23 12:03:43,308] {processor.py:161} INFO - Processing /home/alura/Documents/Financeiro/venv/lib/python3.9/site-packages/airflow/example_dags/example_nested_branch_dag.py took 0.032 seconds
[2023-02-23 12:04:18,554] {processor.py:153} INFO - Started process (PID=51208) to work on /home/alura/Documents/Financeiro/venv/lib/python3.9/site-packages/airflow/example_dags/example_nested_branch_dag.py
[2023-02-23 12:04:18,555] {processor.py:641} INFO - Processing file /home/alura/Documents/Financeiro/venv/lib/python3.9/site-packages/airflow/example_dags/example_nested_branch_dag.py for tasks to queue
[2023-02-23 12:04:18,555] {logging_mixin.py:115} INFO - [2023-02-23 12:04:18,555] {dagbag.py:507} INFO - Filling up the DagBag from /home/alura/Documents/Financeiro/venv/lib/python3.9/site-packages/airflow/example_dags/example_nested_branch_dag.py
[2023-02-23 12:04:18,560] {processor.py:651} INFO - DAG(s) dict_keys(['example_nested_branch_dag']) retrieved from /home/alura/Documents/Financeiro/venv/lib/python3.9/site-packages/airflow/example_dags/example_nested_branch_dag.py
[2023-02-23 12:04:18,568] {logging_mixin.py:115} INFO - [2023-02-23 12:04:18,568] {dag.py:2379} INFO - Sync 1 DAGs
[2023-02-23 12:04:18,578] {logging_mixin.py:115} INFO - [2023-02-23 12:04:18,577] {dag.py:2927} INFO - Setting next_dagrun for example_nested_branch_dag to 2023-02-22T00:00:00+00:00, run_after=2023-02-23T00:00:00+00:00
[2023-02-23 12:04:18,584] {processor.py:161} INFO - Processing /home/alura/Documents/Financeiro/venv/lib/python3.9/site-packages/airflow/example_dags/example_nested_branch_dag.py took 0.031 seconds
[2023-02-23 12:04:51,209] {processor.py:153} INFO - Started process (PID=51266) to work on /home/alura/Documents/Financeiro/venv/lib/python3.9/site-packages/airflow/example_dags/example_nested_branch_dag.py
[2023-02-23 12:04:51,210] {processor.py:641} INFO - Processing file /home/alura/Documents/Financeiro/venv/lib/python3.9/site-packages/airflow/example_dags/example_nested_branch_dag.py for tasks to queue
[2023-02-23 12:04:51,210] {logging_mixin.py:115} INFO - [2023-02-23 12:04:51,210] {dagbag.py:507} INFO - Filling up the DagBag from /home/alura/Documents/Financeiro/venv/lib/python3.9/site-packages/airflow/example_dags/example_nested_branch_dag.py
[2023-02-23 12:04:51,215] {processor.py:651} INFO - DAG(s) dict_keys(['example_nested_branch_dag']) retrieved from /home/alura/Documents/Financeiro/venv/lib/python3.9/site-packages/airflow/example_dags/example_nested_branch_dag.py
[2023-02-23 12:04:51,223] {logging_mixin.py:115} INFO - [2023-02-23 12:04:51,223] {dag.py:2379} INFO - Sync 1 DAGs
[2023-02-23 12:04:51,233] {logging_mixin.py:115} INFO - [2023-02-23 12:04:51,232] {dag.py:2927} INFO - Setting next_dagrun for example_nested_branch_dag to 2023-02-22T00:00:00+00:00, run_after=2023-02-23T00:00:00+00:00
[2023-02-23 12:04:51,239] {processor.py:161} INFO - Processing /home/alura/Documents/Financeiro/venv/lib/python3.9/site-packages/airflow/example_dags/example_nested_branch_dag.py took 0.031 seconds
[2023-02-23 12:05:25,230] {processor.py:153} INFO - Started process (PID=51333) to work on /home/alura/Documents/Financeiro/venv/lib/python3.9/site-packages/airflow/example_dags/example_nested_branch_dag.py
[2023-02-23 12:05:25,231] {processor.py:641} INFO - Processing file /home/alura/Documents/Financeiro/venv/lib/python3.9/site-packages/airflow/example_dags/example_nested_branch_dag.py for tasks to queue
[2023-02-23 12:05:25,231] {logging_mixin.py:115} INFO - [2023-02-23 12:05:25,231] {dagbag.py:507} INFO - Filling up the DagBag from /home/alura/Documents/Financeiro/venv/lib/python3.9/site-packages/airflow/example_dags/example_nested_branch_dag.py
[2023-02-23 12:05:25,236] {processor.py:651} INFO - DAG(s) dict_keys(['example_nested_branch_dag']) retrieved from /home/alura/Documents/Financeiro/venv/lib/python3.9/site-packages/airflow/example_dags/example_nested_branch_dag.py
[2023-02-23 12:05:25,243] {logging_mixin.py:115} INFO - [2023-02-23 12:05:25,243] {dag.py:2379} INFO - Sync 1 DAGs
[2023-02-23 12:05:25,252] {logging_mixin.py:115} INFO - [2023-02-23 12:05:25,252] {dag.py:2927} INFO - Setting next_dagrun for example_nested_branch_dag to 2023-02-22T00:00:00+00:00, run_after=2023-02-23T00:00:00+00:00
[2023-02-23 12:05:25,258] {processor.py:161} INFO - Processing /home/alura/Documents/Financeiro/venv/lib/python3.9/site-packages/airflow/example_dags/example_nested_branch_dag.py took 0.029 seconds
[2023-02-23 12:05:58,752] {processor.py:153} INFO - Started process (PID=51402) to work on /home/alura/Documents/Financeiro/venv/lib/python3.9/site-packages/airflow/example_dags/example_nested_branch_dag.py
[2023-02-23 12:05:58,753] {processor.py:641} INFO - Processing file /home/alura/Documents/Financeiro/venv/lib/python3.9/site-packages/airflow/example_dags/example_nested_branch_dag.py for tasks to queue
[2023-02-23 12:05:58,753] {logging_mixin.py:115} INFO - [2023-02-23 12:05:58,753] {dagbag.py:507} INFO - Filling up the DagBag from /home/alura/Documents/Financeiro/venv/lib/python3.9/site-packages/airflow/example_dags/example_nested_branch_dag.py
[2023-02-23 12:05:58,758] {processor.py:651} INFO - DAG(s) dict_keys(['example_nested_branch_dag']) retrieved from /home/alura/Documents/Financeiro/venv/lib/python3.9/site-packages/airflow/example_dags/example_nested_branch_dag.py
[2023-02-23 12:05:58,765] {logging_mixin.py:115} INFO - [2023-02-23 12:05:58,765] {dag.py:2379} INFO - Sync 1 DAGs
[2023-02-23 12:05:58,774] {logging_mixin.py:115} INFO - [2023-02-23 12:05:58,774] {dag.py:2927} INFO - Setting next_dagrun for example_nested_branch_dag to 2023-02-22T00:00:00+00:00, run_after=2023-02-23T00:00:00+00:00
[2023-02-23 12:05:58,781] {processor.py:161} INFO - Processing /home/alura/Documents/Financeiro/venv/lib/python3.9/site-packages/airflow/example_dags/example_nested_branch_dag.py took 0.030 seconds
[2023-02-23 12:06:29,529] {processor.py:153} INFO - Started process (PID=51461) to work on /home/alura/Documents/Financeiro/venv/lib/python3.9/site-packages/airflow/example_dags/example_nested_branch_dag.py
[2023-02-23 12:06:29,530] {processor.py:641} INFO - Processing file /home/alura/Documents/Financeiro/venv/lib/python3.9/site-packages/airflow/example_dags/example_nested_branch_dag.py for tasks to queue
[2023-02-23 12:06:29,530] {logging_mixin.py:115} INFO - [2023-02-23 12:06:29,530] {dagbag.py:507} INFO - Filling up the DagBag from /home/alura/Documents/Financeiro/venv/lib/python3.9/site-packages/airflow/example_dags/example_nested_branch_dag.py
[2023-02-23 12:06:29,535] {processor.py:651} INFO - DAG(s) dict_keys(['example_nested_branch_dag']) retrieved from /home/alura/Documents/Financeiro/venv/lib/python3.9/site-packages/airflow/example_dags/example_nested_branch_dag.py
[2023-02-23 12:06:29,543] {logging_mixin.py:115} INFO - [2023-02-23 12:06:29,543] {dag.py:2379} INFO - Sync 1 DAGs
[2023-02-23 12:06:29,552] {logging_mixin.py:115} INFO - [2023-02-23 12:06:29,552] {dag.py:2927} INFO - Setting next_dagrun for example_nested_branch_dag to 2023-02-22T00:00:00+00:00, run_after=2023-02-23T00:00:00+00:00
[2023-02-23 12:06:29,558] {processor.py:161} INFO - Processing /home/alura/Documents/Financeiro/venv/lib/python3.9/site-packages/airflow/example_dags/example_nested_branch_dag.py took 0.031 seconds
[2023-02-23 12:07:01,430] {processor.py:153} INFO - Started process (PID=51529) to work on /home/alura/Documents/Financeiro/venv/lib/python3.9/site-packages/airflow/example_dags/example_nested_branch_dag.py
[2023-02-23 12:07:01,431] {processor.py:641} INFO - Processing file /home/alura/Documents/Financeiro/venv/lib/python3.9/site-packages/airflow/example_dags/example_nested_branch_dag.py for tasks to queue
[2023-02-23 12:07:01,431] {logging_mixin.py:115} INFO - [2023-02-23 12:07:01,431] {dagbag.py:507} INFO - Filling up the DagBag from /home/alura/Documents/Financeiro/venv/lib/python3.9/site-packages/airflow/example_dags/example_nested_branch_dag.py
[2023-02-23 12:07:01,436] {processor.py:651} INFO - DAG(s) dict_keys(['example_nested_branch_dag']) retrieved from /home/alura/Documents/Financeiro/venv/lib/python3.9/site-packages/airflow/example_dags/example_nested_branch_dag.py
[2023-02-23 12:07:01,444] {logging_mixin.py:115} INFO - [2023-02-23 12:07:01,444] {dag.py:2379} INFO - Sync 1 DAGs
[2023-02-23 12:07:01,452] {logging_mixin.py:115} INFO - [2023-02-23 12:07:01,452] {dag.py:2927} INFO - Setting next_dagrun for example_nested_branch_dag to 2023-02-22T00:00:00+00:00, run_after=2023-02-23T00:00:00+00:00
[2023-02-23 12:07:01,459] {processor.py:161} INFO - Processing /home/alura/Documents/Financeiro/venv/lib/python3.9/site-packages/airflow/example_dags/example_nested_branch_dag.py took 0.031 seconds
[2023-02-23 12:07:33,955] {processor.py:153} INFO - Started process (PID=51596) to work on /home/alura/Documents/Financeiro/venv/lib/python3.9/site-packages/airflow/example_dags/example_nested_branch_dag.py
[2023-02-23 12:07:33,956] {processor.py:641} INFO - Processing file /home/alura/Documents/Financeiro/venv/lib/python3.9/site-packages/airflow/example_dags/example_nested_branch_dag.py for tasks to queue
[2023-02-23 12:07:33,956] {logging_mixin.py:115} INFO - [2023-02-23 12:07:33,956] {dagbag.py:507} INFO - Filling up the DagBag from /home/alura/Documents/Financeiro/venv/lib/python3.9/site-packages/airflow/example_dags/example_nested_branch_dag.py
[2023-02-23 12:07:33,961] {processor.py:651} INFO - DAG(s) dict_keys(['example_nested_branch_dag']) retrieved from /home/alura/Documents/Financeiro/venv/lib/python3.9/site-packages/airflow/example_dags/example_nested_branch_dag.py
[2023-02-23 12:07:33,969] {logging_mixin.py:115} INFO - [2023-02-23 12:07:33,969] {dag.py:2379} INFO - Sync 1 DAGs
[2023-02-23 12:07:33,978] {logging_mixin.py:115} INFO - [2023-02-23 12:07:33,978] {dag.py:2927} INFO - Setting next_dagrun for example_nested_branch_dag to 2023-02-22T00:00:00+00:00, run_after=2023-02-23T00:00:00+00:00
[2023-02-23 12:07:33,985] {processor.py:161} INFO - Processing /home/alura/Documents/Financeiro/venv/lib/python3.9/site-packages/airflow/example_dags/example_nested_branch_dag.py took 0.032 seconds
[2023-02-23 12:08:06,968] {processor.py:153} INFO - Started process (PID=51656) to work on /home/alura/Documents/Financeiro/venv/lib/python3.9/site-packages/airflow/example_dags/example_nested_branch_dag.py
[2023-02-23 12:08:06,969] {processor.py:641} INFO - Processing file /home/alura/Documents/Financeiro/venv/lib/python3.9/site-packages/airflow/example_dags/example_nested_branch_dag.py for tasks to queue
[2023-02-23 12:08:06,969] {logging_mixin.py:115} INFO - [2023-02-23 12:08:06,969] {dagbag.py:507} INFO - Filling up the DagBag from /home/alura/Documents/Financeiro/venv/lib/python3.9/site-packages/airflow/example_dags/example_nested_branch_dag.py
[2023-02-23 12:08:06,974] {processor.py:651} INFO - DAG(s) dict_keys(['example_nested_branch_dag']) retrieved from /home/alura/Documents/Financeiro/venv/lib/python3.9/site-packages/airflow/example_dags/example_nested_branch_dag.py
[2023-02-23 12:08:06,984] {logging_mixin.py:115} INFO - [2023-02-23 12:08:06,984] {dag.py:2379} INFO - Sync 1 DAGs
[2023-02-23 12:08:06,993] {logging_mixin.py:115} INFO - [2023-02-23 12:08:06,993] {dag.py:2927} INFO - Setting next_dagrun for example_nested_branch_dag to 2023-02-22T00:00:00+00:00, run_after=2023-02-23T00:00:00+00:00
[2023-02-23 12:08:07,000] {processor.py:161} INFO - Processing /home/alura/Documents/Financeiro/venv/lib/python3.9/site-packages/airflow/example_dags/example_nested_branch_dag.py took 0.033 seconds
[2023-02-23 12:46:46,418] {processor.py:153} INFO - Started process (PID=52467) to work on /home/alura/Documents/Financeiro/venv/lib/python3.9/site-packages/airflow/example_dags/example_nested_branch_dag.py
[2023-02-23 12:46:46,418] {processor.py:641} INFO - Processing file /home/alura/Documents/Financeiro/venv/lib/python3.9/site-packages/airflow/example_dags/example_nested_branch_dag.py for tasks to queue
[2023-02-23 12:46:46,419] {logging_mixin.py:115} INFO - [2023-02-23 12:46:46,419] {dagbag.py:507} INFO - Filling up the DagBag from /home/alura/Documents/Financeiro/venv/lib/python3.9/site-packages/airflow/example_dags/example_nested_branch_dag.py
[2023-02-23 12:46:46,425] {processor.py:651} INFO - DAG(s) dict_keys(['example_nested_branch_dag']) retrieved from /home/alura/Documents/Financeiro/venv/lib/python3.9/site-packages/airflow/example_dags/example_nested_branch_dag.py
[2023-02-23 12:46:46,436] {logging_mixin.py:115} INFO - [2023-02-23 12:46:46,436] {dag.py:2379} INFO - Sync 1 DAGs
[2023-02-23 12:46:46,448] {logging_mixin.py:115} INFO - [2023-02-23 12:46:46,448] {dag.py:2927} INFO - Setting next_dagrun for example_nested_branch_dag to 2023-02-22T00:00:00+00:00, run_after=2023-02-23T00:00:00+00:00
[2023-02-23 12:46:46,458] {processor.py:161} INFO - Processing /home/alura/Documents/Financeiro/venv/lib/python3.9/site-packages/airflow/example_dags/example_nested_branch_dag.py took 0.042 seconds
