[2023-02-23 12:00:24,472] {processor.py:153} INFO - Started process (PID=50475) to work on /home/alura/Documents/Financeiro/venv/lib/python3.9/site-packages/airflow/example_dags/example_kubernetes_executor.py
[2023-02-23 12:00:24,472] {processor.py:641} INFO - Processing file /home/alura/Documents/Financeiro/venv/lib/python3.9/site-packages/airflow/example_dags/example_kubernetes_executor.py for tasks to queue
[2023-02-23 12:00:24,472] {logging_mixin.py:115} INFO - [2023-02-23 12:00:24,472] {dagbag.py:507} INFO - Filling up the DagBag from /home/alura/Documents/Financeiro/venv/lib/python3.9/site-packages/airflow/example_dags/example_kubernetes_executor.py
[2023-02-23 12:00:24,479] {logging_mixin.py:115} INFO - [2023-02-23 12:00:24,479] {example_kubernetes_executor.py:39} WARNING - The example_kubernetes_executor example DAG requires the kubernetes provider. Please install it with: pip install apache-airflow[cncf.kubernetes]
[2023-02-23 12:00:24,479] {processor.py:653} WARNING - No viable dags retrieved from /home/alura/Documents/Financeiro/venv/lib/python3.9/site-packages/airflow/example_dags/example_kubernetes_executor.py
[2023-02-23 12:00:24,484] {processor.py:161} INFO - Processing /home/alura/Documents/Financeiro/venv/lib/python3.9/site-packages/airflow/example_dags/example_kubernetes_executor.py took 0.014 seconds
[2023-02-23 12:00:57,502] {processor.py:153} INFO - Started process (PID=50513) to work on /home/alura/Documents/Financeiro/venv/lib/python3.9/site-packages/airflow/example_dags/example_kubernetes_executor.py
[2023-02-23 12:00:57,502] {processor.py:641} INFO - Processing file /home/alura/Documents/Financeiro/venv/lib/python3.9/site-packages/airflow/example_dags/example_kubernetes_executor.py for tasks to queue
[2023-02-23 12:00:57,503] {logging_mixin.py:115} INFO - [2023-02-23 12:00:57,502] {dagbag.py:507} INFO - Filling up the DagBag from /home/alura/Documents/Financeiro/venv/lib/python3.9/site-packages/airflow/example_dags/example_kubernetes_executor.py
[2023-02-23 12:00:57,510] {logging_mixin.py:115} INFO - [2023-02-23 12:00:57,510] {example_kubernetes_executor.py:39} WARNING - The example_kubernetes_executor example DAG requires the kubernetes provider. Please install it with: pip install apache-airflow[cncf.kubernetes]
[2023-02-23 12:00:57,510] {processor.py:653} WARNING - No viable dags retrieved from /home/alura/Documents/Financeiro/venv/lib/python3.9/site-packages/airflow/example_dags/example_kubernetes_executor.py
[2023-02-23 12:00:57,515] {processor.py:161} INFO - Processing /home/alura/Documents/Financeiro/venv/lib/python3.9/site-packages/airflow/example_dags/example_kubernetes_executor.py took 0.014 seconds
[2023-02-23 12:01:29,990] {processor.py:153} INFO - Started process (PID=50548) to work on /home/alura/Documents/Financeiro/venv/lib/python3.9/site-packages/airflow/example_dags/example_kubernetes_executor.py
[2023-02-23 12:01:29,991] {processor.py:641} INFO - Processing file /home/alura/Documents/Financeiro/venv/lib/python3.9/site-packages/airflow/example_dags/example_kubernetes_executor.py for tasks to queue
[2023-02-23 12:01:29,991] {logging_mixin.py:115} INFO - [2023-02-23 12:01:29,991] {dagbag.py:507} INFO - Filling up the DagBag from /home/alura/Documents/Financeiro/venv/lib/python3.9/site-packages/airflow/example_dags/example_kubernetes_executor.py
[2023-02-23 12:01:29,998] {logging_mixin.py:115} INFO - [2023-02-23 12:01:29,998] {example_kubernetes_executor.py:39} WARNING - The example_kubernetes_executor example DAG requires the kubernetes provider. Please install it with: pip install apache-airflow[cncf.kubernetes]
[2023-02-23 12:01:29,998] {processor.py:653} WARNING - No viable dags retrieved from /home/alura/Documents/Financeiro/venv/lib/python3.9/site-packages/airflow/example_dags/example_kubernetes_executor.py
[2023-02-23 12:01:30,003] {processor.py:161} INFO - Processing /home/alura/Documents/Financeiro/venv/lib/python3.9/site-packages/airflow/example_dags/example_kubernetes_executor.py took 0.014 seconds
[2023-02-23 12:02:01,905] {processor.py:153} INFO - Started process (PID=50926) to work on /home/alura/Documents/Financeiro/venv/lib/python3.9/site-packages/airflow/example_dags/example_kubernetes_executor.py
[2023-02-23 12:02:01,905] {processor.py:641} INFO - Processing file /home/alura/Documents/Financeiro/venv/lib/python3.9/site-packages/airflow/example_dags/example_kubernetes_executor.py for tasks to queue
[2023-02-23 12:02:01,906] {logging_mixin.py:115} INFO - [2023-02-23 12:02:01,906] {dagbag.py:507} INFO - Filling up the DagBag from /home/alura/Documents/Financeiro/venv/lib/python3.9/site-packages/airflow/example_dags/example_kubernetes_executor.py
[2023-02-23 12:02:01,914] {logging_mixin.py:115} INFO - [2023-02-23 12:02:01,914] {example_kubernetes_executor.py:39} WARNING - The example_kubernetes_executor example DAG requires the kubernetes provider. Please install it with: pip install apache-airflow[cncf.kubernetes]
[2023-02-23 12:02:01,915] {processor.py:653} WARNING - No viable dags retrieved from /home/alura/Documents/Financeiro/venv/lib/python3.9/site-packages/airflow/example_dags/example_kubernetes_executor.py
[2023-02-23 12:02:01,921] {processor.py:161} INFO - Processing /home/alura/Documents/Financeiro/venv/lib/python3.9/site-packages/airflow/example_dags/example_kubernetes_executor.py took 0.018 seconds
[2023-02-23 12:02:34,932] {processor.py:153} INFO - Started process (PID=51009) to work on /home/alura/Documents/Financeiro/venv/lib/python3.9/site-packages/airflow/example_dags/example_kubernetes_executor.py
[2023-02-23 12:02:34,932] {processor.py:641} INFO - Processing file /home/alura/Documents/Financeiro/venv/lib/python3.9/site-packages/airflow/example_dags/example_kubernetes_executor.py for tasks to queue
[2023-02-23 12:02:34,933] {logging_mixin.py:115} INFO - [2023-02-23 12:02:34,933] {dagbag.py:507} INFO - Filling up the DagBag from /home/alura/Documents/Financeiro/venv/lib/python3.9/site-packages/airflow/example_dags/example_kubernetes_executor.py
[2023-02-23 12:02:34,940] {logging_mixin.py:115} INFO - [2023-02-23 12:02:34,940] {example_kubernetes_executor.py:39} WARNING - The example_kubernetes_executor example DAG requires the kubernetes provider. Please install it with: pip install apache-airflow[cncf.kubernetes]
[2023-02-23 12:02:34,940] {processor.py:653} WARNING - No viable dags retrieved from /home/alura/Documents/Financeiro/venv/lib/python3.9/site-packages/airflow/example_dags/example_kubernetes_executor.py
[2023-02-23 12:02:34,946] {processor.py:161} INFO - Processing /home/alura/Documents/Financeiro/venv/lib/python3.9/site-packages/airflow/example_dags/example_kubernetes_executor.py took 0.015 seconds
[2023-02-23 12:03:09,196] {processor.py:153} INFO - Started process (PID=51078) to work on /home/alura/Documents/Financeiro/venv/lib/python3.9/site-packages/airflow/example_dags/example_kubernetes_executor.py
[2023-02-23 12:03:09,196] {processor.py:641} INFO - Processing file /home/alura/Documents/Financeiro/venv/lib/python3.9/site-packages/airflow/example_dags/example_kubernetes_executor.py for tasks to queue
[2023-02-23 12:03:09,196] {logging_mixin.py:115} INFO - [2023-02-23 12:03:09,196] {dagbag.py:507} INFO - Filling up the DagBag from /home/alura/Documents/Financeiro/venv/lib/python3.9/site-packages/airflow/example_dags/example_kubernetes_executor.py
[2023-02-23 12:03:09,203] {logging_mixin.py:115} INFO - [2023-02-23 12:03:09,203] {example_kubernetes_executor.py:39} WARNING - The example_kubernetes_executor example DAG requires the kubernetes provider. Please install it with: pip install apache-airflow[cncf.kubernetes]
[2023-02-23 12:03:09,203] {processor.py:653} WARNING - No viable dags retrieved from /home/alura/Documents/Financeiro/venv/lib/python3.9/site-packages/airflow/example_dags/example_kubernetes_executor.py
[2023-02-23 12:03:09,208] {processor.py:161} INFO - Processing /home/alura/Documents/Financeiro/venv/lib/python3.9/site-packages/airflow/example_dags/example_kubernetes_executor.py took 0.013 seconds
[2023-02-23 12:03:39,448] {processor.py:153} INFO - Started process (PID=51135) to work on /home/alura/Documents/Financeiro/venv/lib/python3.9/site-packages/airflow/example_dags/example_kubernetes_executor.py
[2023-02-23 12:03:39,448] {processor.py:641} INFO - Processing file /home/alura/Documents/Financeiro/venv/lib/python3.9/site-packages/airflow/example_dags/example_kubernetes_executor.py for tasks to queue
[2023-02-23 12:03:39,449] {logging_mixin.py:115} INFO - [2023-02-23 12:03:39,449] {dagbag.py:507} INFO - Filling up the DagBag from /home/alura/Documents/Financeiro/venv/lib/python3.9/site-packages/airflow/example_dags/example_kubernetes_executor.py
[2023-02-23 12:03:39,456] {logging_mixin.py:115} INFO - [2023-02-23 12:03:39,456] {example_kubernetes_executor.py:39} WARNING - The example_kubernetes_executor example DAG requires the kubernetes provider. Please install it with: pip install apache-airflow[cncf.kubernetes]
[2023-02-23 12:03:39,456] {processor.py:653} WARNING - No viable dags retrieved from /home/alura/Documents/Financeiro/venv/lib/python3.9/site-packages/airflow/example_dags/example_kubernetes_executor.py
[2023-02-23 12:03:39,461] {processor.py:161} INFO - Processing /home/alura/Documents/Financeiro/venv/lib/python3.9/site-packages/airflow/example_dags/example_kubernetes_executor.py took 0.014 seconds
[2023-02-23 12:04:14,052] {processor.py:153} INFO - Started process (PID=51200) to work on /home/alura/Documents/Financeiro/venv/lib/python3.9/site-packages/airflow/example_dags/example_kubernetes_executor.py
[2023-02-23 12:04:14,052] {processor.py:641} INFO - Processing file /home/alura/Documents/Financeiro/venv/lib/python3.9/site-packages/airflow/example_dags/example_kubernetes_executor.py for tasks to queue
[2023-02-23 12:04:14,053] {logging_mixin.py:115} INFO - [2023-02-23 12:04:14,053] {dagbag.py:507} INFO - Filling up the DagBag from /home/alura/Documents/Financeiro/venv/lib/python3.9/site-packages/airflow/example_dags/example_kubernetes_executor.py
[2023-02-23 12:04:14,060] {logging_mixin.py:115} INFO - [2023-02-23 12:04:14,060] {example_kubernetes_executor.py:39} WARNING - The example_kubernetes_executor example DAG requires the kubernetes provider. Please install it with: pip install apache-airflow[cncf.kubernetes]
[2023-02-23 12:04:14,060] {processor.py:653} WARNING - No viable dags retrieved from /home/alura/Documents/Financeiro/venv/lib/python3.9/site-packages/airflow/example_dags/example_kubernetes_executor.py
[2023-02-23 12:04:14,065] {processor.py:161} INFO - Processing /home/alura/Documents/Financeiro/venv/lib/python3.9/site-packages/airflow/example_dags/example_kubernetes_executor.py took 0.014 seconds
[2023-02-23 12:04:48,090] {processor.py:153} INFO - Started process (PID=51262) to work on /home/alura/Documents/Financeiro/venv/lib/python3.9/site-packages/airflow/example_dags/example_kubernetes_executor.py
[2023-02-23 12:04:48,091] {processor.py:641} INFO - Processing file /home/alura/Documents/Financeiro/venv/lib/python3.9/site-packages/airflow/example_dags/example_kubernetes_executor.py for tasks to queue
[2023-02-23 12:04:48,091] {logging_mixin.py:115} INFO - [2023-02-23 12:04:48,091] {dagbag.py:507} INFO - Filling up the DagBag from /home/alura/Documents/Financeiro/venv/lib/python3.9/site-packages/airflow/example_dags/example_kubernetes_executor.py
[2023-02-23 12:04:48,098] {logging_mixin.py:115} INFO - [2023-02-23 12:04:48,098] {example_kubernetes_executor.py:39} WARNING - The example_kubernetes_executor example DAG requires the kubernetes provider. Please install it with: pip install apache-airflow[cncf.kubernetes]
[2023-02-23 12:04:48,098] {processor.py:653} WARNING - No viable dags retrieved from /home/alura/Documents/Financeiro/venv/lib/python3.9/site-packages/airflow/example_dags/example_kubernetes_executor.py
[2023-02-23 12:04:48,103] {processor.py:161} INFO - Processing /home/alura/Documents/Financeiro/venv/lib/python3.9/site-packages/airflow/example_dags/example_kubernetes_executor.py took 0.014 seconds
[2023-02-23 12:05:20,617] {processor.py:153} INFO - Started process (PID=51324) to work on /home/alura/Documents/Financeiro/venv/lib/python3.9/site-packages/airflow/example_dags/example_kubernetes_executor.py
[2023-02-23 12:05:20,617] {processor.py:641} INFO - Processing file /home/alura/Documents/Financeiro/venv/lib/python3.9/site-packages/airflow/example_dags/example_kubernetes_executor.py for tasks to queue
[2023-02-23 12:05:20,618] {logging_mixin.py:115} INFO - [2023-02-23 12:05:20,618] {dagbag.py:507} INFO - Filling up the DagBag from /home/alura/Documents/Financeiro/venv/lib/python3.9/site-packages/airflow/example_dags/example_kubernetes_executor.py
[2023-02-23 12:05:20,625] {logging_mixin.py:115} INFO - [2023-02-23 12:05:20,625] {example_kubernetes_executor.py:39} WARNING - The example_kubernetes_executor example DAG requires the kubernetes provider. Please install it with: pip install apache-airflow[cncf.kubernetes]
[2023-02-23 12:05:20,625] {processor.py:653} WARNING - No viable dags retrieved from /home/alura/Documents/Financeiro/venv/lib/python3.9/site-packages/airflow/example_dags/example_kubernetes_executor.py
[2023-02-23 12:05:20,630] {processor.py:161} INFO - Processing /home/alura/Documents/Financeiro/venv/lib/python3.9/site-packages/airflow/example_dags/example_kubernetes_executor.py took 0.014 seconds
[2023-02-23 12:05:54,113] {processor.py:153} INFO - Started process (PID=51393) to work on /home/alura/Documents/Financeiro/venv/lib/python3.9/site-packages/airflow/example_dags/example_kubernetes_executor.py
[2023-02-23 12:05:54,113] {processor.py:641} INFO - Processing file /home/alura/Documents/Financeiro/venv/lib/python3.9/site-packages/airflow/example_dags/example_kubernetes_executor.py for tasks to queue
[2023-02-23 12:05:54,114] {logging_mixin.py:115} INFO - [2023-02-23 12:05:54,114] {dagbag.py:507} INFO - Filling up the DagBag from /home/alura/Documents/Financeiro/venv/lib/python3.9/site-packages/airflow/example_dags/example_kubernetes_executor.py
[2023-02-23 12:05:54,121] {logging_mixin.py:115} INFO - [2023-02-23 12:05:54,121] {example_kubernetes_executor.py:39} WARNING - The example_kubernetes_executor example DAG requires the kubernetes provider. Please install it with: pip install apache-airflow[cncf.kubernetes]
[2023-02-23 12:05:54,121] {processor.py:653} WARNING - No viable dags retrieved from /home/alura/Documents/Financeiro/venv/lib/python3.9/site-packages/airflow/example_dags/example_kubernetes_executor.py
[2023-02-23 12:05:54,126] {processor.py:161} INFO - Processing /home/alura/Documents/Financeiro/venv/lib/python3.9/site-packages/airflow/example_dags/example_kubernetes_executor.py took 0.015 seconds
[2023-02-23 12:06:25,526] {processor.py:153} INFO - Started process (PID=51452) to work on /home/alura/Documents/Financeiro/venv/lib/python3.9/site-packages/airflow/example_dags/example_kubernetes_executor.py
[2023-02-23 12:06:25,527] {processor.py:641} INFO - Processing file /home/alura/Documents/Financeiro/venv/lib/python3.9/site-packages/airflow/example_dags/example_kubernetes_executor.py for tasks to queue
[2023-02-23 12:06:25,527] {logging_mixin.py:115} INFO - [2023-02-23 12:06:25,527] {dagbag.py:507} INFO - Filling up the DagBag from /home/alura/Documents/Financeiro/venv/lib/python3.9/site-packages/airflow/example_dags/example_kubernetes_executor.py
[2023-02-23 12:06:25,535] {logging_mixin.py:115} INFO - [2023-02-23 12:06:25,535] {example_kubernetes_executor.py:39} WARNING - The example_kubernetes_executor example DAG requires the kubernetes provider. Please install it with: pip install apache-airflow[cncf.kubernetes]
[2023-02-23 12:06:25,535] {processor.py:653} WARNING - No viable dags retrieved from /home/alura/Documents/Financeiro/venv/lib/python3.9/site-packages/airflow/example_dags/example_kubernetes_executor.py
[2023-02-23 12:06:25,540] {processor.py:161} INFO - Processing /home/alura/Documents/Financeiro/venv/lib/python3.9/site-packages/airflow/example_dags/example_kubernetes_executor.py took 0.015 seconds
[2023-02-23 12:06:55,994] {processor.py:153} INFO - Started process (PID=51520) to work on /home/alura/Documents/Financeiro/venv/lib/python3.9/site-packages/airflow/example_dags/example_kubernetes_executor.py
[2023-02-23 12:06:55,995] {processor.py:641} INFO - Processing file /home/alura/Documents/Financeiro/venv/lib/python3.9/site-packages/airflow/example_dags/example_kubernetes_executor.py for tasks to queue
[2023-02-23 12:06:55,995] {logging_mixin.py:115} INFO - [2023-02-23 12:06:55,995] {dagbag.py:507} INFO - Filling up the DagBag from /home/alura/Documents/Financeiro/venv/lib/python3.9/site-packages/airflow/example_dags/example_kubernetes_executor.py
[2023-02-23 12:06:56,003] {logging_mixin.py:115} INFO - [2023-02-23 12:06:56,003] {example_kubernetes_executor.py:39} WARNING - The example_kubernetes_executor example DAG requires the kubernetes provider. Please install it with: pip install apache-airflow[cncf.kubernetes]
[2023-02-23 12:06:56,003] {processor.py:653} WARNING - No viable dags retrieved from /home/alura/Documents/Financeiro/venv/lib/python3.9/site-packages/airflow/example_dags/example_kubernetes_executor.py
[2023-02-23 12:06:56,010] {processor.py:161} INFO - Processing /home/alura/Documents/Financeiro/venv/lib/python3.9/site-packages/airflow/example_dags/example_kubernetes_executor.py took 0.017 seconds
[2023-02-23 12:07:29,956] {processor.py:153} INFO - Started process (PID=51587) to work on /home/alura/Documents/Financeiro/venv/lib/python3.9/site-packages/airflow/example_dags/example_kubernetes_executor.py
[2023-02-23 12:07:29,957] {processor.py:641} INFO - Processing file /home/alura/Documents/Financeiro/venv/lib/python3.9/site-packages/airflow/example_dags/example_kubernetes_executor.py for tasks to queue
[2023-02-23 12:07:29,957] {logging_mixin.py:115} INFO - [2023-02-23 12:07:29,957] {dagbag.py:507} INFO - Filling up the DagBag from /home/alura/Documents/Financeiro/venv/lib/python3.9/site-packages/airflow/example_dags/example_kubernetes_executor.py
[2023-02-23 12:07:29,965] {logging_mixin.py:115} INFO - [2023-02-23 12:07:29,964] {example_kubernetes_executor.py:39} WARNING - The example_kubernetes_executor example DAG requires the kubernetes provider. Please install it with: pip install apache-airflow[cncf.kubernetes]
[2023-02-23 12:07:29,965] {processor.py:653} WARNING - No viable dags retrieved from /home/alura/Documents/Financeiro/venv/lib/python3.9/site-packages/airflow/example_dags/example_kubernetes_executor.py
[2023-02-23 12:07:29,970] {processor.py:161} INFO - Processing /home/alura/Documents/Financeiro/venv/lib/python3.9/site-packages/airflow/example_dags/example_kubernetes_executor.py took 0.015 seconds
[2023-02-23 12:08:03,309] {processor.py:153} INFO - Started process (PID=51647) to work on /home/alura/Documents/Financeiro/venv/lib/python3.9/site-packages/airflow/example_dags/example_kubernetes_executor.py
[2023-02-23 12:08:03,310] {processor.py:641} INFO - Processing file /home/alura/Documents/Financeiro/venv/lib/python3.9/site-packages/airflow/example_dags/example_kubernetes_executor.py for tasks to queue
[2023-02-23 12:08:03,310] {logging_mixin.py:115} INFO - [2023-02-23 12:08:03,310] {dagbag.py:507} INFO - Filling up the DagBag from /home/alura/Documents/Financeiro/venv/lib/python3.9/site-packages/airflow/example_dags/example_kubernetes_executor.py
[2023-02-23 12:08:03,317] {logging_mixin.py:115} INFO - [2023-02-23 12:08:03,317] {example_kubernetes_executor.py:39} WARNING - The example_kubernetes_executor example DAG requires the kubernetes provider. Please install it with: pip install apache-airflow[cncf.kubernetes]
[2023-02-23 12:08:03,318] {processor.py:653} WARNING - No viable dags retrieved from /home/alura/Documents/Financeiro/venv/lib/python3.9/site-packages/airflow/example_dags/example_kubernetes_executor.py
[2023-02-23 12:08:03,323] {processor.py:161} INFO - Processing /home/alura/Documents/Financeiro/venv/lib/python3.9/site-packages/airflow/example_dags/example_kubernetes_executor.py took 0.015 seconds
[2023-02-23 12:46:43,538] {processor.py:153} INFO - Started process (PID=52455) to work on /home/alura/Documents/Financeiro/venv/lib/python3.9/site-packages/airflow/example_dags/example_kubernetes_executor.py
[2023-02-23 12:46:43,538] {processor.py:641} INFO - Processing file /home/alura/Documents/Financeiro/venv/lib/python3.9/site-packages/airflow/example_dags/example_kubernetes_executor.py for tasks to queue
[2023-02-23 12:46:43,539] {logging_mixin.py:115} INFO - [2023-02-23 12:46:43,539] {dagbag.py:507} INFO - Filling up the DagBag from /home/alura/Documents/Financeiro/venv/lib/python3.9/site-packages/airflow/example_dags/example_kubernetes_executor.py
[2023-02-23 12:46:43,547] {logging_mixin.py:115} INFO - [2023-02-23 12:46:43,547] {example_kubernetes_executor.py:39} WARNING - The example_kubernetes_executor example DAG requires the kubernetes provider. Please install it with: pip install apache-airflow[cncf.kubernetes]
[2023-02-23 12:46:43,547] {processor.py:653} WARNING - No viable dags retrieved from /home/alura/Documents/Financeiro/venv/lib/python3.9/site-packages/airflow/example_dags/example_kubernetes_executor.py
[2023-02-23 12:46:43,553] {processor.py:161} INFO - Processing /home/alura/Documents/Financeiro/venv/lib/python3.9/site-packages/airflow/example_dags/example_kubernetes_executor.py took 0.017 seconds
