[2023-02-23 12:00:25,596] {processor.py:153} INFO - Started process (PID=50476) to work on /home/alura/Documents/Financeiro/venv/lib/python3.9/site-packages/airflow/example_dags/example_task_group_decorator.py
[2023-02-23 12:00:25,596] {processor.py:641} INFO - Processing file /home/alura/Documents/Financeiro/venv/lib/python3.9/site-packages/airflow/example_dags/example_task_group_decorator.py for tasks to queue
[2023-02-23 12:00:25,597] {logging_mixin.py:115} INFO - [2023-02-23 12:00:25,597] {dagbag.py:507} INFO - Filling up the DagBag from /home/alura/Documents/Financeiro/venv/lib/python3.9/site-packages/airflow/example_dags/example_task_group_decorator.py
[2023-02-23 12:00:25,609] {processor.py:651} INFO - DAG(s) dict_keys(['example_task_group_decorator']) retrieved from /home/alura/Documents/Financeiro/venv/lib/python3.9/site-packages/airflow/example_dags/example_task_group_decorator.py
[2023-02-23 12:00:25,641] {logging_mixin.py:115} INFO - [2023-02-23 12:00:25,641] {manager.py:508} INFO - Created Permission View: can read on DAG:example_task_group_decorator
[2023-02-23 12:00:25,645] {logging_mixin.py:115} INFO - [2023-02-23 12:00:25,645] {manager.py:508} INFO - Created Permission View: can edit on DAG:example_task_group_decorator
[2023-02-23 12:00:25,648] {logging_mixin.py:115} INFO - [2023-02-23 12:00:25,648] {manager.py:508} INFO - Created Permission View: can delete on DAG:example_task_group_decorator
[2023-02-23 12:00:25,649] {logging_mixin.py:115} INFO - [2023-02-23 12:00:25,648] {dag.py:2379} INFO - Sync 1 DAGs
[2023-02-23 12:00:25,652] {logging_mixin.py:115} INFO - [2023-02-23 12:00:25,652] {dag.py:2398} INFO - Creating ORM DAG for example_task_group_decorator
[2023-02-23 12:00:25,657] {logging_mixin.py:115} INFO - [2023-02-23 12:00:25,657] {dag.py:2927} INFO - Setting next_dagrun for example_task_group_decorator to 2023-02-22T20:00:25.657064+00:00, run_after=2023-02-23T20:00:25.657064+00:00
[2023-02-23 12:00:25,664] {processor.py:161} INFO - Processing /home/alura/Documents/Financeiro/venv/lib/python3.9/site-packages/airflow/example_dags/example_task_group_decorator.py took 0.069 seconds
[2023-02-23 12:00:58,490] {processor.py:153} INFO - Started process (PID=50514) to work on /home/alura/Documents/Financeiro/venv/lib/python3.9/site-packages/airflow/example_dags/example_task_group_decorator.py
[2023-02-23 12:00:58,491] {processor.py:641} INFO - Processing file /home/alura/Documents/Financeiro/venv/lib/python3.9/site-packages/airflow/example_dags/example_task_group_decorator.py for tasks to queue
[2023-02-23 12:00:58,491] {logging_mixin.py:115} INFO - [2023-02-23 12:00:58,491] {dagbag.py:507} INFO - Filling up the DagBag from /home/alura/Documents/Financeiro/venv/lib/python3.9/site-packages/airflow/example_dags/example_task_group_decorator.py
[2023-02-23 12:00:58,503] {processor.py:651} INFO - DAG(s) dict_keys(['example_task_group_decorator']) retrieved from /home/alura/Documents/Financeiro/venv/lib/python3.9/site-packages/airflow/example_dags/example_task_group_decorator.py
[2023-02-23 12:00:58,527] {logging_mixin.py:115} INFO - [2023-02-23 12:00:58,527] {dag.py:2379} INFO - Sync 1 DAGs
[2023-02-23 12:00:58,534] {logging_mixin.py:115} INFO - [2023-02-23 12:00:58,534] {dag.py:2927} INFO - Setting next_dagrun for example_task_group_decorator to 2023-02-22T20:00:58.534385+00:00, run_after=2023-02-23T20:00:58.534385+00:00
[2023-02-23 12:00:58,541] {processor.py:161} INFO - Processing /home/alura/Documents/Financeiro/venv/lib/python3.9/site-packages/airflow/example_dags/example_task_group_decorator.py took 0.052 seconds
[2023-02-23 12:01:31,120] {processor.py:153} INFO - Started process (PID=50549) to work on /home/alura/Documents/Financeiro/venv/lib/python3.9/site-packages/airflow/example_dags/example_task_group_decorator.py
[2023-02-23 12:01:31,120] {processor.py:641} INFO - Processing file /home/alura/Documents/Financeiro/venv/lib/python3.9/site-packages/airflow/example_dags/example_task_group_decorator.py for tasks to queue
[2023-02-23 12:01:31,120] {logging_mixin.py:115} INFO - [2023-02-23 12:01:31,120] {dagbag.py:507} INFO - Filling up the DagBag from /home/alura/Documents/Financeiro/venv/lib/python3.9/site-packages/airflow/example_dags/example_task_group_decorator.py
[2023-02-23 12:01:31,132] {processor.py:651} INFO - DAG(s) dict_keys(['example_task_group_decorator']) retrieved from /home/alura/Documents/Financeiro/venv/lib/python3.9/site-packages/airflow/example_dags/example_task_group_decorator.py
[2023-02-23 12:01:31,155] {logging_mixin.py:115} INFO - [2023-02-23 12:01:31,155] {dag.py:2379} INFO - Sync 1 DAGs
[2023-02-23 12:01:31,162] {logging_mixin.py:115} INFO - [2023-02-23 12:01:31,162] {dag.py:2927} INFO - Setting next_dagrun for example_task_group_decorator to 2023-02-22T20:01:31.162052+00:00, run_after=2023-02-23T20:01:31.162052+00:00
[2023-02-23 12:01:31,169] {processor.py:161} INFO - Processing /home/alura/Documents/Financeiro/venv/lib/python3.9/site-packages/airflow/example_dags/example_task_group_decorator.py took 0.051 seconds
[2023-02-23 12:02:03,030] {processor.py:153} INFO - Started process (PID=50937) to work on /home/alura/Documents/Financeiro/venv/lib/python3.9/site-packages/airflow/example_dags/example_task_group_decorator.py
[2023-02-23 12:02:03,030] {processor.py:641} INFO - Processing file /home/alura/Documents/Financeiro/venv/lib/python3.9/site-packages/airflow/example_dags/example_task_group_decorator.py for tasks to queue
[2023-02-23 12:02:03,030] {logging_mixin.py:115} INFO - [2023-02-23 12:02:03,030] {dagbag.py:507} INFO - Filling up the DagBag from /home/alura/Documents/Financeiro/venv/lib/python3.9/site-packages/airflow/example_dags/example_task_group_decorator.py
[2023-02-23 12:02:03,044] {processor.py:651} INFO - DAG(s) dict_keys(['example_task_group_decorator']) retrieved from /home/alura/Documents/Financeiro/venv/lib/python3.9/site-packages/airflow/example_dags/example_task_group_decorator.py
[2023-02-23 12:02:03,071] {logging_mixin.py:115} INFO - [2023-02-23 12:02:03,071] {dag.py:2379} INFO - Sync 1 DAGs
[2023-02-23 12:02:03,080] {logging_mixin.py:115} INFO - [2023-02-23 12:02:03,080] {dag.py:2927} INFO - Setting next_dagrun for example_task_group_decorator to 2023-02-22T20:02:03.080402+00:00, run_after=2023-02-23T20:02:03.080402+00:00
[2023-02-23 12:02:03,090] {processor.py:161} INFO - Processing /home/alura/Documents/Financeiro/venv/lib/python3.9/site-packages/airflow/example_dags/example_task_group_decorator.py took 0.062 seconds
[2023-02-23 12:02:36,056] {processor.py:153} INFO - Started process (PID=51013) to work on /home/alura/Documents/Financeiro/venv/lib/python3.9/site-packages/airflow/example_dags/example_task_group_decorator.py
[2023-02-23 12:02:36,057] {processor.py:641} INFO - Processing file /home/alura/Documents/Financeiro/venv/lib/python3.9/site-packages/airflow/example_dags/example_task_group_decorator.py for tasks to queue
[2023-02-23 12:02:36,057] {logging_mixin.py:115} INFO - [2023-02-23 12:02:36,057] {dagbag.py:507} INFO - Filling up the DagBag from /home/alura/Documents/Financeiro/venv/lib/python3.9/site-packages/airflow/example_dags/example_task_group_decorator.py
[2023-02-23 12:02:36,069] {processor.py:651} INFO - DAG(s) dict_keys(['example_task_group_decorator']) retrieved from /home/alura/Documents/Financeiro/venv/lib/python3.9/site-packages/airflow/example_dags/example_task_group_decorator.py
[2023-02-23 12:02:36,091] {logging_mixin.py:115} INFO - [2023-02-23 12:02:36,091] {dag.py:2379} INFO - Sync 1 DAGs
[2023-02-23 12:02:36,098] {logging_mixin.py:115} INFO - [2023-02-23 12:02:36,098] {dag.py:2927} INFO - Setting next_dagrun for example_task_group_decorator to 2023-02-22T20:02:36.098353+00:00, run_after=2023-02-23T20:02:36.098353+00:00
[2023-02-23 12:02:36,105] {processor.py:161} INFO - Processing /home/alura/Documents/Financeiro/venv/lib/python3.9/site-packages/airflow/example_dags/example_task_group_decorator.py took 0.050 seconds
[2023-02-23 12:03:10,116] {processor.py:153} INFO - Started process (PID=51079) to work on /home/alura/Documents/Financeiro/venv/lib/python3.9/site-packages/airflow/example_dags/example_task_group_decorator.py
[2023-02-23 12:03:10,117] {processor.py:641} INFO - Processing file /home/alura/Documents/Financeiro/venv/lib/python3.9/site-packages/airflow/example_dags/example_task_group_decorator.py for tasks to queue
[2023-02-23 12:03:10,117] {logging_mixin.py:115} INFO - [2023-02-23 12:03:10,117] {dagbag.py:507} INFO - Filling up the DagBag from /home/alura/Documents/Financeiro/venv/lib/python3.9/site-packages/airflow/example_dags/example_task_group_decorator.py
[2023-02-23 12:03:10,129] {processor.py:651} INFO - DAG(s) dict_keys(['example_task_group_decorator']) retrieved from /home/alura/Documents/Financeiro/venv/lib/python3.9/site-packages/airflow/example_dags/example_task_group_decorator.py
[2023-02-23 12:03:10,152] {logging_mixin.py:115} INFO - [2023-02-23 12:03:10,152] {dag.py:2379} INFO - Sync 1 DAGs
[2023-02-23 12:03:10,160] {logging_mixin.py:115} INFO - [2023-02-23 12:03:10,159] {dag.py:2927} INFO - Setting next_dagrun for example_task_group_decorator to 2023-02-22T20:03:10.159835+00:00, run_after=2023-02-23T20:03:10.159835+00:00
[2023-02-23 12:03:10,166] {processor.py:161} INFO - Processing /home/alura/Documents/Financeiro/venv/lib/python3.9/site-packages/airflow/example_dags/example_task_group_decorator.py took 0.051 seconds
[2023-02-23 12:03:40,493] {processor.py:153} INFO - Started process (PID=51136) to work on /home/alura/Documents/Financeiro/venv/lib/python3.9/site-packages/airflow/example_dags/example_task_group_decorator.py
[2023-02-23 12:03:40,493] {processor.py:641} INFO - Processing file /home/alura/Documents/Financeiro/venv/lib/python3.9/site-packages/airflow/example_dags/example_task_group_decorator.py for tasks to queue
[2023-02-23 12:03:40,494] {logging_mixin.py:115} INFO - [2023-02-23 12:03:40,494] {dagbag.py:507} INFO - Filling up the DagBag from /home/alura/Documents/Financeiro/venv/lib/python3.9/site-packages/airflow/example_dags/example_task_group_decorator.py
[2023-02-23 12:03:40,506] {processor.py:651} INFO - DAG(s) dict_keys(['example_task_group_decorator']) retrieved from /home/alura/Documents/Financeiro/venv/lib/python3.9/site-packages/airflow/example_dags/example_task_group_decorator.py
[2023-02-23 12:03:40,529] {logging_mixin.py:115} INFO - [2023-02-23 12:03:40,529] {dag.py:2379} INFO - Sync 1 DAGs
[2023-02-23 12:03:40,536] {logging_mixin.py:115} INFO - [2023-02-23 12:03:40,536] {dag.py:2927} INFO - Setting next_dagrun for example_task_group_decorator to 2023-02-22T20:03:40.536351+00:00, run_after=2023-02-23T20:03:40.536351+00:00
[2023-02-23 12:03:40,544] {processor.py:161} INFO - Processing /home/alura/Documents/Financeiro/venv/lib/python3.9/site-packages/airflow/example_dags/example_task_group_decorator.py took 0.052 seconds
[2023-02-23 12:04:15,181] {processor.py:153} INFO - Started process (PID=51201) to work on /home/alura/Documents/Financeiro/venv/lib/python3.9/site-packages/airflow/example_dags/example_task_group_decorator.py
[2023-02-23 12:04:15,182] {processor.py:641} INFO - Processing file /home/alura/Documents/Financeiro/venv/lib/python3.9/site-packages/airflow/example_dags/example_task_group_decorator.py for tasks to queue
[2023-02-23 12:04:15,182] {logging_mixin.py:115} INFO - [2023-02-23 12:04:15,182] {dagbag.py:507} INFO - Filling up the DagBag from /home/alura/Documents/Financeiro/venv/lib/python3.9/site-packages/airflow/example_dags/example_task_group_decorator.py
[2023-02-23 12:04:15,194] {processor.py:651} INFO - DAG(s) dict_keys(['example_task_group_decorator']) retrieved from /home/alura/Documents/Financeiro/venv/lib/python3.9/site-packages/airflow/example_dags/example_task_group_decorator.py
[2023-02-23 12:04:15,218] {logging_mixin.py:115} INFO - [2023-02-23 12:04:15,218] {dag.py:2379} INFO - Sync 1 DAGs
[2023-02-23 12:04:15,226] {logging_mixin.py:115} INFO - [2023-02-23 12:04:15,226] {dag.py:2927} INFO - Setting next_dagrun for example_task_group_decorator to 2023-02-22T20:04:15.226086+00:00, run_after=2023-02-23T20:04:15.226086+00:00
[2023-02-23 12:04:15,233] {processor.py:161} INFO - Processing /home/alura/Documents/Financeiro/venv/lib/python3.9/site-packages/airflow/example_dags/example_task_group_decorator.py took 0.053 seconds
[2023-02-23 12:04:49,214] {processor.py:153} INFO - Started process (PID=51263) to work on /home/alura/Documents/Financeiro/venv/lib/python3.9/site-packages/airflow/example_dags/example_task_group_decorator.py
[2023-02-23 12:04:49,215] {processor.py:641} INFO - Processing file /home/alura/Documents/Financeiro/venv/lib/python3.9/site-packages/airflow/example_dags/example_task_group_decorator.py for tasks to queue
[2023-02-23 12:04:49,215] {logging_mixin.py:115} INFO - [2023-02-23 12:04:49,215] {dagbag.py:507} INFO - Filling up the DagBag from /home/alura/Documents/Financeiro/venv/lib/python3.9/site-packages/airflow/example_dags/example_task_group_decorator.py
[2023-02-23 12:04:49,227] {processor.py:651} INFO - DAG(s) dict_keys(['example_task_group_decorator']) retrieved from /home/alura/Documents/Financeiro/venv/lib/python3.9/site-packages/airflow/example_dags/example_task_group_decorator.py
[2023-02-23 12:04:49,235] {logging_mixin.py:115} INFO - [2023-02-23 12:04:49,235] {dag.py:2379} INFO - Sync 1 DAGs
[2023-02-23 12:04:49,244] {logging_mixin.py:115} INFO - [2023-02-23 12:04:49,244] {dag.py:2927} INFO - Setting next_dagrun for example_task_group_decorator to 2023-02-22T20:04:49.244126+00:00, run_after=2023-02-23T20:04:49.244126+00:00
[2023-02-23 12:04:49,250] {processor.py:161} INFO - Processing /home/alura/Documents/Financeiro/venv/lib/python3.9/site-packages/airflow/example_dags/example_task_group_decorator.py took 0.038 seconds
[2023-02-23 12:05:21,481] {processor.py:153} INFO - Started process (PID=51325) to work on /home/alura/Documents/Financeiro/venv/lib/python3.9/site-packages/airflow/example_dags/example_task_group_decorator.py
[2023-02-23 12:05:21,482] {processor.py:641} INFO - Processing file /home/alura/Documents/Financeiro/venv/lib/python3.9/site-packages/airflow/example_dags/example_task_group_decorator.py for tasks to queue
[2023-02-23 12:05:21,482] {logging_mixin.py:115} INFO - [2023-02-23 12:05:21,482] {dagbag.py:507} INFO - Filling up the DagBag from /home/alura/Documents/Financeiro/venv/lib/python3.9/site-packages/airflow/example_dags/example_task_group_decorator.py
[2023-02-23 12:05:21,494] {processor.py:651} INFO - DAG(s) dict_keys(['example_task_group_decorator']) retrieved from /home/alura/Documents/Financeiro/venv/lib/python3.9/site-packages/airflow/example_dags/example_task_group_decorator.py
[2023-02-23 12:05:21,517] {logging_mixin.py:115} INFO - [2023-02-23 12:05:21,517] {dag.py:2379} INFO - Sync 1 DAGs
[2023-02-23 12:05:21,524] {logging_mixin.py:115} INFO - [2023-02-23 12:05:21,524] {dag.py:2927} INFO - Setting next_dagrun for example_task_group_decorator to 2023-02-22T20:05:21.524471+00:00, run_after=2023-02-23T20:05:21.524471+00:00
[2023-02-23 12:05:21,532] {processor.py:161} INFO - Processing /home/alura/Documents/Financeiro/venv/lib/python3.9/site-packages/airflow/example_dags/example_task_group_decorator.py took 0.053 seconds
[2023-02-23 12:05:55,237] {processor.py:153} INFO - Started process (PID=51394) to work on /home/alura/Documents/Financeiro/venv/lib/python3.9/site-packages/airflow/example_dags/example_task_group_decorator.py
[2023-02-23 12:05:55,237] {processor.py:641} INFO - Processing file /home/alura/Documents/Financeiro/venv/lib/python3.9/site-packages/airflow/example_dags/example_task_group_decorator.py for tasks to queue
[2023-02-23 12:05:55,237] {logging_mixin.py:115} INFO - [2023-02-23 12:05:55,237] {dagbag.py:507} INFO - Filling up the DagBag from /home/alura/Documents/Financeiro/venv/lib/python3.9/site-packages/airflow/example_dags/example_task_group_decorator.py
[2023-02-23 12:05:55,249] {processor.py:651} INFO - DAG(s) dict_keys(['example_task_group_decorator']) retrieved from /home/alura/Documents/Financeiro/venv/lib/python3.9/site-packages/airflow/example_dags/example_task_group_decorator.py
[2023-02-23 12:05:55,259] {logging_mixin.py:115} INFO - [2023-02-23 12:05:55,258] {dag.py:2379} INFO - Sync 1 DAGs
[2023-02-23 12:05:55,267] {logging_mixin.py:115} INFO - [2023-02-23 12:05:55,267] {dag.py:2927} INFO - Setting next_dagrun for example_task_group_decorator to 2023-02-22T20:05:55.267079+00:00, run_after=2023-02-23T20:05:55.267079+00:00
[2023-02-23 12:05:55,273] {processor.py:161} INFO - Processing /home/alura/Documents/Financeiro/venv/lib/python3.9/site-packages/airflow/example_dags/example_task_group_decorator.py took 0.038 seconds
[2023-02-23 12:06:25,735] {processor.py:153} INFO - Started process (PID=51453) to work on /home/alura/Documents/Financeiro/venv/lib/python3.9/site-packages/airflow/example_dags/example_task_group_decorator.py
[2023-02-23 12:06:25,735] {processor.py:641} INFO - Processing file /home/alura/Documents/Financeiro/venv/lib/python3.9/site-packages/airflow/example_dags/example_task_group_decorator.py for tasks to queue
[2023-02-23 12:06:25,735] {logging_mixin.py:115} INFO - [2023-02-23 12:06:25,735] {dagbag.py:507} INFO - Filling up the DagBag from /home/alura/Documents/Financeiro/venv/lib/python3.9/site-packages/airflow/example_dags/example_task_group_decorator.py
[2023-02-23 12:06:25,747] {processor.py:651} INFO - DAG(s) dict_keys(['example_task_group_decorator']) retrieved from /home/alura/Documents/Financeiro/venv/lib/python3.9/site-packages/airflow/example_dags/example_task_group_decorator.py
[2023-02-23 12:06:25,756] {logging_mixin.py:115} INFO - [2023-02-23 12:06:25,756] {dag.py:2379} INFO - Sync 1 DAGs
[2023-02-23 12:06:25,764] {logging_mixin.py:115} INFO - [2023-02-23 12:06:25,764] {dag.py:2927} INFO - Setting next_dagrun for example_task_group_decorator to 2023-02-22T20:06:25.764258+00:00, run_after=2023-02-23T20:06:25.764258+00:00
[2023-02-23 12:06:25,771] {processor.py:161} INFO - Processing /home/alura/Documents/Financeiro/venv/lib/python3.9/site-packages/airflow/example_dags/example_task_group_decorator.py took 0.038 seconds
[2023-02-23 12:06:57,119] {processor.py:153} INFO - Started process (PID=51521) to work on /home/alura/Documents/Financeiro/venv/lib/python3.9/site-packages/airflow/example_dags/example_task_group_decorator.py
[2023-02-23 12:06:57,120] {processor.py:641} INFO - Processing file /home/alura/Documents/Financeiro/venv/lib/python3.9/site-packages/airflow/example_dags/example_task_group_decorator.py for tasks to queue
[2023-02-23 12:06:57,120] {logging_mixin.py:115} INFO - [2023-02-23 12:06:57,120] {dagbag.py:507} INFO - Filling up the DagBag from /home/alura/Documents/Financeiro/venv/lib/python3.9/site-packages/airflow/example_dags/example_task_group_decorator.py
[2023-02-23 12:06:57,132] {processor.py:651} INFO - DAG(s) dict_keys(['example_task_group_decorator']) retrieved from /home/alura/Documents/Financeiro/venv/lib/python3.9/site-packages/airflow/example_dags/example_task_group_decorator.py
[2023-02-23 12:06:57,141] {logging_mixin.py:115} INFO - [2023-02-23 12:06:57,140] {dag.py:2379} INFO - Sync 1 DAGs
[2023-02-23 12:06:57,149] {logging_mixin.py:115} INFO - [2023-02-23 12:06:57,149] {dag.py:2927} INFO - Setting next_dagrun for example_task_group_decorator to 2023-02-22T20:06:57.149337+00:00, run_after=2023-02-23T20:06:57.149337+00:00
[2023-02-23 12:06:57,156] {processor.py:161} INFO - Processing /home/alura/Documents/Financeiro/venv/lib/python3.9/site-packages/airflow/example_dags/example_task_group_decorator.py took 0.038 seconds
[2023-02-23 12:07:31,080] {processor.py:153} INFO - Started process (PID=51588) to work on /home/alura/Documents/Financeiro/venv/lib/python3.9/site-packages/airflow/example_dags/example_task_group_decorator.py
[2023-02-23 12:07:31,081] {processor.py:641} INFO - Processing file /home/alura/Documents/Financeiro/venv/lib/python3.9/site-packages/airflow/example_dags/example_task_group_decorator.py for tasks to queue
[2023-02-23 12:07:31,081] {logging_mixin.py:115} INFO - [2023-02-23 12:07:31,081] {dagbag.py:507} INFO - Filling up the DagBag from /home/alura/Documents/Financeiro/venv/lib/python3.9/site-packages/airflow/example_dags/example_task_group_decorator.py
[2023-02-23 12:07:31,094] {processor.py:651} INFO - DAG(s) dict_keys(['example_task_group_decorator']) retrieved from /home/alura/Documents/Financeiro/venv/lib/python3.9/site-packages/airflow/example_dags/example_task_group_decorator.py
[2023-02-23 12:07:31,102] {logging_mixin.py:115} INFO - [2023-02-23 12:07:31,102] {dag.py:2379} INFO - Sync 1 DAGs
[2023-02-23 12:07:31,111] {logging_mixin.py:115} INFO - [2023-02-23 12:07:31,111] {dag.py:2927} INFO - Setting next_dagrun for example_task_group_decorator to 2023-02-22T20:07:31.111011+00:00, run_after=2023-02-23T20:07:31.111011+00:00
[2023-02-23 12:07:31,117] {processor.py:161} INFO - Processing /home/alura/Documents/Financeiro/venv/lib/python3.9/site-packages/airflow/example_dags/example_task_group_decorator.py took 0.038 seconds
[2023-02-23 12:08:04,435] {processor.py:153} INFO - Started process (PID=51653) to work on /home/alura/Documents/Financeiro/venv/lib/python3.9/site-packages/airflow/example_dags/example_task_group_decorator.py
[2023-02-23 12:08:04,435] {processor.py:641} INFO - Processing file /home/alura/Documents/Financeiro/venv/lib/python3.9/site-packages/airflow/example_dags/example_task_group_decorator.py for tasks to queue
[2023-02-23 12:08:04,435] {logging_mixin.py:115} INFO - [2023-02-23 12:08:04,435] {dagbag.py:507} INFO - Filling up the DagBag from /home/alura/Documents/Financeiro/venv/lib/python3.9/site-packages/airflow/example_dags/example_task_group_decorator.py
[2023-02-23 12:08:04,448] {processor.py:651} INFO - DAG(s) dict_keys(['example_task_group_decorator']) retrieved from /home/alura/Documents/Financeiro/venv/lib/python3.9/site-packages/airflow/example_dags/example_task_group_decorator.py
[2023-02-23 12:08:04,470] {logging_mixin.py:115} INFO - [2023-02-23 12:08:04,470] {dag.py:2379} INFO - Sync 1 DAGs
[2023-02-23 12:08:04,478] {logging_mixin.py:115} INFO - [2023-02-23 12:08:04,478] {dag.py:2927} INFO - Setting next_dagrun for example_task_group_decorator to 2023-02-22T20:08:04.478031+00:00, run_after=2023-02-23T20:08:04.478031+00:00
[2023-02-23 12:08:04,485] {processor.py:161} INFO - Processing /home/alura/Documents/Financeiro/venv/lib/python3.9/site-packages/airflow/example_dags/example_task_group_decorator.py took 0.052 seconds
[2023-02-23 12:46:44,663] {processor.py:153} INFO - Started process (PID=52462) to work on /home/alura/Documents/Financeiro/venv/lib/python3.9/site-packages/airflow/example_dags/example_task_group_decorator.py
[2023-02-23 12:46:44,664] {processor.py:641} INFO - Processing file /home/alura/Documents/Financeiro/venv/lib/python3.9/site-packages/airflow/example_dags/example_task_group_decorator.py for tasks to queue
[2023-02-23 12:46:44,664] {logging_mixin.py:115} INFO - [2023-02-23 12:46:44,664] {dagbag.py:507} INFO - Filling up the DagBag from /home/alura/Documents/Financeiro/venv/lib/python3.9/site-packages/airflow/example_dags/example_task_group_decorator.py
[2023-02-23 12:46:44,678] {processor.py:651} INFO - DAG(s) dict_keys(['example_task_group_decorator']) retrieved from /home/alura/Documents/Financeiro/venv/lib/python3.9/site-packages/airflow/example_dags/example_task_group_decorator.py
[2023-02-23 12:46:44,712] {logging_mixin.py:115} INFO - [2023-02-23 12:46:44,712] {dag.py:2379} INFO - Sync 1 DAGs
[2023-02-23 12:46:44,721] {logging_mixin.py:115} INFO - [2023-02-23 12:46:44,721] {dag.py:2927} INFO - Setting next_dagrun for example_task_group_decorator to 2023-02-22T20:46:44.721350+00:00, run_after=2023-02-23T20:46:44.721350+00:00
[2023-02-23 12:46:44,730] {processor.py:161} INFO - Processing /home/alura/Documents/Financeiro/venv/lib/python3.9/site-packages/airflow/example_dags/example_task_group_decorator.py took 0.068 seconds
