[2023-02-23 12:00:15,340] {processor.py:153} INFO - Started process (PID=50464) to work on /home/alura/Documents/Financeiro/venv/lib/python3.9/site-packages/airflow/example_dags/example_dag_decorator.py
[2023-02-23 12:00:15,340] {processor.py:641} INFO - Processing file /home/alura/Documents/Financeiro/venv/lib/python3.9/site-packages/airflow/example_dags/example_dag_decorator.py for tasks to queue
[2023-02-23 12:00:15,341] {logging_mixin.py:115} INFO - [2023-02-23 12:00:15,340] {dagbag.py:507} INFO - Filling up the DagBag from /home/alura/Documents/Financeiro/venv/lib/python3.9/site-packages/airflow/example_dags/example_dag_decorator.py
[2023-02-23 12:00:15,354] {processor.py:651} INFO - DAG(s) dict_keys(['example_dag_decorator']) retrieved from /home/alura/Documents/Financeiro/venv/lib/python3.9/site-packages/airflow/example_dags/example_dag_decorator.py
[2023-02-23 12:00:15,386] {logging_mixin.py:115} INFO - [2023-02-23 12:00:15,386] {manager.py:508} INFO - Created Permission View: can read on DAG:example_dag_decorator
[2023-02-23 12:00:15,391] {logging_mixin.py:115} INFO - [2023-02-23 12:00:15,391] {manager.py:508} INFO - Created Permission View: can edit on DAG:example_dag_decorator
[2023-02-23 12:00:15,395] {logging_mixin.py:115} INFO - [2023-02-23 12:00:15,395] {manager.py:508} INFO - Created Permission View: can delete on DAG:example_dag_decorator
[2023-02-23 12:00:15,395] {logging_mixin.py:115} INFO - [2023-02-23 12:00:15,395] {dag.py:2379} INFO - Sync 1 DAGs
[2023-02-23 12:00:15,399] {logging_mixin.py:115} INFO - [2023-02-23 12:00:15,399] {dag.py:2398} INFO - Creating ORM DAG for example_dag_decorator
[2023-02-23 12:00:15,403] {logging_mixin.py:115} INFO - [2023-02-23 12:00:15,403] {dag.py:2927} INFO - Setting next_dagrun for example_dag_decorator to None, run_after=None
[2023-02-23 12:00:15,411] {processor.py:161} INFO - Processing /home/alura/Documents/Financeiro/venv/lib/python3.9/site-packages/airflow/example_dags/example_dag_decorator.py took 0.073 seconds
[2023-02-23 12:00:46,116] {processor.py:153} INFO - Started process (PID=50502) to work on /home/alura/Documents/Financeiro/venv/lib/python3.9/site-packages/airflow/example_dags/example_dag_decorator.py
[2023-02-23 12:00:46,117] {processor.py:641} INFO - Processing file /home/alura/Documents/Financeiro/venv/lib/python3.9/site-packages/airflow/example_dags/example_dag_decorator.py for tasks to queue
[2023-02-23 12:00:46,117] {logging_mixin.py:115} INFO - [2023-02-23 12:00:46,117] {dagbag.py:507} INFO - Filling up the DagBag from /home/alura/Documents/Financeiro/venv/lib/python3.9/site-packages/airflow/example_dags/example_dag_decorator.py
[2023-02-23 12:00:46,128] {processor.py:651} INFO - DAG(s) dict_keys(['example_dag_decorator']) retrieved from /home/alura/Documents/Financeiro/venv/lib/python3.9/site-packages/airflow/example_dags/example_dag_decorator.py
[2023-02-23 12:00:46,149] {logging_mixin.py:115} INFO - [2023-02-23 12:00:46,149] {dag.py:2379} INFO - Sync 1 DAGs
[2023-02-23 12:00:46,156] {logging_mixin.py:115} INFO - [2023-02-23 12:00:46,156] {dag.py:2927} INFO - Setting next_dagrun for example_dag_decorator to None, run_after=None
[2023-02-23 12:00:46,163] {processor.py:161} INFO - Processing /home/alura/Documents/Financeiro/venv/lib/python3.9/site-packages/airflow/example_dags/example_dag_decorator.py took 0.048 seconds
[2023-02-23 12:01:19,777] {processor.py:153} INFO - Started process (PID=50537) to work on /home/alura/Documents/Financeiro/venv/lib/python3.9/site-packages/airflow/example_dags/example_dag_decorator.py
[2023-02-23 12:01:19,777] {processor.py:641} INFO - Processing file /home/alura/Documents/Financeiro/venv/lib/python3.9/site-packages/airflow/example_dags/example_dag_decorator.py for tasks to queue
[2023-02-23 12:01:19,777] {logging_mixin.py:115} INFO - [2023-02-23 12:01:19,777] {dagbag.py:507} INFO - Filling up the DagBag from /home/alura/Documents/Financeiro/venv/lib/python3.9/site-packages/airflow/example_dags/example_dag_decorator.py
[2023-02-23 12:01:19,789] {processor.py:651} INFO - DAG(s) dict_keys(['example_dag_decorator']) retrieved from /home/alura/Documents/Financeiro/venv/lib/python3.9/site-packages/airflow/example_dags/example_dag_decorator.py
[2023-02-23 12:01:19,810] {logging_mixin.py:115} INFO - [2023-02-23 12:01:19,810] {dag.py:2379} INFO - Sync 1 DAGs
[2023-02-23 12:01:19,817] {logging_mixin.py:115} INFO - [2023-02-23 12:01:19,817] {dag.py:2927} INFO - Setting next_dagrun for example_dag_decorator to None, run_after=None
[2023-02-23 12:01:19,824] {processor.py:161} INFO - Processing /home/alura/Documents/Financeiro/venv/lib/python3.9/site-packages/airflow/example_dags/example_dag_decorator.py took 0.049 seconds
[2023-02-23 12:01:51,644] {processor.py:153} INFO - Started process (PID=50870) to work on /home/alura/Documents/Financeiro/venv/lib/python3.9/site-packages/airflow/example_dags/example_dag_decorator.py
[2023-02-23 12:01:51,645] {processor.py:641} INFO - Processing file /home/alura/Documents/Financeiro/venv/lib/python3.9/site-packages/airflow/example_dags/example_dag_decorator.py for tasks to queue
[2023-02-23 12:01:51,645] {logging_mixin.py:115} INFO - [2023-02-23 12:01:51,645] {dagbag.py:507} INFO - Filling up the DagBag from /home/alura/Documents/Financeiro/venv/lib/python3.9/site-packages/airflow/example_dags/example_dag_decorator.py
[2023-02-23 12:01:51,658] {processor.py:651} INFO - DAG(s) dict_keys(['example_dag_decorator']) retrieved from /home/alura/Documents/Financeiro/venv/lib/python3.9/site-packages/airflow/example_dags/example_dag_decorator.py
[2023-02-23 12:01:51,667] {logging_mixin.py:115} INFO - [2023-02-23 12:01:51,667] {dag.py:2379} INFO - Sync 1 DAGs
[2023-02-23 12:01:51,676] {logging_mixin.py:115} INFO - [2023-02-23 12:01:51,676] {dag.py:2927} INFO - Setting next_dagrun for example_dag_decorator to None, run_after=None
[2023-02-23 12:01:51,684] {processor.py:161} INFO - Processing /home/alura/Documents/Financeiro/venv/lib/python3.9/site-packages/airflow/example_dags/example_dag_decorator.py took 0.041 seconds
[2023-02-23 12:02:23,880] {processor.py:153} INFO - Started process (PID=50983) to work on /home/alura/Documents/Financeiro/venv/lib/python3.9/site-packages/airflow/example_dags/example_dag_decorator.py
[2023-02-23 12:02:23,881] {processor.py:641} INFO - Processing file /home/alura/Documents/Financeiro/venv/lib/python3.9/site-packages/airflow/example_dags/example_dag_decorator.py for tasks to queue
[2023-02-23 12:02:23,881] {logging_mixin.py:115} INFO - [2023-02-23 12:02:23,881] {dagbag.py:507} INFO - Filling up the DagBag from /home/alura/Documents/Financeiro/venv/lib/python3.9/site-packages/airflow/example_dags/example_dag_decorator.py
[2023-02-23 12:02:23,892] {processor.py:651} INFO - DAG(s) dict_keys(['example_dag_decorator']) retrieved from /home/alura/Documents/Financeiro/venv/lib/python3.9/site-packages/airflow/example_dags/example_dag_decorator.py
[2023-02-23 12:02:23,914] {logging_mixin.py:115} INFO - [2023-02-23 12:02:23,914] {dag.py:2379} INFO - Sync 1 DAGs
[2023-02-23 12:02:23,922] {logging_mixin.py:115} INFO - [2023-02-23 12:02:23,922] {dag.py:2927} INFO - Setting next_dagrun for example_dag_decorator to None, run_after=None
[2023-02-23 12:02:23,929] {processor.py:161} INFO - Processing /home/alura/Documents/Financeiro/venv/lib/python3.9/site-packages/airflow/example_dags/example_dag_decorator.py took 0.050 seconds
[2023-02-23 12:02:58,333] {processor.py:153} INFO - Started process (PID=51056) to work on /home/alura/Documents/Financeiro/venv/lib/python3.9/site-packages/airflow/example_dags/example_dag_decorator.py
[2023-02-23 12:02:58,333] {processor.py:641} INFO - Processing file /home/alura/Documents/Financeiro/venv/lib/python3.9/site-packages/airflow/example_dags/example_dag_decorator.py for tasks to queue
[2023-02-23 12:02:58,334] {logging_mixin.py:115} INFO - [2023-02-23 12:02:58,334] {dagbag.py:507} INFO - Filling up the DagBag from /home/alura/Documents/Financeiro/venv/lib/python3.9/site-packages/airflow/example_dags/example_dag_decorator.py
[2023-02-23 12:02:58,346] {processor.py:651} INFO - DAG(s) dict_keys(['example_dag_decorator']) retrieved from /home/alura/Documents/Financeiro/venv/lib/python3.9/site-packages/airflow/example_dags/example_dag_decorator.py
[2023-02-23 12:02:58,355] {logging_mixin.py:115} INFO - [2023-02-23 12:02:58,355] {dag.py:2379} INFO - Sync 1 DAGs
[2023-02-23 12:02:58,365] {logging_mixin.py:115} INFO - [2023-02-23 12:02:58,364] {dag.py:2927} INFO - Setting next_dagrun for example_dag_decorator to None, run_after=None
[2023-02-23 12:02:58,371] {processor.py:161} INFO - Processing /home/alura/Documents/Financeiro/venv/lib/python3.9/site-packages/airflow/example_dags/example_dag_decorator.py took 0.040 seconds
[2023-02-23 12:03:30,144] {processor.py:153} INFO - Started process (PID=51114) to work on /home/alura/Documents/Financeiro/venv/lib/python3.9/site-packages/airflow/example_dags/example_dag_decorator.py
[2023-02-23 12:03:30,144] {processor.py:641} INFO - Processing file /home/alura/Documents/Financeiro/venv/lib/python3.9/site-packages/airflow/example_dags/example_dag_decorator.py for tasks to queue
[2023-02-23 12:03:30,144] {logging_mixin.py:115} INFO - [2023-02-23 12:03:30,144] {dagbag.py:507} INFO - Filling up the DagBag from /home/alura/Documents/Financeiro/venv/lib/python3.9/site-packages/airflow/example_dags/example_dag_decorator.py
[2023-02-23 12:03:30,156] {processor.py:651} INFO - DAG(s) dict_keys(['example_dag_decorator']) retrieved from /home/alura/Documents/Financeiro/venv/lib/python3.9/site-packages/airflow/example_dags/example_dag_decorator.py
[2023-02-23 12:03:30,179] {logging_mixin.py:115} INFO - [2023-02-23 12:03:30,179] {dag.py:2379} INFO - Sync 1 DAGs
[2023-02-23 12:03:30,186] {logging_mixin.py:115} INFO - [2023-02-23 12:03:30,186] {dag.py:2927} INFO - Setting next_dagrun for example_dag_decorator to None, run_after=None
[2023-02-23 12:03:30,193] {processor.py:161} INFO - Processing /home/alura/Documents/Financeiro/venv/lib/python3.9/site-packages/airflow/example_dags/example_dag_decorator.py took 0.051 seconds
[2023-02-23 12:04:02,992] {processor.py:153} INFO - Started process (PID=51180) to work on /home/alura/Documents/Financeiro/venv/lib/python3.9/site-packages/airflow/example_dags/example_dag_decorator.py
[2023-02-23 12:04:02,993] {processor.py:641} INFO - Processing file /home/alura/Documents/Financeiro/venv/lib/python3.9/site-packages/airflow/example_dags/example_dag_decorator.py for tasks to queue
[2023-02-23 12:04:02,993] {logging_mixin.py:115} INFO - [2023-02-23 12:04:02,993] {dagbag.py:507} INFO - Filling up the DagBag from /home/alura/Documents/Financeiro/venv/lib/python3.9/site-packages/airflow/example_dags/example_dag_decorator.py
[2023-02-23 12:04:03,005] {processor.py:651} INFO - DAG(s) dict_keys(['example_dag_decorator']) retrieved from /home/alura/Documents/Financeiro/venv/lib/python3.9/site-packages/airflow/example_dags/example_dag_decorator.py
[2023-02-23 12:04:03,014] {logging_mixin.py:115} INFO - [2023-02-23 12:04:03,014] {dag.py:2379} INFO - Sync 1 DAGs
[2023-02-23 12:04:03,021] {logging_mixin.py:115} INFO - [2023-02-23 12:04:03,021] {dag.py:2927} INFO - Setting next_dagrun for example_dag_decorator to None, run_after=None
[2023-02-23 12:04:03,029] {processor.py:161} INFO - Processing /home/alura/Documents/Financeiro/venv/lib/python3.9/site-packages/airflow/example_dags/example_dag_decorator.py took 0.038 seconds
[2023-02-23 12:04:36,706] {processor.py:153} INFO - Started process (PID=51238) to work on /home/alura/Documents/Financeiro/venv/lib/python3.9/site-packages/airflow/example_dags/example_dag_decorator.py
[2023-02-23 12:04:36,707] {processor.py:641} INFO - Processing file /home/alura/Documents/Financeiro/venv/lib/python3.9/site-packages/airflow/example_dags/example_dag_decorator.py for tasks to queue
[2023-02-23 12:04:36,707] {logging_mixin.py:115} INFO - [2023-02-23 12:04:36,707] {dagbag.py:507} INFO - Filling up the DagBag from /home/alura/Documents/Financeiro/venv/lib/python3.9/site-packages/airflow/example_dags/example_dag_decorator.py
[2023-02-23 12:04:36,718] {processor.py:651} INFO - DAG(s) dict_keys(['example_dag_decorator']) retrieved from /home/alura/Documents/Financeiro/venv/lib/python3.9/site-packages/airflow/example_dags/example_dag_decorator.py
[2023-02-23 12:04:36,739] {logging_mixin.py:115} INFO - [2023-02-23 12:04:36,739] {dag.py:2379} INFO - Sync 1 DAGs
[2023-02-23 12:04:36,746] {logging_mixin.py:115} INFO - [2023-02-23 12:04:36,746] {dag.py:2927} INFO - Setting next_dagrun for example_dag_decorator to None, run_after=None
[2023-02-23 12:04:36,752] {processor.py:161} INFO - Processing /home/alura/Documents/Financeiro/venv/lib/python3.9/site-packages/airflow/example_dags/example_dag_decorator.py took 0.047 seconds
[2023-02-23 12:05:08,097] {processor.py:153} INFO - Started process (PID=51303) to work on /home/alura/Documents/Financeiro/venv/lib/python3.9/site-packages/airflow/example_dags/example_dag_decorator.py
[2023-02-23 12:05:08,097] {processor.py:641} INFO - Processing file /home/alura/Documents/Financeiro/venv/lib/python3.9/site-packages/airflow/example_dags/example_dag_decorator.py for tasks to queue
[2023-02-23 12:05:08,097] {logging_mixin.py:115} INFO - [2023-02-23 12:05:08,097] {dagbag.py:507} INFO - Filling up the DagBag from /home/alura/Documents/Financeiro/venv/lib/python3.9/site-packages/airflow/example_dags/example_dag_decorator.py
[2023-02-23 12:05:08,108] {processor.py:651} INFO - DAG(s) dict_keys(['example_dag_decorator']) retrieved from /home/alura/Documents/Financeiro/venv/lib/python3.9/site-packages/airflow/example_dags/example_dag_decorator.py
[2023-02-23 12:05:08,129] {logging_mixin.py:115} INFO - [2023-02-23 12:05:08,129] {dag.py:2379} INFO - Sync 1 DAGs
[2023-02-23 12:05:08,136] {logging_mixin.py:115} INFO - [2023-02-23 12:05:08,136] {dag.py:2927} INFO - Setting next_dagrun for example_dag_decorator to None, run_after=None
[2023-02-23 12:05:08,143] {processor.py:161} INFO - Processing /home/alura/Documents/Financeiro/venv/lib/python3.9/site-packages/airflow/example_dags/example_dag_decorator.py took 0.047 seconds
[2023-02-23 12:05:41,160] {processor.py:153} INFO - Started process (PID=51361) to work on /home/alura/Documents/Financeiro/venv/lib/python3.9/site-packages/airflow/example_dags/example_dag_decorator.py
[2023-02-23 12:05:41,161] {processor.py:641} INFO - Processing file /home/alura/Documents/Financeiro/venv/lib/python3.9/site-packages/airflow/example_dags/example_dag_decorator.py for tasks to queue
[2023-02-23 12:05:41,161] {logging_mixin.py:115} INFO - [2023-02-23 12:05:41,161] {dagbag.py:507} INFO - Filling up the DagBag from /home/alura/Documents/Financeiro/venv/lib/python3.9/site-packages/airflow/example_dags/example_dag_decorator.py
[2023-02-23 12:05:41,173] {processor.py:651} INFO - DAG(s) dict_keys(['example_dag_decorator']) retrieved from /home/alura/Documents/Financeiro/venv/lib/python3.9/site-packages/airflow/example_dags/example_dag_decorator.py
[2023-02-23 12:05:41,195] {logging_mixin.py:115} INFO - [2023-02-23 12:05:41,195] {dag.py:2379} INFO - Sync 1 DAGs
[2023-02-23 12:05:41,202] {logging_mixin.py:115} INFO - [2023-02-23 12:05:41,202] {dag.py:2927} INFO - Setting next_dagrun for example_dag_decorator to None, run_after=None
[2023-02-23 12:05:41,209] {processor.py:161} INFO - Processing /home/alura/Documents/Financeiro/venv/lib/python3.9/site-packages/airflow/example_dags/example_dag_decorator.py took 0.050 seconds
[2023-02-23 12:06:12,112] {processor.py:153} INFO - Started process (PID=51427) to work on /home/alura/Documents/Financeiro/venv/lib/python3.9/site-packages/airflow/example_dags/example_dag_decorator.py
[2023-02-23 12:06:12,113] {processor.py:641} INFO - Processing file /home/alura/Documents/Financeiro/venv/lib/python3.9/site-packages/airflow/example_dags/example_dag_decorator.py for tasks to queue
[2023-02-23 12:06:12,113] {logging_mixin.py:115} INFO - [2023-02-23 12:06:12,113] {dagbag.py:507} INFO - Filling up the DagBag from /home/alura/Documents/Financeiro/venv/lib/python3.9/site-packages/airflow/example_dags/example_dag_decorator.py
[2023-02-23 12:06:12,125] {processor.py:651} INFO - DAG(s) dict_keys(['example_dag_decorator']) retrieved from /home/alura/Documents/Financeiro/venv/lib/python3.9/site-packages/airflow/example_dags/example_dag_decorator.py
[2023-02-23 12:06:12,132] {logging_mixin.py:115} INFO - [2023-02-23 12:06:12,132] {dag.py:2379} INFO - Sync 1 DAGs
[2023-02-23 12:06:12,141] {logging_mixin.py:115} INFO - [2023-02-23 12:06:12,140] {dag.py:2927} INFO - Setting next_dagrun for example_dag_decorator to None, run_after=None
[2023-02-23 12:06:12,147] {processor.py:161} INFO - Processing /home/alura/Documents/Financeiro/venv/lib/python3.9/site-packages/airflow/example_dags/example_dag_decorator.py took 0.036 seconds
[2023-02-23 12:06:42,661] {processor.py:153} INFO - Started process (PID=51494) to work on /home/alura/Documents/Financeiro/venv/lib/python3.9/site-packages/airflow/example_dags/example_dag_decorator.py
[2023-02-23 12:06:42,662] {processor.py:641} INFO - Processing file /home/alura/Documents/Financeiro/venv/lib/python3.9/site-packages/airflow/example_dags/example_dag_decorator.py for tasks to queue
[2023-02-23 12:06:42,662] {logging_mixin.py:115} INFO - [2023-02-23 12:06:42,662] {dagbag.py:507} INFO - Filling up the DagBag from /home/alura/Documents/Financeiro/venv/lib/python3.9/site-packages/airflow/example_dags/example_dag_decorator.py
[2023-02-23 12:06:42,673] {processor.py:651} INFO - DAG(s) dict_keys(['example_dag_decorator']) retrieved from /home/alura/Documents/Financeiro/venv/lib/python3.9/site-packages/airflow/example_dags/example_dag_decorator.py
[2023-02-23 12:06:42,681] {logging_mixin.py:115} INFO - [2023-02-23 12:06:42,681] {dag.py:2379} INFO - Sync 1 DAGs
[2023-02-23 12:06:42,689] {logging_mixin.py:115} INFO - [2023-02-23 12:06:42,689] {dag.py:2927} INFO - Setting next_dagrun for example_dag_decorator to None, run_after=None
[2023-02-23 12:06:42,695] {processor.py:161} INFO - Processing /home/alura/Documents/Financeiro/venv/lib/python3.9/site-packages/airflow/example_dags/example_dag_decorator.py took 0.035 seconds
[2023-02-23 12:07:15,693] {processor.py:153} INFO - Started process (PID=51557) to work on /home/alura/Documents/Financeiro/venv/lib/python3.9/site-packages/airflow/example_dags/example_dag_decorator.py
[2023-02-23 12:07:15,693] {processor.py:641} INFO - Processing file /home/alura/Documents/Financeiro/venv/lib/python3.9/site-packages/airflow/example_dags/example_dag_decorator.py for tasks to queue
[2023-02-23 12:07:15,694] {logging_mixin.py:115} INFO - [2023-02-23 12:07:15,693] {dagbag.py:507} INFO - Filling up the DagBag from /home/alura/Documents/Financeiro/venv/lib/python3.9/site-packages/airflow/example_dags/example_dag_decorator.py
[2023-02-23 12:07:15,704] {processor.py:651} INFO - DAG(s) dict_keys(['example_dag_decorator']) retrieved from /home/alura/Documents/Financeiro/venv/lib/python3.9/site-packages/airflow/example_dags/example_dag_decorator.py
[2023-02-23 12:07:15,712] {logging_mixin.py:115} INFO - [2023-02-23 12:07:15,712] {dag.py:2379} INFO - Sync 1 DAGs
[2023-02-23 12:07:15,720] {logging_mixin.py:115} INFO - [2023-02-23 12:07:15,720] {dag.py:2927} INFO - Setting next_dagrun for example_dag_decorator to None, run_after=None
[2023-02-23 12:07:15,726] {processor.py:161} INFO - Processing /home/alura/Documents/Financeiro/venv/lib/python3.9/site-packages/airflow/example_dags/example_dag_decorator.py took 0.035 seconds
[2023-02-23 12:07:48,686] {processor.py:153} INFO - Started process (PID=51623) to work on /home/alura/Documents/Financeiro/venv/lib/python3.9/site-packages/airflow/example_dags/example_dag_decorator.py
[2023-02-23 12:07:48,686] {processor.py:641} INFO - Processing file /home/alura/Documents/Financeiro/venv/lib/python3.9/site-packages/airflow/example_dags/example_dag_decorator.py for tasks to queue
[2023-02-23 12:07:48,687] {logging_mixin.py:115} INFO - [2023-02-23 12:07:48,687] {dagbag.py:507} INFO - Filling up the DagBag from /home/alura/Documents/Financeiro/venv/lib/python3.9/site-packages/airflow/example_dags/example_dag_decorator.py
[2023-02-23 12:07:48,699] {processor.py:651} INFO - DAG(s) dict_keys(['example_dag_decorator']) retrieved from /home/alura/Documents/Financeiro/venv/lib/python3.9/site-packages/airflow/example_dags/example_dag_decorator.py
[2023-02-23 12:07:48,722] {logging_mixin.py:115} INFO - [2023-02-23 12:07:48,722] {dag.py:2379} INFO - Sync 1 DAGs
[2023-02-23 12:07:48,729] {logging_mixin.py:115} INFO - [2023-02-23 12:07:48,729] {dag.py:2927} INFO - Setting next_dagrun for example_dag_decorator to None, run_after=None
[2023-02-23 12:07:48,736] {processor.py:161} INFO - Processing /home/alura/Documents/Financeiro/venv/lib/python3.9/site-packages/airflow/example_dags/example_dag_decorator.py took 0.052 seconds
[2023-02-23 12:08:20,104] {processor.py:153} INFO - Started process (PID=51682) to work on /home/alura/Documents/Financeiro/venv/lib/python3.9/site-packages/airflow/example_dags/example_dag_decorator.py
[2023-02-23 12:08:20,104] {processor.py:641} INFO - Processing file /home/alura/Documents/Financeiro/venv/lib/python3.9/site-packages/airflow/example_dags/example_dag_decorator.py for tasks to queue
[2023-02-23 12:08:20,105] {logging_mixin.py:115} INFO - [2023-02-23 12:08:20,104] {dagbag.py:507} INFO - Filling up the DagBag from /home/alura/Documents/Financeiro/venv/lib/python3.9/site-packages/airflow/example_dags/example_dag_decorator.py
[2023-02-23 12:08:20,116] {processor.py:651} INFO - DAG(s) dict_keys(['example_dag_decorator']) retrieved from /home/alura/Documents/Financeiro/venv/lib/python3.9/site-packages/airflow/example_dags/example_dag_decorator.py
[2023-02-23 12:08:20,139] {logging_mixin.py:115} INFO - [2023-02-23 12:08:20,139] {dag.py:2379} INFO - Sync 1 DAGs
[2023-02-23 12:08:20,146] {logging_mixin.py:115} INFO - [2023-02-23 12:08:20,146] {dag.py:2927} INFO - Setting next_dagrun for example_dag_decorator to None, run_after=None
[2023-02-23 12:08:20,152] {processor.py:161} INFO - Processing /home/alura/Documents/Financeiro/venv/lib/python3.9/site-packages/airflow/example_dags/example_dag_decorator.py took 0.050 seconds
