[2023-02-23 12:00:12,724] {processor.py:153} INFO - Started process (PID=50461) to work on /home/alura/Documents/Financeiro/venv/lib/python3.9/site-packages/airflow/example_dags/example_complex.py
[2023-02-23 12:00:12,724] {processor.py:641} INFO - Processing file /home/alura/Documents/Financeiro/venv/lib/python3.9/site-packages/airflow/example_dags/example_complex.py for tasks to queue
[2023-02-23 12:00:12,725] {logging_mixin.py:115} INFO - [2023-02-23 12:00:12,725] {dagbag.py:507} INFO - Filling up the DagBag from /home/alura/Documents/Financeiro/venv/lib/python3.9/site-packages/airflow/example_dags/example_complex.py
[2023-02-23 12:00:12,730] {processor.py:651} INFO - DAG(s) dict_keys(['example_complex']) retrieved from /home/alura/Documents/Financeiro/venv/lib/python3.9/site-packages/airflow/example_dags/example_complex.py
[2023-02-23 12:00:12,763] {logging_mixin.py:115} INFO - [2023-02-23 12:00:12,763] {manager.py:508} INFO - Created Permission View: can read on DAG:example_complex
[2023-02-23 12:00:12,767] {logging_mixin.py:115} INFO - [2023-02-23 12:00:12,767] {manager.py:508} INFO - Created Permission View: can edit on DAG:example_complex
[2023-02-23 12:00:12,771] {logging_mixin.py:115} INFO - [2023-02-23 12:00:12,771] {manager.py:508} INFO - Created Permission View: can delete on DAG:example_complex
[2023-02-23 12:00:12,771] {logging_mixin.py:115} INFO - [2023-02-23 12:00:12,771] {dag.py:2379} INFO - Sync 1 DAGs
[2023-02-23 12:00:12,775] {logging_mixin.py:115} INFO - [2023-02-23 12:00:12,775] {dag.py:2398} INFO - Creating ORM DAG for example_complex
[2023-02-23 12:00:12,781] {logging_mixin.py:115} INFO - [2023-02-23 12:00:12,781] {dag.py:2927} INFO - Setting next_dagrun for example_complex to None, run_after=None
[2023-02-23 12:00:12,789] {processor.py:161} INFO - Processing /home/alura/Documents/Financeiro/venv/lib/python3.9/site-packages/airflow/example_dags/example_complex.py took 0.066 seconds
[2023-02-23 12:00:43,236] {processor.py:153} INFO - Started process (PID=50499) to work on /home/alura/Documents/Financeiro/venv/lib/python3.9/site-packages/airflow/example_dags/example_complex.py
[2023-02-23 12:00:43,236] {processor.py:641} INFO - Processing file /home/alura/Documents/Financeiro/venv/lib/python3.9/site-packages/airflow/example_dags/example_complex.py for tasks to queue
[2023-02-23 12:00:43,236] {logging_mixin.py:115} INFO - [2023-02-23 12:00:43,236] {dagbag.py:507} INFO - Filling up the DagBag from /home/alura/Documents/Financeiro/venv/lib/python3.9/site-packages/airflow/example_dags/example_complex.py
[2023-02-23 12:00:43,241] {processor.py:651} INFO - DAG(s) dict_keys(['example_complex']) retrieved from /home/alura/Documents/Financeiro/venv/lib/python3.9/site-packages/airflow/example_dags/example_complex.py
[2023-02-23 12:00:43,251] {logging_mixin.py:115} INFO - [2023-02-23 12:00:43,251] {dag.py:2379} INFO - Sync 1 DAGs
[2023-02-23 12:00:43,259] {logging_mixin.py:115} INFO - [2023-02-23 12:00:43,259] {dag.py:2927} INFO - Setting next_dagrun for example_complex to None, run_after=None
[2023-02-23 12:00:43,265] {processor.py:161} INFO - Processing /home/alura/Documents/Financeiro/venv/lib/python3.9/site-packages/airflow/example_dags/example_complex.py took 0.031 seconds
[2023-02-23 12:01:16,902] {processor.py:153} INFO - Started process (PID=50534) to work on /home/alura/Documents/Financeiro/venv/lib/python3.9/site-packages/airflow/example_dags/example_complex.py
[2023-02-23 12:01:16,902] {processor.py:641} INFO - Processing file /home/alura/Documents/Financeiro/venv/lib/python3.9/site-packages/airflow/example_dags/example_complex.py for tasks to queue
[2023-02-23 12:01:16,902] {logging_mixin.py:115} INFO - [2023-02-23 12:01:16,902] {dagbag.py:507} INFO - Filling up the DagBag from /home/alura/Documents/Financeiro/venv/lib/python3.9/site-packages/airflow/example_dags/example_complex.py
[2023-02-23 12:01:16,908] {processor.py:651} INFO - DAG(s) dict_keys(['example_complex']) retrieved from /home/alura/Documents/Financeiro/venv/lib/python3.9/site-packages/airflow/example_dags/example_complex.py
[2023-02-23 12:01:16,917] {logging_mixin.py:115} INFO - [2023-02-23 12:01:16,917] {dag.py:2379} INFO - Sync 1 DAGs
[2023-02-23 12:01:16,925] {logging_mixin.py:115} INFO - [2023-02-23 12:01:16,925] {dag.py:2927} INFO - Setting next_dagrun for example_complex to None, run_after=None
[2023-02-23 12:01:16,931] {processor.py:161} INFO - Processing /home/alura/Documents/Financeiro/venv/lib/python3.9/site-packages/airflow/example_dags/example_complex.py took 0.031 seconds
[2023-02-23 12:01:49,113] {processor.py:153} INFO - Started process (PID=50866) to work on /home/alura/Documents/Financeiro/venv/lib/python3.9/site-packages/airflow/example_dags/example_complex.py
[2023-02-23 12:01:49,114] {processor.py:641} INFO - Processing file /home/alura/Documents/Financeiro/venv/lib/python3.9/site-packages/airflow/example_dags/example_complex.py for tasks to queue
[2023-02-23 12:01:49,114] {logging_mixin.py:115} INFO - [2023-02-23 12:01:49,114] {dagbag.py:507} INFO - Filling up the DagBag from /home/alura/Documents/Financeiro/venv/lib/python3.9/site-packages/airflow/example_dags/example_complex.py
[2023-02-23 12:01:49,120] {processor.py:651} INFO - DAG(s) dict_keys(['example_complex']) retrieved from /home/alura/Documents/Financeiro/venv/lib/python3.9/site-packages/airflow/example_dags/example_complex.py
[2023-02-23 12:01:49,130] {logging_mixin.py:115} INFO - [2023-02-23 12:01:49,130] {dag.py:2379} INFO - Sync 1 DAGs
[2023-02-23 12:01:49,140] {logging_mixin.py:115} INFO - [2023-02-23 12:01:49,140] {dag.py:2927} INFO - Setting next_dagrun for example_complex to None, run_after=None
[2023-02-23 12:01:49,146] {processor.py:161} INFO - Processing /home/alura/Documents/Financeiro/venv/lib/python3.9/site-packages/airflow/example_dags/example_complex.py took 0.034 seconds
[2023-02-23 12:02:21,293] {processor.py:153} INFO - Started process (PID=50976) to work on /home/alura/Documents/Financeiro/venv/lib/python3.9/site-packages/airflow/example_dags/example_complex.py
[2023-02-23 12:02:21,294] {processor.py:641} INFO - Processing file /home/alura/Documents/Financeiro/venv/lib/python3.9/site-packages/airflow/example_dags/example_complex.py for tasks to queue
[2023-02-23 12:02:21,294] {logging_mixin.py:115} INFO - [2023-02-23 12:02:21,294] {dagbag.py:507} INFO - Filling up the DagBag from /home/alura/Documents/Financeiro/venv/lib/python3.9/site-packages/airflow/example_dags/example_complex.py
[2023-02-23 12:02:21,299] {processor.py:651} INFO - DAG(s) dict_keys(['example_complex']) retrieved from /home/alura/Documents/Financeiro/venv/lib/python3.9/site-packages/airflow/example_dags/example_complex.py
[2023-02-23 12:02:21,309] {logging_mixin.py:115} INFO - [2023-02-23 12:02:21,309] {dag.py:2379} INFO - Sync 1 DAGs
[2023-02-23 12:02:21,317] {logging_mixin.py:115} INFO - [2023-02-23 12:02:21,317] {dag.py:2927} INFO - Setting next_dagrun for example_complex to None, run_after=None
[2023-02-23 12:02:21,323] {processor.py:161} INFO - Processing /home/alura/Documents/Financeiro/venv/lib/python3.9/site-packages/airflow/example_dags/example_complex.py took 0.032 seconds
[2023-02-23 12:02:54,063] {processor.py:153} INFO - Started process (PID=51048) to work on /home/alura/Documents/Financeiro/venv/lib/python3.9/site-packages/airflow/example_dags/example_complex.py
[2023-02-23 12:02:54,064] {processor.py:641} INFO - Processing file /home/alura/Documents/Financeiro/venv/lib/python3.9/site-packages/airflow/example_dags/example_complex.py for tasks to queue
[2023-02-23 12:02:54,064] {logging_mixin.py:115} INFO - [2023-02-23 12:02:54,064] {dagbag.py:507} INFO - Filling up the DagBag from /home/alura/Documents/Financeiro/venv/lib/python3.9/site-packages/airflow/example_dags/example_complex.py
[2023-02-23 12:02:54,069] {processor.py:651} INFO - DAG(s) dict_keys(['example_complex']) retrieved from /home/alura/Documents/Financeiro/venv/lib/python3.9/site-packages/airflow/example_dags/example_complex.py
[2023-02-23 12:02:54,079] {logging_mixin.py:115} INFO - [2023-02-23 12:02:54,079] {dag.py:2379} INFO - Sync 1 DAGs
[2023-02-23 12:02:54,087] {logging_mixin.py:115} INFO - [2023-02-23 12:02:54,087] {dag.py:2927} INFO - Setting next_dagrun for example_complex to None, run_after=None
[2023-02-23 12:02:54,094] {processor.py:161} INFO - Processing /home/alura/Documents/Financeiro/venv/lib/python3.9/site-packages/airflow/example_dags/example_complex.py took 0.032 seconds
[2023-02-23 12:03:26,574] {processor.py:153} INFO - Started process (PID=51106) to work on /home/alura/Documents/Financeiro/venv/lib/python3.9/site-packages/airflow/example_dags/example_complex.py
[2023-02-23 12:03:26,574] {processor.py:641} INFO - Processing file /home/alura/Documents/Financeiro/venv/lib/python3.9/site-packages/airflow/example_dags/example_complex.py for tasks to queue
[2023-02-23 12:03:26,574] {logging_mixin.py:115} INFO - [2023-02-23 12:03:26,574] {dagbag.py:507} INFO - Filling up the DagBag from /home/alura/Documents/Financeiro/venv/lib/python3.9/site-packages/airflow/example_dags/example_complex.py
[2023-02-23 12:03:26,580] {processor.py:651} INFO - DAG(s) dict_keys(['example_complex']) retrieved from /home/alura/Documents/Financeiro/venv/lib/python3.9/site-packages/airflow/example_dags/example_complex.py
[2023-02-23 12:03:26,590] {logging_mixin.py:115} INFO - [2023-02-23 12:03:26,590] {dag.py:2379} INFO - Sync 1 DAGs
[2023-02-23 12:03:26,598] {logging_mixin.py:115} INFO - [2023-02-23 12:03:26,598] {dag.py:2927} INFO - Setting next_dagrun for example_complex to None, run_after=None
[2023-02-23 12:03:26,604] {processor.py:161} INFO - Processing /home/alura/Documents/Financeiro/venv/lib/python3.9/site-packages/airflow/example_dags/example_complex.py took 0.032 seconds
[2023-02-23 12:03:58,664] {processor.py:153} INFO - Started process (PID=51172) to work on /home/alura/Documents/Financeiro/venv/lib/python3.9/site-packages/airflow/example_dags/example_complex.py
[2023-02-23 12:03:58,664] {processor.py:641} INFO - Processing file /home/alura/Documents/Financeiro/venv/lib/python3.9/site-packages/airflow/example_dags/example_complex.py for tasks to queue
[2023-02-23 12:03:58,665] {logging_mixin.py:115} INFO - [2023-02-23 12:03:58,665] {dagbag.py:507} INFO - Filling up the DagBag from /home/alura/Documents/Financeiro/venv/lib/python3.9/site-packages/airflow/example_dags/example_complex.py
[2023-02-23 12:03:58,670] {processor.py:651} INFO - DAG(s) dict_keys(['example_complex']) retrieved from /home/alura/Documents/Financeiro/venv/lib/python3.9/site-packages/airflow/example_dags/example_complex.py
[2023-02-23 12:03:58,679] {logging_mixin.py:115} INFO - [2023-02-23 12:03:58,679] {dag.py:2379} INFO - Sync 1 DAGs
[2023-02-23 12:03:58,687] {logging_mixin.py:115} INFO - [2023-02-23 12:03:58,687] {dag.py:2927} INFO - Setting next_dagrun for example_complex to None, run_after=None
[2023-02-23 12:03:58,694] {processor.py:161} INFO - Processing /home/alura/Documents/Financeiro/venv/lib/python3.9/site-packages/airflow/example_dags/example_complex.py took 0.031 seconds
[2023-02-23 12:04:31,080] {processor.py:153} INFO - Started process (PID=51229) to work on /home/alura/Documents/Financeiro/venv/lib/python3.9/site-packages/airflow/example_dags/example_complex.py
[2023-02-23 12:04:31,080] {processor.py:641} INFO - Processing file /home/alura/Documents/Financeiro/venv/lib/python3.9/site-packages/airflow/example_dags/example_complex.py for tasks to queue
[2023-02-23 12:04:31,080] {logging_mixin.py:115} INFO - [2023-02-23 12:04:31,080] {dagbag.py:507} INFO - Filling up the DagBag from /home/alura/Documents/Financeiro/venv/lib/python3.9/site-packages/airflow/example_dags/example_complex.py
[2023-02-23 12:04:31,086] {processor.py:651} INFO - DAG(s) dict_keys(['example_complex']) retrieved from /home/alura/Documents/Financeiro/venv/lib/python3.9/site-packages/airflow/example_dags/example_complex.py
[2023-02-23 12:04:31,095] {logging_mixin.py:115} INFO - [2023-02-23 12:04:31,095] {dag.py:2379} INFO - Sync 1 DAGs
[2023-02-23 12:04:31,103] {logging_mixin.py:115} INFO - [2023-02-23 12:04:31,103] {dag.py:2927} INFO - Setting next_dagrun for example_complex to None, run_after=None
[2023-02-23 12:04:31,110] {processor.py:161} INFO - Processing /home/alura/Documents/Financeiro/venv/lib/python3.9/site-packages/airflow/example_dags/example_complex.py took 0.031 seconds
[2023-02-23 12:05:04,606] {processor.py:153} INFO - Started process (PID=51295) to work on /home/alura/Documents/Financeiro/venv/lib/python3.9/site-packages/airflow/example_dags/example_complex.py
[2023-02-23 12:05:04,607] {processor.py:641} INFO - Processing file /home/alura/Documents/Financeiro/venv/lib/python3.9/site-packages/airflow/example_dags/example_complex.py for tasks to queue
[2023-02-23 12:05:04,607] {logging_mixin.py:115} INFO - [2023-02-23 12:05:04,607] {dagbag.py:507} INFO - Filling up the DagBag from /home/alura/Documents/Financeiro/venv/lib/python3.9/site-packages/airflow/example_dags/example_complex.py
[2023-02-23 12:05:04,613] {processor.py:651} INFO - DAG(s) dict_keys(['example_complex']) retrieved from /home/alura/Documents/Financeiro/venv/lib/python3.9/site-packages/airflow/example_dags/example_complex.py
[2023-02-23 12:05:04,623] {logging_mixin.py:115} INFO - [2023-02-23 12:05:04,623] {dag.py:2379} INFO - Sync 1 DAGs
[2023-02-23 12:05:04,632] {logging_mixin.py:115} INFO - [2023-02-23 12:05:04,632] {dag.py:2927} INFO - Setting next_dagrun for example_complex to None, run_after=None
[2023-02-23 12:05:04,638] {processor.py:161} INFO - Processing /home/alura/Documents/Financeiro/venv/lib/python3.9/site-packages/airflow/example_dags/example_complex.py took 0.033 seconds
[2023-02-23 12:05:37,161] {processor.py:153} INFO - Started process (PID=51353) to work on /home/alura/Documents/Financeiro/venv/lib/python3.9/site-packages/airflow/example_dags/example_complex.py
[2023-02-23 12:05:37,162] {processor.py:641} INFO - Processing file /home/alura/Documents/Financeiro/venv/lib/python3.9/site-packages/airflow/example_dags/example_complex.py for tasks to queue
[2023-02-23 12:05:37,162] {logging_mixin.py:115} INFO - [2023-02-23 12:05:37,162] {dagbag.py:507} INFO - Filling up the DagBag from /home/alura/Documents/Financeiro/venv/lib/python3.9/site-packages/airflow/example_dags/example_complex.py
[2023-02-23 12:05:37,169] {processor.py:651} INFO - DAG(s) dict_keys(['example_complex']) retrieved from /home/alura/Documents/Financeiro/venv/lib/python3.9/site-packages/airflow/example_dags/example_complex.py
[2023-02-23 12:05:37,179] {logging_mixin.py:115} INFO - [2023-02-23 12:05:37,179] {dag.py:2379} INFO - Sync 1 DAGs
[2023-02-23 12:05:37,188] {logging_mixin.py:115} INFO - [2023-02-23 12:05:37,188] {dag.py:2927} INFO - Setting next_dagrun for example_complex to None, run_after=None
[2023-02-23 12:05:37,194] {processor.py:161} INFO - Processing /home/alura/Documents/Financeiro/venv/lib/python3.9/site-packages/airflow/example_dags/example_complex.py took 0.035 seconds
[2023-02-23 12:06:10,139] {processor.py:153} INFO - Started process (PID=51423) to work on /home/alura/Documents/Financeiro/venv/lib/python3.9/site-packages/airflow/example_dags/example_complex.py
[2023-02-23 12:06:10,140] {processor.py:641} INFO - Processing file /home/alura/Documents/Financeiro/venv/lib/python3.9/site-packages/airflow/example_dags/example_complex.py for tasks to queue
[2023-02-23 12:06:10,140] {logging_mixin.py:115} INFO - [2023-02-23 12:06:10,140] {dagbag.py:507} INFO - Filling up the DagBag from /home/alura/Documents/Financeiro/venv/lib/python3.9/site-packages/airflow/example_dags/example_complex.py
[2023-02-23 12:06:10,146] {processor.py:651} INFO - DAG(s) dict_keys(['example_complex']) retrieved from /home/alura/Documents/Financeiro/venv/lib/python3.9/site-packages/airflow/example_dags/example_complex.py
[2023-02-23 12:06:10,156] {logging_mixin.py:115} INFO - [2023-02-23 12:06:10,155] {dag.py:2379} INFO - Sync 1 DAGs
[2023-02-23 12:06:10,164] {logging_mixin.py:115} INFO - [2023-02-23 12:06:10,164] {dag.py:2927} INFO - Setting next_dagrun for example_complex to None, run_after=None
[2023-02-23 12:06:10,171] {processor.py:161} INFO - Processing /home/alura/Documents/Financeiro/venv/lib/python3.9/site-packages/airflow/example_dags/example_complex.py took 0.033 seconds
[2023-02-23 12:06:40,865] {processor.py:153} INFO - Started process (PID=51491) to work on /home/alura/Documents/Financeiro/venv/lib/python3.9/site-packages/airflow/example_dags/example_complex.py
[2023-02-23 12:06:40,866] {processor.py:641} INFO - Processing file /home/alura/Documents/Financeiro/venv/lib/python3.9/site-packages/airflow/example_dags/example_complex.py for tasks to queue
[2023-02-23 12:06:40,866] {logging_mixin.py:115} INFO - [2023-02-23 12:06:40,866] {dagbag.py:507} INFO - Filling up the DagBag from /home/alura/Documents/Financeiro/venv/lib/python3.9/site-packages/airflow/example_dags/example_complex.py
[2023-02-23 12:06:40,873] {processor.py:651} INFO - DAG(s) dict_keys(['example_complex']) retrieved from /home/alura/Documents/Financeiro/venv/lib/python3.9/site-packages/airflow/example_dags/example_complex.py
[2023-02-23 12:06:40,882] {logging_mixin.py:115} INFO - [2023-02-23 12:06:40,882] {dag.py:2379} INFO - Sync 1 DAGs
[2023-02-23 12:06:40,890] {logging_mixin.py:115} INFO - [2023-02-23 12:06:40,890] {dag.py:2927} INFO - Setting next_dagrun for example_complex to None, run_after=None
[2023-02-23 12:06:40,897] {processor.py:161} INFO - Processing /home/alura/Documents/Financeiro/venv/lib/python3.9/site-packages/airflow/example_dags/example_complex.py took 0.033 seconds
[2023-02-23 12:07:12,249] {processor.py:153} INFO - Started process (PID=51549) to work on /home/alura/Documents/Financeiro/venv/lib/python3.9/site-packages/airflow/example_dags/example_complex.py
[2023-02-23 12:07:12,249] {processor.py:641} INFO - Processing file /home/alura/Documents/Financeiro/venv/lib/python3.9/site-packages/airflow/example_dags/example_complex.py for tasks to queue
[2023-02-23 12:07:12,249] {logging_mixin.py:115} INFO - [2023-02-23 12:07:12,249] {dagbag.py:507} INFO - Filling up the DagBag from /home/alura/Documents/Financeiro/venv/lib/python3.9/site-packages/airflow/example_dags/example_complex.py
[2023-02-23 12:07:12,255] {processor.py:651} INFO - DAG(s) dict_keys(['example_complex']) retrieved from /home/alura/Documents/Financeiro/venv/lib/python3.9/site-packages/airflow/example_dags/example_complex.py
[2023-02-23 12:07:12,265] {logging_mixin.py:115} INFO - [2023-02-23 12:07:12,264] {dag.py:2379} INFO - Sync 1 DAGs
[2023-02-23 12:07:12,273] {logging_mixin.py:115} INFO - [2023-02-23 12:07:12,273] {dag.py:2927} INFO - Setting next_dagrun for example_complex to None, run_after=None
[2023-02-23 12:07:12,279] {processor.py:161} INFO - Processing /home/alura/Documents/Financeiro/venv/lib/python3.9/site-packages/airflow/example_dags/example_complex.py took 0.032 seconds
[2023-02-23 12:07:43,058] {processor.py:153} INFO - Started process (PID=51609) to work on /home/alura/Documents/Financeiro/venv/lib/python3.9/site-packages/airflow/example_dags/example_complex.py
[2023-02-23 12:07:43,058] {processor.py:641} INFO - Processing file /home/alura/Documents/Financeiro/venv/lib/python3.9/site-packages/airflow/example_dags/example_complex.py for tasks to queue
[2023-02-23 12:07:43,059] {logging_mixin.py:115} INFO - [2023-02-23 12:07:43,058] {dagbag.py:507} INFO - Filling up the DagBag from /home/alura/Documents/Financeiro/venv/lib/python3.9/site-packages/airflow/example_dags/example_complex.py
[2023-02-23 12:07:43,064] {processor.py:651} INFO - DAG(s) dict_keys(['example_complex']) retrieved from /home/alura/Documents/Financeiro/venv/lib/python3.9/site-packages/airflow/example_dags/example_complex.py
[2023-02-23 12:07:43,074] {logging_mixin.py:115} INFO - [2023-02-23 12:07:43,074] {dag.py:2379} INFO - Sync 1 DAGs
[2023-02-23 12:07:43,082] {logging_mixin.py:115} INFO - [2023-02-23 12:07:43,082] {dag.py:2927} INFO - Setting next_dagrun for example_complex to None, run_after=None
[2023-02-23 12:07:43,088] {processor.py:161} INFO - Processing /home/alura/Documents/Financeiro/venv/lib/python3.9/site-packages/airflow/example_dags/example_complex.py took 0.032 seconds
[2023-02-23 12:08:14,561] {processor.py:153} INFO - Started process (PID=51672) to work on /home/alura/Documents/Financeiro/venv/lib/python3.9/site-packages/airflow/example_dags/example_complex.py
[2023-02-23 12:08:14,561] {processor.py:641} INFO - Processing file /home/alura/Documents/Financeiro/venv/lib/python3.9/site-packages/airflow/example_dags/example_complex.py for tasks to queue
[2023-02-23 12:08:14,562] {logging_mixin.py:115} INFO - [2023-02-23 12:08:14,562] {dagbag.py:507} INFO - Filling up the DagBag from /home/alura/Documents/Financeiro/venv/lib/python3.9/site-packages/airflow/example_dags/example_complex.py
[2023-02-23 12:08:14,567] {processor.py:651} INFO - DAG(s) dict_keys(['example_complex']) retrieved from /home/alura/Documents/Financeiro/venv/lib/python3.9/site-packages/airflow/example_dags/example_complex.py
[2023-02-23 12:08:14,577] {logging_mixin.py:115} INFO - [2023-02-23 12:08:14,577] {dag.py:2379} INFO - Sync 1 DAGs
[2023-02-23 12:08:14,585] {logging_mixin.py:115} INFO - [2023-02-23 12:08:14,585] {dag.py:2927} INFO - Setting next_dagrun for example_complex to None, run_after=None
[2023-02-23 12:08:14,591] {processor.py:161} INFO - Processing /home/alura/Documents/Financeiro/venv/lib/python3.9/site-packages/airflow/example_dags/example_complex.py took 0.032 seconds
