[2023-02-23 12:00:38,338] {processor.py:153} INFO - Started process (PID=50493) to work on /home/alura/Documents/Financeiro/venv/lib/python3.9/site-packages/airflow/example_dags/example_branch_datetime_operator.py
[2023-02-23 12:00:38,338] {processor.py:641} INFO - Processing file /home/alura/Documents/Financeiro/venv/lib/python3.9/site-packages/airflow/example_dags/example_branch_datetime_operator.py for tasks to queue
[2023-02-23 12:00:38,338] {logging_mixin.py:115} INFO - [2023-02-23 12:00:38,338] {dagbag.py:507} INFO - Filling up the DagBag from /home/alura/Documents/Financeiro/venv/lib/python3.9/site-packages/airflow/example_dags/example_branch_datetime_operator.py
[2023-02-23 12:00:38,342] {processor.py:651} INFO - DAG(s) dict_keys(['example_branch_datetime_operator_2']) retrieved from /home/alura/Documents/Financeiro/venv/lib/python3.9/site-packages/airflow/example_dags/example_branch_datetime_operator.py
[2023-02-23 12:00:38,373] {logging_mixin.py:115} INFO - [2023-02-23 12:00:38,373] {manager.py:508} INFO - Created Permission View: can read on DAG:example_branch_datetime_operator_2
[2023-02-23 12:00:38,379] {logging_mixin.py:115} INFO - [2023-02-23 12:00:38,379] {manager.py:508} INFO - Created Permission View: can edit on DAG:example_branch_datetime_operator_2
[2023-02-23 12:00:38,382] {logging_mixin.py:115} INFO - [2023-02-23 12:00:38,382] {manager.py:508} INFO - Created Permission View: can delete on DAG:example_branch_datetime_operator_2
[2023-02-23 12:00:38,382] {logging_mixin.py:115} INFO - [2023-02-23 12:00:38,382] {dag.py:2379} INFO - Sync 1 DAGs
[2023-02-23 12:00:38,386] {logging_mixin.py:115} INFO - [2023-02-23 12:00:38,386] {dag.py:2398} INFO - Creating ORM DAG for example_branch_datetime_operator_2
[2023-02-23 12:00:38,391] {logging_mixin.py:115} INFO - [2023-02-23 12:00:38,391] {dag.py:2927} INFO - Setting next_dagrun for example_branch_datetime_operator_2 to 2023-02-22T00:00:00+00:00, run_after=2023-02-23T00:00:00+00:00
[2023-02-23 12:00:38,398] {processor.py:161} INFO - Processing /home/alura/Documents/Financeiro/venv/lib/python3.9/site-packages/airflow/example_dags/example_branch_datetime_operator.py took 0.061 seconds
[2023-02-23 12:01:14,647] {processor.py:153} INFO - Started process (PID=50532) to work on /home/alura/Documents/Financeiro/venv/lib/python3.9/site-packages/airflow/example_dags/example_branch_datetime_operator.py
[2023-02-23 12:01:14,648] {processor.py:641} INFO - Processing file /home/alura/Documents/Financeiro/venv/lib/python3.9/site-packages/airflow/example_dags/example_branch_datetime_operator.py for tasks to queue
[2023-02-23 12:01:14,648] {logging_mixin.py:115} INFO - [2023-02-23 12:01:14,648] {dagbag.py:507} INFO - Filling up the DagBag from /home/alura/Documents/Financeiro/venv/lib/python3.9/site-packages/airflow/example_dags/example_branch_datetime_operator.py
[2023-02-23 12:01:14,652] {processor.py:651} INFO - DAG(s) dict_keys(['example_branch_datetime_operator_2']) retrieved from /home/alura/Documents/Financeiro/venv/lib/python3.9/site-packages/airflow/example_dags/example_branch_datetime_operator.py
[2023-02-23 12:01:14,660] {logging_mixin.py:115} INFO - [2023-02-23 12:01:14,660] {dag.py:2379} INFO - Sync 1 DAGs
[2023-02-23 12:01:14,669] {logging_mixin.py:115} INFO - [2023-02-23 12:01:14,669] {dag.py:2927} INFO - Setting next_dagrun for example_branch_datetime_operator_2 to 2023-02-22T00:00:00+00:00, run_after=2023-02-23T00:00:00+00:00
[2023-02-23 12:01:14,675] {processor.py:161} INFO - Processing /home/alura/Documents/Financeiro/venv/lib/python3.9/site-packages/airflow/example_dags/example_branch_datetime_operator.py took 0.029 seconds
[2023-02-23 12:01:47,636] {processor.py:153} INFO - Started process (PID=50864) to work on /home/alura/Documents/Financeiro/venv/lib/python3.9/site-packages/airflow/example_dags/example_branch_datetime_operator.py
[2023-02-23 12:01:47,636] {processor.py:641} INFO - Processing file /home/alura/Documents/Financeiro/venv/lib/python3.9/site-packages/airflow/example_dags/example_branch_datetime_operator.py for tasks to queue
[2023-02-23 12:01:47,636] {logging_mixin.py:115} INFO - [2023-02-23 12:01:47,636] {dagbag.py:507} INFO - Filling up the DagBag from /home/alura/Documents/Financeiro/venv/lib/python3.9/site-packages/airflow/example_dags/example_branch_datetime_operator.py
[2023-02-23 12:01:47,641] {processor.py:651} INFO - DAG(s) dict_keys(['example_branch_datetime_operator_2']) retrieved from /home/alura/Documents/Financeiro/venv/lib/python3.9/site-packages/airflow/example_dags/example_branch_datetime_operator.py
[2023-02-23 12:01:47,650] {logging_mixin.py:115} INFO - [2023-02-23 12:01:47,649] {dag.py:2379} INFO - Sync 1 DAGs
[2023-02-23 12:01:47,659] {logging_mixin.py:115} INFO - [2023-02-23 12:01:47,659] {dag.py:2927} INFO - Setting next_dagrun for example_branch_datetime_operator_2 to 2023-02-22T00:00:00+00:00, run_after=2023-02-23T00:00:00+00:00
[2023-02-23 12:01:47,666] {processor.py:161} INFO - Processing /home/alura/Documents/Financeiro/venv/lib/python3.9/site-packages/airflow/example_dags/example_branch_datetime_operator.py took 0.031 seconds
[2023-02-23 12:02:19,489] {processor.py:153} INFO - Started process (PID=50974) to work on /home/alura/Documents/Financeiro/venv/lib/python3.9/site-packages/airflow/example_dags/example_branch_datetime_operator.py
[2023-02-23 12:02:19,490] {processor.py:641} INFO - Processing file /home/alura/Documents/Financeiro/venv/lib/python3.9/site-packages/airflow/example_dags/example_branch_datetime_operator.py for tasks to queue
[2023-02-23 12:02:19,490] {logging_mixin.py:115} INFO - [2023-02-23 12:02:19,490] {dagbag.py:507} INFO - Filling up the DagBag from /home/alura/Documents/Financeiro/venv/lib/python3.9/site-packages/airflow/example_dags/example_branch_datetime_operator.py
[2023-02-23 12:02:19,494] {processor.py:651} INFO - DAG(s) dict_keys(['example_branch_datetime_operator_2']) retrieved from /home/alura/Documents/Financeiro/venv/lib/python3.9/site-packages/airflow/example_dags/example_branch_datetime_operator.py
[2023-02-23 12:02:19,502] {logging_mixin.py:115} INFO - [2023-02-23 12:02:19,501] {dag.py:2379} INFO - Sync 1 DAGs
[2023-02-23 12:02:19,511] {logging_mixin.py:115} INFO - [2023-02-23 12:02:19,511] {dag.py:2927} INFO - Setting next_dagrun for example_branch_datetime_operator_2 to 2023-02-22T00:00:00+00:00, run_after=2023-02-23T00:00:00+00:00
[2023-02-23 12:02:19,517] {processor.py:161} INFO - Processing /home/alura/Documents/Financeiro/venv/lib/python3.9/site-packages/airflow/example_dags/example_branch_datetime_operator.py took 0.029 seconds
[2023-02-23 12:02:55,194] {processor.py:153} INFO - Started process (PID=51049) to work on /home/alura/Documents/Financeiro/venv/lib/python3.9/site-packages/airflow/example_dags/example_branch_datetime_operator.py
[2023-02-23 12:02:55,195] {processor.py:641} INFO - Processing file /home/alura/Documents/Financeiro/venv/lib/python3.9/site-packages/airflow/example_dags/example_branch_datetime_operator.py for tasks to queue
[2023-02-23 12:02:55,195] {logging_mixin.py:115} INFO - [2023-02-23 12:02:55,195] {dagbag.py:507} INFO - Filling up the DagBag from /home/alura/Documents/Financeiro/venv/lib/python3.9/site-packages/airflow/example_dags/example_branch_datetime_operator.py
[2023-02-23 12:02:55,199] {processor.py:651} INFO - DAG(s) dict_keys(['example_branch_datetime_operator_2']) retrieved from /home/alura/Documents/Financeiro/venv/lib/python3.9/site-packages/airflow/example_dags/example_branch_datetime_operator.py
[2023-02-23 12:02:55,212] {logging_mixin.py:115} INFO - [2023-02-23 12:02:55,212] {dag.py:2379} INFO - Sync 1 DAGs
[2023-02-23 12:02:55,221] {logging_mixin.py:115} INFO - [2023-02-23 12:02:55,221] {dag.py:2927} INFO - Setting next_dagrun for example_branch_datetime_operator_2 to 2023-02-22T00:00:00+00:00, run_after=2023-02-23T00:00:00+00:00
[2023-02-23 12:02:55,227] {processor.py:161} INFO - Processing /home/alura/Documents/Financeiro/venv/lib/python3.9/site-packages/airflow/example_dags/example_branch_datetime_operator.py took 0.034 seconds
[2023-02-23 12:03:27,696] {processor.py:153} INFO - Started process (PID=51111) to work on /home/alura/Documents/Financeiro/venv/lib/python3.9/site-packages/airflow/example_dags/example_branch_datetime_operator.py
[2023-02-23 12:03:27,696] {processor.py:641} INFO - Processing file /home/alura/Documents/Financeiro/venv/lib/python3.9/site-packages/airflow/example_dags/example_branch_datetime_operator.py for tasks to queue
[2023-02-23 12:03:27,697] {logging_mixin.py:115} INFO - [2023-02-23 12:03:27,697] {dagbag.py:507} INFO - Filling up the DagBag from /home/alura/Documents/Financeiro/venv/lib/python3.9/site-packages/airflow/example_dags/example_branch_datetime_operator.py
[2023-02-23 12:03:27,700] {processor.py:651} INFO - DAG(s) dict_keys(['example_branch_datetime_operator_2']) retrieved from /home/alura/Documents/Financeiro/venv/lib/python3.9/site-packages/airflow/example_dags/example_branch_datetime_operator.py
[2023-02-23 12:03:27,709] {logging_mixin.py:115} INFO - [2023-02-23 12:03:27,709] {dag.py:2379} INFO - Sync 1 DAGs
[2023-02-23 12:03:27,718] {logging_mixin.py:115} INFO - [2023-02-23 12:03:27,718] {dag.py:2927} INFO - Setting next_dagrun for example_branch_datetime_operator_2 to 2023-02-22T00:00:00+00:00, run_after=2023-02-23T00:00:00+00:00
[2023-02-23 12:03:27,724] {processor.py:161} INFO - Processing /home/alura/Documents/Financeiro/venv/lib/python3.9/site-packages/airflow/example_dags/example_branch_datetime_operator.py took 0.030 seconds
[2023-02-23 12:04:00,744] {processor.py:153} INFO - Started process (PID=51174) to work on /home/alura/Documents/Financeiro/venv/lib/python3.9/site-packages/airflow/example_dags/example_branch_datetime_operator.py
[2023-02-23 12:04:00,744] {processor.py:641} INFO - Processing file /home/alura/Documents/Financeiro/venv/lib/python3.9/site-packages/airflow/example_dags/example_branch_datetime_operator.py for tasks to queue
[2023-02-23 12:04:00,745] {logging_mixin.py:115} INFO - [2023-02-23 12:04:00,745] {dagbag.py:507} INFO - Filling up the DagBag from /home/alura/Documents/Financeiro/venv/lib/python3.9/site-packages/airflow/example_dags/example_branch_datetime_operator.py
[2023-02-23 12:04:00,748] {processor.py:651} INFO - DAG(s) dict_keys(['example_branch_datetime_operator_2']) retrieved from /home/alura/Documents/Financeiro/venv/lib/python3.9/site-packages/airflow/example_dags/example_branch_datetime_operator.py
[2023-02-23 12:04:00,756] {logging_mixin.py:115} INFO - [2023-02-23 12:04:00,756] {dag.py:2379} INFO - Sync 1 DAGs
[2023-02-23 12:04:00,766] {logging_mixin.py:115} INFO - [2023-02-23 12:04:00,766] {dag.py:2927} INFO - Setting next_dagrun for example_branch_datetime_operator_2 to 2023-02-22T00:00:00+00:00, run_after=2023-02-23T00:00:00+00:00
[2023-02-23 12:04:00,774] {processor.py:161} INFO - Processing /home/alura/Documents/Financeiro/venv/lib/python3.9/site-packages/airflow/example_dags/example_branch_datetime_operator.py took 0.031 seconds
[2023-02-23 12:04:39,581] {processor.py:153} INFO - Started process (PID=51245) to work on /home/alura/Documents/Financeiro/venv/lib/python3.9/site-packages/airflow/example_dags/example_branch_datetime_operator.py
[2023-02-23 12:04:39,582] {processor.py:641} INFO - Processing file /home/alura/Documents/Financeiro/venv/lib/python3.9/site-packages/airflow/example_dags/example_branch_datetime_operator.py for tasks to queue
[2023-02-23 12:04:39,582] {logging_mixin.py:115} INFO - [2023-02-23 12:04:39,582] {dagbag.py:507} INFO - Filling up the DagBag from /home/alura/Documents/Financeiro/venv/lib/python3.9/site-packages/airflow/example_dags/example_branch_datetime_operator.py
[2023-02-23 12:04:39,586] {processor.py:651} INFO - DAG(s) dict_keys(['example_branch_datetime_operator_2']) retrieved from /home/alura/Documents/Financeiro/venv/lib/python3.9/site-packages/airflow/example_dags/example_branch_datetime_operator.py
[2023-02-23 12:04:39,594] {logging_mixin.py:115} INFO - [2023-02-23 12:04:39,594] {dag.py:2379} INFO - Sync 1 DAGs
[2023-02-23 12:04:39,603] {logging_mixin.py:115} INFO - [2023-02-23 12:04:39,603] {dag.py:2927} INFO - Setting next_dagrun for example_branch_datetime_operator_2 to 2023-02-22T00:00:00+00:00, run_after=2023-02-23T00:00:00+00:00
[2023-02-23 12:04:39,610] {processor.py:161} INFO - Processing /home/alura/Documents/Financeiro/venv/lib/python3.9/site-packages/airflow/example_dags/example_branch_datetime_operator.py took 0.030 seconds
[2023-02-23 12:05:12,482] {processor.py:153} INFO - Started process (PID=51308) to work on /home/alura/Documents/Financeiro/venv/lib/python3.9/site-packages/airflow/example_dags/example_branch_datetime_operator.py
[2023-02-23 12:05:12,483] {processor.py:641} INFO - Processing file /home/alura/Documents/Financeiro/venv/lib/python3.9/site-packages/airflow/example_dags/example_branch_datetime_operator.py for tasks to queue
[2023-02-23 12:05:12,483] {logging_mixin.py:115} INFO - [2023-02-23 12:05:12,483] {dagbag.py:507} INFO - Filling up the DagBag from /home/alura/Documents/Financeiro/venv/lib/python3.9/site-packages/airflow/example_dags/example_branch_datetime_operator.py
[2023-02-23 12:05:12,487] {processor.py:651} INFO - DAG(s) dict_keys(['example_branch_datetime_operator_2']) retrieved from /home/alura/Documents/Financeiro/venv/lib/python3.9/site-packages/airflow/example_dags/example_branch_datetime_operator.py
[2023-02-23 12:05:12,494] {logging_mixin.py:115} INFO - [2023-02-23 12:05:12,494] {dag.py:2379} INFO - Sync 1 DAGs
[2023-02-23 12:05:12,503] {logging_mixin.py:115} INFO - [2023-02-23 12:05:12,503] {dag.py:2927} INFO - Setting next_dagrun for example_branch_datetime_operator_2 to 2023-02-22T00:00:00+00:00, run_after=2023-02-23T00:00:00+00:00
[2023-02-23 12:05:12,510] {processor.py:161} INFO - Processing /home/alura/Documents/Financeiro/venv/lib/python3.9/site-packages/airflow/example_dags/example_branch_datetime_operator.py took 0.029 seconds
[2023-02-23 12:05:47,368] {processor.py:153} INFO - Started process (PID=51377) to work on /home/alura/Documents/Financeiro/venv/lib/python3.9/site-packages/airflow/example_dags/example_branch_datetime_operator.py
[2023-02-23 12:05:47,369] {processor.py:641} INFO - Processing file /home/alura/Documents/Financeiro/venv/lib/python3.9/site-packages/airflow/example_dags/example_branch_datetime_operator.py for tasks to queue
[2023-02-23 12:05:47,369] {logging_mixin.py:115} INFO - [2023-02-23 12:05:47,369] {dagbag.py:507} INFO - Filling up the DagBag from /home/alura/Documents/Financeiro/venv/lib/python3.9/site-packages/airflow/example_dags/example_branch_datetime_operator.py
[2023-02-23 12:05:47,373] {processor.py:651} INFO - DAG(s) dict_keys(['example_branch_datetime_operator_2']) retrieved from /home/alura/Documents/Financeiro/venv/lib/python3.9/site-packages/airflow/example_dags/example_branch_datetime_operator.py
[2023-02-23 12:05:47,381] {logging_mixin.py:115} INFO - [2023-02-23 12:05:47,380] {dag.py:2379} INFO - Sync 1 DAGs
[2023-02-23 12:05:47,390] {logging_mixin.py:115} INFO - [2023-02-23 12:05:47,390] {dag.py:2927} INFO - Setting next_dagrun for example_branch_datetime_operator_2 to 2023-02-22T00:00:00+00:00, run_after=2023-02-23T00:00:00+00:00
[2023-02-23 12:05:47,396] {processor.py:161} INFO - Processing /home/alura/Documents/Financeiro/venv/lib/python3.9/site-packages/airflow/example_dags/example_branch_datetime_operator.py took 0.030 seconds
[2023-02-23 12:06:18,146] {processor.py:153} INFO - Started process (PID=51441) to work on /home/alura/Documents/Financeiro/venv/lib/python3.9/site-packages/airflow/example_dags/example_branch_datetime_operator.py
[2023-02-23 12:06:18,146] {processor.py:641} INFO - Processing file /home/alura/Documents/Financeiro/venv/lib/python3.9/site-packages/airflow/example_dags/example_branch_datetime_operator.py for tasks to queue
[2023-02-23 12:06:18,147] {logging_mixin.py:115} INFO - [2023-02-23 12:06:18,147] {dagbag.py:507} INFO - Filling up the DagBag from /home/alura/Documents/Financeiro/venv/lib/python3.9/site-packages/airflow/example_dags/example_branch_datetime_operator.py
[2023-02-23 12:06:18,151] {processor.py:651} INFO - DAG(s) dict_keys(['example_branch_datetime_operator_2']) retrieved from /home/alura/Documents/Financeiro/venv/lib/python3.9/site-packages/airflow/example_dags/example_branch_datetime_operator.py
[2023-02-23 12:06:18,159] {logging_mixin.py:115} INFO - [2023-02-23 12:06:18,159] {dag.py:2379} INFO - Sync 1 DAGs
[2023-02-23 12:06:18,170] {logging_mixin.py:115} INFO - [2023-02-23 12:06:18,170] {dag.py:2927} INFO - Setting next_dagrun for example_branch_datetime_operator_2 to 2023-02-22T00:00:00+00:00, run_after=2023-02-23T00:00:00+00:00
[2023-02-23 12:06:18,177] {processor.py:161} INFO - Processing /home/alura/Documents/Financeiro/venv/lib/python3.9/site-packages/airflow/example_dags/example_branch_datetime_operator.py took 0.033 seconds
[2023-02-23 12:06:51,172] {processor.py:153} INFO - Started process (PID=51510) to work on /home/alura/Documents/Financeiro/venv/lib/python3.9/site-packages/airflow/example_dags/example_branch_datetime_operator.py
[2023-02-23 12:06:51,172] {processor.py:641} INFO - Processing file /home/alura/Documents/Financeiro/venv/lib/python3.9/site-packages/airflow/example_dags/example_branch_datetime_operator.py for tasks to queue
[2023-02-23 12:06:51,172] {logging_mixin.py:115} INFO - [2023-02-23 12:06:51,172] {dagbag.py:507} INFO - Filling up the DagBag from /home/alura/Documents/Financeiro/venv/lib/python3.9/site-packages/airflow/example_dags/example_branch_datetime_operator.py
[2023-02-23 12:06:51,176] {processor.py:651} INFO - DAG(s) dict_keys(['example_branch_datetime_operator_2']) retrieved from /home/alura/Documents/Financeiro/venv/lib/python3.9/site-packages/airflow/example_dags/example_branch_datetime_operator.py
[2023-02-23 12:06:51,184] {logging_mixin.py:115} INFO - [2023-02-23 12:06:51,184] {dag.py:2379} INFO - Sync 1 DAGs
[2023-02-23 12:06:51,193] {logging_mixin.py:115} INFO - [2023-02-23 12:06:51,193] {dag.py:2927} INFO - Setting next_dagrun for example_branch_datetime_operator_2 to 2023-02-22T00:00:00+00:00, run_after=2023-02-23T00:00:00+00:00
[2023-02-23 12:06:51,199] {processor.py:161} INFO - Processing /home/alura/Documents/Financeiro/venv/lib/python3.9/site-packages/airflow/example_dags/example_branch_datetime_operator.py took 0.029 seconds
[2023-02-23 12:07:23,696] {processor.py:153} INFO - Started process (PID=51573) to work on /home/alura/Documents/Financeiro/venv/lib/python3.9/site-packages/airflow/example_dags/example_branch_datetime_operator.py
[2023-02-23 12:07:23,696] {processor.py:641} INFO - Processing file /home/alura/Documents/Financeiro/venv/lib/python3.9/site-packages/airflow/example_dags/example_branch_datetime_operator.py for tasks to queue
[2023-02-23 12:07:23,697] {logging_mixin.py:115} INFO - [2023-02-23 12:07:23,697] {dagbag.py:507} INFO - Filling up the DagBag from /home/alura/Documents/Financeiro/venv/lib/python3.9/site-packages/airflow/example_dags/example_branch_datetime_operator.py
[2023-02-23 12:07:23,700] {processor.py:651} INFO - DAG(s) dict_keys(['example_branch_datetime_operator_2']) retrieved from /home/alura/Documents/Financeiro/venv/lib/python3.9/site-packages/airflow/example_dags/example_branch_datetime_operator.py
[2023-02-23 12:07:23,708] {logging_mixin.py:115} INFO - [2023-02-23 12:07:23,708] {dag.py:2379} INFO - Sync 1 DAGs
[2023-02-23 12:07:23,717] {logging_mixin.py:115} INFO - [2023-02-23 12:07:23,717] {dag.py:2927} INFO - Setting next_dagrun for example_branch_datetime_operator_2 to 2023-02-22T00:00:00+00:00, run_after=2023-02-23T00:00:00+00:00
[2023-02-23 12:07:23,724] {processor.py:161} INFO - Processing /home/alura/Documents/Financeiro/venv/lib/python3.9/site-packages/airflow/example_dags/example_branch_datetime_operator.py took 0.029 seconds
[2023-02-23 12:07:56,464] {processor.py:153} INFO - Started process (PID=51636) to work on /home/alura/Documents/Financeiro/venv/lib/python3.9/site-packages/airflow/example_dags/example_branch_datetime_operator.py
[2023-02-23 12:07:56,464] {processor.py:641} INFO - Processing file /home/alura/Documents/Financeiro/venv/lib/python3.9/site-packages/airflow/example_dags/example_branch_datetime_operator.py for tasks to queue
[2023-02-23 12:07:56,465] {logging_mixin.py:115} INFO - [2023-02-23 12:07:56,464] {dagbag.py:507} INFO - Filling up the DagBag from /home/alura/Documents/Financeiro/venv/lib/python3.9/site-packages/airflow/example_dags/example_branch_datetime_operator.py
[2023-02-23 12:07:56,469] {processor.py:651} INFO - DAG(s) dict_keys(['example_branch_datetime_operator_2']) retrieved from /home/alura/Documents/Financeiro/venv/lib/python3.9/site-packages/airflow/example_dags/example_branch_datetime_operator.py
[2023-02-23 12:07:56,477] {logging_mixin.py:115} INFO - [2023-02-23 12:07:56,477] {dag.py:2379} INFO - Sync 1 DAGs
[2023-02-23 12:07:56,486] {logging_mixin.py:115} INFO - [2023-02-23 12:07:56,486] {dag.py:2927} INFO - Setting next_dagrun for example_branch_datetime_operator_2 to 2023-02-22T00:00:00+00:00, run_after=2023-02-23T00:00:00+00:00
[2023-02-23 12:07:56,494] {processor.py:161} INFO - Processing /home/alura/Documents/Financeiro/venv/lib/python3.9/site-packages/airflow/example_dags/example_branch_datetime_operator.py took 0.031 seconds
[2023-02-23 12:08:30,095] {processor.py:153} INFO - Started process (PID=51696) to work on /home/alura/Documents/Financeiro/venv/lib/python3.9/site-packages/airflow/example_dags/example_branch_datetime_operator.py
[2023-02-23 12:08:30,095] {processor.py:641} INFO - Processing file /home/alura/Documents/Financeiro/venv/lib/python3.9/site-packages/airflow/example_dags/example_branch_datetime_operator.py for tasks to queue
[2023-02-23 12:08:30,096] {logging_mixin.py:115} INFO - [2023-02-23 12:08:30,096] {dagbag.py:507} INFO - Filling up the DagBag from /home/alura/Documents/Financeiro/venv/lib/python3.9/site-packages/airflow/example_dags/example_branch_datetime_operator.py
[2023-02-23 12:08:30,100] {processor.py:651} INFO - DAG(s) dict_keys(['example_branch_datetime_operator_2']) retrieved from /home/alura/Documents/Financeiro/venv/lib/python3.9/site-packages/airflow/example_dags/example_branch_datetime_operator.py
[2023-02-23 12:08:30,107] {logging_mixin.py:115} INFO - [2023-02-23 12:08:30,107] {dag.py:2379} INFO - Sync 1 DAGs
[2023-02-23 12:08:30,117] {logging_mixin.py:115} INFO - [2023-02-23 12:08:30,117] {dag.py:2927} INFO - Setting next_dagrun for example_branch_datetime_operator_2 to 2023-02-22T00:00:00+00:00, run_after=2023-02-23T00:00:00+00:00
[2023-02-23 12:08:30,124] {processor.py:161} INFO - Processing /home/alura/Documents/Financeiro/venv/lib/python3.9/site-packages/airflow/example_dags/example_branch_datetime_operator.py took 0.030 seconds
[2023-02-23 12:46:56,681] {processor.py:153} INFO - Started process (PID=52487) to work on /home/alura/Documents/Financeiro/venv/lib/python3.9/site-packages/airflow/example_dags/example_branch_datetime_operator.py
[2023-02-23 12:46:56,681] {processor.py:641} INFO - Processing file /home/alura/Documents/Financeiro/venv/lib/python3.9/site-packages/airflow/example_dags/example_branch_datetime_operator.py for tasks to queue
[2023-02-23 12:46:56,682] {logging_mixin.py:115} INFO - [2023-02-23 12:46:56,681] {dagbag.py:507} INFO - Filling up the DagBag from /home/alura/Documents/Financeiro/venv/lib/python3.9/site-packages/airflow/example_dags/example_branch_datetime_operator.py
[2023-02-23 12:46:56,687] {processor.py:651} INFO - DAG(s) dict_keys(['example_branch_datetime_operator_2']) retrieved from /home/alura/Documents/Financeiro/venv/lib/python3.9/site-packages/airflow/example_dags/example_branch_datetime_operator.py
[2023-02-23 12:46:56,695] {logging_mixin.py:115} INFO - [2023-02-23 12:46:56,695] {dag.py:2379} INFO - Sync 1 DAGs
[2023-02-23 12:46:56,704] {logging_mixin.py:115} INFO - [2023-02-23 12:46:56,704] {dag.py:2927} INFO - Setting next_dagrun for example_branch_datetime_operator_2 to 2023-02-22T00:00:00+00:00, run_after=2023-02-23T00:00:00+00:00
[2023-02-23 12:46:56,710] {processor.py:161} INFO - Processing /home/alura/Documents/Financeiro/venv/lib/python3.9/site-packages/airflow/example_dags/example_branch_datetime_operator.py took 0.032 seconds
