[2023-02-23 12:00:28,471] {processor.py:153} INFO - Started process (PID=50480) to work on /home/alura/Documents/Financeiro/venv/lib/python3.9/site-packages/airflow/example_dags/example_branch_operator_decorator.py
[2023-02-23 12:00:28,471] {processor.py:641} INFO - Processing file /home/alura/Documents/Financeiro/venv/lib/python3.9/site-packages/airflow/example_dags/example_branch_operator_decorator.py for tasks to queue
[2023-02-23 12:00:28,471] {logging_mixin.py:115} INFO - [2023-02-23 12:00:28,471] {dagbag.py:507} INFO - Filling up the DagBag from /home/alura/Documents/Financeiro/venv/lib/python3.9/site-packages/airflow/example_dags/example_branch_operator_decorator.py
[2023-02-23 12:00:28,480] {processor.py:651} INFO - DAG(s) dict_keys(['example_branch_python_operator_decorator']) retrieved from /home/alura/Documents/Financeiro/venv/lib/python3.9/site-packages/airflow/example_dags/example_branch_operator_decorator.py
[2023-02-23 12:00:28,512] {logging_mixin.py:115} INFO - [2023-02-23 12:00:28,512] {manager.py:508} INFO - Created Permission View: can read on DAG:example_branch_python_operator_decorator
[2023-02-23 12:00:28,516] {logging_mixin.py:115} INFO - [2023-02-23 12:00:28,516] {manager.py:508} INFO - Created Permission View: can edit on DAG:example_branch_python_operator_decorator
[2023-02-23 12:00:28,520] {logging_mixin.py:115} INFO - [2023-02-23 12:00:28,520] {manager.py:508} INFO - Created Permission View: can delete on DAG:example_branch_python_operator_decorator
[2023-02-23 12:00:28,520] {logging_mixin.py:115} INFO - [2023-02-23 12:00:28,520] {dag.py:2379} INFO - Sync 1 DAGs
[2023-02-23 12:00:28,524] {logging_mixin.py:115} INFO - [2023-02-23 12:00:28,524] {dag.py:2398} INFO - Creating ORM DAG for example_branch_python_operator_decorator
[2023-02-23 12:00:28,528] {logging_mixin.py:115} INFO - [2023-02-23 12:00:28,528] {dag.py:2927} INFO - Setting next_dagrun for example_branch_python_operator_decorator to 2023-02-22T00:00:00+00:00, run_after=2023-02-23T00:00:00+00:00
[2023-02-23 12:00:28,536] {processor.py:161} INFO - Processing /home/alura/Documents/Financeiro/venv/lib/python3.9/site-packages/airflow/example_dags/example_branch_operator_decorator.py took 0.066 seconds
[2023-02-23 12:01:02,634] {processor.py:153} INFO - Started process (PID=50518) to work on /home/alura/Documents/Financeiro/venv/lib/python3.9/site-packages/airflow/example_dags/example_branch_operator_decorator.py
[2023-02-23 12:01:02,635] {processor.py:641} INFO - Processing file /home/alura/Documents/Financeiro/venv/lib/python3.9/site-packages/airflow/example_dags/example_branch_operator_decorator.py for tasks to queue
[2023-02-23 12:01:02,635] {logging_mixin.py:115} INFO - [2023-02-23 12:01:02,635] {dagbag.py:507} INFO - Filling up the DagBag from /home/alura/Documents/Financeiro/venv/lib/python3.9/site-packages/airflow/example_dags/example_branch_operator_decorator.py
[2023-02-23 12:01:02,644] {processor.py:651} INFO - DAG(s) dict_keys(['example_branch_python_operator_decorator']) retrieved from /home/alura/Documents/Financeiro/venv/lib/python3.9/site-packages/airflow/example_dags/example_branch_operator_decorator.py
[2023-02-23 12:01:02,652] {logging_mixin.py:115} INFO - [2023-02-23 12:01:02,652] {dag.py:2379} INFO - Sync 1 DAGs
[2023-02-23 12:01:02,661] {logging_mixin.py:115} INFO - [2023-02-23 12:01:02,661] {dag.py:2927} INFO - Setting next_dagrun for example_branch_python_operator_decorator to 2023-02-22T00:00:00+00:00, run_after=2023-02-23T00:00:00+00:00
[2023-02-23 12:01:02,667] {processor.py:161} INFO - Processing /home/alura/Documents/Financeiro/venv/lib/python3.9/site-packages/airflow/example_dags/example_branch_operator_decorator.py took 0.034 seconds
[2023-02-23 12:01:35,123] {processor.py:153} INFO - Started process (PID=50808) to work on /home/alura/Documents/Financeiro/venv/lib/python3.9/site-packages/airflow/example_dags/example_branch_operator_decorator.py
[2023-02-23 12:01:35,124] {processor.py:641} INFO - Processing file /home/alura/Documents/Financeiro/venv/lib/python3.9/site-packages/airflow/example_dags/example_branch_operator_decorator.py for tasks to queue
[2023-02-23 12:01:35,124] {logging_mixin.py:115} INFO - [2023-02-23 12:01:35,124] {dagbag.py:507} INFO - Filling up the DagBag from /home/alura/Documents/Financeiro/venv/lib/python3.9/site-packages/airflow/example_dags/example_branch_operator_decorator.py
[2023-02-23 12:01:35,140] {processor.py:651} INFO - DAG(s) dict_keys(['example_branch_python_operator_decorator']) retrieved from /home/alura/Documents/Financeiro/venv/lib/python3.9/site-packages/airflow/example_dags/example_branch_operator_decorator.py
[2023-02-23 12:01:35,153] {logging_mixin.py:115} INFO - [2023-02-23 12:01:35,153] {dag.py:2379} INFO - Sync 1 DAGs
[2023-02-23 12:01:35,168] {logging_mixin.py:115} INFO - [2023-02-23 12:01:35,168] {dag.py:2927} INFO - Setting next_dagrun for example_branch_python_operator_decorator to 2023-02-22T00:00:00+00:00, run_after=2023-02-23T00:00:00+00:00
[2023-02-23 12:01:35,177] {processor.py:161} INFO - Processing /home/alura/Documents/Financeiro/venv/lib/python3.9/site-packages/airflow/example_dags/example_branch_operator_decorator.py took 0.055 seconds
[2023-02-23 12:02:07,033] {processor.py:153} INFO - Started process (PID=50947) to work on /home/alura/Documents/Financeiro/venv/lib/python3.9/site-packages/airflow/example_dags/example_branch_operator_decorator.py
[2023-02-23 12:02:07,033] {processor.py:641} INFO - Processing file /home/alura/Documents/Financeiro/venv/lib/python3.9/site-packages/airflow/example_dags/example_branch_operator_decorator.py for tasks to queue
[2023-02-23 12:02:07,033] {logging_mixin.py:115} INFO - [2023-02-23 12:02:07,033] {dagbag.py:507} INFO - Filling up the DagBag from /home/alura/Documents/Financeiro/venv/lib/python3.9/site-packages/airflow/example_dags/example_branch_operator_decorator.py
[2023-02-23 12:02:07,043] {processor.py:651} INFO - DAG(s) dict_keys(['example_branch_python_operator_decorator']) retrieved from /home/alura/Documents/Financeiro/venv/lib/python3.9/site-packages/airflow/example_dags/example_branch_operator_decorator.py
[2023-02-23 12:02:07,052] {logging_mixin.py:115} INFO - [2023-02-23 12:02:07,052] {dag.py:2379} INFO - Sync 1 DAGs
[2023-02-23 12:02:07,062] {logging_mixin.py:115} INFO - [2023-02-23 12:02:07,062] {dag.py:2927} INFO - Setting next_dagrun for example_branch_python_operator_decorator to 2023-02-22T00:00:00+00:00, run_after=2023-02-23T00:00:00+00:00
[2023-02-23 12:02:07,069] {processor.py:161} INFO - Processing /home/alura/Documents/Financeiro/venv/lib/python3.9/site-packages/airflow/example_dags/example_branch_operator_decorator.py took 0.038 seconds
[2023-02-23 12:02:39,740] {processor.py:153} INFO - Started process (PID=51022) to work on /home/alura/Documents/Financeiro/venv/lib/python3.9/site-packages/airflow/example_dags/example_branch_operator_decorator.py
[2023-02-23 12:02:39,741] {processor.py:641} INFO - Processing file /home/alura/Documents/Financeiro/venv/lib/python3.9/site-packages/airflow/example_dags/example_branch_operator_decorator.py for tasks to queue
[2023-02-23 12:02:39,741] {logging_mixin.py:115} INFO - [2023-02-23 12:02:39,741] {dagbag.py:507} INFO - Filling up the DagBag from /home/alura/Documents/Financeiro/venv/lib/python3.9/site-packages/airflow/example_dags/example_branch_operator_decorator.py
[2023-02-23 12:02:39,750] {processor.py:651} INFO - DAG(s) dict_keys(['example_branch_python_operator_decorator']) retrieved from /home/alura/Documents/Financeiro/venv/lib/python3.9/site-packages/airflow/example_dags/example_branch_operator_decorator.py
[2023-02-23 12:02:39,758] {logging_mixin.py:115} INFO - [2023-02-23 12:02:39,758] {dag.py:2379} INFO - Sync 1 DAGs
[2023-02-23 12:02:39,767] {logging_mixin.py:115} INFO - [2023-02-23 12:02:39,767] {dag.py:2927} INFO - Setting next_dagrun for example_branch_python_operator_decorator to 2023-02-22T00:00:00+00:00, run_after=2023-02-23T00:00:00+00:00
[2023-02-23 12:02:39,774] {processor.py:161} INFO - Processing /home/alura/Documents/Financeiro/venv/lib/python3.9/site-packages/airflow/example_dags/example_branch_operator_decorator.py took 0.035 seconds
[2023-02-23 12:03:13,628] {processor.py:153} INFO - Started process (PID=51083) to work on /home/alura/Documents/Financeiro/venv/lib/python3.9/site-packages/airflow/example_dags/example_branch_operator_decorator.py
[2023-02-23 12:03:13,629] {processor.py:641} INFO - Processing file /home/alura/Documents/Financeiro/venv/lib/python3.9/site-packages/airflow/example_dags/example_branch_operator_decorator.py for tasks to queue
[2023-02-23 12:03:13,629] {logging_mixin.py:115} INFO - [2023-02-23 12:03:13,629] {dagbag.py:507} INFO - Filling up the DagBag from /home/alura/Documents/Financeiro/venv/lib/python3.9/site-packages/airflow/example_dags/example_branch_operator_decorator.py
[2023-02-23 12:03:13,639] {processor.py:651} INFO - DAG(s) dict_keys(['example_branch_python_operator_decorator']) retrieved from /home/alura/Documents/Financeiro/venv/lib/python3.9/site-packages/airflow/example_dags/example_branch_operator_decorator.py
[2023-02-23 12:03:13,647] {logging_mixin.py:115} INFO - [2023-02-23 12:03:13,647] {dag.py:2379} INFO - Sync 1 DAGs
[2023-02-23 12:03:13,656] {logging_mixin.py:115} INFO - [2023-02-23 12:03:13,655] {dag.py:2927} INFO - Setting next_dagrun for example_branch_python_operator_decorator to 2023-02-22T00:00:00+00:00, run_after=2023-02-23T00:00:00+00:00
[2023-02-23 12:03:13,662] {processor.py:161} INFO - Processing /home/alura/Documents/Financeiro/venv/lib/python3.9/site-packages/airflow/example_dags/example_branch_operator_decorator.py took 0.036 seconds
[2023-02-23 12:03:44,406] {processor.py:153} INFO - Started process (PID=51144) to work on /home/alura/Documents/Financeiro/venv/lib/python3.9/site-packages/airflow/example_dags/example_branch_operator_decorator.py
[2023-02-23 12:03:44,406] {processor.py:641} INFO - Processing file /home/alura/Documents/Financeiro/venv/lib/python3.9/site-packages/airflow/example_dags/example_branch_operator_decorator.py for tasks to queue
[2023-02-23 12:03:44,407] {logging_mixin.py:115} INFO - [2023-02-23 12:03:44,407] {dagbag.py:507} INFO - Filling up the DagBag from /home/alura/Documents/Financeiro/venv/lib/python3.9/site-packages/airflow/example_dags/example_branch_operator_decorator.py
[2023-02-23 12:03:44,416] {processor.py:651} INFO - DAG(s) dict_keys(['example_branch_python_operator_decorator']) retrieved from /home/alura/Documents/Financeiro/venv/lib/python3.9/site-packages/airflow/example_dags/example_branch_operator_decorator.py
[2023-02-23 12:03:44,424] {logging_mixin.py:115} INFO - [2023-02-23 12:03:44,424] {dag.py:2379} INFO - Sync 1 DAGs
[2023-02-23 12:03:44,434] {logging_mixin.py:115} INFO - [2023-02-23 12:03:44,434] {dag.py:2927} INFO - Setting next_dagrun for example_branch_python_operator_decorator to 2023-02-22T00:00:00+00:00, run_after=2023-02-23T00:00:00+00:00
[2023-02-23 12:03:44,440] {processor.py:161} INFO - Processing /home/alura/Documents/Financeiro/venv/lib/python3.9/site-packages/airflow/example_dags/example_branch_operator_decorator.py took 0.035 seconds
[2023-02-23 12:04:19,180] {processor.py:153} INFO - Started process (PID=51209) to work on /home/alura/Documents/Financeiro/venv/lib/python3.9/site-packages/airflow/example_dags/example_branch_operator_decorator.py
[2023-02-23 12:04:19,181] {processor.py:641} INFO - Processing file /home/alura/Documents/Financeiro/venv/lib/python3.9/site-packages/airflow/example_dags/example_branch_operator_decorator.py for tasks to queue
[2023-02-23 12:04:19,181] {logging_mixin.py:115} INFO - [2023-02-23 12:04:19,181] {dagbag.py:507} INFO - Filling up the DagBag from /home/alura/Documents/Financeiro/venv/lib/python3.9/site-packages/airflow/example_dags/example_branch_operator_decorator.py
[2023-02-23 12:04:19,190] {processor.py:651} INFO - DAG(s) dict_keys(['example_branch_python_operator_decorator']) retrieved from /home/alura/Documents/Financeiro/venv/lib/python3.9/site-packages/airflow/example_dags/example_branch_operator_decorator.py
[2023-02-23 12:04:19,198] {logging_mixin.py:115} INFO - [2023-02-23 12:04:19,198] {dag.py:2379} INFO - Sync 1 DAGs
[2023-02-23 12:04:19,208] {logging_mixin.py:115} INFO - [2023-02-23 12:04:19,208] {dag.py:2927} INFO - Setting next_dagrun for example_branch_python_operator_decorator to 2023-02-22T00:00:00+00:00, run_after=2023-02-23T00:00:00+00:00
[2023-02-23 12:04:19,215] {processor.py:161} INFO - Processing /home/alura/Documents/Financeiro/venv/lib/python3.9/site-packages/airflow/example_dags/example_branch_operator_decorator.py took 0.036 seconds
[2023-02-23 12:04:53,460] {processor.py:153} INFO - Started process (PID=51272) to work on /home/alura/Documents/Financeiro/venv/lib/python3.9/site-packages/airflow/example_dags/example_branch_operator_decorator.py
[2023-02-23 12:04:53,460] {processor.py:641} INFO - Processing file /home/alura/Documents/Financeiro/venv/lib/python3.9/site-packages/airflow/example_dags/example_branch_operator_decorator.py for tasks to queue
[2023-02-23 12:04:53,460] {logging_mixin.py:115} INFO - [2023-02-23 12:04:53,460] {dagbag.py:507} INFO - Filling up the DagBag from /home/alura/Documents/Financeiro/venv/lib/python3.9/site-packages/airflow/example_dags/example_branch_operator_decorator.py
[2023-02-23 12:04:53,469] {processor.py:651} INFO - DAG(s) dict_keys(['example_branch_python_operator_decorator']) retrieved from /home/alura/Documents/Financeiro/venv/lib/python3.9/site-packages/airflow/example_dags/example_branch_operator_decorator.py
[2023-02-23 12:04:53,478] {logging_mixin.py:115} INFO - [2023-02-23 12:04:53,477] {dag.py:2379} INFO - Sync 1 DAGs
[2023-02-23 12:04:53,486] {logging_mixin.py:115} INFO - [2023-02-23 12:04:53,486] {dag.py:2927} INFO - Setting next_dagrun for example_branch_python_operator_decorator to 2023-02-22T00:00:00+00:00, run_after=2023-02-23T00:00:00+00:00
[2023-02-23 12:04:53,492] {processor.py:161} INFO - Processing /home/alura/Documents/Financeiro/venv/lib/python3.9/site-packages/airflow/example_dags/example_branch_operator_decorator.py took 0.034 seconds
[2023-02-23 12:05:25,745] {processor.py:153} INFO - Started process (PID=51334) to work on /home/alura/Documents/Financeiro/venv/lib/python3.9/site-packages/airflow/example_dags/example_branch_operator_decorator.py
[2023-02-23 12:05:25,746] {processor.py:641} INFO - Processing file /home/alura/Documents/Financeiro/venv/lib/python3.9/site-packages/airflow/example_dags/example_branch_operator_decorator.py for tasks to queue
[2023-02-23 12:05:25,746] {logging_mixin.py:115} INFO - [2023-02-23 12:05:25,746] {dagbag.py:507} INFO - Filling up the DagBag from /home/alura/Documents/Financeiro/venv/lib/python3.9/site-packages/airflow/example_dags/example_branch_operator_decorator.py
[2023-02-23 12:05:25,755] {processor.py:651} INFO - DAG(s) dict_keys(['example_branch_python_operator_decorator']) retrieved from /home/alura/Documents/Financeiro/venv/lib/python3.9/site-packages/airflow/example_dags/example_branch_operator_decorator.py
[2023-02-23 12:05:25,763] {logging_mixin.py:115} INFO - [2023-02-23 12:05:25,763] {dag.py:2379} INFO - Sync 1 DAGs
[2023-02-23 12:05:25,772] {logging_mixin.py:115} INFO - [2023-02-23 12:05:25,772] {dag.py:2927} INFO - Setting next_dagrun for example_branch_python_operator_decorator to 2023-02-22T00:00:00+00:00, run_after=2023-02-23T00:00:00+00:00
[2023-02-23 12:05:25,778] {processor.py:161} INFO - Processing /home/alura/Documents/Financeiro/venv/lib/python3.9/site-packages/airflow/example_dags/example_branch_operator_decorator.py took 0.034 seconds
[2023-02-23 12:06:01,005] {processor.py:153} INFO - Started process (PID=51404) to work on /home/alura/Documents/Financeiro/venv/lib/python3.9/site-packages/airflow/example_dags/example_branch_operator_decorator.py
[2023-02-23 12:06:01,005] {processor.py:641} INFO - Processing file /home/alura/Documents/Financeiro/venv/lib/python3.9/site-packages/airflow/example_dags/example_branch_operator_decorator.py for tasks to queue
[2023-02-23 12:06:01,006] {logging_mixin.py:115} INFO - [2023-02-23 12:06:01,006] {dagbag.py:507} INFO - Filling up the DagBag from /home/alura/Documents/Financeiro/venv/lib/python3.9/site-packages/airflow/example_dags/example_branch_operator_decorator.py
[2023-02-23 12:06:01,015] {processor.py:651} INFO - DAG(s) dict_keys(['example_branch_python_operator_decorator']) retrieved from /home/alura/Documents/Financeiro/venv/lib/python3.9/site-packages/airflow/example_dags/example_branch_operator_decorator.py
[2023-02-23 12:06:01,023] {logging_mixin.py:115} INFO - [2023-02-23 12:06:01,023] {dag.py:2379} INFO - Sync 1 DAGs
[2023-02-23 12:06:01,033] {logging_mixin.py:115} INFO - [2023-02-23 12:06:01,033] {dag.py:2927} INFO - Setting next_dagrun for example_branch_python_operator_decorator to 2023-02-22T00:00:00+00:00, run_after=2023-02-23T00:00:00+00:00
[2023-02-23 12:06:01,039] {processor.py:161} INFO - Processing /home/alura/Documents/Financeiro/venv/lib/python3.9/site-packages/airflow/example_dags/example_branch_operator_decorator.py took 0.036 seconds
[2023-02-23 12:06:31,778] {processor.py:153} INFO - Started process (PID=51463) to work on /home/alura/Documents/Financeiro/venv/lib/python3.9/site-packages/airflow/example_dags/example_branch_operator_decorator.py
[2023-02-23 12:06:31,779] {processor.py:641} INFO - Processing file /home/alura/Documents/Financeiro/venv/lib/python3.9/site-packages/airflow/example_dags/example_branch_operator_decorator.py for tasks to queue
[2023-02-23 12:06:31,779] {logging_mixin.py:115} INFO - [2023-02-23 12:06:31,779] {dagbag.py:507} INFO - Filling up the DagBag from /home/alura/Documents/Financeiro/venv/lib/python3.9/site-packages/airflow/example_dags/example_branch_operator_decorator.py
[2023-02-23 12:06:31,788] {processor.py:651} INFO - DAG(s) dict_keys(['example_branch_python_operator_decorator']) retrieved from /home/alura/Documents/Financeiro/venv/lib/python3.9/site-packages/airflow/example_dags/example_branch_operator_decorator.py
[2023-02-23 12:06:31,796] {logging_mixin.py:115} INFO - [2023-02-23 12:06:31,796] {dag.py:2379} INFO - Sync 1 DAGs
[2023-02-23 12:06:31,809] {logging_mixin.py:115} INFO - [2023-02-23 12:06:31,809] {dag.py:2927} INFO - Setting next_dagrun for example_branch_python_operator_decorator to 2023-02-22T00:00:00+00:00, run_after=2023-02-23T00:00:00+00:00
[2023-02-23 12:06:31,815] {processor.py:161} INFO - Processing /home/alura/Documents/Financeiro/venv/lib/python3.9/site-packages/airflow/example_dags/example_branch_operator_decorator.py took 0.039 seconds
[2023-02-23 12:07:03,180] {processor.py:153} INFO - Started process (PID=51531) to work on /home/alura/Documents/Financeiro/venv/lib/python3.9/site-packages/airflow/example_dags/example_branch_operator_decorator.py
[2023-02-23 12:07:03,181] {processor.py:641} INFO - Processing file /home/alura/Documents/Financeiro/venv/lib/python3.9/site-packages/airflow/example_dags/example_branch_operator_decorator.py for tasks to queue
[2023-02-23 12:07:03,181] {logging_mixin.py:115} INFO - [2023-02-23 12:07:03,181] {dagbag.py:507} INFO - Filling up the DagBag from /home/alura/Documents/Financeiro/venv/lib/python3.9/site-packages/airflow/example_dags/example_branch_operator_decorator.py
[2023-02-23 12:07:03,190] {processor.py:651} INFO - DAG(s) dict_keys(['example_branch_python_operator_decorator']) retrieved from /home/alura/Documents/Financeiro/venv/lib/python3.9/site-packages/airflow/example_dags/example_branch_operator_decorator.py
[2023-02-23 12:07:03,198] {logging_mixin.py:115} INFO - [2023-02-23 12:07:03,198] {dag.py:2379} INFO - Sync 1 DAGs
[2023-02-23 12:07:03,208] {logging_mixin.py:115} INFO - [2023-02-23 12:07:03,207] {dag.py:2927} INFO - Setting next_dagrun for example_branch_python_operator_decorator to 2023-02-22T00:00:00+00:00, run_after=2023-02-23T00:00:00+00:00
[2023-02-23 12:07:03,214] {processor.py:161} INFO - Processing /home/alura/Documents/Financeiro/venv/lib/python3.9/site-packages/airflow/example_dags/example_branch_operator_decorator.py took 0.035 seconds
[2023-02-23 12:07:36,208] {processor.py:153} INFO - Started process (PID=51598) to work on /home/alura/Documents/Financeiro/venv/lib/python3.9/site-packages/airflow/example_dags/example_branch_operator_decorator.py
[2023-02-23 12:07:36,209] {processor.py:641} INFO - Processing file /home/alura/Documents/Financeiro/venv/lib/python3.9/site-packages/airflow/example_dags/example_branch_operator_decorator.py for tasks to queue
[2023-02-23 12:07:36,209] {logging_mixin.py:115} INFO - [2023-02-23 12:07:36,209] {dagbag.py:507} INFO - Filling up the DagBag from /home/alura/Documents/Financeiro/venv/lib/python3.9/site-packages/airflow/example_dags/example_branch_operator_decorator.py
[2023-02-23 12:07:36,218] {processor.py:651} INFO - DAG(s) dict_keys(['example_branch_python_operator_decorator']) retrieved from /home/alura/Documents/Financeiro/venv/lib/python3.9/site-packages/airflow/example_dags/example_branch_operator_decorator.py
[2023-02-23 12:07:36,226] {logging_mixin.py:115} INFO - [2023-02-23 12:07:36,226] {dag.py:2379} INFO - Sync 1 DAGs
[2023-02-23 12:07:36,235] {logging_mixin.py:115} INFO - [2023-02-23 12:07:36,235] {dag.py:2927} INFO - Setting next_dagrun for example_branch_python_operator_decorator to 2023-02-22T00:00:00+00:00, run_after=2023-02-23T00:00:00+00:00
[2023-02-23 12:07:36,242] {processor.py:161} INFO - Processing /home/alura/Documents/Financeiro/venv/lib/python3.9/site-packages/airflow/example_dags/example_branch_operator_decorator.py took 0.035 seconds
[2023-02-23 12:08:09,217] {processor.py:153} INFO - Started process (PID=51662) to work on /home/alura/Documents/Financeiro/venv/lib/python3.9/site-packages/airflow/example_dags/example_branch_operator_decorator.py
[2023-02-23 12:08:09,218] {processor.py:641} INFO - Processing file /home/alura/Documents/Financeiro/venv/lib/python3.9/site-packages/airflow/example_dags/example_branch_operator_decorator.py for tasks to queue
[2023-02-23 12:08:09,218] {logging_mixin.py:115} INFO - [2023-02-23 12:08:09,218] {dagbag.py:507} INFO - Filling up the DagBag from /home/alura/Documents/Financeiro/venv/lib/python3.9/site-packages/airflow/example_dags/example_branch_operator_decorator.py
[2023-02-23 12:08:09,227] {processor.py:651} INFO - DAG(s) dict_keys(['example_branch_python_operator_decorator']) retrieved from /home/alura/Documents/Financeiro/venv/lib/python3.9/site-packages/airflow/example_dags/example_branch_operator_decorator.py
[2023-02-23 12:08:09,235] {logging_mixin.py:115} INFO - [2023-02-23 12:08:09,235] {dag.py:2379} INFO - Sync 1 DAGs
[2023-02-23 12:08:09,244] {logging_mixin.py:115} INFO - [2023-02-23 12:08:09,244] {dag.py:2927} INFO - Setting next_dagrun for example_branch_python_operator_decorator to 2023-02-22T00:00:00+00:00, run_after=2023-02-23T00:00:00+00:00
[2023-02-23 12:08:09,250] {processor.py:161} INFO - Processing /home/alura/Documents/Financeiro/venv/lib/python3.9/site-packages/airflow/example_dags/example_branch_operator_decorator.py took 0.034 seconds
[2023-02-23 12:46:47,551] {processor.py:153} INFO - Started process (PID=52472) to work on /home/alura/Documents/Financeiro/venv/lib/python3.9/site-packages/airflow/example_dags/example_branch_operator_decorator.py
[2023-02-23 12:46:47,552] {processor.py:641} INFO - Processing file /home/alura/Documents/Financeiro/venv/lib/python3.9/site-packages/airflow/example_dags/example_branch_operator_decorator.py for tasks to queue
[2023-02-23 12:46:47,552] {logging_mixin.py:115} INFO - [2023-02-23 12:46:47,552] {dagbag.py:507} INFO - Filling up the DagBag from /home/alura/Documents/Financeiro/venv/lib/python3.9/site-packages/airflow/example_dags/example_branch_operator_decorator.py
[2023-02-23 12:46:47,562] {processor.py:651} INFO - DAG(s) dict_keys(['example_branch_python_operator_decorator']) retrieved from /home/alura/Documents/Financeiro/venv/lib/python3.9/site-packages/airflow/example_dags/example_branch_operator_decorator.py
[2023-02-23 12:46:47,571] {logging_mixin.py:115} INFO - [2023-02-23 12:46:47,571] {dag.py:2379} INFO - Sync 1 DAGs
[2023-02-23 12:46:47,582] {logging_mixin.py:115} INFO - [2023-02-23 12:46:47,582] {dag.py:2927} INFO - Setting next_dagrun for example_branch_python_operator_decorator to 2023-02-22T00:00:00+00:00, run_after=2023-02-23T00:00:00+00:00
[2023-02-23 12:46:47,588] {processor.py:161} INFO - Processing /home/alura/Documents/Financeiro/venv/lib/python3.9/site-packages/airflow/example_dags/example_branch_operator_decorator.py took 0.038 seconds
