[2023-02-23 12:00:18,213] {processor.py:153} INFO - Started process (PID=50468) to work on /home/alura/Documents/Financeiro/venv/lib/python3.9/site-packages/airflow/example_dags/example_external_task_marker_dag.py
[2023-02-23 12:00:18,213] {processor.py:641} INFO - Processing file /home/alura/Documents/Financeiro/venv/lib/python3.9/site-packages/airflow/example_dags/example_external_task_marker_dag.py for tasks to queue
[2023-02-23 12:00:18,214] {logging_mixin.py:115} INFO - [2023-02-23 12:00:18,213] {dagbag.py:507} INFO - Filling up the DagBag from /home/alura/Documents/Financeiro/venv/lib/python3.9/site-packages/airflow/example_dags/example_external_task_marker_dag.py
[2023-02-23 12:00:18,216] {processor.py:651} INFO - DAG(s) dict_keys(['example_external_task_marker_parent', 'example_external_task_marker_child']) retrieved from /home/alura/Documents/Financeiro/venv/lib/python3.9/site-packages/airflow/example_dags/example_external_task_marker_dag.py
[2023-02-23 12:00:18,248] {logging_mixin.py:115} INFO - [2023-02-23 12:00:18,248] {manager.py:508} INFO - Created Permission View: can read on DAG:example_external_task_marker_parent
[2023-02-23 12:00:18,252] {logging_mixin.py:115} INFO - [2023-02-23 12:00:18,252] {manager.py:508} INFO - Created Permission View: can edit on DAG:example_external_task_marker_parent
[2023-02-23 12:00:18,257] {logging_mixin.py:115} INFO - [2023-02-23 12:00:18,257] {manager.py:508} INFO - Created Permission View: can delete on DAG:example_external_task_marker_parent
[2023-02-23 12:00:18,270] {logging_mixin.py:115} INFO - [2023-02-23 12:00:18,269] {manager.py:508} INFO - Created Permission View: can read on DAG:example_external_task_marker_child
[2023-02-23 12:00:18,275] {logging_mixin.py:115} INFO - [2023-02-23 12:00:18,274] {manager.py:508} INFO - Created Permission View: can edit on DAG:example_external_task_marker_child
[2023-02-23 12:00:18,279] {logging_mixin.py:115} INFO - [2023-02-23 12:00:18,278] {manager.py:508} INFO - Created Permission View: can delete on DAG:example_external_task_marker_child
[2023-02-23 12:00:18,279] {logging_mixin.py:115} INFO - [2023-02-23 12:00:18,279] {dag.py:2379} INFO - Sync 2 DAGs
[2023-02-23 12:00:18,282] {logging_mixin.py:115} INFO - [2023-02-23 12:00:18,282] {dag.py:2398} INFO - Creating ORM DAG for example_external_task_marker_child
[2023-02-23 12:00:18,283] {logging_mixin.py:115} INFO - [2023-02-23 12:00:18,283] {dag.py:2398} INFO - Creating ORM DAG for example_external_task_marker_parent
[2023-02-23 12:00:18,287] {logging_mixin.py:115} INFO - [2023-02-23 12:00:18,287] {dag.py:2927} INFO - Setting next_dagrun for example_external_task_marker_child to None, run_after=None
[2023-02-23 12:00:18,287] {logging_mixin.py:115} INFO - [2023-02-23 12:00:18,287] {dag.py:2927} INFO - Setting next_dagrun for example_external_task_marker_parent to None, run_after=None
[2023-02-23 12:00:18,295] {processor.py:161} INFO - Processing /home/alura/Documents/Financeiro/venv/lib/python3.9/site-packages/airflow/example_dags/example_external_task_marker_dag.py took 0.084 seconds
[2023-02-23 12:00:50,120] {processor.py:153} INFO - Started process (PID=50506) to work on /home/alura/Documents/Financeiro/venv/lib/python3.9/site-packages/airflow/example_dags/example_external_task_marker_dag.py
[2023-02-23 12:00:50,121] {processor.py:641} INFO - Processing file /home/alura/Documents/Financeiro/venv/lib/python3.9/site-packages/airflow/example_dags/example_external_task_marker_dag.py for tasks to queue
[2023-02-23 12:00:50,121] {logging_mixin.py:115} INFO - [2023-02-23 12:00:50,121] {dagbag.py:507} INFO - Filling up the DagBag from /home/alura/Documents/Financeiro/venv/lib/python3.9/site-packages/airflow/example_dags/example_external_task_marker_dag.py
[2023-02-23 12:00:50,123] {processor.py:651} INFO - DAG(s) dict_keys(['example_external_task_marker_parent', 'example_external_task_marker_child']) retrieved from /home/alura/Documents/Financeiro/venv/lib/python3.9/site-packages/airflow/example_dags/example_external_task_marker_dag.py
[2023-02-23 12:00:50,135] {logging_mixin.py:115} INFO - [2023-02-23 12:00:50,135] {dag.py:2379} INFO - Sync 2 DAGs
[2023-02-23 12:00:50,144] {logging_mixin.py:115} INFO - [2023-02-23 12:00:50,144] {dag.py:2927} INFO - Setting next_dagrun for example_external_task_marker_child to None, run_after=None
[2023-02-23 12:00:50,145] {logging_mixin.py:115} INFO - [2023-02-23 12:00:50,145] {dag.py:2927} INFO - Setting next_dagrun for example_external_task_marker_parent to None, run_after=None
[2023-02-23 12:00:50,151] {processor.py:161} INFO - Processing /home/alura/Documents/Financeiro/venv/lib/python3.9/site-packages/airflow/example_dags/example_external_task_marker_dag.py took 0.032 seconds
[2023-02-23 12:01:23,492] {processor.py:153} INFO - Started process (PID=50541) to work on /home/alura/Documents/Financeiro/venv/lib/python3.9/site-packages/airflow/example_dags/example_external_task_marker_dag.py
[2023-02-23 12:01:23,493] {processor.py:641} INFO - Processing file /home/alura/Documents/Financeiro/venv/lib/python3.9/site-packages/airflow/example_dags/example_external_task_marker_dag.py for tasks to queue
[2023-02-23 12:01:23,493] {logging_mixin.py:115} INFO - [2023-02-23 12:01:23,493] {dagbag.py:507} INFO - Filling up the DagBag from /home/alura/Documents/Financeiro/venv/lib/python3.9/site-packages/airflow/example_dags/example_external_task_marker_dag.py
[2023-02-23 12:01:23,495] {processor.py:651} INFO - DAG(s) dict_keys(['example_external_task_marker_parent', 'example_external_task_marker_child']) retrieved from /home/alura/Documents/Financeiro/venv/lib/python3.9/site-packages/airflow/example_dags/example_external_task_marker_dag.py
[2023-02-23 12:01:23,507] {logging_mixin.py:115} INFO - [2023-02-23 12:01:23,507] {dag.py:2379} INFO - Sync 2 DAGs
[2023-02-23 12:01:23,516] {logging_mixin.py:115} INFO - [2023-02-23 12:01:23,516] {dag.py:2927} INFO - Setting next_dagrun for example_external_task_marker_child to None, run_after=None
[2023-02-23 12:01:23,516] {logging_mixin.py:115} INFO - [2023-02-23 12:01:23,516] {dag.py:2927} INFO - Setting next_dagrun for example_external_task_marker_parent to None, run_after=None
[2023-02-23 12:01:23,522] {processor.py:161} INFO - Processing /home/alura/Documents/Financeiro/venv/lib/python3.9/site-packages/airflow/example_dags/example_external_task_marker_dag.py took 0.032 seconds
[2023-02-23 12:01:55,645] {processor.py:153} INFO - Started process (PID=50919) to work on /home/alura/Documents/Financeiro/venv/lib/python3.9/site-packages/airflow/example_dags/example_external_task_marker_dag.py
[2023-02-23 12:01:55,646] {processor.py:641} INFO - Processing file /home/alura/Documents/Financeiro/venv/lib/python3.9/site-packages/airflow/example_dags/example_external_task_marker_dag.py for tasks to queue
[2023-02-23 12:01:55,646] {logging_mixin.py:115} INFO - [2023-02-23 12:01:55,646] {dagbag.py:507} INFO - Filling up the DagBag from /home/alura/Documents/Financeiro/venv/lib/python3.9/site-packages/airflow/example_dags/example_external_task_marker_dag.py
[2023-02-23 12:01:55,649] {processor.py:651} INFO - DAG(s) dict_keys(['example_external_task_marker_parent', 'example_external_task_marker_child']) retrieved from /home/alura/Documents/Financeiro/venv/lib/python3.9/site-packages/airflow/example_dags/example_external_task_marker_dag.py
[2023-02-23 12:01:55,665] {logging_mixin.py:115} INFO - [2023-02-23 12:01:55,665] {dag.py:2379} INFO - Sync 2 DAGs
[2023-02-23 12:01:55,677] {logging_mixin.py:115} INFO - [2023-02-23 12:01:55,677] {dag.py:2927} INFO - Setting next_dagrun for example_external_task_marker_child to None, run_after=None
[2023-02-23 12:01:55,678] {logging_mixin.py:115} INFO - [2023-02-23 12:01:55,678] {dag.py:2927} INFO - Setting next_dagrun for example_external_task_marker_parent to None, run_after=None
[2023-02-23 12:01:55,688] {processor.py:161} INFO - Processing /home/alura/Documents/Financeiro/venv/lib/python3.9/site-packages/airflow/example_dags/example_external_task_marker_dag.py took 0.044 seconds
[2023-02-23 12:02:27,552] {processor.py:153} INFO - Started process (PID=50988) to work on /home/alura/Documents/Financeiro/venv/lib/python3.9/site-packages/airflow/example_dags/example_external_task_marker_dag.py
[2023-02-23 12:02:27,552] {processor.py:641} INFO - Processing file /home/alura/Documents/Financeiro/venv/lib/python3.9/site-packages/airflow/example_dags/example_external_task_marker_dag.py for tasks to queue
[2023-02-23 12:02:27,553] {logging_mixin.py:115} INFO - [2023-02-23 12:02:27,553] {dagbag.py:507} INFO - Filling up the DagBag from /home/alura/Documents/Financeiro/venv/lib/python3.9/site-packages/airflow/example_dags/example_external_task_marker_dag.py
[2023-02-23 12:02:27,555] {processor.py:651} INFO - DAG(s) dict_keys(['example_external_task_marker_parent', 'example_external_task_marker_child']) retrieved from /home/alura/Documents/Financeiro/venv/lib/python3.9/site-packages/airflow/example_dags/example_external_task_marker_dag.py
[2023-02-23 12:02:27,567] {logging_mixin.py:115} INFO - [2023-02-23 12:02:27,567] {dag.py:2379} INFO - Sync 2 DAGs
[2023-02-23 12:02:27,576] {logging_mixin.py:115} INFO - [2023-02-23 12:02:27,576] {dag.py:2927} INFO - Setting next_dagrun for example_external_task_marker_child to None, run_after=None
[2023-02-23 12:02:27,576] {logging_mixin.py:115} INFO - [2023-02-23 12:02:27,576] {dag.py:2927} INFO - Setting next_dagrun for example_external_task_marker_parent to None, run_after=None
[2023-02-23 12:02:27,584] {processor.py:161} INFO - Processing /home/alura/Documents/Financeiro/venv/lib/python3.9/site-packages/airflow/example_dags/example_external_task_marker_dag.py took 0.033 seconds
[2023-02-23 12:03:02,241] {processor.py:153} INFO - Started process (PID=51068) to work on /home/alura/Documents/Financeiro/venv/lib/python3.9/site-packages/airflow/example_dags/example_external_task_marker_dag.py
[2023-02-23 12:03:02,242] {processor.py:641} INFO - Processing file /home/alura/Documents/Financeiro/venv/lib/python3.9/site-packages/airflow/example_dags/example_external_task_marker_dag.py for tasks to queue
[2023-02-23 12:03:02,242] {logging_mixin.py:115} INFO - [2023-02-23 12:03:02,242] {dagbag.py:507} INFO - Filling up the DagBag from /home/alura/Documents/Financeiro/venv/lib/python3.9/site-packages/airflow/example_dags/example_external_task_marker_dag.py
[2023-02-23 12:03:02,244] {processor.py:651} INFO - DAG(s) dict_keys(['example_external_task_marker_parent', 'example_external_task_marker_child']) retrieved from /home/alura/Documents/Financeiro/venv/lib/python3.9/site-packages/airflow/example_dags/example_external_task_marker_dag.py
[2023-02-23 12:03:02,257] {logging_mixin.py:115} INFO - [2023-02-23 12:03:02,257] {dag.py:2379} INFO - Sync 2 DAGs
[2023-02-23 12:03:02,266] {logging_mixin.py:115} INFO - [2023-02-23 12:03:02,266] {dag.py:2927} INFO - Setting next_dagrun for example_external_task_marker_child to None, run_after=None
[2023-02-23 12:03:02,266] {logging_mixin.py:115} INFO - [2023-02-23 12:03:02,266] {dag.py:2927} INFO - Setting next_dagrun for example_external_task_marker_parent to None, run_after=None
[2023-02-23 12:03:02,273] {processor.py:161} INFO - Processing /home/alura/Documents/Financeiro/venv/lib/python3.9/site-packages/airflow/example_dags/example_external_task_marker_dag.py took 0.033 seconds
[2023-02-23 12:03:33,019] {processor.py:153} INFO - Started process (PID=51122) to work on /home/alura/Documents/Financeiro/venv/lib/python3.9/site-packages/airflow/example_dags/example_external_task_marker_dag.py
[2023-02-23 12:03:33,020] {processor.py:641} INFO - Processing file /home/alura/Documents/Financeiro/venv/lib/python3.9/site-packages/airflow/example_dags/example_external_task_marker_dag.py for tasks to queue
[2023-02-23 12:03:33,020] {logging_mixin.py:115} INFO - [2023-02-23 12:03:33,020] {dagbag.py:507} INFO - Filling up the DagBag from /home/alura/Documents/Financeiro/venv/lib/python3.9/site-packages/airflow/example_dags/example_external_task_marker_dag.py
[2023-02-23 12:03:33,022] {processor.py:651} INFO - DAG(s) dict_keys(['example_external_task_marker_parent', 'example_external_task_marker_child']) retrieved from /home/alura/Documents/Financeiro/venv/lib/python3.9/site-packages/airflow/example_dags/example_external_task_marker_dag.py
[2023-02-23 12:03:33,036] {logging_mixin.py:115} INFO - [2023-02-23 12:03:33,036] {dag.py:2379} INFO - Sync 2 DAGs
[2023-02-23 12:03:33,045] {logging_mixin.py:115} INFO - [2023-02-23 12:03:33,045] {dag.py:2927} INFO - Setting next_dagrun for example_external_task_marker_child to None, run_after=None
[2023-02-23 12:03:33,046] {logging_mixin.py:115} INFO - [2023-02-23 12:03:33,045] {dag.py:2927} INFO - Setting next_dagrun for example_external_task_marker_parent to None, run_after=None
[2023-02-23 12:03:33,053] {processor.py:161} INFO - Processing /home/alura/Documents/Financeiro/venv/lib/python3.9/site-packages/airflow/example_dags/example_external_task_marker_dag.py took 0.035 seconds
[2023-02-23 12:04:07,174] {processor.py:153} INFO - Started process (PID=51185) to work on /home/alura/Documents/Financeiro/venv/lib/python3.9/site-packages/airflow/example_dags/example_external_task_marker_dag.py
[2023-02-23 12:04:07,174] {processor.py:641} INFO - Processing file /home/alura/Documents/Financeiro/venv/lib/python3.9/site-packages/airflow/example_dags/example_external_task_marker_dag.py for tasks to queue
[2023-02-23 12:04:07,174] {logging_mixin.py:115} INFO - [2023-02-23 12:04:07,174] {dagbag.py:507} INFO - Filling up the DagBag from /home/alura/Documents/Financeiro/venv/lib/python3.9/site-packages/airflow/example_dags/example_external_task_marker_dag.py
[2023-02-23 12:04:07,176] {processor.py:651} INFO - DAG(s) dict_keys(['example_external_task_marker_parent', 'example_external_task_marker_child']) retrieved from /home/alura/Documents/Financeiro/venv/lib/python3.9/site-packages/airflow/example_dags/example_external_task_marker_dag.py
[2023-02-23 12:04:07,189] {logging_mixin.py:115} INFO - [2023-02-23 12:04:07,189] {dag.py:2379} INFO - Sync 2 DAGs
[2023-02-23 12:04:07,197] {logging_mixin.py:115} INFO - [2023-02-23 12:04:07,197] {dag.py:2927} INFO - Setting next_dagrun for example_external_task_marker_child to None, run_after=None
[2023-02-23 12:04:07,197] {logging_mixin.py:115} INFO - [2023-02-23 12:04:07,197] {dag.py:2927} INFO - Setting next_dagrun for example_external_task_marker_parent to None, run_after=None
[2023-02-23 12:04:07,204] {processor.py:161} INFO - Processing /home/alura/Documents/Financeiro/venv/lib/python3.9/site-packages/airflow/example_dags/example_external_task_marker_dag.py took 0.031 seconds
[2023-02-23 12:04:41,083] {processor.py:153} INFO - Started process (PID=51247) to work on /home/alura/Documents/Financeiro/venv/lib/python3.9/site-packages/airflow/example_dags/example_external_task_marker_dag.py
[2023-02-23 12:04:41,084] {processor.py:641} INFO - Processing file /home/alura/Documents/Financeiro/venv/lib/python3.9/site-packages/airflow/example_dags/example_external_task_marker_dag.py for tasks to queue
[2023-02-23 12:04:41,084] {logging_mixin.py:115} INFO - [2023-02-23 12:04:41,084] {dagbag.py:507} INFO - Filling up the DagBag from /home/alura/Documents/Financeiro/venv/lib/python3.9/site-packages/airflow/example_dags/example_external_task_marker_dag.py
[2023-02-23 12:04:41,086] {processor.py:651} INFO - DAG(s) dict_keys(['example_external_task_marker_parent', 'example_external_task_marker_child']) retrieved from /home/alura/Documents/Financeiro/venv/lib/python3.9/site-packages/airflow/example_dags/example_external_task_marker_dag.py
[2023-02-23 12:04:41,099] {logging_mixin.py:115} INFO - [2023-02-23 12:04:41,099] {dag.py:2379} INFO - Sync 2 DAGs
[2023-02-23 12:04:41,107] {logging_mixin.py:115} INFO - [2023-02-23 12:04:41,107] {dag.py:2927} INFO - Setting next_dagrun for example_external_task_marker_child to None, run_after=None
[2023-02-23 12:04:41,107] {logging_mixin.py:115} INFO - [2023-02-23 12:04:41,107] {dag.py:2927} INFO - Setting next_dagrun for example_external_task_marker_parent to None, run_after=None
[2023-02-23 12:04:41,113] {processor.py:161} INFO - Processing /home/alura/Documents/Financeiro/venv/lib/python3.9/site-packages/airflow/example_dags/example_external_task_marker_dag.py took 0.032 seconds
[2023-02-23 12:05:13,607] {processor.py:153} INFO - Started process (PID=51313) to work on /home/alura/Documents/Financeiro/venv/lib/python3.9/site-packages/airflow/example_dags/example_external_task_marker_dag.py
[2023-02-23 12:05:13,607] {processor.py:641} INFO - Processing file /home/alura/Documents/Financeiro/venv/lib/python3.9/site-packages/airflow/example_dags/example_external_task_marker_dag.py for tasks to queue
[2023-02-23 12:05:13,608] {logging_mixin.py:115} INFO - [2023-02-23 12:05:13,607] {dagbag.py:507} INFO - Filling up the DagBag from /home/alura/Documents/Financeiro/venv/lib/python3.9/site-packages/airflow/example_dags/example_external_task_marker_dag.py
[2023-02-23 12:05:13,610] {processor.py:651} INFO - DAG(s) dict_keys(['example_external_task_marker_parent', 'example_external_task_marker_child']) retrieved from /home/alura/Documents/Financeiro/venv/lib/python3.9/site-packages/airflow/example_dags/example_external_task_marker_dag.py
[2023-02-23 12:05:13,621] {logging_mixin.py:115} INFO - [2023-02-23 12:05:13,621] {dag.py:2379} INFO - Sync 2 DAGs
[2023-02-23 12:05:13,630] {logging_mixin.py:115} INFO - [2023-02-23 12:05:13,630] {dag.py:2927} INFO - Setting next_dagrun for example_external_task_marker_child to None, run_after=None
[2023-02-23 12:05:13,631] {logging_mixin.py:115} INFO - [2023-02-23 12:05:13,631] {dag.py:2927} INFO - Setting next_dagrun for example_external_task_marker_parent to None, run_after=None
[2023-02-23 12:05:13,637] {processor.py:161} INFO - Processing /home/alura/Documents/Financeiro/venv/lib/python3.9/site-packages/airflow/example_dags/example_external_task_marker_dag.py took 0.031 seconds
[2023-02-23 12:05:46,239] {processor.py:153} INFO - Started process (PID=51376) to work on /home/alura/Documents/Financeiro/venv/lib/python3.9/site-packages/airflow/example_dags/example_external_task_marker_dag.py
[2023-02-23 12:05:46,240] {processor.py:641} INFO - Processing file /home/alura/Documents/Financeiro/venv/lib/python3.9/site-packages/airflow/example_dags/example_external_task_marker_dag.py for tasks to queue
[2023-02-23 12:05:46,240] {logging_mixin.py:115} INFO - [2023-02-23 12:05:46,240] {dagbag.py:507} INFO - Filling up the DagBag from /home/alura/Documents/Financeiro/venv/lib/python3.9/site-packages/airflow/example_dags/example_external_task_marker_dag.py
[2023-02-23 12:05:46,242] {processor.py:651} INFO - DAG(s) dict_keys(['example_external_task_marker_parent', 'example_external_task_marker_child']) retrieved from /home/alura/Documents/Financeiro/venv/lib/python3.9/site-packages/airflow/example_dags/example_external_task_marker_dag.py
[2023-02-23 12:05:46,255] {logging_mixin.py:115} INFO - [2023-02-23 12:05:46,255] {dag.py:2379} INFO - Sync 2 DAGs
[2023-02-23 12:05:46,263] {logging_mixin.py:115} INFO - [2023-02-23 12:05:46,263] {dag.py:2927} INFO - Setting next_dagrun for example_external_task_marker_child to None, run_after=None
[2023-02-23 12:05:46,263] {logging_mixin.py:115} INFO - [2023-02-23 12:05:46,263] {dag.py:2927} INFO - Setting next_dagrun for example_external_task_marker_parent to None, run_after=None
[2023-02-23 12:05:46,270] {processor.py:161} INFO - Processing /home/alura/Documents/Financeiro/venv/lib/python3.9/site-packages/airflow/example_dags/example_external_task_marker_dag.py took 0.032 seconds
[2023-02-23 12:06:17,017] {processor.py:153} INFO - Started process (PID=51436) to work on /home/alura/Documents/Financeiro/venv/lib/python3.9/site-packages/airflow/example_dags/example_external_task_marker_dag.py
[2023-02-23 12:06:17,017] {processor.py:641} INFO - Processing file /home/alura/Documents/Financeiro/venv/lib/python3.9/site-packages/airflow/example_dags/example_external_task_marker_dag.py for tasks to queue
[2023-02-23 12:06:17,018] {logging_mixin.py:115} INFO - [2023-02-23 12:06:17,018] {dagbag.py:507} INFO - Filling up the DagBag from /home/alura/Documents/Financeiro/venv/lib/python3.9/site-packages/airflow/example_dags/example_external_task_marker_dag.py
[2023-02-23 12:06:17,020] {processor.py:651} INFO - DAG(s) dict_keys(['example_external_task_marker_parent', 'example_external_task_marker_child']) retrieved from /home/alura/Documents/Financeiro/venv/lib/python3.9/site-packages/airflow/example_dags/example_external_task_marker_dag.py
[2023-02-23 12:06:17,032] {logging_mixin.py:115} INFO - [2023-02-23 12:06:17,032] {dag.py:2379} INFO - Sync 2 DAGs
[2023-02-23 12:06:17,041] {logging_mixin.py:115} INFO - [2023-02-23 12:06:17,041] {dag.py:2927} INFO - Setting next_dagrun for example_external_task_marker_child to None, run_after=None
[2023-02-23 12:06:17,041] {logging_mixin.py:115} INFO - [2023-02-23 12:06:17,041] {dag.py:2927} INFO - Setting next_dagrun for example_external_task_marker_parent to None, run_after=None
[2023-02-23 12:06:17,048] {processor.py:161} INFO - Processing /home/alura/Documents/Financeiro/venv/lib/python3.9/site-packages/airflow/example_dags/example_external_task_marker_dag.py took 0.032 seconds
[2023-02-23 12:06:47,792] {processor.py:153} INFO - Started process (PID=51503) to work on /home/alura/Documents/Financeiro/venv/lib/python3.9/site-packages/airflow/example_dags/example_external_task_marker_dag.py
[2023-02-23 12:06:47,793] {processor.py:641} INFO - Processing file /home/alura/Documents/Financeiro/venv/lib/python3.9/site-packages/airflow/example_dags/example_external_task_marker_dag.py for tasks to queue
[2023-02-23 12:06:47,793] {logging_mixin.py:115} INFO - [2023-02-23 12:06:47,793] {dagbag.py:507} INFO - Filling up the DagBag from /home/alura/Documents/Financeiro/venv/lib/python3.9/site-packages/airflow/example_dags/example_external_task_marker_dag.py
[2023-02-23 12:06:47,795] {processor.py:651} INFO - DAG(s) dict_keys(['example_external_task_marker_parent', 'example_external_task_marker_child']) retrieved from /home/alura/Documents/Financeiro/venv/lib/python3.9/site-packages/airflow/example_dags/example_external_task_marker_dag.py
[2023-02-23 12:06:47,808] {logging_mixin.py:115} INFO - [2023-02-23 12:06:47,808] {dag.py:2379} INFO - Sync 2 DAGs
[2023-02-23 12:06:47,818] {logging_mixin.py:115} INFO - [2023-02-23 12:06:47,818] {dag.py:2927} INFO - Setting next_dagrun for example_external_task_marker_child to None, run_after=None
[2023-02-23 12:06:47,818] {logging_mixin.py:115} INFO - [2023-02-23 12:06:47,818] {dag.py:2927} INFO - Setting next_dagrun for example_external_task_marker_parent to None, run_after=None
[2023-02-23 12:06:47,824] {processor.py:161} INFO - Processing /home/alura/Documents/Financeiro/venv/lib/python3.9/site-packages/airflow/example_dags/example_external_task_marker_dag.py took 0.034 seconds
[2023-02-23 12:07:20,825] {processor.py:153} INFO - Started process (PID=51566) to work on /home/alura/Documents/Financeiro/venv/lib/python3.9/site-packages/airflow/example_dags/example_external_task_marker_dag.py
[2023-02-23 12:07:20,826] {processor.py:641} INFO - Processing file /home/alura/Documents/Financeiro/venv/lib/python3.9/site-packages/airflow/example_dags/example_external_task_marker_dag.py for tasks to queue
[2023-02-23 12:07:20,826] {logging_mixin.py:115} INFO - [2023-02-23 12:07:20,826] {dagbag.py:507} INFO - Filling up the DagBag from /home/alura/Documents/Financeiro/venv/lib/python3.9/site-packages/airflow/example_dags/example_external_task_marker_dag.py
[2023-02-23 12:07:20,829] {processor.py:651} INFO - DAG(s) dict_keys(['example_external_task_marker_parent', 'example_external_task_marker_child']) retrieved from /home/alura/Documents/Financeiro/venv/lib/python3.9/site-packages/airflow/example_dags/example_external_task_marker_dag.py
[2023-02-23 12:07:20,840] {logging_mixin.py:115} INFO - [2023-02-23 12:07:20,840] {dag.py:2379} INFO - Sync 2 DAGs
[2023-02-23 12:07:20,848] {logging_mixin.py:115} INFO - [2023-02-23 12:07:20,848] {dag.py:2927} INFO - Setting next_dagrun for example_external_task_marker_child to None, run_after=None
[2023-02-23 12:07:20,848] {logging_mixin.py:115} INFO - [2023-02-23 12:07:20,848] {dag.py:2927} INFO - Setting next_dagrun for example_external_task_marker_parent to None, run_after=None
[2023-02-23 12:07:20,855] {processor.py:161} INFO - Processing /home/alura/Documents/Financeiro/venv/lib/python3.9/site-packages/airflow/example_dags/example_external_task_marker_dag.py took 0.031 seconds
[2023-02-23 12:07:54,310] {processor.py:153} INFO - Started process (PID=51633) to work on /home/alura/Documents/Financeiro/venv/lib/python3.9/site-packages/airflow/example_dags/example_external_task_marker_dag.py
[2023-02-23 12:07:54,310] {processor.py:641} INFO - Processing file /home/alura/Documents/Financeiro/venv/lib/python3.9/site-packages/airflow/example_dags/example_external_task_marker_dag.py for tasks to queue
[2023-02-23 12:07:54,311] {logging_mixin.py:115} INFO - [2023-02-23 12:07:54,311] {dagbag.py:507} INFO - Filling up the DagBag from /home/alura/Documents/Financeiro/venv/lib/python3.9/site-packages/airflow/example_dags/example_external_task_marker_dag.py
[2023-02-23 12:07:54,313] {processor.py:651} INFO - DAG(s) dict_keys(['example_external_task_marker_parent', 'example_external_task_marker_child']) retrieved from /home/alura/Documents/Financeiro/venv/lib/python3.9/site-packages/airflow/example_dags/example_external_task_marker_dag.py
[2023-02-23 12:07:54,330] {logging_mixin.py:115} INFO - [2023-02-23 12:07:54,330] {dag.py:2379} INFO - Sync 2 DAGs
[2023-02-23 12:07:54,344] {logging_mixin.py:115} INFO - [2023-02-23 12:07:54,344] {dag.py:2927} INFO - Setting next_dagrun for example_external_task_marker_child to None, run_after=None
[2023-02-23 12:07:54,345] {logging_mixin.py:115} INFO - [2023-02-23 12:07:54,345] {dag.py:2927} INFO - Setting next_dagrun for example_external_task_marker_parent to None, run_after=None
[2023-02-23 12:07:54,354] {processor.py:161} INFO - Processing /home/alura/Documents/Financeiro/venv/lib/python3.9/site-packages/airflow/example_dags/example_external_task_marker_dag.py took 0.046 seconds
[2023-02-23 12:08:25,233] {processor.py:153} INFO - Started process (PID=51691) to work on /home/alura/Documents/Financeiro/venv/lib/python3.9/site-packages/airflow/example_dags/example_external_task_marker_dag.py
[2023-02-23 12:08:25,234] {processor.py:641} INFO - Processing file /home/alura/Documents/Financeiro/venv/lib/python3.9/site-packages/airflow/example_dags/example_external_task_marker_dag.py for tasks to queue
[2023-02-23 12:08:25,234] {logging_mixin.py:115} INFO - [2023-02-23 12:08:25,234] {dagbag.py:507} INFO - Filling up the DagBag from /home/alura/Documents/Financeiro/venv/lib/python3.9/site-packages/airflow/example_dags/example_external_task_marker_dag.py
[2023-02-23 12:08:25,237] {processor.py:651} INFO - DAG(s) dict_keys(['example_external_task_marker_parent', 'example_external_task_marker_child']) retrieved from /home/alura/Documents/Financeiro/venv/lib/python3.9/site-packages/airflow/example_dags/example_external_task_marker_dag.py
[2023-02-23 12:08:25,252] {logging_mixin.py:115} INFO - [2023-02-23 12:08:25,252] {dag.py:2379} INFO - Sync 2 DAGs
[2023-02-23 12:08:25,261] {logging_mixin.py:115} INFO - [2023-02-23 12:08:25,261] {dag.py:2927} INFO - Setting next_dagrun for example_external_task_marker_child to None, run_after=None
[2023-02-23 12:08:25,261] {logging_mixin.py:115} INFO - [2023-02-23 12:08:25,261] {dag.py:2927} INFO - Setting next_dagrun for example_external_task_marker_parent to None, run_after=None
[2023-02-23 12:08:25,268] {processor.py:161} INFO - Processing /home/alura/Documents/Financeiro/venv/lib/python3.9/site-packages/airflow/example_dags/example_external_task_marker_dag.py took 0.037 seconds
[2023-02-23 12:46:37,273] {processor.py:153} INFO - Started process (PID=52439) to work on /home/alura/Documents/Financeiro/venv/lib/python3.9/site-packages/airflow/example_dags/example_external_task_marker_dag.py
[2023-02-23 12:46:37,274] {processor.py:641} INFO - Processing file /home/alura/Documents/Financeiro/venv/lib/python3.9/site-packages/airflow/example_dags/example_external_task_marker_dag.py for tasks to queue
[2023-02-23 12:46:37,274] {logging_mixin.py:115} INFO - [2023-02-23 12:46:37,274] {dagbag.py:507} INFO - Filling up the DagBag from /home/alura/Documents/Financeiro/venv/lib/python3.9/site-packages/airflow/example_dags/example_external_task_marker_dag.py
[2023-02-23 12:46:37,276] {processor.py:651} INFO - DAG(s) dict_keys(['example_external_task_marker_parent', 'example_external_task_marker_child']) retrieved from /home/alura/Documents/Financeiro/venv/lib/python3.9/site-packages/airflow/example_dags/example_external_task_marker_dag.py
[2023-02-23 12:46:37,290] {logging_mixin.py:115} INFO - [2023-02-23 12:46:37,290] {dag.py:2379} INFO - Sync 2 DAGs
[2023-02-23 12:46:37,300] {logging_mixin.py:115} INFO - [2023-02-23 12:46:37,300] {dag.py:2927} INFO - Setting next_dagrun for example_external_task_marker_child to None, run_after=None
[2023-02-23 12:46:37,300] {logging_mixin.py:115} INFO - [2023-02-23 12:46:37,300] {dag.py:2927} INFO - Setting next_dagrun for example_external_task_marker_parent to None, run_after=None
[2023-02-23 12:46:37,308] {processor.py:161} INFO - Processing /home/alura/Documents/Financeiro/venv/lib/python3.9/site-packages/airflow/example_dags/example_external_task_marker_dag.py took 0.037 seconds
