[2023-02-23 12:00:34,731] {processor.py:153} INFO - Started process (PID=50489) to work on /home/alura/Documents/Financeiro/venv/lib/python3.9/site-packages/airflow/example_dags/example_branch_day_of_week_operator.py
[2023-02-23 12:00:34,732] {processor.py:641} INFO - Processing file /home/alura/Documents/Financeiro/venv/lib/python3.9/site-packages/airflow/example_dags/example_branch_day_of_week_operator.py for tasks to queue
[2023-02-23 12:00:34,732] {logging_mixin.py:115} INFO - [2023-02-23 12:00:34,732] {dagbag.py:507} INFO - Filling up the DagBag from /home/alura/Documents/Financeiro/venv/lib/python3.9/site-packages/airflow/example_dags/example_branch_day_of_week_operator.py
[2023-02-23 12:00:34,736] {processor.py:651} INFO - DAG(s) dict_keys(['example_weekday_branch_operator']) retrieved from /home/alura/Documents/Financeiro/venv/lib/python3.9/site-packages/airflow/example_dags/example_branch_day_of_week_operator.py
[2023-02-23 12:00:34,766] {logging_mixin.py:115} INFO - [2023-02-23 12:00:34,766] {manager.py:508} INFO - Created Permission View: can read on DAG:example_weekday_branch_operator
[2023-02-23 12:00:34,771] {logging_mixin.py:115} INFO - [2023-02-23 12:00:34,771] {manager.py:508} INFO - Created Permission View: can edit on DAG:example_weekday_branch_operator
[2023-02-23 12:00:34,775] {logging_mixin.py:115} INFO - [2023-02-23 12:00:34,775] {manager.py:508} INFO - Created Permission View: can delete on DAG:example_weekday_branch_operator
[2023-02-23 12:00:34,775] {logging_mixin.py:115} INFO - [2023-02-23 12:00:34,775] {dag.py:2379} INFO - Sync 1 DAGs
[2023-02-23 12:00:34,779] {logging_mixin.py:115} INFO - [2023-02-23 12:00:34,779] {dag.py:2398} INFO - Creating ORM DAG for example_weekday_branch_operator
[2023-02-23 12:00:34,784] {logging_mixin.py:115} INFO - [2023-02-23 12:00:34,784] {dag.py:2927} INFO - Setting next_dagrun for example_weekday_branch_operator to 2023-02-22T00:00:00+00:00, run_after=2023-02-23T00:00:00+00:00
[2023-02-23 12:00:34,791] {processor.py:161} INFO - Processing /home/alura/Documents/Financeiro/venv/lib/python3.9/site-packages/airflow/example_dags/example_branch_day_of_week_operator.py took 0.061 seconds
[2023-02-23 12:01:08,360] {processor.py:153} INFO - Started process (PID=50525) to work on /home/alura/Documents/Financeiro/venv/lib/python3.9/site-packages/airflow/example_dags/example_branch_day_of_week_operator.py
[2023-02-23 12:01:08,361] {processor.py:641} INFO - Processing file /home/alura/Documents/Financeiro/venv/lib/python3.9/site-packages/airflow/example_dags/example_branch_day_of_week_operator.py for tasks to queue
[2023-02-23 12:01:08,361] {logging_mixin.py:115} INFO - [2023-02-23 12:01:08,361] {dagbag.py:507} INFO - Filling up the DagBag from /home/alura/Documents/Financeiro/venv/lib/python3.9/site-packages/airflow/example_dags/example_branch_day_of_week_operator.py
[2023-02-23 12:01:08,365] {processor.py:651} INFO - DAG(s) dict_keys(['example_weekday_branch_operator']) retrieved from /home/alura/Documents/Financeiro/venv/lib/python3.9/site-packages/airflow/example_dags/example_branch_day_of_week_operator.py
[2023-02-23 12:01:08,373] {logging_mixin.py:115} INFO - [2023-02-23 12:01:08,373] {dag.py:2379} INFO - Sync 1 DAGs
[2023-02-23 12:01:08,382] {logging_mixin.py:115} INFO - [2023-02-23 12:01:08,382] {dag.py:2927} INFO - Setting next_dagrun for example_weekday_branch_operator to 2023-02-22T00:00:00+00:00, run_after=2023-02-23T00:00:00+00:00
[2023-02-23 12:01:08,388] {processor.py:161} INFO - Processing /home/alura/Documents/Financeiro/venv/lib/python3.9/site-packages/airflow/example_dags/example_branch_day_of_week_operator.py took 0.029 seconds
[2023-02-23 12:01:40,252] {processor.py:153} INFO - Started process (PID=50857) to work on /home/alura/Documents/Financeiro/venv/lib/python3.9/site-packages/airflow/example_dags/example_branch_day_of_week_operator.py
[2023-02-23 12:01:40,252] {processor.py:641} INFO - Processing file /home/alura/Documents/Financeiro/venv/lib/python3.9/site-packages/airflow/example_dags/example_branch_day_of_week_operator.py for tasks to queue
[2023-02-23 12:01:40,252] {logging_mixin.py:115} INFO - [2023-02-23 12:01:40,252] {dagbag.py:507} INFO - Filling up the DagBag from /home/alura/Documents/Financeiro/venv/lib/python3.9/site-packages/airflow/example_dags/example_branch_day_of_week_operator.py
[2023-02-23 12:01:40,257] {processor.py:651} INFO - DAG(s) dict_keys(['example_weekday_branch_operator']) retrieved from /home/alura/Documents/Financeiro/venv/lib/python3.9/site-packages/airflow/example_dags/example_branch_day_of_week_operator.py
[2023-02-23 12:01:40,269] {logging_mixin.py:115} INFO - [2023-02-23 12:01:40,269] {dag.py:2379} INFO - Sync 1 DAGs
[2023-02-23 12:01:40,282] {logging_mixin.py:115} INFO - [2023-02-23 12:01:40,282] {dag.py:2927} INFO - Setting next_dagrun for example_weekday_branch_operator to 2023-02-22T00:00:00+00:00, run_after=2023-02-23T00:00:00+00:00
[2023-02-23 12:01:40,290] {processor.py:161} INFO - Processing /home/alura/Documents/Financeiro/venv/lib/python3.9/site-packages/airflow/example_dags/example_branch_day_of_week_operator.py took 0.041 seconds
[2023-02-23 12:02:12,164] {processor.py:153} INFO - Started process (PID=50958) to work on /home/alura/Documents/Financeiro/venv/lib/python3.9/site-packages/airflow/example_dags/example_branch_day_of_week_operator.py
[2023-02-23 12:02:12,164] {processor.py:641} INFO - Processing file /home/alura/Documents/Financeiro/venv/lib/python3.9/site-packages/airflow/example_dags/example_branch_day_of_week_operator.py for tasks to queue
[2023-02-23 12:02:12,165] {logging_mixin.py:115} INFO - [2023-02-23 12:02:12,165] {dagbag.py:507} INFO - Filling up the DagBag from /home/alura/Documents/Financeiro/venv/lib/python3.9/site-packages/airflow/example_dags/example_branch_day_of_week_operator.py
[2023-02-23 12:02:12,169] {processor.py:651} INFO - DAG(s) dict_keys(['example_weekday_branch_operator']) retrieved from /home/alura/Documents/Financeiro/venv/lib/python3.9/site-packages/airflow/example_dags/example_branch_day_of_week_operator.py
[2023-02-23 12:02:12,177] {logging_mixin.py:115} INFO - [2023-02-23 12:02:12,177] {dag.py:2379} INFO - Sync 1 DAGs
[2023-02-23 12:02:12,188] {logging_mixin.py:115} INFO - [2023-02-23 12:02:12,188] {dag.py:2927} INFO - Setting next_dagrun for example_weekday_branch_operator to 2023-02-22T00:00:00+00:00, run_after=2023-02-23T00:00:00+00:00
[2023-02-23 12:02:12,194] {processor.py:161} INFO - Processing /home/alura/Documents/Financeiro/venv/lib/python3.9/site-packages/airflow/example_dags/example_branch_day_of_week_operator.py took 0.031 seconds
[2023-02-23 12:02:46,942] {processor.py:153} INFO - Started process (PID=51033) to work on /home/alura/Documents/Financeiro/venv/lib/python3.9/site-packages/airflow/example_dags/example_branch_day_of_week_operator.py
[2023-02-23 12:02:46,943] {processor.py:641} INFO - Processing file /home/alura/Documents/Financeiro/venv/lib/python3.9/site-packages/airflow/example_dags/example_branch_day_of_week_operator.py for tasks to queue
[2023-02-23 12:02:46,943] {logging_mixin.py:115} INFO - [2023-02-23 12:02:46,943] {dagbag.py:507} INFO - Filling up the DagBag from /home/alura/Documents/Financeiro/venv/lib/python3.9/site-packages/airflow/example_dags/example_branch_day_of_week_operator.py
[2023-02-23 12:02:46,947] {processor.py:651} INFO - DAG(s) dict_keys(['example_weekday_branch_operator']) retrieved from /home/alura/Documents/Financeiro/venv/lib/python3.9/site-packages/airflow/example_dags/example_branch_day_of_week_operator.py
[2023-02-23 12:02:46,954] {logging_mixin.py:115} INFO - [2023-02-23 12:02:46,954] {dag.py:2379} INFO - Sync 1 DAGs
[2023-02-23 12:02:46,963] {logging_mixin.py:115} INFO - [2023-02-23 12:02:46,963] {dag.py:2927} INFO - Setting next_dagrun for example_weekday_branch_operator to 2023-02-22T00:00:00+00:00, run_after=2023-02-23T00:00:00+00:00
[2023-02-23 12:02:46,969] {processor.py:161} INFO - Processing /home/alura/Documents/Financeiro/venv/lib/python3.9/site-packages/airflow/example_dags/example_branch_day_of_week_operator.py took 0.029 seconds
[2023-02-23 12:03:21,367] {processor.py:153} INFO - Started process (PID=51093) to work on /home/alura/Documents/Financeiro/venv/lib/python3.9/site-packages/airflow/example_dags/example_branch_day_of_week_operator.py
[2023-02-23 12:03:21,367] {processor.py:641} INFO - Processing file /home/alura/Documents/Financeiro/venv/lib/python3.9/site-packages/airflow/example_dags/example_branch_day_of_week_operator.py for tasks to queue
[2023-02-23 12:03:21,368] {logging_mixin.py:115} INFO - [2023-02-23 12:03:21,368] {dagbag.py:507} INFO - Filling up the DagBag from /home/alura/Documents/Financeiro/venv/lib/python3.9/site-packages/airflow/example_dags/example_branch_day_of_week_operator.py
[2023-02-23 12:03:21,372] {processor.py:651} INFO - DAG(s) dict_keys(['example_weekday_branch_operator']) retrieved from /home/alura/Documents/Financeiro/venv/lib/python3.9/site-packages/airflow/example_dags/example_branch_day_of_week_operator.py
[2023-02-23 12:03:21,381] {logging_mixin.py:115} INFO - [2023-02-23 12:03:21,381] {dag.py:2379} INFO - Sync 1 DAGs
[2023-02-23 12:03:21,392] {logging_mixin.py:115} INFO - [2023-02-23 12:03:21,392] {dag.py:2927} INFO - Setting next_dagrun for example_weekday_branch_operator to 2023-02-22T00:00:00+00:00, run_after=2023-02-23T00:00:00+00:00
[2023-02-23 12:03:21,399] {processor.py:161} INFO - Processing /home/alura/Documents/Financeiro/venv/lib/python3.9/site-packages/airflow/example_dags/example_branch_day_of_week_operator.py took 0.033 seconds
[2023-02-23 12:03:53,534] {processor.py:153} INFO - Started process (PID=51161) to work on /home/alura/Documents/Financeiro/venv/lib/python3.9/site-packages/airflow/example_dags/example_branch_day_of_week_operator.py
[2023-02-23 12:03:53,534] {processor.py:641} INFO - Processing file /home/alura/Documents/Financeiro/venv/lib/python3.9/site-packages/airflow/example_dags/example_branch_day_of_week_operator.py for tasks to queue
[2023-02-23 12:03:53,534] {logging_mixin.py:115} INFO - [2023-02-23 12:03:53,534] {dagbag.py:507} INFO - Filling up the DagBag from /home/alura/Documents/Financeiro/venv/lib/python3.9/site-packages/airflow/example_dags/example_branch_day_of_week_operator.py
[2023-02-23 12:03:53,538] {processor.py:651} INFO - DAG(s) dict_keys(['example_weekday_branch_operator']) retrieved from /home/alura/Documents/Financeiro/venv/lib/python3.9/site-packages/airflow/example_dags/example_branch_day_of_week_operator.py
[2023-02-23 12:03:53,546] {logging_mixin.py:115} INFO - [2023-02-23 12:03:53,546] {dag.py:2379} INFO - Sync 1 DAGs
[2023-02-23 12:03:53,555] {logging_mixin.py:115} INFO - [2023-02-23 12:03:53,555] {dag.py:2927} INFO - Setting next_dagrun for example_weekday_branch_operator to 2023-02-22T00:00:00+00:00, run_after=2023-02-23T00:00:00+00:00
[2023-02-23 12:03:53,562] {processor.py:161} INFO - Processing /home/alura/Documents/Financeiro/venv/lib/python3.9/site-packages/airflow/example_dags/example_branch_day_of_week_operator.py took 0.030 seconds
[2023-02-23 12:04:28,204] {processor.py:153} INFO - Started process (PID=51226) to work on /home/alura/Documents/Financeiro/venv/lib/python3.9/site-packages/airflow/example_dags/example_branch_day_of_week_operator.py
[2023-02-23 12:04:28,205] {processor.py:641} INFO - Processing file /home/alura/Documents/Financeiro/venv/lib/python3.9/site-packages/airflow/example_dags/example_branch_day_of_week_operator.py for tasks to queue
[2023-02-23 12:04:28,205] {logging_mixin.py:115} INFO - [2023-02-23 12:04:28,205] {dagbag.py:507} INFO - Filling up the DagBag from /home/alura/Documents/Financeiro/venv/lib/python3.9/site-packages/airflow/example_dags/example_branch_day_of_week_operator.py
[2023-02-23 12:04:28,209] {processor.py:651} INFO - DAG(s) dict_keys(['example_weekday_branch_operator']) retrieved from /home/alura/Documents/Financeiro/venv/lib/python3.9/site-packages/airflow/example_dags/example_branch_day_of_week_operator.py
[2023-02-23 12:04:28,217] {logging_mixin.py:115} INFO - [2023-02-23 12:04:28,217] {dag.py:2379} INFO - Sync 1 DAGs
[2023-02-23 12:04:28,226] {logging_mixin.py:115} INFO - [2023-02-23 12:04:28,226] {dag.py:2927} INFO - Setting next_dagrun for example_weekday_branch_operator to 2023-02-22T00:00:00+00:00, run_after=2023-02-23T00:00:00+00:00
[2023-02-23 12:04:28,233] {processor.py:161} INFO - Processing /home/alura/Documents/Financeiro/venv/lib/python3.9/site-packages/airflow/example_dags/example_branch_day_of_week_operator.py took 0.030 seconds
[2023-02-23 12:05:01,229] {processor.py:153} INFO - Started process (PID=51284) to work on /home/alura/Documents/Financeiro/venv/lib/python3.9/site-packages/airflow/example_dags/example_branch_day_of_week_operator.py
[2023-02-23 12:05:01,230] {processor.py:641} INFO - Processing file /home/alura/Documents/Financeiro/venv/lib/python3.9/site-packages/airflow/example_dags/example_branch_day_of_week_operator.py for tasks to queue
[2023-02-23 12:05:01,230] {logging_mixin.py:115} INFO - [2023-02-23 12:05:01,230] {dagbag.py:507} INFO - Filling up the DagBag from /home/alura/Documents/Financeiro/venv/lib/python3.9/site-packages/airflow/example_dags/example_branch_day_of_week_operator.py
[2023-02-23 12:05:01,234] {processor.py:651} INFO - DAG(s) dict_keys(['example_weekday_branch_operator']) retrieved from /home/alura/Documents/Financeiro/venv/lib/python3.9/site-packages/airflow/example_dags/example_branch_day_of_week_operator.py
[2023-02-23 12:05:01,241] {logging_mixin.py:115} INFO - [2023-02-23 12:05:01,241] {dag.py:2379} INFO - Sync 1 DAGs
[2023-02-23 12:05:01,250] {logging_mixin.py:115} INFO - [2023-02-23 12:05:01,250] {dag.py:2927} INFO - Setting next_dagrun for example_weekday_branch_operator to 2023-02-22T00:00:00+00:00, run_after=2023-02-23T00:00:00+00:00
[2023-02-23 12:05:01,257] {processor.py:161} INFO - Processing /home/alura/Documents/Financeiro/venv/lib/python3.9/site-packages/airflow/example_dags/example_branch_day_of_week_operator.py took 0.029 seconds
[2023-02-23 12:05:34,987] {processor.py:153} INFO - Started process (PID=51351) to work on /home/alura/Documents/Financeiro/venv/lib/python3.9/site-packages/airflow/example_dags/example_branch_day_of_week_operator.py
[2023-02-23 12:05:34,987] {processor.py:641} INFO - Processing file /home/alura/Documents/Financeiro/venv/lib/python3.9/site-packages/airflow/example_dags/example_branch_day_of_week_operator.py for tasks to queue
[2023-02-23 12:05:34,987] {logging_mixin.py:115} INFO - [2023-02-23 12:05:34,987] {dagbag.py:507} INFO - Filling up the DagBag from /home/alura/Documents/Financeiro/venv/lib/python3.9/site-packages/airflow/example_dags/example_branch_day_of_week_operator.py
[2023-02-23 12:05:34,991] {processor.py:651} INFO - DAG(s) dict_keys(['example_weekday_branch_operator']) retrieved from /home/alura/Documents/Financeiro/venv/lib/python3.9/site-packages/airflow/example_dags/example_branch_day_of_week_operator.py
[2023-02-23 12:05:35,000] {logging_mixin.py:115} INFO - [2023-02-23 12:05:35,000] {dag.py:2379} INFO - Sync 1 DAGs
[2023-02-23 12:05:35,009] {logging_mixin.py:115} INFO - [2023-02-23 12:05:35,009] {dag.py:2927} INFO - Setting next_dagrun for example_weekday_branch_operator to 2023-02-22T00:00:00+00:00, run_after=2023-02-23T00:00:00+00:00
[2023-02-23 12:05:35,016] {processor.py:161} INFO - Processing /home/alura/Documents/Financeiro/venv/lib/python3.9/site-packages/airflow/example_dags/example_branch_day_of_week_operator.py took 0.031 seconds
[2023-02-23 12:06:07,887] {processor.py:153} INFO - Started process (PID=51417) to work on /home/alura/Documents/Financeiro/venv/lib/python3.9/site-packages/airflow/example_dags/example_branch_day_of_week_operator.py
[2023-02-23 12:06:07,887] {processor.py:641} INFO - Processing file /home/alura/Documents/Financeiro/venv/lib/python3.9/site-packages/airflow/example_dags/example_branch_day_of_week_operator.py for tasks to queue
[2023-02-23 12:06:07,887] {logging_mixin.py:115} INFO - [2023-02-23 12:06:07,887] {dagbag.py:507} INFO - Filling up the DagBag from /home/alura/Documents/Financeiro/venv/lib/python3.9/site-packages/airflow/example_dags/example_branch_day_of_week_operator.py
[2023-02-23 12:06:07,892] {processor.py:651} INFO - DAG(s) dict_keys(['example_weekday_branch_operator']) retrieved from /home/alura/Documents/Financeiro/venv/lib/python3.9/site-packages/airflow/example_dags/example_branch_day_of_week_operator.py
[2023-02-23 12:06:07,900] {logging_mixin.py:115} INFO - [2023-02-23 12:06:07,900] {dag.py:2379} INFO - Sync 1 DAGs
[2023-02-23 12:06:07,910] {logging_mixin.py:115} INFO - [2023-02-23 12:06:07,910] {dag.py:2927} INFO - Setting next_dagrun for example_weekday_branch_operator to 2023-02-22T00:00:00+00:00, run_after=2023-02-23T00:00:00+00:00
[2023-02-23 12:06:07,916] {processor.py:161} INFO - Processing /home/alura/Documents/Financeiro/venv/lib/python3.9/site-packages/airflow/example_dags/example_branch_day_of_week_operator.py took 0.031 seconds
[2023-02-23 12:06:38,662] {processor.py:153} INFO - Started process (PID=51489) to work on /home/alura/Documents/Financeiro/venv/lib/python3.9/site-packages/airflow/example_dags/example_branch_day_of_week_operator.py
[2023-02-23 12:06:38,663] {processor.py:641} INFO - Processing file /home/alura/Documents/Financeiro/venv/lib/python3.9/site-packages/airflow/example_dags/example_branch_day_of_week_operator.py for tasks to queue
[2023-02-23 12:06:38,663] {logging_mixin.py:115} INFO - [2023-02-23 12:06:38,663] {dagbag.py:507} INFO - Filling up the DagBag from /home/alura/Documents/Financeiro/venv/lib/python3.9/site-packages/airflow/example_dags/example_branch_day_of_week_operator.py
[2023-02-23 12:06:38,667] {processor.py:651} INFO - DAG(s) dict_keys(['example_weekday_branch_operator']) retrieved from /home/alura/Documents/Financeiro/venv/lib/python3.9/site-packages/airflow/example_dags/example_branch_day_of_week_operator.py
[2023-02-23 12:06:38,675] {logging_mixin.py:115} INFO - [2023-02-23 12:06:38,675] {dag.py:2379} INFO - Sync 1 DAGs
[2023-02-23 12:06:38,684] {logging_mixin.py:115} INFO - [2023-02-23 12:06:38,684] {dag.py:2927} INFO - Setting next_dagrun for example_weekday_branch_operator to 2023-02-22T00:00:00+00:00, run_after=2023-02-23T00:00:00+00:00
[2023-02-23 12:06:38,691] {processor.py:161} INFO - Processing /home/alura/Documents/Financeiro/venv/lib/python3.9/site-packages/airflow/example_dags/example_branch_day_of_week_operator.py took 0.030 seconds
[2023-02-23 12:07:11,119] {processor.py:153} INFO - Started process (PID=51548) to work on /home/alura/Documents/Financeiro/venv/lib/python3.9/site-packages/airflow/example_dags/example_branch_day_of_week_operator.py
[2023-02-23 12:07:11,120] {processor.py:641} INFO - Processing file /home/alura/Documents/Financeiro/venv/lib/python3.9/site-packages/airflow/example_dags/example_branch_day_of_week_operator.py for tasks to queue
[2023-02-23 12:07:11,120] {logging_mixin.py:115} INFO - [2023-02-23 12:07:11,120] {dagbag.py:507} INFO - Filling up the DagBag from /home/alura/Documents/Financeiro/venv/lib/python3.9/site-packages/airflow/example_dags/example_branch_day_of_week_operator.py
[2023-02-23 12:07:11,125] {processor.py:651} INFO - DAG(s) dict_keys(['example_weekday_branch_operator']) retrieved from /home/alura/Documents/Financeiro/venv/lib/python3.9/site-packages/airflow/example_dags/example_branch_day_of_week_operator.py
[2023-02-23 12:07:11,132] {logging_mixin.py:115} INFO - [2023-02-23 12:07:11,132] {dag.py:2379} INFO - Sync 1 DAGs
[2023-02-23 12:07:11,143] {logging_mixin.py:115} INFO - [2023-02-23 12:07:11,142] {dag.py:2927} INFO - Setting next_dagrun for example_weekday_branch_operator to 2023-02-22T00:00:00+00:00, run_after=2023-02-23T00:00:00+00:00
[2023-02-23 12:07:11,149] {processor.py:161} INFO - Processing /home/alura/Documents/Financeiro/venv/lib/python3.9/site-packages/airflow/example_dags/example_branch_day_of_week_operator.py took 0.031 seconds
[2023-02-23 12:07:45,313] {processor.py:153} INFO - Started process (PID=51616) to work on /home/alura/Documents/Financeiro/venv/lib/python3.9/site-packages/airflow/example_dags/example_branch_day_of_week_operator.py
[2023-02-23 12:07:45,313] {processor.py:641} INFO - Processing file /home/alura/Documents/Financeiro/venv/lib/python3.9/site-packages/airflow/example_dags/example_branch_day_of_week_operator.py for tasks to queue
[2023-02-23 12:07:45,314] {logging_mixin.py:115} INFO - [2023-02-23 12:07:45,314] {dagbag.py:507} INFO - Filling up the DagBag from /home/alura/Documents/Financeiro/venv/lib/python3.9/site-packages/airflow/example_dags/example_branch_day_of_week_operator.py
[2023-02-23 12:07:45,317] {processor.py:651} INFO - DAG(s) dict_keys(['example_weekday_branch_operator']) retrieved from /home/alura/Documents/Financeiro/venv/lib/python3.9/site-packages/airflow/example_dags/example_branch_day_of_week_operator.py
[2023-02-23 12:07:45,325] {logging_mixin.py:115} INFO - [2023-02-23 12:07:45,325] {dag.py:2379} INFO - Sync 1 DAGs
[2023-02-23 12:07:45,335] {logging_mixin.py:115} INFO - [2023-02-23 12:07:45,335] {dag.py:2927} INFO - Setting next_dagrun for example_weekday_branch_operator to 2023-02-22T00:00:00+00:00, run_after=2023-02-23T00:00:00+00:00
[2023-02-23 12:07:45,341] {processor.py:161} INFO - Processing /home/alura/Documents/Financeiro/venv/lib/python3.9/site-packages/airflow/example_dags/example_branch_day_of_week_operator.py took 0.030 seconds
[2023-02-23 12:08:17,229] {processor.py:153} INFO - Started process (PID=51675) to work on /home/alura/Documents/Financeiro/venv/lib/python3.9/site-packages/airflow/example_dags/example_branch_day_of_week_operator.py
[2023-02-23 12:08:17,230] {processor.py:641} INFO - Processing file /home/alura/Documents/Financeiro/venv/lib/python3.9/site-packages/airflow/example_dags/example_branch_day_of_week_operator.py for tasks to queue
[2023-02-23 12:08:17,230] {logging_mixin.py:115} INFO - [2023-02-23 12:08:17,230] {dagbag.py:507} INFO - Filling up the DagBag from /home/alura/Documents/Financeiro/venv/lib/python3.9/site-packages/airflow/example_dags/example_branch_day_of_week_operator.py
[2023-02-23 12:08:17,234] {processor.py:651} INFO - DAG(s) dict_keys(['example_weekday_branch_operator']) retrieved from /home/alura/Documents/Financeiro/venv/lib/python3.9/site-packages/airflow/example_dags/example_branch_day_of_week_operator.py
[2023-02-23 12:08:17,242] {logging_mixin.py:115} INFO - [2023-02-23 12:08:17,242] {dag.py:2379} INFO - Sync 1 DAGs
[2023-02-23 12:08:17,251] {logging_mixin.py:115} INFO - [2023-02-23 12:08:17,251] {dag.py:2927} INFO - Setting next_dagrun for example_weekday_branch_operator to 2023-02-22T00:00:00+00:00, run_after=2023-02-23T00:00:00+00:00
[2023-02-23 12:08:17,258] {processor.py:161} INFO - Processing /home/alura/Documents/Financeiro/venv/lib/python3.9/site-packages/airflow/example_dags/example_branch_day_of_week_operator.py took 0.030 seconds
