[2023-02-23 12:00:19,344] {processor.py:153} INFO - Started process (PID=50469) to work on /home/alura/Documents/Financeiro/venv/lib/python3.9/site-packages/airflow/example_dags/example_xcomargs.py
[2023-02-23 12:00:19,344] {processor.py:641} INFO - Processing file /home/alura/Documents/Financeiro/venv/lib/python3.9/site-packages/airflow/example_dags/example_xcomargs.py for tasks to queue
[2023-02-23 12:00:19,344] {logging_mixin.py:115} INFO - [2023-02-23 12:00:19,344] {dagbag.py:507} INFO - Filling up the DagBag from /home/alura/Documents/Financeiro/venv/lib/python3.9/site-packages/airflow/example_dags/example_xcomargs.py
[2023-02-23 12:00:19,353] {processor.py:651} INFO - DAG(s) dict_keys(['example_xcom_args', 'example_xcom_args_with_operators']) retrieved from /home/alura/Documents/Financeiro/venv/lib/python3.9/site-packages/airflow/example_dags/example_xcomargs.py
[2023-02-23 12:00:19,384] {logging_mixin.py:115} INFO - [2023-02-23 12:00:19,384] {manager.py:508} INFO - Created Permission View: can read on DAG:example_xcom_args
[2023-02-23 12:00:19,389] {logging_mixin.py:115} INFO - [2023-02-23 12:00:19,389] {manager.py:508} INFO - Created Permission View: can edit on DAG:example_xcom_args
[2023-02-23 12:00:19,393] {logging_mixin.py:115} INFO - [2023-02-23 12:00:19,393] {manager.py:508} INFO - Created Permission View: can delete on DAG:example_xcom_args
[2023-02-23 12:00:19,403] {logging_mixin.py:115} INFO - [2023-02-23 12:00:19,403] {manager.py:508} INFO - Created Permission View: can read on DAG:example_xcom_args_with_operators
[2023-02-23 12:00:19,407] {logging_mixin.py:115} INFO - [2023-02-23 12:00:19,406] {manager.py:508} INFO - Created Permission View: can edit on DAG:example_xcom_args_with_operators
[2023-02-23 12:00:19,410] {logging_mixin.py:115} INFO - [2023-02-23 12:00:19,410] {manager.py:508} INFO - Created Permission View: can delete on DAG:example_xcom_args_with_operators
[2023-02-23 12:00:19,410] {logging_mixin.py:115} INFO - [2023-02-23 12:00:19,410] {dag.py:2379} INFO - Sync 2 DAGs
[2023-02-23 12:00:19,414] {logging_mixin.py:115} INFO - [2023-02-23 12:00:19,414] {dag.py:2398} INFO - Creating ORM DAG for example_xcom_args_with_operators
[2023-02-23 12:00:19,414] {logging_mixin.py:115} INFO - [2023-02-23 12:00:19,414] {dag.py:2398} INFO - Creating ORM DAG for example_xcom_args
[2023-02-23 12:00:19,418] {logging_mixin.py:115} INFO - [2023-02-23 12:00:19,418] {dag.py:2927} INFO - Setting next_dagrun for example_xcom_args to None, run_after=None
[2023-02-23 12:00:19,418] {logging_mixin.py:115} INFO - [2023-02-23 12:00:19,418] {dag.py:2927} INFO - Setting next_dagrun for example_xcom_args_with_operators to None, run_after=None
[2023-02-23 12:00:19,427] {processor.py:161} INFO - Processing /home/alura/Documents/Financeiro/venv/lib/python3.9/site-packages/airflow/example_dags/example_xcomargs.py took 0.084 seconds
[2023-02-23 12:00:51,245] {processor.py:153} INFO - Started process (PID=50507) to work on /home/alura/Documents/Financeiro/venv/lib/python3.9/site-packages/airflow/example_dags/example_xcomargs.py
[2023-02-23 12:00:51,245] {processor.py:641} INFO - Processing file /home/alura/Documents/Financeiro/venv/lib/python3.9/site-packages/airflow/example_dags/example_xcomargs.py for tasks to queue
[2023-02-23 12:00:51,245] {logging_mixin.py:115} INFO - [2023-02-23 12:00:51,245] {dagbag.py:507} INFO - Filling up the DagBag from /home/alura/Documents/Financeiro/venv/lib/python3.9/site-packages/airflow/example_dags/example_xcomargs.py
[2023-02-23 12:00:51,255] {processor.py:651} INFO - DAG(s) dict_keys(['example_xcom_args', 'example_xcom_args_with_operators']) retrieved from /home/alura/Documents/Financeiro/venv/lib/python3.9/site-packages/airflow/example_dags/example_xcomargs.py
[2023-02-23 12:00:51,276] {logging_mixin.py:115} INFO - [2023-02-23 12:00:51,276] {dag.py:2379} INFO - Sync 2 DAGs
[2023-02-23 12:00:51,284] {logging_mixin.py:115} INFO - [2023-02-23 12:00:51,284] {dag.py:2927} INFO - Setting next_dagrun for example_xcom_args to None, run_after=None
[2023-02-23 12:00:51,284] {logging_mixin.py:115} INFO - [2023-02-23 12:00:51,284] {dag.py:2927} INFO - Setting next_dagrun for example_xcom_args_with_operators to None, run_after=None
[2023-02-23 12:00:51,291] {processor.py:161} INFO - Processing /home/alura/Documents/Financeiro/venv/lib/python3.9/site-packages/airflow/example_dags/example_xcomargs.py took 0.048 seconds
[2023-02-23 12:01:24,616] {processor.py:153} INFO - Started process (PID=50542) to work on /home/alura/Documents/Financeiro/venv/lib/python3.9/site-packages/airflow/example_dags/example_xcomargs.py
[2023-02-23 12:01:24,616] {processor.py:641} INFO - Processing file /home/alura/Documents/Financeiro/venv/lib/python3.9/site-packages/airflow/example_dags/example_xcomargs.py for tasks to queue
[2023-02-23 12:01:24,617] {logging_mixin.py:115} INFO - [2023-02-23 12:01:24,617] {dagbag.py:507} INFO - Filling up the DagBag from /home/alura/Documents/Financeiro/venv/lib/python3.9/site-packages/airflow/example_dags/example_xcomargs.py
[2023-02-23 12:01:24,626] {processor.py:651} INFO - DAG(s) dict_keys(['example_xcom_args', 'example_xcom_args_with_operators']) retrieved from /home/alura/Documents/Financeiro/venv/lib/python3.9/site-packages/airflow/example_dags/example_xcomargs.py
[2023-02-23 12:01:24,648] {logging_mixin.py:115} INFO - [2023-02-23 12:01:24,648] {dag.py:2379} INFO - Sync 2 DAGs
[2023-02-23 12:01:24,656] {logging_mixin.py:115} INFO - [2023-02-23 12:01:24,656] {dag.py:2927} INFO - Setting next_dagrun for example_xcom_args to None, run_after=None
[2023-02-23 12:01:24,656] {logging_mixin.py:115} INFO - [2023-02-23 12:01:24,656] {dag.py:2927} INFO - Setting next_dagrun for example_xcom_args_with_operators to None, run_after=None
[2023-02-23 12:01:24,663] {processor.py:161} INFO - Processing /home/alura/Documents/Financeiro/venv/lib/python3.9/site-packages/airflow/example_dags/example_xcomargs.py took 0.049 seconds
[2023-02-23 12:01:56,776] {processor.py:153} INFO - Started process (PID=50920) to work on /home/alura/Documents/Financeiro/venv/lib/python3.9/site-packages/airflow/example_dags/example_xcomargs.py
[2023-02-23 12:01:56,776] {processor.py:641} INFO - Processing file /home/alura/Documents/Financeiro/venv/lib/python3.9/site-packages/airflow/example_dags/example_xcomargs.py for tasks to queue
[2023-02-23 12:01:56,776] {logging_mixin.py:115} INFO - [2023-02-23 12:01:56,776] {dagbag.py:507} INFO - Filling up the DagBag from /home/alura/Documents/Financeiro/venv/lib/python3.9/site-packages/airflow/example_dags/example_xcomargs.py
[2023-02-23 12:01:56,786] {processor.py:651} INFO - DAG(s) dict_keys(['example_xcom_args', 'example_xcom_args_with_operators']) retrieved from /home/alura/Documents/Financeiro/venv/lib/python3.9/site-packages/airflow/example_dags/example_xcomargs.py
[2023-02-23 12:01:56,795] {logging_mixin.py:115} INFO - [2023-02-23 12:01:56,795] {dag.py:2379} INFO - Sync 2 DAGs
[2023-02-23 12:01:56,804] {logging_mixin.py:115} INFO - [2023-02-23 12:01:56,803] {dag.py:2927} INFO - Setting next_dagrun for example_xcom_args to None, run_after=None
[2023-02-23 12:01:56,804] {logging_mixin.py:115} INFO - [2023-02-23 12:01:56,804] {dag.py:2927} INFO - Setting next_dagrun for example_xcom_args_with_operators to None, run_after=None
[2023-02-23 12:01:56,810] {processor.py:161} INFO - Processing /home/alura/Documents/Financeiro/venv/lib/python3.9/site-packages/airflow/example_dags/example_xcomargs.py took 0.036 seconds
[2023-02-23 12:02:28,676] {processor.py:153} INFO - Started process (PID=50993) to work on /home/alura/Documents/Financeiro/venv/lib/python3.9/site-packages/airflow/example_dags/example_xcomargs.py
[2023-02-23 12:02:28,676] {processor.py:641} INFO - Processing file /home/alura/Documents/Financeiro/venv/lib/python3.9/site-packages/airflow/example_dags/example_xcomargs.py for tasks to queue
[2023-02-23 12:02:28,677] {logging_mixin.py:115} INFO - [2023-02-23 12:02:28,676] {dagbag.py:507} INFO - Filling up the DagBag from /home/alura/Documents/Financeiro/venv/lib/python3.9/site-packages/airflow/example_dags/example_xcomargs.py
[2023-02-23 12:02:28,686] {processor.py:651} INFO - DAG(s) dict_keys(['example_xcom_args', 'example_xcom_args_with_operators']) retrieved from /home/alura/Documents/Financeiro/venv/lib/python3.9/site-packages/airflow/example_dags/example_xcomargs.py
[2023-02-23 12:02:28,694] {logging_mixin.py:115} INFO - [2023-02-23 12:02:28,694] {dag.py:2379} INFO - Sync 2 DAGs
[2023-02-23 12:02:28,702] {logging_mixin.py:115} INFO - [2023-02-23 12:02:28,702] {dag.py:2927} INFO - Setting next_dagrun for example_xcom_args to None, run_after=None
[2023-02-23 12:02:28,702] {logging_mixin.py:115} INFO - [2023-02-23 12:02:28,702] {dag.py:2927} INFO - Setting next_dagrun for example_xcom_args_with_operators to None, run_after=None
[2023-02-23 12:02:28,708] {processor.py:161} INFO - Processing /home/alura/Documents/Financeiro/venv/lib/python3.9/site-packages/airflow/example_dags/example_xcomargs.py took 0.034 seconds
[2023-02-23 12:03:03,372] {processor.py:153} INFO - Started process (PID=51069) to work on /home/alura/Documents/Financeiro/venv/lib/python3.9/site-packages/airflow/example_dags/example_xcomargs.py
[2023-02-23 12:03:03,373] {processor.py:641} INFO - Processing file /home/alura/Documents/Financeiro/venv/lib/python3.9/site-packages/airflow/example_dags/example_xcomargs.py for tasks to queue
[2023-02-23 12:03:03,373] {logging_mixin.py:115} INFO - [2023-02-23 12:03:03,373] {dagbag.py:507} INFO - Filling up the DagBag from /home/alura/Documents/Financeiro/venv/lib/python3.9/site-packages/airflow/example_dags/example_xcomargs.py
[2023-02-23 12:03:03,382] {processor.py:651} INFO - DAG(s) dict_keys(['example_xcom_args', 'example_xcom_args_with_operators']) retrieved from /home/alura/Documents/Financeiro/venv/lib/python3.9/site-packages/airflow/example_dags/example_xcomargs.py
[2023-02-23 12:03:03,391] {logging_mixin.py:115} INFO - [2023-02-23 12:03:03,391] {dag.py:2379} INFO - Sync 2 DAGs
[2023-02-23 12:03:03,400] {logging_mixin.py:115} INFO - [2023-02-23 12:03:03,400] {dag.py:2927} INFO - Setting next_dagrun for example_xcom_args to None, run_after=None
[2023-02-23 12:03:03,400] {logging_mixin.py:115} INFO - [2023-02-23 12:03:03,400] {dag.py:2927} INFO - Setting next_dagrun for example_xcom_args_with_operators to None, run_after=None
[2023-02-23 12:03:03,407] {processor.py:161} INFO - Processing /home/alura/Documents/Financeiro/venv/lib/python3.9/site-packages/airflow/example_dags/example_xcomargs.py took 0.036 seconds
[2023-02-23 12:03:34,150] {processor.py:153} INFO - Started process (PID=51123) to work on /home/alura/Documents/Financeiro/venv/lib/python3.9/site-packages/airflow/example_dags/example_xcomargs.py
[2023-02-23 12:03:34,150] {processor.py:641} INFO - Processing file /home/alura/Documents/Financeiro/venv/lib/python3.9/site-packages/airflow/example_dags/example_xcomargs.py for tasks to queue
[2023-02-23 12:03:34,150] {logging_mixin.py:115} INFO - [2023-02-23 12:03:34,150] {dagbag.py:507} INFO - Filling up the DagBag from /home/alura/Documents/Financeiro/venv/lib/python3.9/site-packages/airflow/example_dags/example_xcomargs.py
[2023-02-23 12:03:34,160] {processor.py:651} INFO - DAG(s) dict_keys(['example_xcom_args', 'example_xcom_args_with_operators']) retrieved from /home/alura/Documents/Financeiro/venv/lib/python3.9/site-packages/airflow/example_dags/example_xcomargs.py
[2023-02-23 12:03:34,181] {logging_mixin.py:115} INFO - [2023-02-23 12:03:34,181] {dag.py:2379} INFO - Sync 2 DAGs
[2023-02-23 12:03:34,190] {logging_mixin.py:115} INFO - [2023-02-23 12:03:34,190] {dag.py:2927} INFO - Setting next_dagrun for example_xcom_args to None, run_after=None
[2023-02-23 12:03:34,190] {logging_mixin.py:115} INFO - [2023-02-23 12:03:34,190] {dag.py:2927} INFO - Setting next_dagrun for example_xcom_args_with_operators to None, run_after=None
[2023-02-23 12:03:34,197] {processor.py:161} INFO - Processing /home/alura/Documents/Financeiro/venv/lib/python3.9/site-packages/airflow/example_dags/example_xcomargs.py took 0.048 seconds
[2023-02-23 12:04:08,299] {processor.py:153} INFO - Started process (PID=51190) to work on /home/alura/Documents/Financeiro/venv/lib/python3.9/site-packages/airflow/example_dags/example_xcomargs.py
[2023-02-23 12:04:08,300] {processor.py:641} INFO - Processing file /home/alura/Documents/Financeiro/venv/lib/python3.9/site-packages/airflow/example_dags/example_xcomargs.py for tasks to queue
[2023-02-23 12:04:08,300] {logging_mixin.py:115} INFO - [2023-02-23 12:04:08,300] {dagbag.py:507} INFO - Filling up the DagBag from /home/alura/Documents/Financeiro/venv/lib/python3.9/site-packages/airflow/example_dags/example_xcomargs.py
[2023-02-23 12:04:08,311] {processor.py:651} INFO - DAG(s) dict_keys(['example_xcom_args', 'example_xcom_args_with_operators']) retrieved from /home/alura/Documents/Financeiro/venv/lib/python3.9/site-packages/airflow/example_dags/example_xcomargs.py
[2023-02-23 12:04:08,320] {logging_mixin.py:115} INFO - [2023-02-23 12:04:08,320] {dag.py:2379} INFO - Sync 2 DAGs
[2023-02-23 12:04:08,329] {logging_mixin.py:115} INFO - [2023-02-23 12:04:08,329] {dag.py:2927} INFO - Setting next_dagrun for example_xcom_args to None, run_after=None
[2023-02-23 12:04:08,329] {logging_mixin.py:115} INFO - [2023-02-23 12:04:08,329] {dag.py:2927} INFO - Setting next_dagrun for example_xcom_args_with_operators to None, run_after=None
[2023-02-23 12:04:08,336] {processor.py:161} INFO - Processing /home/alura/Documents/Financeiro/venv/lib/python3.9/site-packages/airflow/example_dags/example_xcomargs.py took 0.038 seconds
[2023-02-23 12:04:42,210] {processor.py:153} INFO - Started process (PID=51248) to work on /home/alura/Documents/Financeiro/venv/lib/python3.9/site-packages/airflow/example_dags/example_xcomargs.py
[2023-02-23 12:04:42,211] {processor.py:641} INFO - Processing file /home/alura/Documents/Financeiro/venv/lib/python3.9/site-packages/airflow/example_dags/example_xcomargs.py for tasks to queue
[2023-02-23 12:04:42,211] {logging_mixin.py:115} INFO - [2023-02-23 12:04:42,211] {dagbag.py:507} INFO - Filling up the DagBag from /home/alura/Documents/Financeiro/venv/lib/python3.9/site-packages/airflow/example_dags/example_xcomargs.py
[2023-02-23 12:04:42,220] {processor.py:651} INFO - DAG(s) dict_keys(['example_xcom_args', 'example_xcom_args_with_operators']) retrieved from /home/alura/Documents/Financeiro/venv/lib/python3.9/site-packages/airflow/example_dags/example_xcomargs.py
[2023-02-23 12:04:42,241] {logging_mixin.py:115} INFO - [2023-02-23 12:04:42,241] {dag.py:2379} INFO - Sync 2 DAGs
[2023-02-23 12:04:42,249] {logging_mixin.py:115} INFO - [2023-02-23 12:04:42,249] {dag.py:2927} INFO - Setting next_dagrun for example_xcom_args to None, run_after=None
[2023-02-23 12:04:42,249] {logging_mixin.py:115} INFO - [2023-02-23 12:04:42,249] {dag.py:2927} INFO - Setting next_dagrun for example_xcom_args_with_operators to None, run_after=None
[2023-02-23 12:04:42,256] {processor.py:161} INFO - Processing /home/alura/Documents/Financeiro/venv/lib/python3.9/site-packages/airflow/example_dags/example_xcomargs.py took 0.047 seconds
[2023-02-23 12:05:14,731] {processor.py:153} INFO - Started process (PID=51314) to work on /home/alura/Documents/Financeiro/venv/lib/python3.9/site-packages/airflow/example_dags/example_xcomargs.py
[2023-02-23 12:05:14,731] {processor.py:641} INFO - Processing file /home/alura/Documents/Financeiro/venv/lib/python3.9/site-packages/airflow/example_dags/example_xcomargs.py for tasks to queue
[2023-02-23 12:05:14,732] {logging_mixin.py:115} INFO - [2023-02-23 12:05:14,731] {dagbag.py:507} INFO - Filling up the DagBag from /home/alura/Documents/Financeiro/venv/lib/python3.9/site-packages/airflow/example_dags/example_xcomargs.py
[2023-02-23 12:05:14,741] {processor.py:651} INFO - DAG(s) dict_keys(['example_xcom_args', 'example_xcom_args_with_operators']) retrieved from /home/alura/Documents/Financeiro/venv/lib/python3.9/site-packages/airflow/example_dags/example_xcomargs.py
[2023-02-23 12:05:14,763] {logging_mixin.py:115} INFO - [2023-02-23 12:05:14,763] {dag.py:2379} INFO - Sync 2 DAGs
[2023-02-23 12:05:14,770] {logging_mixin.py:115} INFO - [2023-02-23 12:05:14,770] {dag.py:2927} INFO - Setting next_dagrun for example_xcom_args to None, run_after=None
[2023-02-23 12:05:14,770] {logging_mixin.py:115} INFO - [2023-02-23 12:05:14,770] {dag.py:2927} INFO - Setting next_dagrun for example_xcom_args_with_operators to None, run_after=None
[2023-02-23 12:05:14,777] {processor.py:161} INFO - Processing /home/alura/Documents/Financeiro/venv/lib/python3.9/site-packages/airflow/example_dags/example_xcomargs.py took 0.048 seconds
[2023-02-23 12:05:48,492] {processor.py:153} INFO - Started process (PID=51382) to work on /home/alura/Documents/Financeiro/venv/lib/python3.9/site-packages/airflow/example_dags/example_xcomargs.py
[2023-02-23 12:05:48,493] {processor.py:641} INFO - Processing file /home/alura/Documents/Financeiro/venv/lib/python3.9/site-packages/airflow/example_dags/example_xcomargs.py for tasks to queue
[2023-02-23 12:05:48,493] {logging_mixin.py:115} INFO - [2023-02-23 12:05:48,493] {dagbag.py:507} INFO - Filling up the DagBag from /home/alura/Documents/Financeiro/venv/lib/python3.9/site-packages/airflow/example_dags/example_xcomargs.py
[2023-02-23 12:05:48,502] {processor.py:651} INFO - DAG(s) dict_keys(['example_xcom_args', 'example_xcom_args_with_operators']) retrieved from /home/alura/Documents/Financeiro/venv/lib/python3.9/site-packages/airflow/example_dags/example_xcomargs.py
[2023-02-23 12:05:48,511] {logging_mixin.py:115} INFO - [2023-02-23 12:05:48,511] {dag.py:2379} INFO - Sync 2 DAGs
[2023-02-23 12:05:48,520] {logging_mixin.py:115} INFO - [2023-02-23 12:05:48,520] {dag.py:2927} INFO - Setting next_dagrun for example_xcom_args to None, run_after=None
[2023-02-23 12:05:48,520] {logging_mixin.py:115} INFO - [2023-02-23 12:05:48,520] {dag.py:2927} INFO - Setting next_dagrun for example_xcom_args_with_operators to None, run_after=None
[2023-02-23 12:05:48,528] {processor.py:161} INFO - Processing /home/alura/Documents/Financeiro/venv/lib/python3.9/site-packages/airflow/example_dags/example_xcomargs.py took 0.037 seconds
[2023-02-23 12:06:19,270] {processor.py:153} INFO - Started process (PID=51442) to work on /home/alura/Documents/Financeiro/venv/lib/python3.9/site-packages/airflow/example_dags/example_xcomargs.py
[2023-02-23 12:06:19,271] {processor.py:641} INFO - Processing file /home/alura/Documents/Financeiro/venv/lib/python3.9/site-packages/airflow/example_dags/example_xcomargs.py for tasks to queue
[2023-02-23 12:06:19,271] {logging_mixin.py:115} INFO - [2023-02-23 12:06:19,271] {dagbag.py:507} INFO - Filling up the DagBag from /home/alura/Documents/Financeiro/venv/lib/python3.9/site-packages/airflow/example_dags/example_xcomargs.py
[2023-02-23 12:06:19,280] {processor.py:651} INFO - DAG(s) dict_keys(['example_xcom_args', 'example_xcom_args_with_operators']) retrieved from /home/alura/Documents/Financeiro/venv/lib/python3.9/site-packages/airflow/example_dags/example_xcomargs.py
[2023-02-23 12:06:19,288] {logging_mixin.py:115} INFO - [2023-02-23 12:06:19,288] {dag.py:2379} INFO - Sync 2 DAGs
[2023-02-23 12:06:19,296] {logging_mixin.py:115} INFO - [2023-02-23 12:06:19,296] {dag.py:2927} INFO - Setting next_dagrun for example_xcom_args to None, run_after=None
[2023-02-23 12:06:19,296] {logging_mixin.py:115} INFO - [2023-02-23 12:06:19,296] {dag.py:2927} INFO - Setting next_dagrun for example_xcom_args_with_operators to None, run_after=None
[2023-02-23 12:06:19,303] {processor.py:161} INFO - Processing /home/alura/Documents/Financeiro/venv/lib/python3.9/site-packages/airflow/example_dags/example_xcomargs.py took 0.035 seconds
[2023-02-23 12:06:50,048] {processor.py:153} INFO - Started process (PID=51509) to work on /home/alura/Documents/Financeiro/venv/lib/python3.9/site-packages/airflow/example_dags/example_xcomargs.py
[2023-02-23 12:06:50,049] {processor.py:641} INFO - Processing file /home/alura/Documents/Financeiro/venv/lib/python3.9/site-packages/airflow/example_dags/example_xcomargs.py for tasks to queue
[2023-02-23 12:06:50,049] {logging_mixin.py:115} INFO - [2023-02-23 12:06:50,049] {dagbag.py:507} INFO - Filling up the DagBag from /home/alura/Documents/Financeiro/venv/lib/python3.9/site-packages/airflow/example_dags/example_xcomargs.py
[2023-02-23 12:06:50,058] {processor.py:651} INFO - DAG(s) dict_keys(['example_xcom_args', 'example_xcom_args_with_operators']) retrieved from /home/alura/Documents/Financeiro/venv/lib/python3.9/site-packages/airflow/example_dags/example_xcomargs.py
[2023-02-23 12:06:50,067] {logging_mixin.py:115} INFO - [2023-02-23 12:06:50,067] {dag.py:2379} INFO - Sync 2 DAGs
[2023-02-23 12:06:50,075] {logging_mixin.py:115} INFO - [2023-02-23 12:06:50,075] {dag.py:2927} INFO - Setting next_dagrun for example_xcom_args to None, run_after=None
[2023-02-23 12:06:50,075] {logging_mixin.py:115} INFO - [2023-02-23 12:06:50,075] {dag.py:2927} INFO - Setting next_dagrun for example_xcom_args_with_operators to None, run_after=None
[2023-02-23 12:06:50,081] {processor.py:161} INFO - Processing /home/alura/Documents/Financeiro/venv/lib/python3.9/site-packages/airflow/example_dags/example_xcomargs.py took 0.035 seconds
[2023-02-23 12:07:21,950] {processor.py:153} INFO - Started process (PID=51567) to work on /home/alura/Documents/Financeiro/venv/lib/python3.9/site-packages/airflow/example_dags/example_xcomargs.py
[2023-02-23 12:07:21,950] {processor.py:641} INFO - Processing file /home/alura/Documents/Financeiro/venv/lib/python3.9/site-packages/airflow/example_dags/example_xcomargs.py for tasks to queue
[2023-02-23 12:07:21,950] {logging_mixin.py:115} INFO - [2023-02-23 12:07:21,950] {dagbag.py:507} INFO - Filling up the DagBag from /home/alura/Documents/Financeiro/venv/lib/python3.9/site-packages/airflow/example_dags/example_xcomargs.py
[2023-02-23 12:07:21,959] {processor.py:651} INFO - DAG(s) dict_keys(['example_xcom_args', 'example_xcom_args_with_operators']) retrieved from /home/alura/Documents/Financeiro/venv/lib/python3.9/site-packages/airflow/example_dags/example_xcomargs.py
[2023-02-23 12:07:21,969] {logging_mixin.py:115} INFO - [2023-02-23 12:07:21,969] {dag.py:2379} INFO - Sync 2 DAGs
[2023-02-23 12:07:21,977] {logging_mixin.py:115} INFO - [2023-02-23 12:07:21,977] {dag.py:2927} INFO - Setting next_dagrun for example_xcom_args to None, run_after=None
[2023-02-23 12:07:21,977] {logging_mixin.py:115} INFO - [2023-02-23 12:07:21,977] {dag.py:2927} INFO - Setting next_dagrun for example_xcom_args_with_operators to None, run_after=None
[2023-02-23 12:07:21,983] {processor.py:161} INFO - Processing /home/alura/Documents/Financeiro/venv/lib/python3.9/site-packages/airflow/example_dags/example_xcomargs.py took 0.035 seconds
[2023-02-23 12:07:54,447] {processor.py:153} INFO - Started process (PID=51634) to work on /home/alura/Documents/Financeiro/venv/lib/python3.9/site-packages/airflow/example_dags/example_xcomargs.py
[2023-02-23 12:07:54,447] {processor.py:641} INFO - Processing file /home/alura/Documents/Financeiro/venv/lib/python3.9/site-packages/airflow/example_dags/example_xcomargs.py for tasks to queue
[2023-02-23 12:07:54,447] {logging_mixin.py:115} INFO - [2023-02-23 12:07:54,447] {dagbag.py:507} INFO - Filling up the DagBag from /home/alura/Documents/Financeiro/venv/lib/python3.9/site-packages/airflow/example_dags/example_xcomargs.py
[2023-02-23 12:07:54,459] {processor.py:651} INFO - DAG(s) dict_keys(['example_xcom_args', 'example_xcom_args_with_operators']) retrieved from /home/alura/Documents/Financeiro/venv/lib/python3.9/site-packages/airflow/example_dags/example_xcomargs.py
[2023-02-23 12:07:54,498] {logging_mixin.py:115} INFO - [2023-02-23 12:07:54,498] {dag.py:2379} INFO - Sync 2 DAGs
[2023-02-23 12:07:54,510] {logging_mixin.py:115} INFO - [2023-02-23 12:07:54,510] {dag.py:2927} INFO - Setting next_dagrun for example_xcom_args to None, run_after=None
[2023-02-23 12:07:54,511] {logging_mixin.py:115} INFO - [2023-02-23 12:07:54,511] {dag.py:2927} INFO - Setting next_dagrun for example_xcom_args_with_operators to None, run_after=None
[2023-02-23 12:07:54,520] {processor.py:161} INFO - Processing /home/alura/Documents/Financeiro/venv/lib/python3.9/site-packages/airflow/example_dags/example_xcomargs.py took 0.076 seconds
[2023-02-23 12:08:26,363] {processor.py:153} INFO - Started process (PID=51692) to work on /home/alura/Documents/Financeiro/venv/lib/python3.9/site-packages/airflow/example_dags/example_xcomargs.py
[2023-02-23 12:08:26,363] {processor.py:641} INFO - Processing file /home/alura/Documents/Financeiro/venv/lib/python3.9/site-packages/airflow/example_dags/example_xcomargs.py for tasks to queue
[2023-02-23 12:08:26,364] {logging_mixin.py:115} INFO - [2023-02-23 12:08:26,364] {dagbag.py:507} INFO - Filling up the DagBag from /home/alura/Documents/Financeiro/venv/lib/python3.9/site-packages/airflow/example_dags/example_xcomargs.py
[2023-02-23 12:08:26,373] {processor.py:651} INFO - DAG(s) dict_keys(['example_xcom_args', 'example_xcom_args_with_operators']) retrieved from /home/alura/Documents/Financeiro/venv/lib/python3.9/site-packages/airflow/example_dags/example_xcomargs.py
[2023-02-23 12:08:26,400] {logging_mixin.py:115} INFO - [2023-02-23 12:08:26,399] {dag.py:2379} INFO - Sync 2 DAGs
[2023-02-23 12:08:26,408] {logging_mixin.py:115} INFO - [2023-02-23 12:08:26,408] {dag.py:2927} INFO - Setting next_dagrun for example_xcom_args to None, run_after=None
[2023-02-23 12:08:26,409] {logging_mixin.py:115} INFO - [2023-02-23 12:08:26,409] {dag.py:2927} INFO - Setting next_dagrun for example_xcom_args_with_operators to None, run_after=None
[2023-02-23 12:08:26,415] {processor.py:161} INFO - Processing /home/alura/Documents/Financeiro/venv/lib/python3.9/site-packages/airflow/example_dags/example_xcomargs.py took 0.054 seconds
[2023-02-23 12:46:38,400] {processor.py:153} INFO - Started process (PID=52441) to work on /home/alura/Documents/Financeiro/venv/lib/python3.9/site-packages/airflow/example_dags/example_xcomargs.py
[2023-02-23 12:46:38,400] {processor.py:641} INFO - Processing file /home/alura/Documents/Financeiro/venv/lib/python3.9/site-packages/airflow/example_dags/example_xcomargs.py for tasks to queue
[2023-02-23 12:46:38,401] {logging_mixin.py:115} INFO - [2023-02-23 12:46:38,400] {dagbag.py:507} INFO - Filling up the DagBag from /home/alura/Documents/Financeiro/venv/lib/python3.9/site-packages/airflow/example_dags/example_xcomargs.py
[2023-02-23 12:46:38,414] {processor.py:651} INFO - DAG(s) dict_keys(['example_xcom_args', 'example_xcom_args_with_operators']) retrieved from /home/alura/Documents/Financeiro/venv/lib/python3.9/site-packages/airflow/example_dags/example_xcomargs.py
[2023-02-23 12:46:38,447] {logging_mixin.py:115} INFO - [2023-02-23 12:46:38,447] {dag.py:2379} INFO - Sync 2 DAGs
[2023-02-23 12:46:38,457] {logging_mixin.py:115} INFO - [2023-02-23 12:46:38,457] {dag.py:2927} INFO - Setting next_dagrun for example_xcom_args to None, run_after=None
[2023-02-23 12:46:38,458] {logging_mixin.py:115} INFO - [2023-02-23 12:46:38,457] {dag.py:2927} INFO - Setting next_dagrun for example_xcom_args_with_operators to None, run_after=None
[2023-02-23 12:46:38,466] {processor.py:161} INFO - Processing /home/alura/Documents/Financeiro/venv/lib/python3.9/site-packages/airflow/example_dags/example_xcomargs.py took 0.068 seconds
