[2023-02-23 12:00:17,587] {processor.py:153} INFO - Started process (PID=50466) to work on /home/alura/Documents/Financeiro/venv/lib/python3.9/site-packages/airflow/example_dags/example_trigger_controller_dag.py
[2023-02-23 12:00:17,587] {processor.py:641} INFO - Processing file /home/alura/Documents/Financeiro/venv/lib/python3.9/site-packages/airflow/example_dags/example_trigger_controller_dag.py for tasks to queue
[2023-02-23 12:00:17,587] {logging_mixin.py:115} INFO - [2023-02-23 12:00:17,587] {dagbag.py:507} INFO - Filling up the DagBag from /home/alura/Documents/Financeiro/venv/lib/python3.9/site-packages/airflow/example_dags/example_trigger_controller_dag.py
[2023-02-23 12:00:17,589] {processor.py:651} INFO - DAG(s) dict_keys(['example_trigger_controller_dag']) retrieved from /home/alura/Documents/Financeiro/venv/lib/python3.9/site-packages/airflow/example_dags/example_trigger_controller_dag.py
[2023-02-23 12:00:17,619] {logging_mixin.py:115} INFO - [2023-02-23 12:00:17,619] {manager.py:508} INFO - Created Permission View: can read on DAG:example_trigger_controller_dag
[2023-02-23 12:00:17,623] {logging_mixin.py:115} INFO - [2023-02-23 12:00:17,623] {manager.py:508} INFO - Created Permission View: can edit on DAG:example_trigger_controller_dag
[2023-02-23 12:00:17,628] {logging_mixin.py:115} INFO - [2023-02-23 12:00:17,628] {manager.py:508} INFO - Created Permission View: can delete on DAG:example_trigger_controller_dag
[2023-02-23 12:00:17,628] {logging_mixin.py:115} INFO - [2023-02-23 12:00:17,628] {dag.py:2379} INFO - Sync 1 DAGs
[2023-02-23 12:00:17,632] {logging_mixin.py:115} INFO - [2023-02-23 12:00:17,632] {dag.py:2398} INFO - Creating ORM DAG for example_trigger_controller_dag
[2023-02-23 12:00:17,636] {logging_mixin.py:115} INFO - [2023-02-23 12:00:17,636] {dag.py:2927} INFO - Setting next_dagrun for example_trigger_controller_dag to 2021-01-01T00:00:00+00:00, run_after=2021-01-01T00:00:00+00:00
[2023-02-23 12:00:17,643] {processor.py:161} INFO - Processing /home/alura/Documents/Financeiro/venv/lib/python3.9/site-packages/airflow/example_dags/example_trigger_controller_dag.py took 0.057 seconds
[2023-02-23 12:00:48,365] {processor.py:153} INFO - Started process (PID=50504) to work on /home/alura/Documents/Financeiro/venv/lib/python3.9/site-packages/airflow/example_dags/example_trigger_controller_dag.py
[2023-02-23 12:00:48,365] {processor.py:641} INFO - Processing file /home/alura/Documents/Financeiro/venv/lib/python3.9/site-packages/airflow/example_dags/example_trigger_controller_dag.py for tasks to queue
[2023-02-23 12:00:48,366] {logging_mixin.py:115} INFO - [2023-02-23 12:00:48,366] {dagbag.py:507} INFO - Filling up the DagBag from /home/alura/Documents/Financeiro/venv/lib/python3.9/site-packages/airflow/example_dags/example_trigger_controller_dag.py
[2023-02-23 12:00:48,367] {processor.py:651} INFO - DAG(s) dict_keys(['example_trigger_controller_dag']) retrieved from /home/alura/Documents/Financeiro/venv/lib/python3.9/site-packages/airflow/example_dags/example_trigger_controller_dag.py
[2023-02-23 12:00:48,375] {logging_mixin.py:115} INFO - [2023-02-23 12:00:48,375] {dag.py:2379} INFO - Sync 1 DAGs
[2023-02-23 12:00:48,384] {logging_mixin.py:115} INFO - [2023-02-23 12:00:48,384] {dag.py:2927} INFO - Setting next_dagrun for example_trigger_controller_dag to 2021-01-01T00:00:00+00:00, run_after=2021-01-01T00:00:00+00:00
[2023-02-23 12:00:48,390] {processor.py:161} INFO - Processing /home/alura/Documents/Financeiro/venv/lib/python3.9/site-packages/airflow/example_dags/example_trigger_controller_dag.py took 0.026 seconds
[2023-02-23 12:01:22,031] {processor.py:153} INFO - Started process (PID=50539) to work on /home/alura/Documents/Financeiro/venv/lib/python3.9/site-packages/airflow/example_dags/example_trigger_controller_dag.py
[2023-02-23 12:01:22,032] {processor.py:641} INFO - Processing file /home/alura/Documents/Financeiro/venv/lib/python3.9/site-packages/airflow/example_dags/example_trigger_controller_dag.py for tasks to queue
[2023-02-23 12:01:22,032] {logging_mixin.py:115} INFO - [2023-02-23 12:01:22,032] {dagbag.py:507} INFO - Filling up the DagBag from /home/alura/Documents/Financeiro/venv/lib/python3.9/site-packages/airflow/example_dags/example_trigger_controller_dag.py
[2023-02-23 12:01:22,034] {processor.py:651} INFO - DAG(s) dict_keys(['example_trigger_controller_dag']) retrieved from /home/alura/Documents/Financeiro/venv/lib/python3.9/site-packages/airflow/example_dags/example_trigger_controller_dag.py
[2023-02-23 12:01:22,041] {logging_mixin.py:115} INFO - [2023-02-23 12:01:22,041] {dag.py:2379} INFO - Sync 1 DAGs
[2023-02-23 12:01:22,049] {logging_mixin.py:115} INFO - [2023-02-23 12:01:22,049] {dag.py:2927} INFO - Setting next_dagrun for example_trigger_controller_dag to 2021-01-01T00:00:00+00:00, run_after=2021-01-01T00:00:00+00:00
[2023-02-23 12:01:22,056] {processor.py:161} INFO - Processing /home/alura/Documents/Financeiro/venv/lib/python3.9/site-packages/airflow/example_dags/example_trigger_controller_dag.py took 0.026 seconds
[2023-02-23 12:01:53,628] {processor.py:153} INFO - Started process (PID=50872) to work on /home/alura/Documents/Financeiro/venv/lib/python3.9/site-packages/airflow/example_dags/example_trigger_controller_dag.py
[2023-02-23 12:01:53,628] {processor.py:641} INFO - Processing file /home/alura/Documents/Financeiro/venv/lib/python3.9/site-packages/airflow/example_dags/example_trigger_controller_dag.py for tasks to queue
[2023-02-23 12:01:53,628] {logging_mixin.py:115} INFO - [2023-02-23 12:01:53,628] {dagbag.py:507} INFO - Filling up the DagBag from /home/alura/Documents/Financeiro/venv/lib/python3.9/site-packages/airflow/example_dags/example_trigger_controller_dag.py
[2023-02-23 12:01:53,630] {processor.py:651} INFO - DAG(s) dict_keys(['example_trigger_controller_dag']) retrieved from /home/alura/Documents/Financeiro/venv/lib/python3.9/site-packages/airflow/example_dags/example_trigger_controller_dag.py
[2023-02-23 12:01:53,638] {logging_mixin.py:115} INFO - [2023-02-23 12:01:53,638] {dag.py:2379} INFO - Sync 1 DAGs
[2023-02-23 12:01:53,646] {logging_mixin.py:115} INFO - [2023-02-23 12:01:53,646] {dag.py:2927} INFO - Setting next_dagrun for example_trigger_controller_dag to 2021-01-01T00:00:00+00:00, run_after=2021-01-01T00:00:00+00:00
[2023-02-23 12:01:53,653] {processor.py:161} INFO - Processing /home/alura/Documents/Financeiro/venv/lib/python3.9/site-packages/airflow/example_dags/example_trigger_controller_dag.py took 0.027 seconds
[2023-02-23 12:02:26,129] {processor.py:153} INFO - Started process (PID=50986) to work on /home/alura/Documents/Financeiro/venv/lib/python3.9/site-packages/airflow/example_dags/example_trigger_controller_dag.py
[2023-02-23 12:02:26,130] {processor.py:641} INFO - Processing file /home/alura/Documents/Financeiro/venv/lib/python3.9/site-packages/airflow/example_dags/example_trigger_controller_dag.py for tasks to queue
[2023-02-23 12:02:26,130] {logging_mixin.py:115} INFO - [2023-02-23 12:02:26,130] {dagbag.py:507} INFO - Filling up the DagBag from /home/alura/Documents/Financeiro/venv/lib/python3.9/site-packages/airflow/example_dags/example_trigger_controller_dag.py
[2023-02-23 12:02:26,132] {processor.py:651} INFO - DAG(s) dict_keys(['example_trigger_controller_dag']) retrieved from /home/alura/Documents/Financeiro/venv/lib/python3.9/site-packages/airflow/example_dags/example_trigger_controller_dag.py
[2023-02-23 12:02:26,140] {logging_mixin.py:115} INFO - [2023-02-23 12:02:26,140] {dag.py:2379} INFO - Sync 1 DAGs
[2023-02-23 12:02:26,151] {logging_mixin.py:115} INFO - [2023-02-23 12:02:26,151] {dag.py:2927} INFO - Setting next_dagrun for example_trigger_controller_dag to 2021-01-01T00:00:00+00:00, run_after=2021-01-01T00:00:00+00:00
[2023-02-23 12:02:26,159] {processor.py:161} INFO - Processing /home/alura/Documents/Financeiro/venv/lib/python3.9/site-packages/airflow/example_dags/example_trigger_controller_dag.py took 0.031 seconds
[2023-02-23 12:02:59,989] {processor.py:153} INFO - Started process (PID=51058) to work on /home/alura/Documents/Financeiro/venv/lib/python3.9/site-packages/airflow/example_dags/example_trigger_controller_dag.py
[2023-02-23 12:02:59,990] {processor.py:641} INFO - Processing file /home/alura/Documents/Financeiro/venv/lib/python3.9/site-packages/airflow/example_dags/example_trigger_controller_dag.py for tasks to queue
[2023-02-23 12:02:59,990] {logging_mixin.py:115} INFO - [2023-02-23 12:02:59,990] {dagbag.py:507} INFO - Filling up the DagBag from /home/alura/Documents/Financeiro/venv/lib/python3.9/site-packages/airflow/example_dags/example_trigger_controller_dag.py
[2023-02-23 12:02:59,992] {processor.py:651} INFO - DAG(s) dict_keys(['example_trigger_controller_dag']) retrieved from /home/alura/Documents/Financeiro/venv/lib/python3.9/site-packages/airflow/example_dags/example_trigger_controller_dag.py
[2023-02-23 12:03:00,000] {logging_mixin.py:115} INFO - [2023-02-23 12:03:00,000] {dag.py:2379} INFO - Sync 1 DAGs
[2023-02-23 12:03:00,011] {logging_mixin.py:115} INFO - [2023-02-23 12:03:00,011] {dag.py:2927} INFO - Setting next_dagrun for example_trigger_controller_dag to 2021-01-01T00:00:00+00:00, run_after=2021-01-01T00:00:00+00:00
[2023-02-23 12:03:00,018] {processor.py:161} INFO - Processing /home/alura/Documents/Financeiro/venv/lib/python3.9/site-packages/airflow/example_dags/example_trigger_controller_dag.py took 0.030 seconds
[2023-02-23 12:03:31,493] {processor.py:153} INFO - Started process (PID=51116) to work on /home/alura/Documents/Financeiro/venv/lib/python3.9/site-packages/airflow/example_dags/example_trigger_controller_dag.py
[2023-02-23 12:03:31,493] {processor.py:641} INFO - Processing file /home/alura/Documents/Financeiro/venv/lib/python3.9/site-packages/airflow/example_dags/example_trigger_controller_dag.py for tasks to queue
[2023-02-23 12:03:31,493] {logging_mixin.py:115} INFO - [2023-02-23 12:03:31,493] {dagbag.py:507} INFO - Filling up the DagBag from /home/alura/Documents/Financeiro/venv/lib/python3.9/site-packages/airflow/example_dags/example_trigger_controller_dag.py
[2023-02-23 12:03:31,495] {processor.py:651} INFO - DAG(s) dict_keys(['example_trigger_controller_dag']) retrieved from /home/alura/Documents/Financeiro/venv/lib/python3.9/site-packages/airflow/example_dags/example_trigger_controller_dag.py
[2023-02-23 12:03:31,504] {logging_mixin.py:115} INFO - [2023-02-23 12:03:31,504] {dag.py:2379} INFO - Sync 1 DAGs
[2023-02-23 12:03:31,512] {logging_mixin.py:115} INFO - [2023-02-23 12:03:31,512] {dag.py:2927} INFO - Setting next_dagrun for example_trigger_controller_dag to 2021-01-01T00:00:00+00:00, run_after=2021-01-01T00:00:00+00:00
[2023-02-23 12:03:31,519] {processor.py:161} INFO - Processing /home/alura/Documents/Financeiro/venv/lib/python3.9/site-packages/airflow/example_dags/example_trigger_controller_dag.py took 0.028 seconds
[2023-02-23 12:04:04,924] {processor.py:153} INFO - Started process (PID=51183) to work on /home/alura/Documents/Financeiro/venv/lib/python3.9/site-packages/airflow/example_dags/example_trigger_controller_dag.py
[2023-02-23 12:04:04,924] {processor.py:641} INFO - Processing file /home/alura/Documents/Financeiro/venv/lib/python3.9/site-packages/airflow/example_dags/example_trigger_controller_dag.py for tasks to queue
[2023-02-23 12:04:04,924] {logging_mixin.py:115} INFO - [2023-02-23 12:04:04,924] {dagbag.py:507} INFO - Filling up the DagBag from /home/alura/Documents/Financeiro/venv/lib/python3.9/site-packages/airflow/example_dags/example_trigger_controller_dag.py
[2023-02-23 12:04:04,926] {processor.py:651} INFO - DAG(s) dict_keys(['example_trigger_controller_dag']) retrieved from /home/alura/Documents/Financeiro/venv/lib/python3.9/site-packages/airflow/example_dags/example_trigger_controller_dag.py
[2023-02-23 12:04:04,934] {logging_mixin.py:115} INFO - [2023-02-23 12:04:04,934] {dag.py:2379} INFO - Sync 1 DAGs
[2023-02-23 12:04:04,942] {logging_mixin.py:115} INFO - [2023-02-23 12:04:04,942] {dag.py:2927} INFO - Setting next_dagrun for example_trigger_controller_dag to 2021-01-01T00:00:00+00:00, run_after=2021-01-01T00:00:00+00:00
[2023-02-23 12:04:04,949] {processor.py:161} INFO - Processing /home/alura/Documents/Financeiro/venv/lib/python3.9/site-packages/airflow/example_dags/example_trigger_controller_dag.py took 0.027 seconds
[2023-02-23 12:04:38,960] {processor.py:153} INFO - Started process (PID=51244) to work on /home/alura/Documents/Financeiro/venv/lib/python3.9/site-packages/airflow/example_dags/example_trigger_controller_dag.py
[2023-02-23 12:04:38,960] {processor.py:641} INFO - Processing file /home/alura/Documents/Financeiro/venv/lib/python3.9/site-packages/airflow/example_dags/example_trigger_controller_dag.py for tasks to queue
[2023-02-23 12:04:38,961] {logging_mixin.py:115} INFO - [2023-02-23 12:04:38,961] {dagbag.py:507} INFO - Filling up the DagBag from /home/alura/Documents/Financeiro/venv/lib/python3.9/site-packages/airflow/example_dags/example_trigger_controller_dag.py
[2023-02-23 12:04:38,962] {processor.py:651} INFO - DAG(s) dict_keys(['example_trigger_controller_dag']) retrieved from /home/alura/Documents/Financeiro/venv/lib/python3.9/site-packages/airflow/example_dags/example_trigger_controller_dag.py
[2023-02-23 12:04:38,970] {logging_mixin.py:115} INFO - [2023-02-23 12:04:38,970] {dag.py:2379} INFO - Sync 1 DAGs
[2023-02-23 12:04:38,979] {logging_mixin.py:115} INFO - [2023-02-23 12:04:38,979] {dag.py:2927} INFO - Setting next_dagrun for example_trigger_controller_dag to 2021-01-01T00:00:00+00:00, run_after=2021-01-01T00:00:00+00:00
[2023-02-23 12:04:38,985] {processor.py:161} INFO - Processing /home/alura/Documents/Financeiro/venv/lib/python3.9/site-packages/airflow/example_dags/example_trigger_controller_dag.py took 0.027 seconds
[2023-02-23 12:05:10,359] {processor.py:153} INFO - Started process (PID=51306) to work on /home/alura/Documents/Financeiro/venv/lib/python3.9/site-packages/airflow/example_dags/example_trigger_controller_dag.py
[2023-02-23 12:05:10,359] {processor.py:641} INFO - Processing file /home/alura/Documents/Financeiro/venv/lib/python3.9/site-packages/airflow/example_dags/example_trigger_controller_dag.py for tasks to queue
[2023-02-23 12:05:10,359] {logging_mixin.py:115} INFO - [2023-02-23 12:05:10,359] {dagbag.py:507} INFO - Filling up the DagBag from /home/alura/Documents/Financeiro/venv/lib/python3.9/site-packages/airflow/example_dags/example_trigger_controller_dag.py
[2023-02-23 12:05:10,361] {processor.py:651} INFO - DAG(s) dict_keys(['example_trigger_controller_dag']) retrieved from /home/alura/Documents/Financeiro/venv/lib/python3.9/site-packages/airflow/example_dags/example_trigger_controller_dag.py
[2023-02-23 12:05:10,369] {logging_mixin.py:115} INFO - [2023-02-23 12:05:10,369] {dag.py:2379} INFO - Sync 1 DAGs
[2023-02-23 12:05:10,378] {logging_mixin.py:115} INFO - [2023-02-23 12:05:10,378] {dag.py:2927} INFO - Setting next_dagrun for example_trigger_controller_dag to 2021-01-01T00:00:00+00:00, run_after=2021-01-01T00:00:00+00:00
[2023-02-23 12:05:10,384] {processor.py:161} INFO - Processing /home/alura/Documents/Financeiro/venv/lib/python3.9/site-packages/airflow/example_dags/example_trigger_controller_dag.py took 0.027 seconds
[2023-02-23 12:05:43,991] {processor.py:153} INFO - Started process (PID=51374) to work on /home/alura/Documents/Financeiro/venv/lib/python3.9/site-packages/airflow/example_dags/example_trigger_controller_dag.py
[2023-02-23 12:05:43,991] {processor.py:641} INFO - Processing file /home/alura/Documents/Financeiro/venv/lib/python3.9/site-packages/airflow/example_dags/example_trigger_controller_dag.py for tasks to queue
[2023-02-23 12:05:43,991] {logging_mixin.py:115} INFO - [2023-02-23 12:05:43,991] {dagbag.py:507} INFO - Filling up the DagBag from /home/alura/Documents/Financeiro/venv/lib/python3.9/site-packages/airflow/example_dags/example_trigger_controller_dag.py
[2023-02-23 12:05:43,993] {processor.py:651} INFO - DAG(s) dict_keys(['example_trigger_controller_dag']) retrieved from /home/alura/Documents/Financeiro/venv/lib/python3.9/site-packages/airflow/example_dags/example_trigger_controller_dag.py
[2023-02-23 12:05:44,001] {logging_mixin.py:115} INFO - [2023-02-23 12:05:44,001] {dag.py:2379} INFO - Sync 1 DAGs
[2023-02-23 12:05:44,009] {logging_mixin.py:115} INFO - [2023-02-23 12:05:44,009] {dag.py:2927} INFO - Setting next_dagrun for example_trigger_controller_dag to 2021-01-01T00:00:00+00:00, run_after=2021-01-01T00:00:00+00:00
[2023-02-23 12:05:44,015] {processor.py:161} INFO - Processing /home/alura/Documents/Financeiro/venv/lib/python3.9/site-packages/airflow/example_dags/example_trigger_controller_dag.py took 0.026 seconds
[2023-02-23 12:06:14,363] {processor.py:153} INFO - Started process (PID=51433) to work on /home/alura/Documents/Financeiro/venv/lib/python3.9/site-packages/airflow/example_dags/example_trigger_controller_dag.py
[2023-02-23 12:06:14,364] {processor.py:641} INFO - Processing file /home/alura/Documents/Financeiro/venv/lib/python3.9/site-packages/airflow/example_dags/example_trigger_controller_dag.py for tasks to queue
[2023-02-23 12:06:14,364] {logging_mixin.py:115} INFO - [2023-02-23 12:06:14,364] {dagbag.py:507} INFO - Filling up the DagBag from /home/alura/Documents/Financeiro/venv/lib/python3.9/site-packages/airflow/example_dags/example_trigger_controller_dag.py
[2023-02-23 12:06:14,365] {processor.py:651} INFO - DAG(s) dict_keys(['example_trigger_controller_dag']) retrieved from /home/alura/Documents/Financeiro/venv/lib/python3.9/site-packages/airflow/example_dags/example_trigger_controller_dag.py
[2023-02-23 12:06:14,374] {logging_mixin.py:115} INFO - [2023-02-23 12:06:14,374] {dag.py:2379} INFO - Sync 1 DAGs
[2023-02-23 12:06:14,383] {logging_mixin.py:115} INFO - [2023-02-23 12:06:14,383] {dag.py:2927} INFO - Setting next_dagrun for example_trigger_controller_dag to 2021-01-01T00:00:00+00:00, run_after=2021-01-01T00:00:00+00:00
[2023-02-23 12:06:14,391] {processor.py:161} INFO - Processing /home/alura/Documents/Financeiro/venv/lib/python3.9/site-packages/airflow/example_dags/example_trigger_controller_dag.py took 0.029 seconds
[2023-02-23 12:06:46,040] {processor.py:153} INFO - Started process (PID=51501) to work on /home/alura/Documents/Financeiro/venv/lib/python3.9/site-packages/airflow/example_dags/example_trigger_controller_dag.py
[2023-02-23 12:06:46,041] {processor.py:641} INFO - Processing file /home/alura/Documents/Financeiro/venv/lib/python3.9/site-packages/airflow/example_dags/example_trigger_controller_dag.py for tasks to queue
[2023-02-23 12:06:46,041] {logging_mixin.py:115} INFO - [2023-02-23 12:06:46,041] {dagbag.py:507} INFO - Filling up the DagBag from /home/alura/Documents/Financeiro/venv/lib/python3.9/site-packages/airflow/example_dags/example_trigger_controller_dag.py
[2023-02-23 12:06:46,042] {processor.py:651} INFO - DAG(s) dict_keys(['example_trigger_controller_dag']) retrieved from /home/alura/Documents/Financeiro/venv/lib/python3.9/site-packages/airflow/example_dags/example_trigger_controller_dag.py
[2023-02-23 12:06:46,050] {logging_mixin.py:115} INFO - [2023-02-23 12:06:46,050] {dag.py:2379} INFO - Sync 1 DAGs
[2023-02-23 12:06:46,058] {logging_mixin.py:115} INFO - [2023-02-23 12:06:46,058] {dag.py:2927} INFO - Setting next_dagrun for example_trigger_controller_dag to 2021-01-01T00:00:00+00:00, run_after=2021-01-01T00:00:00+00:00
[2023-02-23 12:06:46,065] {processor.py:161} INFO - Processing /home/alura/Documents/Financeiro/venv/lib/python3.9/site-packages/airflow/example_dags/example_trigger_controller_dag.py took 0.026 seconds
[2023-02-23 12:07:18,567] {processor.py:153} INFO - Started process (PID=51564) to work on /home/alura/Documents/Financeiro/venv/lib/python3.9/site-packages/airflow/example_dags/example_trigger_controller_dag.py
[2023-02-23 12:07:18,568] {processor.py:641} INFO - Processing file /home/alura/Documents/Financeiro/venv/lib/python3.9/site-packages/airflow/example_dags/example_trigger_controller_dag.py for tasks to queue
[2023-02-23 12:07:18,568] {logging_mixin.py:115} INFO - [2023-02-23 12:07:18,568] {dagbag.py:507} INFO - Filling up the DagBag from /home/alura/Documents/Financeiro/venv/lib/python3.9/site-packages/airflow/example_dags/example_trigger_controller_dag.py
[2023-02-23 12:07:18,569] {processor.py:651} INFO - DAG(s) dict_keys(['example_trigger_controller_dag']) retrieved from /home/alura/Documents/Financeiro/venv/lib/python3.9/site-packages/airflow/example_dags/example_trigger_controller_dag.py
[2023-02-23 12:07:18,579] {logging_mixin.py:115} INFO - [2023-02-23 12:07:18,579] {dag.py:2379} INFO - Sync 1 DAGs
[2023-02-23 12:07:18,588] {logging_mixin.py:115} INFO - [2023-02-23 12:07:18,588] {dag.py:2927} INFO - Setting next_dagrun for example_trigger_controller_dag to 2021-01-01T00:00:00+00:00, run_after=2021-01-01T00:00:00+00:00
[2023-02-23 12:07:18,595] {processor.py:161} INFO - Processing /home/alura/Documents/Financeiro/venv/lib/python3.9/site-packages/airflow/example_dags/example_trigger_controller_dag.py took 0.029 seconds
[2023-02-23 12:07:51,569] {processor.py:153} INFO - Started process (PID=51626) to work on /home/alura/Documents/Financeiro/venv/lib/python3.9/site-packages/airflow/example_dags/example_trigger_controller_dag.py
[2023-02-23 12:07:51,569] {processor.py:641} INFO - Processing file /home/alura/Documents/Financeiro/venv/lib/python3.9/site-packages/airflow/example_dags/example_trigger_controller_dag.py for tasks to queue
[2023-02-23 12:07:51,569] {logging_mixin.py:115} INFO - [2023-02-23 12:07:51,569] {dagbag.py:507} INFO - Filling up the DagBag from /home/alura/Documents/Financeiro/venv/lib/python3.9/site-packages/airflow/example_dags/example_trigger_controller_dag.py
[2023-02-23 12:07:51,571] {processor.py:651} INFO - DAG(s) dict_keys(['example_trigger_controller_dag']) retrieved from /home/alura/Documents/Financeiro/venv/lib/python3.9/site-packages/airflow/example_dags/example_trigger_controller_dag.py
[2023-02-23 12:07:51,580] {logging_mixin.py:115} INFO - [2023-02-23 12:07:51,580] {dag.py:2379} INFO - Sync 1 DAGs
[2023-02-23 12:07:51,588] {logging_mixin.py:115} INFO - [2023-02-23 12:07:51,588] {dag.py:2927} INFO - Setting next_dagrun for example_trigger_controller_dag to 2021-01-01T00:00:00+00:00, run_after=2021-01-01T00:00:00+00:00
[2023-02-23 12:07:51,597] {processor.py:161} INFO - Processing /home/alura/Documents/Financeiro/venv/lib/python3.9/site-packages/airflow/example_dags/example_trigger_controller_dag.py took 0.029 seconds
[2023-02-23 12:08:23,481] {processor.py:153} INFO - Started process (PID=51685) to work on /home/alura/Documents/Financeiro/venv/lib/python3.9/site-packages/airflow/example_dags/example_trigger_controller_dag.py
[2023-02-23 12:08:23,481] {processor.py:641} INFO - Processing file /home/alura/Documents/Financeiro/venv/lib/python3.9/site-packages/airflow/example_dags/example_trigger_controller_dag.py for tasks to queue
[2023-02-23 12:08:23,482] {logging_mixin.py:115} INFO - [2023-02-23 12:08:23,482] {dagbag.py:507} INFO - Filling up the DagBag from /home/alura/Documents/Financeiro/venv/lib/python3.9/site-packages/airflow/example_dags/example_trigger_controller_dag.py
[2023-02-23 12:08:23,483] {processor.py:651} INFO - DAG(s) dict_keys(['example_trigger_controller_dag']) retrieved from /home/alura/Documents/Financeiro/venv/lib/python3.9/site-packages/airflow/example_dags/example_trigger_controller_dag.py
[2023-02-23 12:08:23,491] {logging_mixin.py:115} INFO - [2023-02-23 12:08:23,491] {dag.py:2379} INFO - Sync 1 DAGs
[2023-02-23 12:08:23,500] {logging_mixin.py:115} INFO - [2023-02-23 12:08:23,500] {dag.py:2927} INFO - Setting next_dagrun for example_trigger_controller_dag to 2021-01-01T00:00:00+00:00, run_after=2021-01-01T00:00:00+00:00
[2023-02-23 12:08:23,508] {processor.py:161} INFO - Processing /home/alura/Documents/Financeiro/venv/lib/python3.9/site-packages/airflow/example_dags/example_trigger_controller_dag.py took 0.028 seconds
