[2023-02-23 12:00:18,086] {processor.py:153} INFO - Started process (PID=50467) to work on /home/alura/Documents/Financeiro/venv/lib/python3.9/site-packages/airflow/example_dags/example_skip_dag.py
[2023-02-23 12:00:18,087] {processor.py:641} INFO - Processing file /home/alura/Documents/Financeiro/venv/lib/python3.9/site-packages/airflow/example_dags/example_skip_dag.py for tasks to queue
[2023-02-23 12:00:18,087] {logging_mixin.py:115} INFO - [2023-02-23 12:00:18,087] {dagbag.py:507} INFO - Filling up the DagBag from /home/alura/Documents/Financeiro/venv/lib/python3.9/site-packages/airflow/example_dags/example_skip_dag.py
[2023-02-23 12:00:18,089] {processor.py:651} INFO - DAG(s) dict_keys(['example_skip_dag']) retrieved from /home/alura/Documents/Financeiro/venv/lib/python3.9/site-packages/airflow/example_dags/example_skip_dag.py
[2023-02-23 12:00:18,122] {logging_mixin.py:115} INFO - [2023-02-23 12:00:18,122] {manager.py:508} INFO - Created Permission View: can read on DAG:example_skip_dag
[2023-02-23 12:00:18,127] {logging_mixin.py:115} INFO - [2023-02-23 12:00:18,126] {manager.py:508} INFO - Created Permission View: can edit on DAG:example_skip_dag
[2023-02-23 12:00:18,132] {logging_mixin.py:115} INFO - [2023-02-23 12:00:18,132] {manager.py:508} INFO - Created Permission View: can delete on DAG:example_skip_dag
[2023-02-23 12:00:18,132] {logging_mixin.py:115} INFO - [2023-02-23 12:00:18,132] {dag.py:2379} INFO - Sync 1 DAGs
[2023-02-23 12:00:18,136] {logging_mixin.py:115} INFO - [2023-02-23 12:00:18,136] {dag.py:2398} INFO - Creating ORM DAG for example_skip_dag
[2023-02-23 12:00:18,140] {logging_mixin.py:115} INFO - [2023-02-23 12:00:18,140] {dag.py:2927} INFO - Setting next_dagrun for example_skip_dag to 2023-02-22T20:00:18.140697+00:00, run_after=2023-02-23T20:00:18.140697+00:00
[2023-02-23 12:00:18,149] {processor.py:161} INFO - Processing /home/alura/Documents/Financeiro/venv/lib/python3.9/site-packages/airflow/example_dags/example_skip_dag.py took 0.064 seconds
[2023-02-23 12:00:48,991] {processor.py:153} INFO - Started process (PID=50505) to work on /home/alura/Documents/Financeiro/venv/lib/python3.9/site-packages/airflow/example_dags/example_skip_dag.py
[2023-02-23 12:00:48,991] {processor.py:641} INFO - Processing file /home/alura/Documents/Financeiro/venv/lib/python3.9/site-packages/airflow/example_dags/example_skip_dag.py for tasks to queue
[2023-02-23 12:00:48,991] {logging_mixin.py:115} INFO - [2023-02-23 12:00:48,991] {dagbag.py:507} INFO - Filling up the DagBag from /home/alura/Documents/Financeiro/venv/lib/python3.9/site-packages/airflow/example_dags/example_skip_dag.py
[2023-02-23 12:00:48,994] {processor.py:651} INFO - DAG(s) dict_keys(['example_skip_dag']) retrieved from /home/alura/Documents/Financeiro/venv/lib/python3.9/site-packages/airflow/example_dags/example_skip_dag.py
[2023-02-23 12:00:49,002] {logging_mixin.py:115} INFO - [2023-02-23 12:00:49,002] {dag.py:2379} INFO - Sync 1 DAGs
[2023-02-23 12:00:49,010] {logging_mixin.py:115} INFO - [2023-02-23 12:00:49,010] {dag.py:2927} INFO - Setting next_dagrun for example_skip_dag to 2023-02-22T20:00:49.010603+00:00, run_after=2023-02-23T20:00:49.010603+00:00
[2023-02-23 12:00:49,016] {processor.py:161} INFO - Processing /home/alura/Documents/Financeiro/venv/lib/python3.9/site-packages/airflow/example_dags/example_skip_dag.py took 0.027 seconds
[2023-02-23 12:01:23,155] {processor.py:153} INFO - Started process (PID=50540) to work on /home/alura/Documents/Financeiro/venv/lib/python3.9/site-packages/airflow/example_dags/example_skip_dag.py
[2023-02-23 12:01:23,155] {processor.py:641} INFO - Processing file /home/alura/Documents/Financeiro/venv/lib/python3.9/site-packages/airflow/example_dags/example_skip_dag.py for tasks to queue
[2023-02-23 12:01:23,156] {logging_mixin.py:115} INFO - [2023-02-23 12:01:23,156] {dagbag.py:507} INFO - Filling up the DagBag from /home/alura/Documents/Financeiro/venv/lib/python3.9/site-packages/airflow/example_dags/example_skip_dag.py
[2023-02-23 12:01:23,158] {processor.py:651} INFO - DAG(s) dict_keys(['example_skip_dag']) retrieved from /home/alura/Documents/Financeiro/venv/lib/python3.9/site-packages/airflow/example_dags/example_skip_dag.py
[2023-02-23 12:01:23,166] {logging_mixin.py:115} INFO - [2023-02-23 12:01:23,166] {dag.py:2379} INFO - Sync 1 DAGs
[2023-02-23 12:01:23,174] {logging_mixin.py:115} INFO - [2023-02-23 12:01:23,174] {dag.py:2927} INFO - Setting next_dagrun for example_skip_dag to 2023-02-22T20:01:23.174561+00:00, run_after=2023-02-23T20:01:23.174561+00:00
[2023-02-23 12:01:23,180] {processor.py:161} INFO - Processing /home/alura/Documents/Financeiro/venv/lib/python3.9/site-packages/airflow/example_dags/example_skip_dag.py took 0.027 seconds
[2023-02-23 12:01:54,753] {processor.py:153} INFO - Started process (PID=50918) to work on /home/alura/Documents/Financeiro/venv/lib/python3.9/site-packages/airflow/example_dags/example_skip_dag.py
[2023-02-23 12:01:54,753] {processor.py:641} INFO - Processing file /home/alura/Documents/Financeiro/venv/lib/python3.9/site-packages/airflow/example_dags/example_skip_dag.py for tasks to queue
[2023-02-23 12:01:54,754] {logging_mixin.py:115} INFO - [2023-02-23 12:01:54,754] {dagbag.py:507} INFO - Filling up the DagBag from /home/alura/Documents/Financeiro/venv/lib/python3.9/site-packages/airflow/example_dags/example_skip_dag.py
[2023-02-23 12:01:54,757] {processor.py:651} INFO - DAG(s) dict_keys(['example_skip_dag']) retrieved from /home/alura/Documents/Financeiro/venv/lib/python3.9/site-packages/airflow/example_dags/example_skip_dag.py
[2023-02-23 12:01:54,766] {logging_mixin.py:115} INFO - [2023-02-23 12:01:54,766] {dag.py:2379} INFO - Sync 1 DAGs
[2023-02-23 12:01:54,785] {logging_mixin.py:115} INFO - [2023-02-23 12:01:54,785] {dag.py:2927} INFO - Setting next_dagrun for example_skip_dag to 2023-02-22T20:01:54.784844+00:00, run_after=2023-02-23T20:01:54.784844+00:00
[2023-02-23 12:01:54,811] {processor.py:161} INFO - Processing /home/alura/Documents/Financeiro/venv/lib/python3.9/site-packages/airflow/example_dags/example_skip_dag.py took 0.060 seconds
[2023-02-23 12:02:26,424] {processor.py:153} INFO - Started process (PID=50987) to work on /home/alura/Documents/Financeiro/venv/lib/python3.9/site-packages/airflow/example_dags/example_skip_dag.py
[2023-02-23 12:02:26,424] {processor.py:641} INFO - Processing file /home/alura/Documents/Financeiro/venv/lib/python3.9/site-packages/airflow/example_dags/example_skip_dag.py for tasks to queue
[2023-02-23 12:02:26,424] {logging_mixin.py:115} INFO - [2023-02-23 12:02:26,424] {dagbag.py:507} INFO - Filling up the DagBag from /home/alura/Documents/Financeiro/venv/lib/python3.9/site-packages/airflow/example_dags/example_skip_dag.py
[2023-02-23 12:02:26,427] {processor.py:651} INFO - DAG(s) dict_keys(['example_skip_dag']) retrieved from /home/alura/Documents/Financeiro/venv/lib/python3.9/site-packages/airflow/example_dags/example_skip_dag.py
[2023-02-23 12:02:26,435] {logging_mixin.py:115} INFO - [2023-02-23 12:02:26,435] {dag.py:2379} INFO - Sync 1 DAGs
[2023-02-23 12:02:26,443] {logging_mixin.py:115} INFO - [2023-02-23 12:02:26,443] {dag.py:2927} INFO - Setting next_dagrun for example_skip_dag to 2023-02-22T20:02:26.443472+00:00, run_after=2023-02-23T20:02:26.443472+00:00
[2023-02-23 12:02:26,450] {processor.py:161} INFO - Processing /home/alura/Documents/Financeiro/venv/lib/python3.9/site-packages/airflow/example_dags/example_skip_dag.py took 0.027 seconds
[2023-02-23 12:03:01,118] {processor.py:153} INFO - Started process (PID=51059) to work on /home/alura/Documents/Financeiro/venv/lib/python3.9/site-packages/airflow/example_dags/example_skip_dag.py
[2023-02-23 12:03:01,118] {processor.py:641} INFO - Processing file /home/alura/Documents/Financeiro/venv/lib/python3.9/site-packages/airflow/example_dags/example_skip_dag.py for tasks to queue
[2023-02-23 12:03:01,118] {logging_mixin.py:115} INFO - [2023-02-23 12:03:01,118] {dagbag.py:507} INFO - Filling up the DagBag from /home/alura/Documents/Financeiro/venv/lib/python3.9/site-packages/airflow/example_dags/example_skip_dag.py
[2023-02-23 12:03:01,121] {processor.py:651} INFO - DAG(s) dict_keys(['example_skip_dag']) retrieved from /home/alura/Documents/Financeiro/venv/lib/python3.9/site-packages/airflow/example_dags/example_skip_dag.py
[2023-02-23 12:03:01,129] {logging_mixin.py:115} INFO - [2023-02-23 12:03:01,129] {dag.py:2379} INFO - Sync 1 DAGs
[2023-02-23 12:03:01,139] {logging_mixin.py:115} INFO - [2023-02-23 12:03:01,139] {dag.py:2927} INFO - Setting next_dagrun for example_skip_dag to 2023-02-22T20:03:01.139702+00:00, run_after=2023-02-23T20:03:01.139702+00:00
[2023-02-23 12:03:01,146] {processor.py:161} INFO - Processing /home/alura/Documents/Financeiro/venv/lib/python3.9/site-packages/airflow/example_dags/example_skip_dag.py took 0.030 seconds
[2023-02-23 12:03:32,619] {processor.py:153} INFO - Started process (PID=51121) to work on /home/alura/Documents/Financeiro/venv/lib/python3.9/site-packages/airflow/example_dags/example_skip_dag.py
[2023-02-23 12:03:32,619] {processor.py:641} INFO - Processing file /home/alura/Documents/Financeiro/venv/lib/python3.9/site-packages/airflow/example_dags/example_skip_dag.py for tasks to queue
[2023-02-23 12:03:32,620] {logging_mixin.py:115} INFO - [2023-02-23 12:03:32,620] {dagbag.py:507} INFO - Filling up the DagBag from /home/alura/Documents/Financeiro/venv/lib/python3.9/site-packages/airflow/example_dags/example_skip_dag.py
[2023-02-23 12:03:32,622] {processor.py:651} INFO - DAG(s) dict_keys(['example_skip_dag']) retrieved from /home/alura/Documents/Financeiro/venv/lib/python3.9/site-packages/airflow/example_dags/example_skip_dag.py
[2023-02-23 12:03:32,631] {logging_mixin.py:115} INFO - [2023-02-23 12:03:32,631] {dag.py:2379} INFO - Sync 1 DAGs
[2023-02-23 12:03:32,640] {logging_mixin.py:115} INFO - [2023-02-23 12:03:32,640] {dag.py:2927} INFO - Setting next_dagrun for example_skip_dag to 2023-02-22T20:03:32.640649+00:00, run_after=2023-02-23T20:03:32.640649+00:00
[2023-02-23 12:03:32,647] {processor.py:161} INFO - Processing /home/alura/Documents/Financeiro/venv/lib/python3.9/site-packages/airflow/example_dags/example_skip_dag.py took 0.030 seconds
[2023-02-23 12:04:06,048] {processor.py:153} INFO - Started process (PID=51184) to work on /home/alura/Documents/Financeiro/venv/lib/python3.9/site-packages/airflow/example_dags/example_skip_dag.py
[2023-02-23 12:04:06,048] {processor.py:641} INFO - Processing file /home/alura/Documents/Financeiro/venv/lib/python3.9/site-packages/airflow/example_dags/example_skip_dag.py for tasks to queue
[2023-02-23 12:04:06,048] {logging_mixin.py:115} INFO - [2023-02-23 12:04:06,048] {dagbag.py:507} INFO - Filling up the DagBag from /home/alura/Documents/Financeiro/venv/lib/python3.9/site-packages/airflow/example_dags/example_skip_dag.py
[2023-02-23 12:04:06,052] {processor.py:651} INFO - DAG(s) dict_keys(['example_skip_dag']) retrieved from /home/alura/Documents/Financeiro/venv/lib/python3.9/site-packages/airflow/example_dags/example_skip_dag.py
[2023-02-23 12:04:06,060] {logging_mixin.py:115} INFO - [2023-02-23 12:04:06,060] {dag.py:2379} INFO - Sync 1 DAGs
[2023-02-23 12:04:06,069] {logging_mixin.py:115} INFO - [2023-02-23 12:04:06,069] {dag.py:2927} INFO - Setting next_dagrun for example_skip_dag to 2023-02-22T20:04:06.069201+00:00, run_after=2023-02-23T20:04:06.069201+00:00
[2023-02-23 12:04:06,076] {processor.py:161} INFO - Processing /home/alura/Documents/Financeiro/venv/lib/python3.9/site-packages/airflow/example_dags/example_skip_dag.py took 0.030 seconds
[2023-02-23 12:04:39,955] {processor.py:153} INFO - Started process (PID=51246) to work on /home/alura/Documents/Financeiro/venv/lib/python3.9/site-packages/airflow/example_dags/example_skip_dag.py
[2023-02-23 12:04:39,956] {processor.py:641} INFO - Processing file /home/alura/Documents/Financeiro/venv/lib/python3.9/site-packages/airflow/example_dags/example_skip_dag.py for tasks to queue
[2023-02-23 12:04:39,956] {logging_mixin.py:115} INFO - [2023-02-23 12:04:39,956] {dagbag.py:507} INFO - Filling up the DagBag from /home/alura/Documents/Financeiro/venv/lib/python3.9/site-packages/airflow/example_dags/example_skip_dag.py
[2023-02-23 12:04:39,959] {processor.py:651} INFO - DAG(s) dict_keys(['example_skip_dag']) retrieved from /home/alura/Documents/Financeiro/venv/lib/python3.9/site-packages/airflow/example_dags/example_skip_dag.py
[2023-02-23 12:04:39,967] {logging_mixin.py:115} INFO - [2023-02-23 12:04:39,967] {dag.py:2379} INFO - Sync 1 DAGs
[2023-02-23 12:04:39,975] {logging_mixin.py:115} INFO - [2023-02-23 12:04:39,975] {dag.py:2927} INFO - Setting next_dagrun for example_skip_dag to 2023-02-22T20:04:39.975754+00:00, run_after=2023-02-23T20:04:39.975754+00:00
[2023-02-23 12:04:39,982] {processor.py:161} INFO - Processing /home/alura/Documents/Financeiro/venv/lib/python3.9/site-packages/airflow/example_dags/example_skip_dag.py took 0.028 seconds
[2023-02-23 12:05:11,356] {processor.py:153} INFO - Started process (PID=51307) to work on /home/alura/Documents/Financeiro/venv/lib/python3.9/site-packages/airflow/example_dags/example_skip_dag.py
[2023-02-23 12:05:11,356] {processor.py:641} INFO - Processing file /home/alura/Documents/Financeiro/venv/lib/python3.9/site-packages/airflow/example_dags/example_skip_dag.py for tasks to queue
[2023-02-23 12:05:11,356] {logging_mixin.py:115} INFO - [2023-02-23 12:05:11,356] {dagbag.py:507} INFO - Filling up the DagBag from /home/alura/Documents/Financeiro/venv/lib/python3.9/site-packages/airflow/example_dags/example_skip_dag.py
[2023-02-23 12:05:11,359] {processor.py:651} INFO - DAG(s) dict_keys(['example_skip_dag']) retrieved from /home/alura/Documents/Financeiro/venv/lib/python3.9/site-packages/airflow/example_dags/example_skip_dag.py
[2023-02-23 12:05:11,367] {logging_mixin.py:115} INFO - [2023-02-23 12:05:11,367] {dag.py:2379} INFO - Sync 1 DAGs
[2023-02-23 12:05:11,375] {logging_mixin.py:115} INFO - [2023-02-23 12:05:11,375] {dag.py:2927} INFO - Setting next_dagrun for example_skip_dag to 2023-02-22T20:05:11.375470+00:00, run_after=2023-02-23T20:05:11.375470+00:00
[2023-02-23 12:05:11,382] {processor.py:161} INFO - Processing /home/alura/Documents/Financeiro/venv/lib/python3.9/site-packages/airflow/example_dags/example_skip_dag.py took 0.027 seconds
[2023-02-23 12:05:45,115] {processor.py:153} INFO - Started process (PID=51375) to work on /home/alura/Documents/Financeiro/venv/lib/python3.9/site-packages/airflow/example_dags/example_skip_dag.py
[2023-02-23 12:05:45,116] {processor.py:641} INFO - Processing file /home/alura/Documents/Financeiro/venv/lib/python3.9/site-packages/airflow/example_dags/example_skip_dag.py for tasks to queue
[2023-02-23 12:05:45,116] {logging_mixin.py:115} INFO - [2023-02-23 12:05:45,116] {dagbag.py:507} INFO - Filling up the DagBag from /home/alura/Documents/Financeiro/venv/lib/python3.9/site-packages/airflow/example_dags/example_skip_dag.py
[2023-02-23 12:05:45,119] {processor.py:651} INFO - DAG(s) dict_keys(['example_skip_dag']) retrieved from /home/alura/Documents/Financeiro/venv/lib/python3.9/site-packages/airflow/example_dags/example_skip_dag.py
[2023-02-23 12:05:45,127] {logging_mixin.py:115} INFO - [2023-02-23 12:05:45,127] {dag.py:2379} INFO - Sync 1 DAGs
[2023-02-23 12:05:45,136] {logging_mixin.py:115} INFO - [2023-02-23 12:05:45,136] {dag.py:2927} INFO - Setting next_dagrun for example_skip_dag to 2023-02-22T20:05:45.135867+00:00, run_after=2023-02-23T20:05:45.135867+00:00
[2023-02-23 12:05:45,142] {processor.py:161} INFO - Processing /home/alura/Documents/Financeiro/venv/lib/python3.9/site-packages/airflow/example_dags/example_skip_dag.py took 0.028 seconds
[2023-02-23 12:06:16,611] {processor.py:153} INFO - Started process (PID=51435) to work on /home/alura/Documents/Financeiro/venv/lib/python3.9/site-packages/airflow/example_dags/example_skip_dag.py
[2023-02-23 12:06:16,612] {processor.py:641} INFO - Processing file /home/alura/Documents/Financeiro/venv/lib/python3.9/site-packages/airflow/example_dags/example_skip_dag.py for tasks to queue
[2023-02-23 12:06:16,612] {logging_mixin.py:115} INFO - [2023-02-23 12:06:16,612] {dagbag.py:507} INFO - Filling up the DagBag from /home/alura/Documents/Financeiro/venv/lib/python3.9/site-packages/airflow/example_dags/example_skip_dag.py
[2023-02-23 12:06:16,615] {processor.py:651} INFO - DAG(s) dict_keys(['example_skip_dag']) retrieved from /home/alura/Documents/Financeiro/venv/lib/python3.9/site-packages/airflow/example_dags/example_skip_dag.py
[2023-02-23 12:06:16,624] {logging_mixin.py:115} INFO - [2023-02-23 12:06:16,624] {dag.py:2379} INFO - Sync 1 DAGs
[2023-02-23 12:06:16,632] {logging_mixin.py:115} INFO - [2023-02-23 12:06:16,632] {dag.py:2927} INFO - Setting next_dagrun for example_skip_dag to 2023-02-22T20:06:16.632621+00:00, run_after=2023-02-23T20:06:16.632621+00:00
[2023-02-23 12:06:16,639] {processor.py:161} INFO - Processing /home/alura/Documents/Financeiro/venv/lib/python3.9/site-packages/airflow/example_dags/example_skip_dag.py took 0.029 seconds
[2023-02-23 12:06:47,164] {processor.py:153} INFO - Started process (PID=51502) to work on /home/alura/Documents/Financeiro/venv/lib/python3.9/site-packages/airflow/example_dags/example_skip_dag.py
[2023-02-23 12:06:47,165] {processor.py:641} INFO - Processing file /home/alura/Documents/Financeiro/venv/lib/python3.9/site-packages/airflow/example_dags/example_skip_dag.py for tasks to queue
[2023-02-23 12:06:47,165] {logging_mixin.py:115} INFO - [2023-02-23 12:06:47,165] {dagbag.py:507} INFO - Filling up the DagBag from /home/alura/Documents/Financeiro/venv/lib/python3.9/site-packages/airflow/example_dags/example_skip_dag.py
[2023-02-23 12:06:47,168] {processor.py:651} INFO - DAG(s) dict_keys(['example_skip_dag']) retrieved from /home/alura/Documents/Financeiro/venv/lib/python3.9/site-packages/airflow/example_dags/example_skip_dag.py
[2023-02-23 12:06:47,176] {logging_mixin.py:115} INFO - [2023-02-23 12:06:47,176] {dag.py:2379} INFO - Sync 1 DAGs
[2023-02-23 12:06:47,184] {logging_mixin.py:115} INFO - [2023-02-23 12:06:47,184] {dag.py:2927} INFO - Setting next_dagrun for example_skip_dag to 2023-02-22T20:06:47.184209+00:00, run_after=2023-02-23T20:06:47.184209+00:00
[2023-02-23 12:06:47,190] {processor.py:161} INFO - Processing /home/alura/Documents/Financeiro/venv/lib/python3.9/site-packages/airflow/example_dags/example_skip_dag.py took 0.027 seconds
[2023-02-23 12:07:19,697] {processor.py:153} INFO - Started process (PID=51565) to work on /home/alura/Documents/Financeiro/venv/lib/python3.9/site-packages/airflow/example_dags/example_skip_dag.py
[2023-02-23 12:07:19,697] {processor.py:641} INFO - Processing file /home/alura/Documents/Financeiro/venv/lib/python3.9/site-packages/airflow/example_dags/example_skip_dag.py for tasks to queue
[2023-02-23 12:07:19,697] {logging_mixin.py:115} INFO - [2023-02-23 12:07:19,697] {dagbag.py:507} INFO - Filling up the DagBag from /home/alura/Documents/Financeiro/venv/lib/python3.9/site-packages/airflow/example_dags/example_skip_dag.py
[2023-02-23 12:07:19,700] {processor.py:651} INFO - DAG(s) dict_keys(['example_skip_dag']) retrieved from /home/alura/Documents/Financeiro/venv/lib/python3.9/site-packages/airflow/example_dags/example_skip_dag.py
[2023-02-23 12:07:19,708] {logging_mixin.py:115} INFO - [2023-02-23 12:07:19,708] {dag.py:2379} INFO - Sync 1 DAGs
[2023-02-23 12:07:19,716] {logging_mixin.py:115} INFO - [2023-02-23 12:07:19,716] {dag.py:2927} INFO - Setting next_dagrun for example_skip_dag to 2023-02-22T20:07:19.716669+00:00, run_after=2023-02-23T20:07:19.716669+00:00
[2023-02-23 12:07:19,723] {processor.py:161} INFO - Processing /home/alura/Documents/Financeiro/venv/lib/python3.9/site-packages/airflow/example_dags/example_skip_dag.py took 0.028 seconds
[2023-02-23 12:07:52,694] {processor.py:153} INFO - Started process (PID=51627) to work on /home/alura/Documents/Financeiro/venv/lib/python3.9/site-packages/airflow/example_dags/example_skip_dag.py
[2023-02-23 12:07:52,694] {processor.py:641} INFO - Processing file /home/alura/Documents/Financeiro/venv/lib/python3.9/site-packages/airflow/example_dags/example_skip_dag.py for tasks to queue
[2023-02-23 12:07:52,695] {logging_mixin.py:115} INFO - [2023-02-23 12:07:52,695] {dagbag.py:507} INFO - Filling up the DagBag from /home/alura/Documents/Financeiro/venv/lib/python3.9/site-packages/airflow/example_dags/example_skip_dag.py
[2023-02-23 12:07:52,698] {processor.py:651} INFO - DAG(s) dict_keys(['example_skip_dag']) retrieved from /home/alura/Documents/Financeiro/venv/lib/python3.9/site-packages/airflow/example_dags/example_skip_dag.py
[2023-02-23 12:07:52,708] {logging_mixin.py:115} INFO - [2023-02-23 12:07:52,707] {dag.py:2379} INFO - Sync 1 DAGs
[2023-02-23 12:07:52,717] {logging_mixin.py:115} INFO - [2023-02-23 12:07:52,717] {dag.py:2927} INFO - Setting next_dagrun for example_skip_dag to 2023-02-22T20:07:52.717257+00:00, run_after=2023-02-23T20:07:52.717257+00:00
[2023-02-23 12:07:52,725] {processor.py:161} INFO - Processing /home/alura/Documents/Financeiro/venv/lib/python3.9/site-packages/airflow/example_dags/example_skip_dag.py took 0.033 seconds
[2023-02-23 12:08:24,606] {processor.py:153} INFO - Started process (PID=51690) to work on /home/alura/Documents/Financeiro/venv/lib/python3.9/site-packages/airflow/example_dags/example_skip_dag.py
[2023-02-23 12:08:24,607] {processor.py:641} INFO - Processing file /home/alura/Documents/Financeiro/venv/lib/python3.9/site-packages/airflow/example_dags/example_skip_dag.py for tasks to queue
[2023-02-23 12:08:24,607] {logging_mixin.py:115} INFO - [2023-02-23 12:08:24,607] {dagbag.py:507} INFO - Filling up the DagBag from /home/alura/Documents/Financeiro/venv/lib/python3.9/site-packages/airflow/example_dags/example_skip_dag.py
[2023-02-23 12:08:24,610] {processor.py:651} INFO - DAG(s) dict_keys(['example_skip_dag']) retrieved from /home/alura/Documents/Financeiro/venv/lib/python3.9/site-packages/airflow/example_dags/example_skip_dag.py
[2023-02-23 12:08:24,618] {logging_mixin.py:115} INFO - [2023-02-23 12:08:24,618] {dag.py:2379} INFO - Sync 1 DAGs
[2023-02-23 12:08:24,626] {logging_mixin.py:115} INFO - [2023-02-23 12:08:24,626] {dag.py:2927} INFO - Setting next_dagrun for example_skip_dag to 2023-02-22T20:08:24.626485+00:00, run_after=2023-02-23T20:08:24.626485+00:00
[2023-02-23 12:08:24,633] {processor.py:161} INFO - Processing /home/alura/Documents/Financeiro/venv/lib/python3.9/site-packages/airflow/example_dags/example_skip_dag.py took 0.028 seconds
