[2023-02-23 12:00:31,848] {processor.py:153} INFO - Started process (PID=50483) to work on /home/alura/Documents/Financeiro/venv/lib/python3.9/site-packages/airflow/example_dags/example_branch_python_dop_operator_3.py
[2023-02-23 12:00:31,848] {processor.py:641} INFO - Processing file /home/alura/Documents/Financeiro/venv/lib/python3.9/site-packages/airflow/example_dags/example_branch_python_dop_operator_3.py for tasks to queue
[2023-02-23 12:00:31,848] {logging_mixin.py:115} INFO - [2023-02-23 12:00:31,848] {dagbag.py:507} INFO - Filling up the DagBag from /home/alura/Documents/Financeiro/venv/lib/python3.9/site-packages/airflow/example_dags/example_branch_python_dop_operator_3.py
[2023-02-23 12:00:31,853] {processor.py:651} INFO - DAG(s) dict_keys(['example_branch_dop_operator_v3']) retrieved from /home/alura/Documents/Financeiro/venv/lib/python3.9/site-packages/airflow/example_dags/example_branch_python_dop_operator_3.py
[2023-02-23 12:00:31,882] {logging_mixin.py:115} INFO - [2023-02-23 12:00:31,882] {manager.py:508} INFO - Created Permission View: can read on DAG:example_branch_dop_operator_v3
[2023-02-23 12:00:31,888] {logging_mixin.py:115} INFO - [2023-02-23 12:00:31,888] {manager.py:508} INFO - Created Permission View: can edit on DAG:example_branch_dop_operator_v3
[2023-02-23 12:00:31,891] {logging_mixin.py:115} INFO - [2023-02-23 12:00:31,891] {manager.py:508} INFO - Created Permission View: can delete on DAG:example_branch_dop_operator_v3
[2023-02-23 12:00:31,891] {logging_mixin.py:115} INFO - [2023-02-23 12:00:31,891] {dag.py:2379} INFO - Sync 1 DAGs
[2023-02-23 12:00:31,895] {logging_mixin.py:115} INFO - [2023-02-23 12:00:31,895] {dag.py:2398} INFO - Creating ORM DAG for example_branch_dop_operator_v3
[2023-02-23 12:00:31,902] {logging_mixin.py:115} INFO - [2023-02-23 12:00:31,902] {dag.py:2927} INFO - Setting next_dagrun for example_branch_dop_operator_v3 to 2023-02-23T19:59:00+00:00, run_after=2023-02-23T20:00:00+00:00
[2023-02-23 12:00:31,909] {processor.py:161} INFO - Processing /home/alura/Documents/Financeiro/venv/lib/python3.9/site-packages/airflow/example_dags/example_branch_python_dop_operator_3.py took 0.062 seconds
[2023-02-23 12:01:05,516] {processor.py:153} INFO - Started process (PID=50522) to work on /home/alura/Documents/Financeiro/venv/lib/python3.9/site-packages/airflow/example_dags/example_branch_python_dop_operator_3.py
[2023-02-23 12:01:05,517] {processor.py:641} INFO - Processing file /home/alura/Documents/Financeiro/venv/lib/python3.9/site-packages/airflow/example_dags/example_branch_python_dop_operator_3.py for tasks to queue
[2023-02-23 12:01:05,517] {logging_mixin.py:115} INFO - [2023-02-23 12:01:05,517] {dagbag.py:507} INFO - Filling up the DagBag from /home/alura/Documents/Financeiro/venv/lib/python3.9/site-packages/airflow/example_dags/example_branch_python_dop_operator_3.py
[2023-02-23 12:01:05,521] {processor.py:651} INFO - DAG(s) dict_keys(['example_branch_dop_operator_v3']) retrieved from /home/alura/Documents/Financeiro/venv/lib/python3.9/site-packages/airflow/example_dags/example_branch_python_dop_operator_3.py
[2023-02-23 12:01:05,529] {logging_mixin.py:115} INFO - [2023-02-23 12:01:05,529] {dag.py:2379} INFO - Sync 1 DAGs
[2023-02-23 12:01:05,539] {logging_mixin.py:115} INFO - [2023-02-23 12:01:05,539] {dag.py:2927} INFO - Setting next_dagrun for example_branch_dop_operator_v3 to 2023-02-23T20:00:00+00:00, run_after=2023-02-23T20:01:00+00:00
[2023-02-23 12:01:05,545] {processor.py:161} INFO - Processing /home/alura/Documents/Financeiro/venv/lib/python3.9/site-packages/airflow/example_dags/example_branch_python_dop_operator_3.py took 0.031 seconds
[2023-02-23 12:01:38,499] {processor.py:153} INFO - Started process (PID=50854) to work on /home/alura/Documents/Financeiro/venv/lib/python3.9/site-packages/airflow/example_dags/example_branch_python_dop_operator_3.py
[2023-02-23 12:01:38,500] {processor.py:641} INFO - Processing file /home/alura/Documents/Financeiro/venv/lib/python3.9/site-packages/airflow/example_dags/example_branch_python_dop_operator_3.py for tasks to queue
[2023-02-23 12:01:38,500] {logging_mixin.py:115} INFO - [2023-02-23 12:01:38,500] {dagbag.py:507} INFO - Filling up the DagBag from /home/alura/Documents/Financeiro/venv/lib/python3.9/site-packages/airflow/example_dags/example_branch_python_dop_operator_3.py
[2023-02-23 12:01:38,505] {processor.py:651} INFO - DAG(s) dict_keys(['example_branch_dop_operator_v3']) retrieved from /home/alura/Documents/Financeiro/venv/lib/python3.9/site-packages/airflow/example_dags/example_branch_python_dop_operator_3.py
[2023-02-23 12:01:38,513] {logging_mixin.py:115} INFO - [2023-02-23 12:01:38,513] {dag.py:2379} INFO - Sync 1 DAGs
[2023-02-23 12:01:38,524] {logging_mixin.py:115} INFO - [2023-02-23 12:01:38,524] {dag.py:2927} INFO - Setting next_dagrun for example_branch_dop_operator_v3 to 2023-02-23T20:00:00+00:00, run_after=2023-02-23T20:01:00+00:00
[2023-02-23 12:01:38,532] {processor.py:161} INFO - Processing /home/alura/Documents/Financeiro/venv/lib/python3.9/site-packages/airflow/example_dags/example_branch_python_dop_operator_3.py took 0.034 seconds
[2023-02-23 12:02:09,364] {processor.py:153} INFO - Started process (PID=50955) to work on /home/alura/Documents/Financeiro/venv/lib/python3.9/site-packages/airflow/example_dags/example_branch_python_dop_operator_3.py
[2023-02-23 12:02:09,365] {processor.py:641} INFO - Processing file /home/alura/Documents/Financeiro/venv/lib/python3.9/site-packages/airflow/example_dags/example_branch_python_dop_operator_3.py for tasks to queue
[2023-02-23 12:02:09,366] {logging_mixin.py:115} INFO - [2023-02-23 12:02:09,365] {dagbag.py:507} INFO - Filling up the DagBag from /home/alura/Documents/Financeiro/venv/lib/python3.9/site-packages/airflow/example_dags/example_branch_python_dop_operator_3.py
[2023-02-23 12:02:09,370] {processor.py:651} INFO - DAG(s) dict_keys(['example_branch_dop_operator_v3']) retrieved from /home/alura/Documents/Financeiro/venv/lib/python3.9/site-packages/airflow/example_dags/example_branch_python_dop_operator_3.py
[2023-02-23 12:02:09,378] {logging_mixin.py:115} INFO - [2023-02-23 12:02:09,378] {dag.py:2379} INFO - Sync 1 DAGs
[2023-02-23 12:02:09,388] {logging_mixin.py:115} INFO - [2023-02-23 12:02:09,388] {dag.py:2927} INFO - Setting next_dagrun for example_branch_dop_operator_v3 to 2023-02-23T20:01:00+00:00, run_after=2023-02-23T20:02:00+00:00
[2023-02-23 12:02:09,395] {processor.py:161} INFO - Processing /home/alura/Documents/Financeiro/venv/lib/python3.9/site-packages/airflow/example_dags/example_branch_python_dop_operator_3.py took 0.032 seconds
[2023-02-23 12:02:42,942] {processor.py:153} INFO - Started process (PID=51029) to work on /home/alura/Documents/Financeiro/venv/lib/python3.9/site-packages/airflow/example_dags/example_branch_python_dop_operator_3.py
[2023-02-23 12:02:42,943] {processor.py:641} INFO - Processing file /home/alura/Documents/Financeiro/venv/lib/python3.9/site-packages/airflow/example_dags/example_branch_python_dop_operator_3.py for tasks to queue
[2023-02-23 12:02:42,943] {logging_mixin.py:115} INFO - [2023-02-23 12:02:42,943] {dagbag.py:507} INFO - Filling up the DagBag from /home/alura/Documents/Financeiro/venv/lib/python3.9/site-packages/airflow/example_dags/example_branch_python_dop_operator_3.py
[2023-02-23 12:02:42,948] {processor.py:651} INFO - DAG(s) dict_keys(['example_branch_dop_operator_v3']) retrieved from /home/alura/Documents/Financeiro/venv/lib/python3.9/site-packages/airflow/example_dags/example_branch_python_dop_operator_3.py
[2023-02-23 12:02:42,956] {logging_mixin.py:115} INFO - [2023-02-23 12:02:42,956] {dag.py:2379} INFO - Sync 1 DAGs
[2023-02-23 12:02:42,967] {logging_mixin.py:115} INFO - [2023-02-23 12:02:42,967] {dag.py:2927} INFO - Setting next_dagrun for example_branch_dop_operator_v3 to 2023-02-23T20:01:00+00:00, run_after=2023-02-23T20:02:00+00:00
[2023-02-23 12:02:42,973] {processor.py:161} INFO - Processing /home/alura/Documents/Financeiro/venv/lib/python3.9/site-packages/airflow/example_dags/example_branch_python_dop_operator_3.py took 0.032 seconds
[2023-02-23 12:03:17,629] {processor.py:153} INFO - Started process (PID=51088) to work on /home/alura/Documents/Financeiro/venv/lib/python3.9/site-packages/airflow/example_dags/example_branch_python_dop_operator_3.py
[2023-02-23 12:03:17,630] {processor.py:641} INFO - Processing file /home/alura/Documents/Financeiro/venv/lib/python3.9/site-packages/airflow/example_dags/example_branch_python_dop_operator_3.py for tasks to queue
[2023-02-23 12:03:17,630] {logging_mixin.py:115} INFO - [2023-02-23 12:03:17,630] {dagbag.py:507} INFO - Filling up the DagBag from /home/alura/Documents/Financeiro/venv/lib/python3.9/site-packages/airflow/example_dags/example_branch_python_dop_operator_3.py
[2023-02-23 12:03:17,635] {processor.py:651} INFO - DAG(s) dict_keys(['example_branch_dop_operator_v3']) retrieved from /home/alura/Documents/Financeiro/venv/lib/python3.9/site-packages/airflow/example_dags/example_branch_python_dop_operator_3.py
[2023-02-23 12:03:17,642] {logging_mixin.py:115} INFO - [2023-02-23 12:03:17,642] {dag.py:2379} INFO - Sync 1 DAGs
[2023-02-23 12:03:17,653] {logging_mixin.py:115} INFO - [2023-02-23 12:03:17,653] {dag.py:2927} INFO - Setting next_dagrun for example_branch_dop_operator_v3 to 2023-02-23T20:02:00+00:00, run_after=2023-02-23T20:03:00+00:00
[2023-02-23 12:03:17,660] {processor.py:161} INFO - Processing /home/alura/Documents/Financeiro/venv/lib/python3.9/site-packages/airflow/example_dags/example_branch_python_dop_operator_3.py took 0.032 seconds
[2023-02-23 12:03:48,405] {processor.py:153} INFO - Started process (PID=51152) to work on /home/alura/Documents/Financeiro/venv/lib/python3.9/site-packages/airflow/example_dags/example_branch_python_dop_operator_3.py
[2023-02-23 12:03:48,406] {processor.py:641} INFO - Processing file /home/alura/Documents/Financeiro/venv/lib/python3.9/site-packages/airflow/example_dags/example_branch_python_dop_operator_3.py for tasks to queue
[2023-02-23 12:03:48,406] {logging_mixin.py:115} INFO - [2023-02-23 12:03:48,406] {dagbag.py:507} INFO - Filling up the DagBag from /home/alura/Documents/Financeiro/venv/lib/python3.9/site-packages/airflow/example_dags/example_branch_python_dop_operator_3.py
[2023-02-23 12:03:48,411] {processor.py:651} INFO - DAG(s) dict_keys(['example_branch_dop_operator_v3']) retrieved from /home/alura/Documents/Financeiro/venv/lib/python3.9/site-packages/airflow/example_dags/example_branch_python_dop_operator_3.py
[2023-02-23 12:03:48,419] {logging_mixin.py:115} INFO - [2023-02-23 12:03:48,419] {dag.py:2379} INFO - Sync 1 DAGs
[2023-02-23 12:03:48,429] {logging_mixin.py:115} INFO - [2023-02-23 12:03:48,429] {dag.py:2927} INFO - Setting next_dagrun for example_branch_dop_operator_v3 to 2023-02-23T20:02:00+00:00, run_after=2023-02-23T20:03:00+00:00
[2023-02-23 12:03:48,436] {processor.py:161} INFO - Processing /home/alura/Documents/Financeiro/venv/lib/python3.9/site-packages/airflow/example_dags/example_branch_python_dop_operator_3.py took 0.032 seconds
[2023-02-23 12:04:23,206] {processor.py:153} INFO - Started process (PID=51217) to work on /home/alura/Documents/Financeiro/venv/lib/python3.9/site-packages/airflow/example_dags/example_branch_python_dop_operator_3.py
[2023-02-23 12:04:23,206] {processor.py:641} INFO - Processing file /home/alura/Documents/Financeiro/venv/lib/python3.9/site-packages/airflow/example_dags/example_branch_python_dop_operator_3.py for tasks to queue
[2023-02-23 12:04:23,206] {logging_mixin.py:115} INFO - [2023-02-23 12:04:23,206] {dagbag.py:507} INFO - Filling up the DagBag from /home/alura/Documents/Financeiro/venv/lib/python3.9/site-packages/airflow/example_dags/example_branch_python_dop_operator_3.py
[2023-02-23 12:04:23,211] {processor.py:651} INFO - DAG(s) dict_keys(['example_branch_dop_operator_v3']) retrieved from /home/alura/Documents/Financeiro/venv/lib/python3.9/site-packages/airflow/example_dags/example_branch_python_dop_operator_3.py
[2023-02-23 12:04:23,219] {logging_mixin.py:115} INFO - [2023-02-23 12:04:23,219] {dag.py:2379} INFO - Sync 1 DAGs
[2023-02-23 12:04:23,230] {logging_mixin.py:115} INFO - [2023-02-23 12:04:23,230] {dag.py:2927} INFO - Setting next_dagrun for example_branch_dop_operator_v3 to 2023-02-23T20:03:00+00:00, run_after=2023-02-23T20:04:00+00:00
[2023-02-23 12:04:23,236] {processor.py:161} INFO - Processing /home/alura/Documents/Financeiro/venv/lib/python3.9/site-packages/airflow/example_dags/example_branch_python_dop_operator_3.py took 0.032 seconds
[2023-02-23 12:04:58,350] {processor.py:153} INFO - Started process (PID=51281) to work on /home/alura/Documents/Financeiro/venv/lib/python3.9/site-packages/airflow/example_dags/example_branch_python_dop_operator_3.py
[2023-02-23 12:04:58,350] {processor.py:641} INFO - Processing file /home/alura/Documents/Financeiro/venv/lib/python3.9/site-packages/airflow/example_dags/example_branch_python_dop_operator_3.py for tasks to queue
[2023-02-23 12:04:58,351] {logging_mixin.py:115} INFO - [2023-02-23 12:04:58,351] {dagbag.py:507} INFO - Filling up the DagBag from /home/alura/Documents/Financeiro/venv/lib/python3.9/site-packages/airflow/example_dags/example_branch_python_dop_operator_3.py
[2023-02-23 12:04:58,356] {processor.py:651} INFO - DAG(s) dict_keys(['example_branch_dop_operator_v3']) retrieved from /home/alura/Documents/Financeiro/venv/lib/python3.9/site-packages/airflow/example_dags/example_branch_python_dop_operator_3.py
[2023-02-23 12:04:58,364] {logging_mixin.py:115} INFO - [2023-02-23 12:04:58,364] {dag.py:2379} INFO - Sync 1 DAGs
[2023-02-23 12:04:58,375] {logging_mixin.py:115} INFO - [2023-02-23 12:04:58,375] {dag.py:2927} INFO - Setting next_dagrun for example_branch_dop_operator_v3 to 2023-02-23T20:03:00+00:00, run_after=2023-02-23T20:04:00+00:00
[2023-02-23 12:04:58,381] {processor.py:161} INFO - Processing /home/alura/Documents/Financeiro/venv/lib/python3.9/site-packages/airflow/example_dags/example_branch_python_dop_operator_3.py took 0.033 seconds
[2023-02-23 12:05:30,873] {processor.py:153} INFO - Started process (PID=51343) to work on /home/alura/Documents/Financeiro/venv/lib/python3.9/site-packages/airflow/example_dags/example_branch_python_dop_operator_3.py
[2023-02-23 12:05:30,874] {processor.py:641} INFO - Processing file /home/alura/Documents/Financeiro/venv/lib/python3.9/site-packages/airflow/example_dags/example_branch_python_dop_operator_3.py for tasks to queue
[2023-02-23 12:05:30,874] {logging_mixin.py:115} INFO - [2023-02-23 12:05:30,874] {dagbag.py:507} INFO - Filling up the DagBag from /home/alura/Documents/Financeiro/venv/lib/python3.9/site-packages/airflow/example_dags/example_branch_python_dop_operator_3.py
[2023-02-23 12:05:30,879] {processor.py:651} INFO - DAG(s) dict_keys(['example_branch_dop_operator_v3']) retrieved from /home/alura/Documents/Financeiro/venv/lib/python3.9/site-packages/airflow/example_dags/example_branch_python_dop_operator_3.py
[2023-02-23 12:05:30,887] {logging_mixin.py:115} INFO - [2023-02-23 12:05:30,887] {dag.py:2379} INFO - Sync 1 DAGs
[2023-02-23 12:05:30,898] {logging_mixin.py:115} INFO - [2023-02-23 12:05:30,898] {dag.py:2927} INFO - Setting next_dagrun for example_branch_dop_operator_v3 to 2023-02-23T20:04:00+00:00, run_after=2023-02-23T20:05:00+00:00
[2023-02-23 12:05:30,904] {processor.py:161} INFO - Processing /home/alura/Documents/Financeiro/venv/lib/python3.9/site-packages/airflow/example_dags/example_branch_python_dop_operator_3.py took 0.033 seconds
[2023-02-23 12:06:04,238] {processor.py:153} INFO - Started process (PID=51413) to work on /home/alura/Documents/Financeiro/venv/lib/python3.9/site-packages/airflow/example_dags/example_branch_python_dop_operator_3.py
[2023-02-23 12:06:04,239] {processor.py:641} INFO - Processing file /home/alura/Documents/Financeiro/venv/lib/python3.9/site-packages/airflow/example_dags/example_branch_python_dop_operator_3.py for tasks to queue
[2023-02-23 12:06:04,239] {logging_mixin.py:115} INFO - [2023-02-23 12:06:04,239] {dagbag.py:507} INFO - Filling up the DagBag from /home/alura/Documents/Financeiro/venv/lib/python3.9/site-packages/airflow/example_dags/example_branch_python_dop_operator_3.py
[2023-02-23 12:06:04,244] {processor.py:651} INFO - DAG(s) dict_keys(['example_branch_dop_operator_v3']) retrieved from /home/alura/Documents/Financeiro/venv/lib/python3.9/site-packages/airflow/example_dags/example_branch_python_dop_operator_3.py
[2023-02-23 12:06:04,252] {logging_mixin.py:115} INFO - [2023-02-23 12:06:04,252] {dag.py:2379} INFO - Sync 1 DAGs
[2023-02-23 12:06:04,263] {logging_mixin.py:115} INFO - [2023-02-23 12:06:04,263] {dag.py:2927} INFO - Setting next_dagrun for example_branch_dop_operator_v3 to 2023-02-23T20:05:00+00:00, run_after=2023-02-23T20:06:00+00:00
[2023-02-23 12:06:04,269] {processor.py:161} INFO - Processing /home/alura/Documents/Financeiro/venv/lib/python3.9/site-packages/airflow/example_dags/example_branch_python_dop_operator_3.py took 0.033 seconds
[2023-02-23 12:06:34,657] {processor.py:153} INFO - Started process (PID=51479) to work on /home/alura/Documents/Financeiro/venv/lib/python3.9/site-packages/airflow/example_dags/example_branch_python_dop_operator_3.py
[2023-02-23 12:06:34,657] {processor.py:641} INFO - Processing file /home/alura/Documents/Financeiro/venv/lib/python3.9/site-packages/airflow/example_dags/example_branch_python_dop_operator_3.py for tasks to queue
[2023-02-23 12:06:34,658] {logging_mixin.py:115} INFO - [2023-02-23 12:06:34,658] {dagbag.py:507} INFO - Filling up the DagBag from /home/alura/Documents/Financeiro/venv/lib/python3.9/site-packages/airflow/example_dags/example_branch_python_dop_operator_3.py
[2023-02-23 12:06:34,662] {processor.py:651} INFO - DAG(s) dict_keys(['example_branch_dop_operator_v3']) retrieved from /home/alura/Documents/Financeiro/venv/lib/python3.9/site-packages/airflow/example_dags/example_branch_python_dop_operator_3.py
[2023-02-23 12:06:34,670] {logging_mixin.py:115} INFO - [2023-02-23 12:06:34,670] {dag.py:2379} INFO - Sync 1 DAGs
[2023-02-23 12:06:34,681] {logging_mixin.py:115} INFO - [2023-02-23 12:06:34,681] {dag.py:2927} INFO - Setting next_dagrun for example_branch_dop_operator_v3 to 2023-02-23T20:05:00+00:00, run_after=2023-02-23T20:06:00+00:00
[2023-02-23 12:06:34,688] {processor.py:161} INFO - Processing /home/alura/Documents/Financeiro/venv/lib/python3.9/site-packages/airflow/example_dags/example_branch_python_dop_operator_3.py took 0.033 seconds
[2023-02-23 12:07:07,682] {processor.py:153} INFO - Started process (PID=51540) to work on /home/alura/Documents/Financeiro/venv/lib/python3.9/site-packages/airflow/example_dags/example_branch_python_dop_operator_3.py
[2023-02-23 12:07:07,682] {processor.py:641} INFO - Processing file /home/alura/Documents/Financeiro/venv/lib/python3.9/site-packages/airflow/example_dags/example_branch_python_dop_operator_3.py for tasks to queue
[2023-02-23 12:07:07,683] {logging_mixin.py:115} INFO - [2023-02-23 12:07:07,682] {dagbag.py:507} INFO - Filling up the DagBag from /home/alura/Documents/Financeiro/venv/lib/python3.9/site-packages/airflow/example_dags/example_branch_python_dop_operator_3.py
[2023-02-23 12:07:07,687] {processor.py:651} INFO - DAG(s) dict_keys(['example_branch_dop_operator_v3']) retrieved from /home/alura/Documents/Financeiro/venv/lib/python3.9/site-packages/airflow/example_dags/example_branch_python_dop_operator_3.py
[2023-02-23 12:07:07,695] {logging_mixin.py:115} INFO - [2023-02-23 12:07:07,695] {dag.py:2379} INFO - Sync 1 DAGs
[2023-02-23 12:07:07,705] {logging_mixin.py:115} INFO - [2023-02-23 12:07:07,705] {dag.py:2927} INFO - Setting next_dagrun for example_branch_dop_operator_v3 to 2023-02-23T20:06:00+00:00, run_after=2023-02-23T20:07:00+00:00
[2023-02-23 12:07:07,711] {processor.py:161} INFO - Processing /home/alura/Documents/Financeiro/venv/lib/python3.9/site-packages/airflow/example_dags/example_branch_python_dop_operator_3.py took 0.031 seconds
[2023-02-23 12:07:40,212] {processor.py:153} INFO - Started process (PID=51606) to work on /home/alura/Documents/Financeiro/venv/lib/python3.9/site-packages/airflow/example_dags/example_branch_python_dop_operator_3.py
[2023-02-23 12:07:40,212] {processor.py:641} INFO - Processing file /home/alura/Documents/Financeiro/venv/lib/python3.9/site-packages/airflow/example_dags/example_branch_python_dop_operator_3.py for tasks to queue
[2023-02-23 12:07:40,213] {logging_mixin.py:115} INFO - [2023-02-23 12:07:40,213] {dagbag.py:507} INFO - Filling up the DagBag from /home/alura/Documents/Financeiro/venv/lib/python3.9/site-packages/airflow/example_dags/example_branch_python_dop_operator_3.py
[2023-02-23 12:07:40,218] {processor.py:651} INFO - DAG(s) dict_keys(['example_branch_dop_operator_v3']) retrieved from /home/alura/Documents/Financeiro/venv/lib/python3.9/site-packages/airflow/example_dags/example_branch_python_dop_operator_3.py
[2023-02-23 12:07:40,226] {logging_mixin.py:115} INFO - [2023-02-23 12:07:40,226] {dag.py:2379} INFO - Sync 1 DAGs
[2023-02-23 12:07:40,236] {logging_mixin.py:115} INFO - [2023-02-23 12:07:40,236] {dag.py:2927} INFO - Setting next_dagrun for example_branch_dop_operator_v3 to 2023-02-23T20:06:00+00:00, run_after=2023-02-23T20:07:00+00:00
[2023-02-23 12:07:40,243] {processor.py:161} INFO - Processing /home/alura/Documents/Financeiro/venv/lib/python3.9/site-packages/airflow/example_dags/example_branch_python_dop_operator_3.py took 0.033 seconds
[2023-02-23 12:08:12,719] {processor.py:153} INFO - Started process (PID=51666) to work on /home/alura/Documents/Financeiro/venv/lib/python3.9/site-packages/airflow/example_dags/example_branch_python_dop_operator_3.py
[2023-02-23 12:08:12,720] {processor.py:641} INFO - Processing file /home/alura/Documents/Financeiro/venv/lib/python3.9/site-packages/airflow/example_dags/example_branch_python_dop_operator_3.py for tasks to queue
[2023-02-23 12:08:12,720] {logging_mixin.py:115} INFO - [2023-02-23 12:08:12,720] {dagbag.py:507} INFO - Filling up the DagBag from /home/alura/Documents/Financeiro/venv/lib/python3.9/site-packages/airflow/example_dags/example_branch_python_dop_operator_3.py
[2023-02-23 12:08:12,725] {processor.py:651} INFO - DAG(s) dict_keys(['example_branch_dop_operator_v3']) retrieved from /home/alura/Documents/Financeiro/venv/lib/python3.9/site-packages/airflow/example_dags/example_branch_python_dop_operator_3.py
[2023-02-23 12:08:12,732] {logging_mixin.py:115} INFO - [2023-02-23 12:08:12,732] {dag.py:2379} INFO - Sync 1 DAGs
[2023-02-23 12:08:12,743] {logging_mixin.py:115} INFO - [2023-02-23 12:08:12,743] {dag.py:2927} INFO - Setting next_dagrun for example_branch_dop_operator_v3 to 2023-02-23T20:07:00+00:00, run_after=2023-02-23T20:08:00+00:00
[2023-02-23 12:08:12,749] {processor.py:161} INFO - Processing /home/alura/Documents/Financeiro/venv/lib/python3.9/site-packages/airflow/example_dags/example_branch_python_dop_operator_3.py took 0.031 seconds
