[2023-02-23 12:00:26,720] {processor.py:153} INFO - Started process (PID=50477) to work on /home/alura/Documents/Financeiro/venv/lib/python3.9/site-packages/airflow/example_dags/tutorial_taskflow_api_etl.py
[2023-02-23 12:00:26,721] {processor.py:641} INFO - Processing file /home/alura/Documents/Financeiro/venv/lib/python3.9/site-packages/airflow/example_dags/tutorial_taskflow_api_etl.py for tasks to queue
[2023-02-23 12:00:26,721] {logging_mixin.py:115} INFO - [2023-02-23 12:00:26,721] {dagbag.py:507} INFO - Filling up the DagBag from /home/alura/Documents/Financeiro/venv/lib/python3.9/site-packages/airflow/example_dags/tutorial_taskflow_api_etl.py
[2023-02-23 12:00:26,729] {processor.py:651} INFO - DAG(s) dict_keys(['tutorial_taskflow_api_etl']) retrieved from /home/alura/Documents/Financeiro/venv/lib/python3.9/site-packages/airflow/example_dags/tutorial_taskflow_api_etl.py
[2023-02-23 12:00:26,759] {logging_mixin.py:115} INFO - [2023-02-23 12:00:26,759] {manager.py:508} INFO - Created Permission View: can read on DAG:tutorial_taskflow_api_etl
[2023-02-23 12:00:26,763] {logging_mixin.py:115} INFO - [2023-02-23 12:00:26,763] {manager.py:508} INFO - Created Permission View: can edit on DAG:tutorial_taskflow_api_etl
[2023-02-23 12:00:26,766] {logging_mixin.py:115} INFO - [2023-02-23 12:00:26,766] {manager.py:508} INFO - Created Permission View: can delete on DAG:tutorial_taskflow_api_etl
[2023-02-23 12:00:26,767] {logging_mixin.py:115} INFO - [2023-02-23 12:00:26,766] {dag.py:2379} INFO - Sync 1 DAGs
[2023-02-23 12:00:26,770] {logging_mixin.py:115} INFO - [2023-02-23 12:00:26,770] {dag.py:2398} INFO - Creating ORM DAG for tutorial_taskflow_api_etl
[2023-02-23 12:00:26,774] {logging_mixin.py:115} INFO - [2023-02-23 12:00:26,774] {dag.py:2927} INFO - Setting next_dagrun for tutorial_taskflow_api_etl to None, run_after=None
[2023-02-23 12:00:26,781] {processor.py:161} INFO - Processing /home/alura/Documents/Financeiro/venv/lib/python3.9/site-packages/airflow/example_dags/tutorial_taskflow_api_etl.py took 0.062 seconds
[2023-02-23 12:00:59,254] {processor.py:153} INFO - Started process (PID=50515) to work on /home/alura/Documents/Financeiro/venv/lib/python3.9/site-packages/airflow/example_dags/tutorial_taskflow_api_etl.py
[2023-02-23 12:00:59,255] {processor.py:641} INFO - Processing file /home/alura/Documents/Financeiro/venv/lib/python3.9/site-packages/airflow/example_dags/tutorial_taskflow_api_etl.py for tasks to queue
[2023-02-23 12:00:59,255] {logging_mixin.py:115} INFO - [2023-02-23 12:00:59,255] {dagbag.py:507} INFO - Filling up the DagBag from /home/alura/Documents/Financeiro/venv/lib/python3.9/site-packages/airflow/example_dags/tutorial_taskflow_api_etl.py
[2023-02-23 12:00:59,263] {processor.py:651} INFO - DAG(s) dict_keys(['tutorial_taskflow_api_etl']) retrieved from /home/alura/Documents/Financeiro/venv/lib/python3.9/site-packages/airflow/example_dags/tutorial_taskflow_api_etl.py
[2023-02-23 12:00:59,286] {logging_mixin.py:115} INFO - [2023-02-23 12:00:59,286] {dag.py:2379} INFO - Sync 1 DAGs
[2023-02-23 12:00:59,296] {logging_mixin.py:115} INFO - [2023-02-23 12:00:59,296] {dag.py:2927} INFO - Setting next_dagrun for tutorial_taskflow_api_etl to None, run_after=None
[2023-02-23 12:00:59,303] {processor.py:161} INFO - Processing /home/alura/Documents/Financeiro/venv/lib/python3.9/site-packages/airflow/example_dags/tutorial_taskflow_api_etl.py took 0.050 seconds
[2023-02-23 12:01:32,244] {processor.py:153} INFO - Started process (PID=50550) to work on /home/alura/Documents/Financeiro/venv/lib/python3.9/site-packages/airflow/example_dags/tutorial_taskflow_api_etl.py
[2023-02-23 12:01:32,244] {processor.py:641} INFO - Processing file /home/alura/Documents/Financeiro/venv/lib/python3.9/site-packages/airflow/example_dags/tutorial_taskflow_api_etl.py for tasks to queue
[2023-02-23 12:01:32,244] {logging_mixin.py:115} INFO - [2023-02-23 12:01:32,244] {dagbag.py:507} INFO - Filling up the DagBag from /home/alura/Documents/Financeiro/venv/lib/python3.9/site-packages/airflow/example_dags/tutorial_taskflow_api_etl.py
[2023-02-23 12:01:32,254] {processor.py:651} INFO - DAG(s) dict_keys(['tutorial_taskflow_api_etl']) retrieved from /home/alura/Documents/Financeiro/venv/lib/python3.9/site-packages/airflow/example_dags/tutorial_taskflow_api_etl.py
[2023-02-23 12:01:32,262] {logging_mixin.py:115} INFO - [2023-02-23 12:01:32,262] {dag.py:2379} INFO - Sync 1 DAGs
[2023-02-23 12:01:32,272] {logging_mixin.py:115} INFO - [2023-02-23 12:01:32,272] {dag.py:2927} INFO - Setting next_dagrun for tutorial_taskflow_api_etl to None, run_after=None
[2023-02-23 12:01:32,279] {processor.py:161} INFO - Processing /home/alura/Documents/Financeiro/venv/lib/python3.9/site-packages/airflow/example_dags/tutorial_taskflow_api_etl.py took 0.037 seconds
[2023-02-23 12:02:04,154] {processor.py:153} INFO - Started process (PID=50939) to work on /home/alura/Documents/Financeiro/venv/lib/python3.9/site-packages/airflow/example_dags/tutorial_taskflow_api_etl.py
[2023-02-23 12:02:04,155] {processor.py:641} INFO - Processing file /home/alura/Documents/Financeiro/venv/lib/python3.9/site-packages/airflow/example_dags/tutorial_taskflow_api_etl.py for tasks to queue
[2023-02-23 12:02:04,155] {logging_mixin.py:115} INFO - [2023-02-23 12:02:04,155] {dagbag.py:507} INFO - Filling up the DagBag from /home/alura/Documents/Financeiro/venv/lib/python3.9/site-packages/airflow/example_dags/tutorial_taskflow_api_etl.py
[2023-02-23 12:02:04,166] {processor.py:651} INFO - DAG(s) dict_keys(['tutorial_taskflow_api_etl']) retrieved from /home/alura/Documents/Financeiro/venv/lib/python3.9/site-packages/airflow/example_dags/tutorial_taskflow_api_etl.py
[2023-02-23 12:02:04,175] {logging_mixin.py:115} INFO - [2023-02-23 12:02:04,175] {dag.py:2379} INFO - Sync 1 DAGs
[2023-02-23 12:02:04,184] {logging_mixin.py:115} INFO - [2023-02-23 12:02:04,184] {dag.py:2927} INFO - Setting next_dagrun for tutorial_taskflow_api_etl to None, run_after=None
[2023-02-23 12:02:04,191] {processor.py:161} INFO - Processing /home/alura/Documents/Financeiro/venv/lib/python3.9/site-packages/airflow/example_dags/tutorial_taskflow_api_etl.py took 0.038 seconds
[2023-02-23 12:02:36,684] {processor.py:153} INFO - Started process (PID=51014) to work on /home/alura/Documents/Financeiro/venv/lib/python3.9/site-packages/airflow/example_dags/tutorial_taskflow_api_etl.py
[2023-02-23 12:02:36,684] {processor.py:641} INFO - Processing file /home/alura/Documents/Financeiro/venv/lib/python3.9/site-packages/airflow/example_dags/tutorial_taskflow_api_etl.py for tasks to queue
[2023-02-23 12:02:36,685] {logging_mixin.py:115} INFO - [2023-02-23 12:02:36,685] {dagbag.py:507} INFO - Filling up the DagBag from /home/alura/Documents/Financeiro/venv/lib/python3.9/site-packages/airflow/example_dags/tutorial_taskflow_api_etl.py
[2023-02-23 12:02:36,693] {processor.py:651} INFO - DAG(s) dict_keys(['tutorial_taskflow_api_etl']) retrieved from /home/alura/Documents/Financeiro/venv/lib/python3.9/site-packages/airflow/example_dags/tutorial_taskflow_api_etl.py
[2023-02-23 12:02:36,714] {logging_mixin.py:115} INFO - [2023-02-23 12:02:36,714] {dag.py:2379} INFO - Sync 1 DAGs
[2023-02-23 12:02:36,723] {logging_mixin.py:115} INFO - [2023-02-23 12:02:36,723] {dag.py:2927} INFO - Setting next_dagrun for tutorial_taskflow_api_etl to None, run_after=None
[2023-02-23 12:02:36,733] {processor.py:161} INFO - Processing /home/alura/Documents/Financeiro/venv/lib/python3.9/site-packages/airflow/example_dags/tutorial_taskflow_api_etl.py took 0.051 seconds
[2023-02-23 12:03:11,242] {processor.py:153} INFO - Started process (PID=51080) to work on /home/alura/Documents/Financeiro/venv/lib/python3.9/site-packages/airflow/example_dags/tutorial_taskflow_api_etl.py
[2023-02-23 12:03:11,242] {processor.py:641} INFO - Processing file /home/alura/Documents/Financeiro/venv/lib/python3.9/site-packages/airflow/example_dags/tutorial_taskflow_api_etl.py for tasks to queue
[2023-02-23 12:03:11,243] {logging_mixin.py:115} INFO - [2023-02-23 12:03:11,243] {dagbag.py:507} INFO - Filling up the DagBag from /home/alura/Documents/Financeiro/venv/lib/python3.9/site-packages/airflow/example_dags/tutorial_taskflow_api_etl.py
[2023-02-23 12:03:11,251] {processor.py:651} INFO - DAG(s) dict_keys(['tutorial_taskflow_api_etl']) retrieved from /home/alura/Documents/Financeiro/venv/lib/python3.9/site-packages/airflow/example_dags/tutorial_taskflow_api_etl.py
[2023-02-23 12:03:11,272] {logging_mixin.py:115} INFO - [2023-02-23 12:03:11,271] {dag.py:2379} INFO - Sync 1 DAGs
[2023-02-23 12:03:11,280] {logging_mixin.py:115} INFO - [2023-02-23 12:03:11,280] {dag.py:2927} INFO - Setting next_dagrun for tutorial_taskflow_api_etl to None, run_after=None
[2023-02-23 12:03:11,287] {processor.py:161} INFO - Processing /home/alura/Documents/Financeiro/venv/lib/python3.9/site-packages/airflow/example_dags/tutorial_taskflow_api_etl.py took 0.046 seconds
[2023-02-23 12:03:41,619] {processor.py:153} INFO - Started process (PID=51137) to work on /home/alura/Documents/Financeiro/venv/lib/python3.9/site-packages/airflow/example_dags/tutorial_taskflow_api_etl.py
[2023-02-23 12:03:41,620] {processor.py:641} INFO - Processing file /home/alura/Documents/Financeiro/venv/lib/python3.9/site-packages/airflow/example_dags/tutorial_taskflow_api_etl.py for tasks to queue
[2023-02-23 12:03:41,620] {logging_mixin.py:115} INFO - [2023-02-23 12:03:41,620] {dagbag.py:507} INFO - Filling up the DagBag from /home/alura/Documents/Financeiro/venv/lib/python3.9/site-packages/airflow/example_dags/tutorial_taskflow_api_etl.py
[2023-02-23 12:03:41,628] {processor.py:651} INFO - DAG(s) dict_keys(['tutorial_taskflow_api_etl']) retrieved from /home/alura/Documents/Financeiro/venv/lib/python3.9/site-packages/airflow/example_dags/tutorial_taskflow_api_etl.py
[2023-02-23 12:03:41,648] {logging_mixin.py:115} INFO - [2023-02-23 12:03:41,648] {dag.py:2379} INFO - Sync 1 DAGs
[2023-02-23 12:03:41,656] {logging_mixin.py:115} INFO - [2023-02-23 12:03:41,656] {dag.py:2927} INFO - Setting next_dagrun for tutorial_taskflow_api_etl to None, run_after=None
[2023-02-23 12:03:41,663] {processor.py:161} INFO - Processing /home/alura/Documents/Financeiro/venv/lib/python3.9/site-packages/airflow/example_dags/tutorial_taskflow_api_etl.py took 0.045 seconds
[2023-02-23 12:04:16,307] {processor.py:153} INFO - Started process (PID=51202) to work on /home/alura/Documents/Financeiro/venv/lib/python3.9/site-packages/airflow/example_dags/tutorial_taskflow_api_etl.py
[2023-02-23 12:04:16,308] {processor.py:641} INFO - Processing file /home/alura/Documents/Financeiro/venv/lib/python3.9/site-packages/airflow/example_dags/tutorial_taskflow_api_etl.py for tasks to queue
[2023-02-23 12:04:16,308] {logging_mixin.py:115} INFO - [2023-02-23 12:04:16,308] {dagbag.py:507} INFO - Filling up the DagBag from /home/alura/Documents/Financeiro/venv/lib/python3.9/site-packages/airflow/example_dags/tutorial_taskflow_api_etl.py
[2023-02-23 12:04:16,316] {processor.py:651} INFO - DAG(s) dict_keys(['tutorial_taskflow_api_etl']) retrieved from /home/alura/Documents/Financeiro/venv/lib/python3.9/site-packages/airflow/example_dags/tutorial_taskflow_api_etl.py
[2023-02-23 12:04:16,338] {logging_mixin.py:115} INFO - [2023-02-23 12:04:16,338] {dag.py:2379} INFO - Sync 1 DAGs
[2023-02-23 12:04:16,348] {logging_mixin.py:115} INFO - [2023-02-23 12:04:16,348] {dag.py:2927} INFO - Setting next_dagrun for tutorial_taskflow_api_etl to None, run_after=None
[2023-02-23 12:04:16,355] {processor.py:161} INFO - Processing /home/alura/Documents/Financeiro/venv/lib/python3.9/site-packages/airflow/example_dags/tutorial_taskflow_api_etl.py took 0.049 seconds
[2023-02-23 12:04:49,840] {processor.py:153} INFO - Started process (PID=51264) to work on /home/alura/Documents/Financeiro/venv/lib/python3.9/site-packages/airflow/example_dags/tutorial_taskflow_api_etl.py
[2023-02-23 12:04:49,841] {processor.py:641} INFO - Processing file /home/alura/Documents/Financeiro/venv/lib/python3.9/site-packages/airflow/example_dags/tutorial_taskflow_api_etl.py for tasks to queue
[2023-02-23 12:04:49,841] {logging_mixin.py:115} INFO - [2023-02-23 12:04:49,841] {dagbag.py:507} INFO - Filling up the DagBag from /home/alura/Documents/Financeiro/venv/lib/python3.9/site-packages/airflow/example_dags/tutorial_taskflow_api_etl.py
[2023-02-23 12:04:49,849] {processor.py:651} INFO - DAG(s) dict_keys(['tutorial_taskflow_api_etl']) retrieved from /home/alura/Documents/Financeiro/venv/lib/python3.9/site-packages/airflow/example_dags/tutorial_taskflow_api_etl.py
[2023-02-23 12:04:49,857] {logging_mixin.py:115} INFO - [2023-02-23 12:04:49,857] {dag.py:2379} INFO - Sync 1 DAGs
[2023-02-23 12:04:49,865] {logging_mixin.py:115} INFO - [2023-02-23 12:04:49,865] {dag.py:2927} INFO - Setting next_dagrun for tutorial_taskflow_api_etl to None, run_after=None
[2023-02-23 12:04:49,871] {processor.py:161} INFO - Processing /home/alura/Documents/Financeiro/venv/lib/python3.9/site-packages/airflow/example_dags/tutorial_taskflow_api_etl.py took 0.032 seconds
[2023-02-23 12:05:22,607] {processor.py:153} INFO - Started process (PID=51326) to work on /home/alura/Documents/Financeiro/venv/lib/python3.9/site-packages/airflow/example_dags/tutorial_taskflow_api_etl.py
[2023-02-23 12:05:22,607] {processor.py:641} INFO - Processing file /home/alura/Documents/Financeiro/venv/lib/python3.9/site-packages/airflow/example_dags/tutorial_taskflow_api_etl.py for tasks to queue
[2023-02-23 12:05:22,607] {logging_mixin.py:115} INFO - [2023-02-23 12:05:22,607] {dagbag.py:507} INFO - Filling up the DagBag from /home/alura/Documents/Financeiro/venv/lib/python3.9/site-packages/airflow/example_dags/tutorial_taskflow_api_etl.py
[2023-02-23 12:05:22,615] {processor.py:651} INFO - DAG(s) dict_keys(['tutorial_taskflow_api_etl']) retrieved from /home/alura/Documents/Financeiro/venv/lib/python3.9/site-packages/airflow/example_dags/tutorial_taskflow_api_etl.py
[2023-02-23 12:05:22,635] {logging_mixin.py:115} INFO - [2023-02-23 12:05:22,635] {dag.py:2379} INFO - Sync 1 DAGs
[2023-02-23 12:05:22,643] {logging_mixin.py:115} INFO - [2023-02-23 12:05:22,643] {dag.py:2927} INFO - Setting next_dagrun for tutorial_taskflow_api_etl to None, run_after=None
[2023-02-23 12:05:22,651] {processor.py:161} INFO - Processing /home/alura/Documents/Financeiro/venv/lib/python3.9/site-packages/airflow/example_dags/tutorial_taskflow_api_etl.py took 0.045 seconds
[2023-02-23 12:05:56,497] {processor.py:153} INFO - Started process (PID=51396) to work on /home/alura/Documents/Financeiro/venv/lib/python3.9/site-packages/airflow/example_dags/tutorial_taskflow_api_etl.py
[2023-02-23 12:05:56,498] {processor.py:641} INFO - Processing file /home/alura/Documents/Financeiro/venv/lib/python3.9/site-packages/airflow/example_dags/tutorial_taskflow_api_etl.py for tasks to queue
[2023-02-23 12:05:56,498] {logging_mixin.py:115} INFO - [2023-02-23 12:05:56,498] {dagbag.py:507} INFO - Filling up the DagBag from /home/alura/Documents/Financeiro/venv/lib/python3.9/site-packages/airflow/example_dags/tutorial_taskflow_api_etl.py
[2023-02-23 12:05:56,507] {processor.py:651} INFO - DAG(s) dict_keys(['tutorial_taskflow_api_etl']) retrieved from /home/alura/Documents/Financeiro/venv/lib/python3.9/site-packages/airflow/example_dags/tutorial_taskflow_api_etl.py
[2023-02-23 12:05:56,515] {logging_mixin.py:115} INFO - [2023-02-23 12:05:56,514] {dag.py:2379} INFO - Sync 1 DAGs
[2023-02-23 12:05:56,523] {logging_mixin.py:115} INFO - [2023-02-23 12:05:56,523] {dag.py:2927} INFO - Setting next_dagrun for tutorial_taskflow_api_etl to None, run_after=None
[2023-02-23 12:05:56,529] {processor.py:161} INFO - Processing /home/alura/Documents/Financeiro/venv/lib/python3.9/site-packages/airflow/example_dags/tutorial_taskflow_api_etl.py took 0.033 seconds
[2023-02-23 12:06:27,274] {processor.py:153} INFO - Started process (PID=51455) to work on /home/alura/Documents/Financeiro/venv/lib/python3.9/site-packages/airflow/example_dags/tutorial_taskflow_api_etl.py
[2023-02-23 12:06:27,274] {processor.py:641} INFO - Processing file /home/alura/Documents/Financeiro/venv/lib/python3.9/site-packages/airflow/example_dags/tutorial_taskflow_api_etl.py for tasks to queue
[2023-02-23 12:06:27,275] {logging_mixin.py:115} INFO - [2023-02-23 12:06:27,274] {dagbag.py:507} INFO - Filling up the DagBag from /home/alura/Documents/Financeiro/venv/lib/python3.9/site-packages/airflow/example_dags/tutorial_taskflow_api_etl.py
[2023-02-23 12:06:27,283] {processor.py:651} INFO - DAG(s) dict_keys(['tutorial_taskflow_api_etl']) retrieved from /home/alura/Documents/Financeiro/venv/lib/python3.9/site-packages/airflow/example_dags/tutorial_taskflow_api_etl.py
[2023-02-23 12:06:27,291] {logging_mixin.py:115} INFO - [2023-02-23 12:06:27,291] {dag.py:2379} INFO - Sync 1 DAGs
[2023-02-23 12:06:27,299] {logging_mixin.py:115} INFO - [2023-02-23 12:06:27,299] {dag.py:2927} INFO - Setting next_dagrun for tutorial_taskflow_api_etl to None, run_after=None
[2023-02-23 12:06:27,309] {processor.py:161} INFO - Processing /home/alura/Documents/Financeiro/venv/lib/python3.9/site-packages/airflow/example_dags/tutorial_taskflow_api_etl.py took 0.036 seconds
[2023-02-23 12:06:59,181] {processor.py:153} INFO - Started process (PID=51527) to work on /home/alura/Documents/Financeiro/venv/lib/python3.9/site-packages/airflow/example_dags/tutorial_taskflow_api_etl.py
[2023-02-23 12:06:59,182] {processor.py:641} INFO - Processing file /home/alura/Documents/Financeiro/venv/lib/python3.9/site-packages/airflow/example_dags/tutorial_taskflow_api_etl.py for tasks to queue
[2023-02-23 12:06:59,182] {logging_mixin.py:115} INFO - [2023-02-23 12:06:59,182] {dagbag.py:507} INFO - Filling up the DagBag from /home/alura/Documents/Financeiro/venv/lib/python3.9/site-packages/airflow/example_dags/tutorial_taskflow_api_etl.py
[2023-02-23 12:06:59,190] {processor.py:651} INFO - DAG(s) dict_keys(['tutorial_taskflow_api_etl']) retrieved from /home/alura/Documents/Financeiro/venv/lib/python3.9/site-packages/airflow/example_dags/tutorial_taskflow_api_etl.py
[2023-02-23 12:06:59,197] {logging_mixin.py:115} INFO - [2023-02-23 12:06:59,197] {dag.py:2379} INFO - Sync 1 DAGs
[2023-02-23 12:06:59,205] {logging_mixin.py:115} INFO - [2023-02-23 12:06:59,205] {dag.py:2927} INFO - Setting next_dagrun for tutorial_taskflow_api_etl to None, run_after=None
[2023-02-23 12:06:59,212] {processor.py:161} INFO - Processing /home/alura/Documents/Financeiro/venv/lib/python3.9/site-packages/airflow/example_dags/tutorial_taskflow_api_etl.py took 0.032 seconds
[2023-02-23 12:07:32,205] {processor.py:153} INFO - Started process (PID=51589) to work on /home/alura/Documents/Financeiro/venv/lib/python3.9/site-packages/airflow/example_dags/tutorial_taskflow_api_etl.py
[2023-02-23 12:07:32,205] {processor.py:641} INFO - Processing file /home/alura/Documents/Financeiro/venv/lib/python3.9/site-packages/airflow/example_dags/tutorial_taskflow_api_etl.py for tasks to queue
[2023-02-23 12:07:32,206] {logging_mixin.py:115} INFO - [2023-02-23 12:07:32,206] {dagbag.py:507} INFO - Filling up the DagBag from /home/alura/Documents/Financeiro/venv/lib/python3.9/site-packages/airflow/example_dags/tutorial_taskflow_api_etl.py
[2023-02-23 12:07:32,214] {processor.py:651} INFO - DAG(s) dict_keys(['tutorial_taskflow_api_etl']) retrieved from /home/alura/Documents/Financeiro/venv/lib/python3.9/site-packages/airflow/example_dags/tutorial_taskflow_api_etl.py
[2023-02-23 12:07:32,222] {logging_mixin.py:115} INFO - [2023-02-23 12:07:32,221] {dag.py:2379} INFO - Sync 1 DAGs
[2023-02-23 12:07:32,230] {logging_mixin.py:115} INFO - [2023-02-23 12:07:32,230] {dag.py:2927} INFO - Setting next_dagrun for tutorial_taskflow_api_etl to None, run_after=None
[2023-02-23 12:07:32,237] {processor.py:161} INFO - Processing /home/alura/Documents/Financeiro/venv/lib/python3.9/site-packages/airflow/example_dags/tutorial_taskflow_api_etl.py took 0.033 seconds
[2023-02-23 12:08:04,715] {processor.py:153} INFO - Started process (PID=51654) to work on /home/alura/Documents/Financeiro/venv/lib/python3.9/site-packages/airflow/example_dags/tutorial_taskflow_api_etl.py
[2023-02-23 12:08:04,716] {processor.py:641} INFO - Processing file /home/alura/Documents/Financeiro/venv/lib/python3.9/site-packages/airflow/example_dags/tutorial_taskflow_api_etl.py for tasks to queue
[2023-02-23 12:08:04,716] {logging_mixin.py:115} INFO - [2023-02-23 12:08:04,716] {dagbag.py:507} INFO - Filling up the DagBag from /home/alura/Documents/Financeiro/venv/lib/python3.9/site-packages/airflow/example_dags/tutorial_taskflow_api_etl.py
[2023-02-23 12:08:04,724] {processor.py:651} INFO - DAG(s) dict_keys(['tutorial_taskflow_api_etl']) retrieved from /home/alura/Documents/Financeiro/venv/lib/python3.9/site-packages/airflow/example_dags/tutorial_taskflow_api_etl.py
[2023-02-23 12:08:04,745] {logging_mixin.py:115} INFO - [2023-02-23 12:08:04,745] {dag.py:2379} INFO - Sync 1 DAGs
[2023-02-23 12:08:04,753] {logging_mixin.py:115} INFO - [2023-02-23 12:08:04,753] {dag.py:2927} INFO - Setting next_dagrun for tutorial_taskflow_api_etl to None, run_after=None
[2023-02-23 12:08:04,760] {processor.py:161} INFO - Processing /home/alura/Documents/Financeiro/venv/lib/python3.9/site-packages/airflow/example_dags/tutorial_taskflow_api_etl.py took 0.047 seconds
[2023-02-23 12:46:45,850] {processor.py:153} INFO - Started process (PID=52465) to work on /home/alura/Documents/Financeiro/venv/lib/python3.9/site-packages/airflow/example_dags/tutorial_taskflow_api_etl.py
[2023-02-23 12:46:45,851] {processor.py:641} INFO - Processing file /home/alura/Documents/Financeiro/venv/lib/python3.9/site-packages/airflow/example_dags/tutorial_taskflow_api_etl.py for tasks to queue
[2023-02-23 12:46:45,851] {logging_mixin.py:115} INFO - [2023-02-23 12:46:45,851] {dagbag.py:507} INFO - Filling up the DagBag from /home/alura/Documents/Financeiro/venv/lib/python3.9/site-packages/airflow/example_dags/tutorial_taskflow_api_etl.py
[2023-02-23 12:46:45,861] {processor.py:651} INFO - DAG(s) dict_keys(['tutorial_taskflow_api_etl']) retrieved from /home/alura/Documents/Financeiro/venv/lib/python3.9/site-packages/airflow/example_dags/tutorial_taskflow_api_etl.py
[2023-02-23 12:46:45,888] {logging_mixin.py:115} INFO - [2023-02-23 12:46:45,888] {dag.py:2379} INFO - Sync 1 DAGs
[2023-02-23 12:46:45,898] {logging_mixin.py:115} INFO - [2023-02-23 12:46:45,897] {dag.py:2927} INFO - Setting next_dagrun for tutorial_taskflow_api_etl to None, run_after=None
[2023-02-23 12:46:45,906] {processor.py:161} INFO - Processing /home/alura/Documents/Financeiro/venv/lib/python3.9/site-packages/airflow/example_dags/tutorial_taskflow_api_etl.py took 0.057 seconds
